2024-07-20 17:28:01 [31merror[39m: ingredient list
2024-07-20 17:28:01 [32minfo[39m: [{"productType":"nutrition facts","ingredientPrefix":"Ingredients:","ingredientStatement":"Gluten - free oats , Brown rice syrup , Sprinkles ( sugar , palm kernel & palm oil , corn starch , ( colored with beet juice , vegetable juice , annatto extract , spirulina extract , turmeric , beta - carotene , paprika oleoresin ) , sunflower lecithin , maltodextrin , carnauba wax , cellulose gum ) , Palm oil ( sustainably sourced ) , Coconut , Sorghum flour , Tapioca flour , Potato starch , Cane sugar , Natural flavors , Sea salt , Vitamin E.","ingredientBreakdown":"Gluten - free oats/Brown rice syrup/Sprinkles ( sugar/palm kernel & palm oil/corn starch/( colored with beet juice/vegetable juice/annatto extract/spirulina extract/turmeric/beta - carotene/paprika oleoresin )/sunflower lecithin/maltodextrin/carnauba wax/cellulose gum )/Palm oil ( sustainably sourced )/Coconut/Sorghum flour/Tapioca flour/Potato starch/Cane sugar/Natural flavors/Sea salt/Vitamin E.","liveAndActiveCulturesStatement":"","liveAndActiveCulturesBreakdown":""}]
2024-07-20 17:28:01 [31merror[39m: marketing
2024-07-20 17:28:01 [32minfo[39m: [{"haveQrCode":"true","instagram":"false","pinterest":"false","youtube":"false","youtubeType":"","facebook":"false","twitter":"false","socialMediaList":"","website":"heavenlyhunks.com, info@eandcssnacks.com","socialMediaText":"","enlargedToShow":"true"}]
2024-07-20 17:28:01 [31merror[39m: instruction
2024-07-20 17:28:01 [32minfo[39m: [{"storageInstruction":[],"cookingInstruction":[],"usageInstruction":[],"otherInstruction":[]}]
2024-07-20 17:37:57 [31merror[39m: ingredient list
2024-07-20 17:37:57 [32minfo[39m: [{"productType":"nutrition facts","ingredientPrefix":"Ingredients:","ingredientStatement":"Ingredients : Oats , Butter , Semi - Sweet Chocolate Chips ( Sugar , Unsweetened Chocolate , Cocoa Butter , Soy Lecithin , Natural Vanilla Extract ) , Wheat flour ( niacin , reduced iron , thiamine mononitrate , riboflavin , folic acid ) , Cane Sugar , Brown Sugar , Whole Eggs , Natural Flavour , Baking Soda , Salt , Cinnamon . Contains Wheat , Eggs , Milk , Soy .","ingredientBreakdown":"Oats/Butter/Semi - Sweet Chocolate Chips ( Sugar/Unsweetened Chocolate/Cocoa Butter/Soy Lecithin/Natural Vanilla Extract )/Wheat flour ( niacin/reduced iron/thiamine mononitrate/riboflavin/folic acid )/Cane Sugar/Brown Sugar/Whole Eggs/Natural Flavour/Baking Soda/Salt/Cinnamon/Contains Wheat/Eggs/Milk/Soy","liveAndActiveCulturesStatement":"","liveAndActiveCulturesBreakdown":""}]
2024-07-20 17:37:57 [31merror[39m: marketing
2024-07-20 17:37:57 [32minfo[39m: [{"haveQrCode":"true","instagram":"false","pinterest":"false","youtube":"false","youtubeType":"","facebook":"true","twitter":"true","socialMediaList":"facebook/twitter","website":"elenis.com, elenis.com/personalized-cookies","socialMediaText":"@ELENISNY","enlargedToShow":"false"}]
2024-07-20 17:37:57 [31merror[39m: instruction
2024-07-20 17:37:57 [32minfo[39m: [{"storageInstruction":[],"cookingInstruction":[],"usageInstruction":[],"otherInstruction":[]}]
2024-07-20 17:42:00 [31merror[39m: ingredient list
2024-07-20 17:42:00 [32minfo[39m: [{"productType":"nutrition facts","ingredientPrefix":"Ingredients:","ingredientStatement":"Ingredients : Oats, Butter, Semi-Sweet Chocolate Chips (Sugar, Unsweetened Chocolate, Cocoa Butter, Soy Lecithin, Natural Vanilla Extract), Wheat flour (niacin, reduced iron, thiamine mononitrate, riboflavin, folic acid), Cane Sugar, Brown Sugar, Whole Eggs, Natural Flavour, Baking Soda, Salt, Cinnamon. Contains Wheat, Eggs, Milk, Soy.","ingredientBreakdown":"Oats/Butter/Semi-Sweet Chocolate Chips (Sugar/Unsweetened Chocolate/Cocoa Butter/Soy Lecithin/Natural Vanilla Extract)/Wheat flour (niacin/reduced iron/thiamine mononitrate/riboflavin/folic acid)/Cane Sugar/Brown Sugar/Whole Eggs/Natural Flavour/Baking Soda/Salt/Cinnamon.","liveAndActiveCulturesStatement":"","liveAndActiveCulturesBreakdown":""}]
2024-07-20 17:42:00 [31merror[39m: marketing
2024-07-20 17:42:00 [32minfo[39m: [{"haveQrCode":"True","instagram":"True","pinterest":"True","youtube":"True","youtubeType":"type_2","facebook":"True","twitter":"True","socialMediaList":"facebook/instagram/youtube","website":"elenis.com, elenis.com/personalized-cookies","socialMediaText":"@ELENISNY","enlargedToShow":"False"}]
2024-07-20 17:42:00 [31merror[39m: instruction
2024-07-20 17:42:00 [32minfo[39m: [{"storageInstruction":[],"cookingInstruction":[],"usageInstruction":[],"otherInstruction":[]}]
2024-07-20 17:42:00 [31merror[39m: sugar claim -- unsweetened
2024-07-20 17:50:09 [31merror[39m: ingredient list
2024-07-20 17:50:09 [32minfo[39m: [{"productType":"nutrition facts","ingredientPrefix":"Ingredients:","ingredientStatement":"Oats , Butter , Semi-Sweet Chocolate Chips ( Sugar , Unsweetened Chocolate , Cocoa Butter , Soy Lecithin , Natural Vanilla Extract ) , Wheat flour ( niacin , reduced iron , thiamine mononitrate , riboflavin , folic acid ) , Cane Sugar , Brown Sugar , Whole Eggs , Natural Flavour , Baking Soda , Salt , Cinnamon . Contains Wheat , Eggs , Milk , Soy .","ingredientBreakdown":"oats/butter/semi-sweet chocolate chips/sugar/unsweetened chocolate/cocoa butter/soy lecithin/natural vanilla extract/wheat flour/niacin/reduced iron/thiamine mononitrate/riboflavin/folic acid/cane sugar/brown sugar/whole eggs/natural flavour/baking soda/salt/cinnamon","liveAndActiveCulturesStatement":"","liveAndActiveCulturesBreakdown":""}]
2024-07-20 17:50:09 [31merror[39m: marketing
2024-07-20 17:50:09 [32minfo[39m: [{"haveQrCode":"true","instagram":"true","pinterest":"true","youtube":"true","youtubeType":"type_2","facebook":"true","twitter":"true","socialMediaList":"facebook/instagram/youtube/twitter/pinterest","website":"elenis.com/personalized-cookies, elenis.com","socialMediaText":"@ELENISNY","enlargedToShow":"false"}]
2024-07-20 17:50:09 [31merror[39m: instruction
2024-07-20 17:50:09 [32minfo[39m: [{"storageInstruction":[],"cookingInstruction":[],"usageInstruction":[],"otherInstruction":[]}]
2024-07-20 17:57:23 [31merror[39m: ingredient list
2024-07-20 17:57:23 [32minfo[39m: [{"productType":"nutrition facts","ingredientPrefix":"Ingredients:","ingredientStatement":"Oats , Butter , Semi - Sweet Chocolate Chips ( Sugar , Unsweetened Chocolate , Cocoa Butter , Soy Lecithin , Natural Vanilla Extract ) , Wheat flour ( niacin , reduced iron , thiamine mononitrate , riboflavin , folic acid ) , Cane Sugar , Brown Sugar , Whole Eggs , Natural Flavour , Baking Soda , Salt , Cinnamon . Contains Wheat , Eggs , Milk , Soy .","ingredientBreakdown":"Oats/Butter/Semi - Sweet Chocolate Chips ( Sugar/Unsweetened Chocolate/Cocoa Butter/Soy Lecithin/Natural Vanilla Extract )/Wheat flour ( niacin/reduced iron/thiamine mononitrate/riboflavin/folic acid )/Cane Sugar/Brown Sugar/Whole Eggs/Natural Flavour/Baking Soda/Salt/Cinnamon/Contains Wheat/Eggs/Milk/Soy","liveAndActiveCulturesStatement":"","liveAndActiveCulturesBreakdown":""}]
2024-07-20 17:57:23 [31merror[39m: marketing
2024-07-20 17:57:23 [32minfo[39m: [{"haveQrCode":"true","instagram":"true","pinterest":"false","youtube":"false","youtubeType":"","facebook":"true","twitter":"false","socialMediaList":"Instagram/Facebook","website":"elenis.com, elenis.com/personalized-cookies","socialMediaText":"@ELENISNY","enlargedToShow":"false"}]
2024-07-20 17:57:23 [31merror[39m: instruction
2024-07-20 17:57:23 [32minfo[39m: [{"storageInstruction":[],"cookingInstruction":[],"usageInstruction":[],"otherInstruction":[]}]
2024-07-20 18:10:59 [31merror[39m: ingredient list
2024-07-20 18:10:59 [32minfo[39m: [{"productType":"nutrition facts","ingredientPrefix":"Ingredients:","ingredientStatement":"Oats , Butter , Semi-Sweet Chocolate Chips ( Sugar , Unsweetened Chocolate , Cocoa Butter , Soy Lecithin , Natural Vanilla Extract ) , Wheat flour ( niacin , reduced iron , thiamine mononitrate , riboflavin , folic acid ) , Cane Sugar , Brown Sugar , Whole Eggs , Natural Flavour , Baking Soda , Salt , Cinnamon . Contains Wheat , Eggs , Milk , Soy .","ingredientBreakdown":"oats/butter/semi-sweet chocolate chips/sugar/unsweetened chocolate/cocoa butter/soy lecithin/natural vanilla extract/wheat flour/niacin/reduced iron/thiamine mononitrate/riboflavin/folic acid/cane sugar/brown sugar/whole eggs/natural flavour/baking soda/salt/cinnamon/wheat/eggs/milk/soy","liveAndActiveCulturesStatement":"","liveAndActiveCulturesBreakdown":""}]
2024-07-20 18:10:59 [31merror[39m: marketing
2024-07-20 18:10:59 [32minfo[39m: [{"haveQrCode":"true","instagram":"false","pinterest":"false","youtube":"false","youtubeType":"","facebook":"true","twitter":"true","socialMediaList":"facebook/twitter","website":"elenis.com, elenis.com/personalized-cookies","socialMediaText":"@ELENISNY","enlargedToShow":"false"}]
2024-07-20 18:10:59 [31merror[39m: instruction
2024-07-20 18:10:59 [32minfo[39m: [{"storageInstruction":["..."],"cookingInstruction":["..."],"usageInstruction":["..."],"otherInstruction":["..."]}]
2024-07-20 18:16:53 [31merror[39m: ingredient list
2024-07-20 18:16:53 [32minfo[39m: [{"productType":"nutrition facts","ingredientPrefix":"Ingredients:","ingredientStatement":"Ingredients : Oats , Butter , Semi - Sweet Chocolate Chips ( Sugar , Unsweetened Chocolate , Cocoa Butter , Soy Lecithin , Natural Vanilla Extract ) , Wheat flour ( niacin , reduced iron , thiamine mononitrate , riboflavin , folic acid ) , Cane Sugar , Brown Sugar , Whole Eggs , Natural Flavour , Baking Soda , Salt , Cinnamon . Contains Wheat , Eggs , Milk , Soy .","ingredientBreakdown":"Oats/Butter/Semi - Sweet Chocolate Chips ( Sugar/Unsweetened Chocolate/Cocoa Butter/Soy Lecithin/Natural Vanilla Extract )/Wheat flour ( niacin/reduced iron/thiamine mononitrate/riboflavin/folic acid )/Cane Sugar/Brown Sugar/Whole Eggs/Natural Flavour/Baking Soda/Salt/Cinnamon/Wheat/Eggs/Milk/Soy","liveAndActiveCulturesStatement":"","liveAndActiveCulturesBreakdown":""}]
2024-07-20 18:16:53 [31merror[39m: marketing
2024-07-20 18:16:53 [32minfo[39m: [{"haveQrCode":"true","instagram":"true","pinterest":"true","youtube":"no","youtubeType":"","facebook":"true","twitter":"no","socialMediaList":"Instagram/Pinterest/Facebook","website":"elenis.com/personalized-cookies,elenis.com","socialMediaText":"@ELENISNY","enlargedToShow":"false"}]
2024-07-20 18:16:53 [31merror[39m: instruction
2024-07-20 18:16:53 [32minfo[39m: [{"storageInstruction":[],"cookingInstruction":[],"usageInstruction":[],"otherInstruction":[]}]
2024-07-20 18:22:34 [31merror[39m: ingredient list
2024-07-20 18:22:34 [32minfo[39m: [{"productType":"nutrition facts","ingredientPrefix":"Ingredients:","ingredientStatement":"Monounsaturated Safflower Oil , Organic Cane Sugar , Organic Chocolate Chunks * ( Organic Evaporated Cane Sugar , Organic Cocoa Paste , Organic Cocoa Butter , Non - GMO Soy Lecithin , Organic Vanilla ) , Brown Rice Flour , Eggs , Molasses , White Rice Flour , Tapioca Starch , Sweet Rice Flour , Gluten - Free Flavor , Non - GMO Soy Lecithin , Rice Syrup & Grape Juice , Sea Salt , Xanthan Gum , Baking Soda .","ingredientBreakdown":"Monounsaturated Safflower Oil / Organic Cane Sugar / Organic Chocolate Chunks * ( Organic Evaporated Cane Sugar / Organic Cocoa Paste / Organic Cocoa Butter / Non - GMO Soy Lecithin / Organic Vanilla ) / Brown Rice Flour / Eggs / Molasses / White Rice Flour / Tapioca Starch / Sweet Rice Flour / Gluten - Free Flavor / Non - GMO Soy Lecithin / Rice Syrup & Grape Juice / Sea Salt / Xanthan Gum / Baking Soda .","liveAndActiveCulturesStatement":"","liveAndActiveCulturesBreakdown":""}]
2024-07-20 18:22:34 [31merror[39m: marketing
2024-07-20 18:22:34 [32minfo[39m: [{"haveQrCode":"false","instagram":"false","pinterest":"false","youtube":"false","youtubeType":"","facebook":"true","twitter":"false","socialMediaList":"facebook","website":"pamelasproducts.com","socialMediaText":"@pamelasproducts","enlargedToShow":"false"}]
2024-07-20 18:22:34 [31merror[39m: instruction
2024-07-20 18:22:34 [32minfo[39m: [{"storageInstruction":[],"cookingInstruction":[],"usageInstruction":[],"otherInstruction":[]}]
2024-07-20 18:28:04 [31merror[39m: ingredient list
2024-07-20 18:28:04 [32minfo[39m: [{"productType":"nutrition facts","ingredientPrefix":"ingredients:","ingredientStatement":"Monounsaturated Safflower Oil , Organic Cane Sugar , Organic Chocolate Chunks * ( Organic Evaporated Cane Sugar , Organic Cocoa Paste , Organic Cocoa Butter , Non - GMO Soy Lecithin , Organic Vanilla ) , Brown Rice Flour , Eggs , Molasses , White Rice Flour , Tapioca Starch , Sweet Rice Flour , Gluten - Free Flavor , Non - GMO Soy Lecithin , Rice Syrup & Grape Juice , Sea Salt , Xanthan Gum , Baking Soda .","ingredientBreakdown":"Monounsaturated Safflower Oil/Organic Cane Sugar/Organic Chocolate Chunks * ( Organic Evaporated Cane Sugar/Organic Cocoa Paste/Organic Cocoa Butter/Non - GMO Soy Lecithin/Organic Vanilla )/Brown Rice Flour/Eggs/Molasses/White Rice Flour/Tapioca Starch/Sweet Rice Flour/Gluten - Free Flavor/Non - GMO Soy Lecithin/Rice Syrup & Grape Juice/Sea Salt/Xanthan Gum/Baking Soda .","liveAndActiveCulturesStatement":"","liveAndActiveCulturesBreakdown":""}]
2024-07-20 18:28:04 [31merror[39m: marketing
2024-07-20 18:28:04 [32minfo[39m: [{"haveQrCode":"false","instagram":"false","pinterest":"false","youtube":"false","youtubeType":"","facebook":"true","twitter":"false","socialMediaList":"facebook","website":"pamelasproducts.com","socialMediaText":"@pamelasproducts","enlargedToShow":"false"}]
2024-07-20 18:28:04 [31merror[39m: instruction
2024-07-20 18:28:04 [32minfo[39m: [{"storageInstruction":[],"cookingInstruction":[],"usageInstruction":[],"otherInstruction":[]}]
2024-07-20 18:34:27 [31merror[39m: ingredient list
2024-07-20 18:34:27 [32minfo[39m: [{"productType":"nutrition facts","ingredientPrefix":"ingredients:","ingredientStatement":"Monounsaturated Safflower Oil , Organic Cane Sugar , Organic Chocolate Chunks * ( Organic Evaporated Cane Sugar , Organic Cocoa Paste , Organic Cocoa Butter , Non - GMO Soy Lecithin , Organic Vanilla ) , Brown Rice Flour , Eggs , Molasses , White Rice Flour , Tapioca Starch , Sweet Rice Flour , Gluten - Free Flavor , Non - GMO Soy Lecithin , Rice Syrup & Grape Juice , Sea Salt , Xanthan Gum , Baking Soda .","ingredientBreakdown":"Monounsaturated Safflower Oil/Organic Cane Sugar/Organic Chocolate Chunks * ( Organic Evaporated Cane Sugar/Organic Cocoa Paste/Organic Cocoa Butter/Non - GMO Soy Lecithin/Organic Vanilla )/Brown Rice Flour/Eggs/Molasses/White Rice Flour/Tapioca Starch/Sweet Rice Flour/Gluten - Free Flavor/Non - GMO Soy Lecithin/Rice Syrup & Grape Juice/Sea Salt/Xanthan Gum/Baking Soda","liveAndActiveCulturesStatement":"","liveAndActiveCulturesBreakdown":""}]
2024-07-20 18:34:27 [31merror[39m: marketing
2024-07-20 18:34:27 [32minfo[39m: [{"haveQrCode":"false","instagram":"false","pinterest":"false","youtube":"false","youtubeType":"","facebook":"true","twitter":"false","socialMediaList":"facebook","website":"pamelasproducts.com","socialMediaText":"@pamelasproducts","enlargedToShow":"false"}]
2024-07-20 18:34:27 [31merror[39m: instruction
2024-07-20 18:34:27 [32minfo[39m: [{"storageInstruction":[],"cookingInstruction":[],"usageInstruction":[],"otherInstruction":[]}]
2024-07-20 18:39:06 [31merror[39m: ingredient list
2024-07-20 18:39:06 [32minfo[39m: [{"productType":"nutrition facts","ingredientPrefix":"ingredients:","ingredientStatement":"Monounsaturated Safflower Oil , Organic Cane Sugar , Organic Chocolate Chunks * ( Organic Evaporated Cane Sugar , Organic Cocoa Paste , Organic Cocoa Butter , Non - GMO Soy Lecithin , Organic Vanilla ) , Brown Rice Flour , Eggs , Molasses , White Rice Flour , Tapioca Starch , Sweet Rice Flour , Gluten - Free Flavor , Non - GMO Soy Lecithin , Rice Syrup & Grape Juice , Sea Salt , Xanthan Gum , Baking Soda .","ingredientBreakdown":"Monounsaturated Safflower Oil/Organic Cane Sugar/Organic Chocolate Chunks * ( Organic Evaporated Cane Sugar/Organic Cocoa Paste/Organic Cocoa Butter/Non - GMO Soy Lecithin/Organic Vanilla )/Brown Rice Flour/Eggs/Molasses/White Rice Flour/Tapioca Starch/Sweet Rice Flour/Gluten - Free Flavor/Non - GMO Soy Lecithin/Rice Syrup & Grape Juice/Sea Salt/Xanthan Gum/Baking Soda .","liveAndActiveCulturesStatement":"","liveAndActiveCulturesBreakdown":""}]
2024-07-20 18:39:06 [31merror[39m: marketing
2024-07-20 18:39:06 [32minfo[39m: [{"haveQrCode":"false","instagram":"true","pinterest":"false","youtube":"false","youtubeType":"","facebook":"true","twitter":"false","socialMediaList":"facebook/instagram","website":"pamelasproducts.com","socialMediaText":"@pamelasproducts","enlargedToShow":"false"}]
2024-07-20 18:39:06 [31merror[39m: instruction
2024-07-20 18:39:06 [32minfo[39m: [{"storageInstruction":[],"cookingInstruction":[],"usageInstruction":[],"otherInstruction":[]}]
2024-07-20 18:43:14 [31merror[39m: ingredient list
2024-07-20 18:43:14 [32minfo[39m: [{"productType":"nutrition facts","ingredientPrefix":"Ingredients:","ingredientStatement":"Monounsaturated Safflower Oil , Organic Cane Sugar , Organic Chocolate Chunks * ( Organic Evaporated Cane Sugar , Organic Cocoa Paste , Organic Cocoa Butter , Non - GMO Soy Lecithin , Organic Vanilla ) , Brown Rice Flour , Eggs , Molasses , White Rice Flour , Tapioca Starch , Sweet Rice Flour , Gluten - Free Flavor , Non - GMO Soy Lecithin , Rice Syrup & Grape Juice , Sea Salt , Xanthan Gum , Baking Soda .","ingredientBreakdown":"Monounsaturated Safflower Oil/Organic Cane Sugar/Organic Chocolate Chunks * ( Organic Evaporated Cane Sugar/Organic Cocoa Paste/Organic Cocoa Butter/Non - GMO Soy Lecithin/Organic Vanilla )/Brown Rice Flour/Eggs/Molasses/White Rice Flour/Tapioca Starch/Sweet Rice Flour/Gluten - Free Flavor/Non - GMO Soy Lecithin/Rice Syrup & Grape Juice/Sea Salt/Xanthan Gum/Baking Soda","liveAndActiveCulturesStatement":"","liveAndActiveCulturesBreakdown":""}]
2024-07-20 18:43:14 [31merror[39m: marketing
2024-07-20 18:43:14 [32minfo[39m: [{"haveQrCode":"false","instagram":"false","pinterest":"false","youtube":"false","youtubeType":"","facebook":"true","twitter":"false","socialMediaList":"facebook","website":"pamelasproducts.com","socialMediaText":"@pamelasproducts","enlargedToShow":"false"}]
2024-07-20 18:43:14 [31merror[39m: instruction
2024-07-20 18:43:14 [32minfo[39m: [{"storageInstruction":[],"cookingInstruction":[],"usageInstruction":[],"otherInstruction":[]}]
2024-07-20 18:46:30 [31merror[39m: ingredient list
2024-07-20 18:46:30 [32minfo[39m: [{"productType":"nutrition facts","ingredientPrefix":"Ingredients:","ingredientStatement":"Monounsaturated Safflower Oil , Organic Cane Sugar , Organic Chocolate Chunks * ( Organic Evaporated Cane Sugar , Organic Cocoa Paste , Organic Cocoa Butter , Non - GMO Soy Lecithin , Organic Vanilla ) , Brown Rice Flour , Eggs , Molasses , White Rice Flour , Tapioca Starch , Sweet Rice Flour , Gluten - Free Flavor , Non - GMO Soy Lecithin , Rice Syrup & Grape Juice , Sea Salt , Xanthan Gum , Baking Soda .","ingredientBreakdown":"Monounsaturated Safflower Oil/Organic Cane Sugar/Organic Chocolate Chunks * ( Organic Evaporated Cane Sugar/Organic Cocoa Paste/Organic Cocoa Butter/Non - GMO Soy Lecithin/Organic Vanilla )/Brown Rice Flour/Eggs/Molasses/White Rice Flour/Tapioca Starch/Sweet Rice Flour/Gluten - Free Flavor/Non - GMO Soy Lecithin/Rice Syrup & Grape Juice/Sea Salt/Xanthan Gum/Baking Soda","liveAndActiveCulturesStatement":"","liveAndActiveCulturesBreakdown":""}]
2024-07-20 18:46:30 [31merror[39m: marketing
2024-07-20 18:46:30 [32minfo[39m: [{"haveQrCode":"false","instagram":"false","pinterest":"false","youtube":"false","youtubeType":"","facebook":"true","twitter":"false","socialMediaList":"facebook","website":"pamelasproducts.com","socialMediaText":"@pamelasproducts","enlargedToShow":"false"}]
2024-07-20 18:46:30 [31merror[39m: instruction
2024-07-20 18:46:30 [32minfo[39m: [{"storageInstruction":["STORE IN A COOL, DRY PLACE"],"cookingInstruction":[],"usageInstruction":[],"otherInstruction":[]}]
2024-07-20 19:01:43 [31merror[39m: ingredient list
2024-07-20 19:01:43 [32minfo[39m: [{"productType":"nutrition facts","ingredientPrefix":"Ingredients:","ingredientStatement":"Monounsaturated Safflower Oil , Organic Cane Sugar , Organic Chocolate Chunks * ( Organic Evaporated Cane Sugar , Organic Cocoa Paste , Organic Cocoa Butter , Non - GMO Soy Lecithin , Organic Vanilla ) , Brown Rice Flour , Eggs , Molasses , White Rice Flour , Tapioca Starch , Sweet Rice Flour , Gluten - Free Flavor , Non - GMO Soy Lecithin , Rice Syrup & Grape Juice , Sea Salt , Xanthan Gum , Baking Soda . Chips may contain traces of milk protein .","ingredientBreakdown":"Monounsaturated Safflower Oil/Organic Cane Sugar/Organic Chocolate Chunks * ( Organic Evaporated Cane Sugar/Organic Cocoa Paste/Organic Cocoa Butter/Non - GMO Soy Lecithin/Organic Vanilla )/Brown Rice Flour/Eggs/Molasses/White Rice Flour/Tapioca Starch/Sweet Rice Flour/Gluten - Free Flavor/Non - GMO Soy Lecithin/Rice Syrup & Grape Juice/Sea Salt/Xanthan Gum/Baking Soda/Chips may contain traces of milk protein .","liveAndActiveCulturesStatement":"","liveAndActiveCulturesBreakdown":""}]
2024-07-20 19:01:43 [31merror[39m: marketing
2024-07-20 19:01:43 [32minfo[39m: [{"haveQrCode":"false","instagram":"false","pinterest":"false","youtube":"false","youtubeType":"","facebook":"true","twitter":"false","socialMediaList":"facebook","website":"pamelasproducts.com","socialMediaText":"@pamelasproducts","enlargedToShow":"false"}]
2024-07-20 19:01:43 [31merror[39m: instruction
2024-07-20 19:01:43 [32minfo[39m: [{"storageInstruction":[],"cookingInstruction":[],"usageInstruction":[],"otherInstruction":[]}]
2024-07-20 19:07:04 [31merror[39m: ingredient list
2024-07-20 19:07:04 [32minfo[39m: [{"productType":"nutrition facts","ingredientPrefix":"Ingredients:","ingredientStatement":"Monounsaturated Safflower Oil , Organic Cane Sugar , Organic Chocolate Chunks * ( Organic Evaporated Cane Sugar , Organic Cocoa Paste , Organic Cocoa Butter , Non - GMO Soy Lecithin , Organic Vanilla ) , Brown Rice Flour , Eggs , Molasses , White Rice Flour , Tapioca Starch , Sweet Rice Flour , Gluten - Free Flavor , Non - GMO Soy Lecithin , Rice Syrup & Grape Juice , Sea Salt , Xanthan Gum , Baking Soda .","ingredientBreakdown":"Monounsaturated Safflower Oil/Organic Cane Sugar/Organic Chocolate Chunks * ( Organic Evaporated Cane Sugar/Organic Cocoa Paste/Organic Cocoa Butter/Non - GMO Soy Lecithin/Organic Vanilla )/Brown Rice Flour/Eggs/Molasses/White Rice Flour/Tapioca Starch/Sweet Rice Flour/Gluten - Free Flavor/Non - GMO Soy Lecithin/Rice Syrup & Grape Juice/Sea Salt/Xanthan Gum/Baking Soda .","liveAndActiveCulturesStatement":"","liveAndActiveCulturesBreakdown":""}]
2024-07-20 19:07:04 [31merror[39m: marketing
2024-07-20 19:07:04 [32minfo[39m: [{"haveQrCode":"false","instagram":"false","pinterest":"false","youtube":"false","youtubeType":"","facebook":"true","twitter":"false","socialMediaList":"facebook","website":"pamelasproducts.com","socialMediaText":"@pamelasproducts","enlargedToShow":"false"}]
2024-07-20 19:07:04 [31merror[39m: instruction
2024-07-20 19:07:04 [32minfo[39m: [{"storageInstruction":[],"cookingInstruction":[],"usageInstruction":[],"otherInstruction":[]}]
2024-07-20 19:11:51 [31merror[39m: ingredient list
2024-07-20 19:11:51 [32minfo[39m: [{"productType":"nutrition facts","ingredientPrefix":"Ingredients:","ingredientStatement":"Monounsaturated Safflower Oil , Organic Cane Sugar , Organic Chocolate Chunks * ( Organic Evaporated Cane Sugar , Organic Cocoa Paste , Organic Cocoa Butter , Non - GMO Soy Lecithin , Organic Vanilla ) , Brown Rice Flour , Eggs , Molasses , White Rice Flour , Tapioca Starch , Sweet Rice Flour , Gluten - Free Flavor , Non - GMO Soy Lecithin , Rice Syrup & Grape Juice , Sea Salt , Xanthan Gum , Baking Soda .","ingredientBreakdown":"Monounsaturated Safflower Oil/Organic Cane Sugar/Organic Chocolate Chunks * ( Organic Evaporated Cane Sugar/Organic Cocoa Paste/Organic Cocoa Butter/Non - GMO Soy Lecithin/Organic Vanilla )/Brown Rice Flour/Eggs/Molasses/White Rice Flour/Tapioca Starch/Sweet Rice Flour/Gluten - Free Flavor/Non - GMO Soy Lecithin/Rice Syrup & Grape Juice/Sea Salt/Xanthan Gum/Baking Soda","liveAndActiveCulturesStatement":"","liveAndActiveCulturesBreakdown":""}]
2024-07-20 19:11:51 [31merror[39m: marketing
2024-07-20 19:11:51 [32minfo[39m: [{"haveQrCode":"false","instagram":"true","pinterest":"false","youtube":"false","youtubeType":"","facebook":"true","twitter":"false","socialMediaList":"facebook/instagram","website":"pamelasproducts.com","socialMediaText":"@pamelasproducts","enlargedToShow":"false"}]
2024-07-20 19:11:51 [31merror[39m: instruction
2024-07-20 19:11:51 [32minfo[39m: [{"storageInstruction":[],"cookingInstruction":[],"usageInstruction":[],"otherInstruction":[]}]
2024-07-20 22:02:30 [31merror[39m: ingredient list
2024-07-20 22:02:30 [32minfo[39m: [{"productType":"nutrition facts","ingredientPrefix":"Ingredients:","ingredientStatement":"Gluten - free oats , Brown rice syrup , Sprinkles ( sugar , palm kernel & palm oil , corn starch , ( colored with beet juice , vegetable juice , annatto extract , spirulina extract , turmeric , beta - carotene , paprika oleoresin ) , sunflower lecithin , maltodextrin , carnauba wax , cellulose gum ) , Palm oil ( sustainably sourced ) , Coconut , Sorghum flour , Tapioca flour , Potato starch , Cane sugar , Natural flavors , Sea salt , Vitamin E.","ingredientBreakdown":"Gluten - free oats/Brown rice syrup/Sprinkles ( sugar/palm kernel & palm oil/corn starch/( colored with beet juice/vegetable juice/annatto extract/spirulina extract/turmeric/beta - carotene/paprika oleoresin )/sunflower lecithin/maltodextrin/carnauba wax/cellulose gum )/Palm oil ( sustainably sourced )/Coconut/Sorghum flour/Tapioca flour/Potato starch/Cane sugar/Natural flavors/Sea salt/Vitamin E.","liveAndActiveCulturesStatement":"","liveAndActiveCulturesBreakdown":""}]
2024-07-20 22:02:30 [31merror[39m: marketing
2024-07-20 22:02:30 [32minfo[39m: [{"haveQrCode":"true","instagram":"false","pinterest":"false","youtube":"false","youtubeType":"","facebook":"false","twitter":"false","socialMediaList":"","website":"heavenlyhunks.com, info@eandcssnacks.com","socialMediaText":"","enlargedToShow":"true"}]
2024-07-20 22:02:30 [31merror[39m: instruction
2024-07-20 22:02:30 [32minfo[39m: [{"storageInstruction":[],"cookingInstruction":[],"usageInstruction":[],"otherInstruction":[]}]
2024-07-20 22:05:25 [31merror[39m: ingredient list
2024-07-20 22:05:25 [32minfo[39m: [{"productType":"nutrition facts","ingredientPrefix":"Ingredients:","ingredientStatement":"Gluten - free oats , Brown rice syrup , Sprinkles ( sugar , palm kernel & palm oil , corn starch , ( colored with beet juice , vegetable juice , annatto extract , spirulina extract , turmeric , beta - carotene , paprika oleoresin ) , sunflower lecithin , maltodextrin , carnauba wax , cellulose gum ) , Palm oil ( sustainably sourced ) , Coconut , Sorghum flour , Tapioca flour , Potato starch , Cane sugar , Natural flavors , Sea salt , Vitamin E.","ingredientBreakdown":"Gluten - free oats/Brown rice syrup/Sprinkles ( sugar/palm kernel & palm oil/corn starch/( colored with beet juice/vegetable juice/annatto extract/spirulina extract/turmeric/beta - carotene/paprika oleoresin )/sunflower lecithin/maltodextrin/carnauba wax/cellulose gum )/Palm oil ( sustainably sourced )/Coconut/Sorghum flour/Tapioca flour/Potato starch/Cane sugar/Natural flavors/Sea salt/Vitamin E.","liveAndActiveCulturesStatement":"","liveAndActiveCulturesBreakdown":""}]
2024-07-20 22:05:25 [31merror[39m: marketing
2024-07-20 22:05:25 [32minfo[39m: [{"haveQrCode":"true","instagram":"false","pinterest":"false","youtube":"false","youtubeType":"","facebook":"false","twitter":"false","socialMediaList":"","website":"heavenlyhunks.com, info@eandcssnacks.com","socialMediaText":"","enlargedToShow":"true"}]
2024-07-20 22:05:25 [31merror[39m: instruction
2024-07-20 22:05:25 [32minfo[39m: [{"storageInstruction":[],"cookingInstruction":[],"usageInstruction":[],"otherInstruction":[]}]
2024-07-20 22:07:26 [31merror[39m: ingredient list
2024-07-20 22:07:26 [32minfo[39m: [{"productType":"nutrition facts","ingredientPrefix":"Ingredients:","ingredientStatement":"Gluten - free oats , Brown rice syrup , Sprinkles ( sugar , palm kernel & palm oil , corn starch , ( colored with beet juice , vegetable juice , annatto extract , spirulina extract , turmeric , beta - carotene , paprika oleoresin ) , sunflower lecithin , maltodextrin , carnauba wax , cellulose gum ) , Palm oil ( sustainably sourced ) , Coconut , Sorghum flour , Tapioca flour , Potato starch , Cane sugar , Natural flavors , Sea salt , Vitamin E.","ingredientBreakdown":"Gluten - free oats/Brown rice syrup/Sprinkles ( sugar/palm kernel & palm oil/corn starch/( colored with beet juice/vegetable juice/annatto extract/spirulina extract/turmeric/beta - carotene/paprika oleoresin )/sunflower lecithin/maltodextrin/carnauba wax/cellulose gum )/Palm oil ( sustainably sourced )/Coconut/Sorghum flour/Tapioca flour/Potato starch/Cane sugar/Natural flavors/Sea salt/Vitamin E.","liveAndActiveCulturesStatement":"","liveAndActiveCulturesBreakdown":""}]
2024-07-20 22:07:26 [31merror[39m: marketing
2024-07-20 22:07:26 [32minfo[39m: [{"haveQrCode":"true","instagram":"false","pinterest":"false","youtube":"false","youtubeType":"","facebook":"false","twitter":"false","socialMediaList":"","website":"heavenlyhunks.com, info@eandcssnacks.com","socialMediaText":"","enlargedToShow":"true"}]
2024-07-20 22:07:26 [31merror[39m: instruction
2024-07-20 22:07:26 [32minfo[39m: [{"storageInstruction":[],"cookingInstruction":[],"usageInstruction":[],"otherInstruction":[]}]
2024-07-20 22:08:45 [31merror[39m: ingredient list
2024-07-20 22:08:45 [32minfo[39m: [{"productType":"nutrition facts","ingredientPrefix":"Ingredients:","ingredientStatement":"Monounsaturated Safflower Oil , Organic Cane Sugar , Organic Chocolate Chunks * ( Organic Evaporated Cane Sugar , Organic Cocoa Paste , Organic Cocoa Butter , Non - GMO Soy Lecithin , Organic Vanilla ) , Brown Rice Flour , Eggs , Molasses , White Rice Flour , Tapioca Starch , Sweet Rice Flour , Gluten - Free Flavor , Non - GMO Soy Lecithin , Rice Syrup & Grape Juice , Sea Salt , Xanthan Gum , Baking Soda .","ingredientBreakdown":"Monounsaturated Safflower Oil/Organic Cane Sugar/Organic Chocolate Chunks * ( Organic Evaporated Cane Sugar/Organic Cocoa Paste/Organic Cocoa Butter/Non - GMO Soy Lecithin/Organic Vanilla )/Brown Rice Flour/Eggs/Molasses/White Rice Flour/Tapioca Starch/Sweet Rice Flour/Gluten - Free Flavor/Non - GMO Soy Lecithin/Rice Syrup & Grape Juice/Sea Salt/Xanthan Gum/Baking Soda","liveAndActiveCulturesStatement":"","liveAndActiveCulturesBreakdown":""}]
2024-07-20 22:08:45 [31merror[39m: marketing
2024-07-20 22:08:45 [32minfo[39m: [{"haveQrCode":"false","instagram":"true","pinterest":"false","youtube":"false","youtubeType":"","facebook":"true","twitter":"false","socialMediaList":"facebook/instagram","website":"pamelasproducts.com","socialMediaText":"@pamelasproducts","enlargedToShow":"false"}]
2024-07-20 22:08:45 [31merror[39m: instruction
2024-07-20 22:08:45 [32minfo[39m: [{"storageInstruction":[],"cookingInstruction":[],"usageInstruction":[],"otherInstruction":[]}]
2024-07-20 22:08:46 [31merror[39m: ingredient list
2024-07-20 22:08:46 [32minfo[39m: [{"productType":"nutrition facts","ingredientPrefix":"Ingredients:","ingredientStatement":"Monounsaturated Safflower Oil , Organic Cane Sugar , Organic Chocolate Chunks * ( Organic Evaporated Cane Sugar , Organic Cocoa Paste , Organic Cocoa Butter , Non - GMO Soy Lecithin , Organic Vanilla ) , Brown Rice Flour , Eggs , Molasses , White Rice Flour , Tapioca Starch , Sweet Rice Flour , Gluten - Free Flavor , Non - GMO Soy Lecithin , Rice Syrup & Grape Juice , Sea Salt , Xanthan Gum , Baking Soda .","ingredientBreakdown":"Monounsaturated Safflower Oil/Organic Cane Sugar/Organic Chocolate Chunks * ( Organic Evaporated Cane Sugar/Organic Cocoa Paste/Organic Cocoa Butter/Non - GMO Soy Lecithin/Organic Vanilla )/Brown Rice Flour/Eggs/Molasses/White Rice Flour/Tapioca Starch/Sweet Rice Flour/Gluten - Free Flavor/Non - GMO Soy Lecithin/Rice Syrup & Grape Juice/Sea Salt/Xanthan Gum/Baking Soda","liveAndActiveCulturesStatement":"","liveAndActiveCulturesBreakdown":""}]
2024-07-20 22:08:46 [31merror[39m: marketing
2024-07-20 22:08:46 [32minfo[39m: [{"haveQrCode":"false","instagram":"true","pinterest":"false","youtube":"false","youtubeType":"","facebook":"true","twitter":"false","socialMediaList":"facebook/instagram","website":"pamelasproducts.com","socialMediaText":"@pamelasproducts","enlargedToShow":"false"}]
2024-07-20 22:08:46 [31merror[39m: instruction
2024-07-20 22:08:46 [32minfo[39m: [{"storageInstruction":[],"cookingInstruction":[],"usageInstruction":[],"otherInstruction":[]}]
2024-07-20 22:08:48 [31merror[39m: ingredient list
2024-07-20 22:08:48 [32minfo[39m: [{"productType":"nutrition facts","ingredientPrefix":"Ingredients:","ingredientStatement":"Monounsaturated Safflower Oil , Organic Cane Sugar , Organic Chocolate Chunks * ( Organic Evaporated Cane Sugar , Organic Cocoa Paste , Organic Cocoa Butter , Non - GMO Soy Lecithin , Organic Vanilla ) , Brown Rice Flour , Eggs , Molasses , White Rice Flour , Tapioca Starch , Sweet Rice Flour , Gluten - Free Flavor , Non - GMO Soy Lecithin , Rice Syrup & Grape Juice , Sea Salt , Xanthan Gum , Baking Soda .","ingredientBreakdown":"Monounsaturated Safflower Oil/Organic Cane Sugar/Organic Chocolate Chunks * ( Organic Evaporated Cane Sugar/Organic Cocoa Paste/Organic Cocoa Butter/Non - GMO Soy Lecithin/Organic Vanilla )/Brown Rice Flour/Eggs/Molasses/White Rice Flour/Tapioca Starch/Sweet Rice Flour/Gluten - Free Flavor/Non - GMO Soy Lecithin/Rice Syrup & Grape Juice/Sea Salt/Xanthan Gum/Baking Soda","liveAndActiveCulturesStatement":"","liveAndActiveCulturesBreakdown":""}]
2024-07-20 22:08:48 [31merror[39m: marketing
2024-07-20 22:08:48 [32minfo[39m: [{"haveQrCode":"false","instagram":"true","pinterest":"false","youtube":"false","youtubeType":"","facebook":"true","twitter":"false","socialMediaList":"facebook/instagram","website":"pamelasproducts.com","socialMediaText":"@pamelasproducts","enlargedToShow":"false"}]
2024-07-20 22:08:48 [31merror[39m: instruction
2024-07-20 22:08:48 [32minfo[39m: [{"storageInstruction":[],"cookingInstruction":[],"usageInstruction":[],"otherInstruction":[]}]
2024-07-20 22:08:52 [31merror[39m: ingredient list
2024-07-20 22:08:52 [32minfo[39m: [{"productType":"nutrition facts","ingredientPrefix":"Ingredients:","ingredientStatement":"Monounsaturated Safflower Oil , Organic Cane Sugar , Organic Chocolate Chunks * ( Organic Evaporated Cane Sugar , Organic Cocoa Paste , Organic Cocoa Butter , Non - GMO Soy Lecithin , Organic Vanilla ) , Brown Rice Flour , Eggs , Molasses , White Rice Flour , Tapioca Starch , Sweet Rice Flour , Gluten - Free Flavor , Non - GMO Soy Lecithin , Rice Syrup & Grape Juice , Sea Salt , Xanthan Gum , Baking Soda .","ingredientBreakdown":"Monounsaturated Safflower Oil/Organic Cane Sugar/Organic Chocolate Chunks * ( Organic Evaporated Cane Sugar/Organic Cocoa Paste/Organic Cocoa Butter/Non - GMO Soy Lecithin/Organic Vanilla )/Brown Rice Flour/Eggs/Molasses/White Rice Flour/Tapioca Starch/Sweet Rice Flour/Gluten - Free Flavor/Non - GMO Soy Lecithin/Rice Syrup & Grape Juice/Sea Salt/Xanthan Gum/Baking Soda","liveAndActiveCulturesStatement":"","liveAndActiveCulturesBreakdown":""}]
2024-07-20 22:08:52 [31merror[39m: marketing
2024-07-20 22:08:52 [32minfo[39m: [{"haveQrCode":"false","instagram":"true","pinterest":"false","youtube":"false","youtubeType":"","facebook":"true","twitter":"false","socialMediaList":"facebook/instagram","website":"pamelasproducts.com","socialMediaText":"@pamelasproducts","enlargedToShow":"false"}]
2024-07-20 22:08:52 [31merror[39m: instruction
2024-07-20 22:08:52 [32minfo[39m: [{"storageInstruction":[],"cookingInstruction":[],"usageInstruction":[],"otherInstruction":[]}]
2024-07-20 22:09:23 [31merror[39m: ingredient list
2024-07-20 22:09:23 [32minfo[39m: [{"productType":"nutrition facts","ingredientPrefix":"Ingredients:","ingredientStatement":"Monounsaturated Safflower Oil , Organic Cane Sugar , Organic Chocolate Chunks * ( Organic Evaporated Cane Sugar , Organic Cocoa Paste , Organic Cocoa Butter , Non - GMO Soy Lecithin , Organic Vanilla ) , Brown Rice Flour , Eggs , Molasses , White Rice Flour , Tapioca Starch , Sweet Rice Flour , Gluten - Free Flavor , Non - GMO Soy Lecithin , Rice Syrup & Grape Juice , Sea Salt , Xanthan Gum , Baking Soda .","ingredientBreakdown":"Monounsaturated Safflower Oil/Organic Cane Sugar/Organic Chocolate Chunks * ( Organic Evaporated Cane Sugar/Organic Cocoa Paste/Organic Cocoa Butter/Non - GMO Soy Lecithin/Organic Vanilla )/Brown Rice Flour/Eggs/Molasses/White Rice Flour/Tapioca Starch/Sweet Rice Flour/Gluten - Free Flavor/Non - GMO Soy Lecithin/Rice Syrup & Grape Juice/Sea Salt/Xanthan Gum/Baking Soda","liveAndActiveCulturesStatement":"","liveAndActiveCulturesBreakdown":""}]
2024-07-20 22:09:23 [31merror[39m: marketing
2024-07-20 22:09:23 [32minfo[39m: [{"haveQrCode":"false","instagram":"true","pinterest":"false","youtube":"false","youtubeType":"","facebook":"true","twitter":"false","socialMediaList":"facebook/instagram","website":"pamelasproducts.com","socialMediaText":"@pamelasproducts","enlargedToShow":"false"}]
2024-07-20 22:09:23 [31merror[39m: instruction
2024-07-20 22:09:23 [32minfo[39m: [{"storageInstruction":[],"cookingInstruction":[],"usageInstruction":[],"otherInstruction":[]}]
2024-07-20 22:09:24 [31merror[39m: ingredient list
2024-07-20 22:09:24 [32minfo[39m: [{"productType":"nutrition facts","ingredientPrefix":"Ingredients:","ingredientStatement":"Monounsaturated Safflower Oil , Organic Cane Sugar , Organic Chocolate Chunks * ( Organic Evaporated Cane Sugar , Organic Cocoa Paste , Organic Cocoa Butter , Non - GMO Soy Lecithin , Organic Vanilla ) , Brown Rice Flour , Eggs , Molasses , White Rice Flour , Tapioca Starch , Sweet Rice Flour , Gluten - Free Flavor , Non - GMO Soy Lecithin , Rice Syrup & Grape Juice , Sea Salt , Xanthan Gum , Baking Soda .","ingredientBreakdown":"Monounsaturated Safflower Oil/Organic Cane Sugar/Organic Chocolate Chunks * ( Organic Evaporated Cane Sugar/Organic Cocoa Paste/Organic Cocoa Butter/Non - GMO Soy Lecithin/Organic Vanilla )/Brown Rice Flour/Eggs/Molasses/White Rice Flour/Tapioca Starch/Sweet Rice Flour/Gluten - Free Flavor/Non - GMO Soy Lecithin/Rice Syrup & Grape Juice/Sea Salt/Xanthan Gum/Baking Soda","liveAndActiveCulturesStatement":"","liveAndActiveCulturesBreakdown":""}]
2024-07-20 22:09:24 [31merror[39m: marketing
2024-07-20 22:09:24 [32minfo[39m: [{"haveQrCode":"false","instagram":"true","pinterest":"false","youtube":"false","youtubeType":"","facebook":"true","twitter":"false","socialMediaList":"facebook/instagram","website":"pamelasproducts.com","socialMediaText":"@pamelasproducts","enlargedToShow":"false"}]
2024-07-20 22:09:24 [31merror[39m: instruction
2024-07-20 22:09:24 [32minfo[39m: [{"storageInstruction":[],"cookingInstruction":[],"usageInstruction":[],"otherInstruction":[]}]
2024-07-20 22:09:26 [31merror[39m: ingredient list
2024-07-20 22:09:26 [32minfo[39m: [{"productType":"nutrition facts","ingredientPrefix":"Ingredients:","ingredientStatement":"Monounsaturated Safflower Oil , Organic Cane Sugar , Organic Chocolate Chunks * ( Organic Evaporated Cane Sugar , Organic Cocoa Paste , Organic Cocoa Butter , Non - GMO Soy Lecithin , Organic Vanilla ) , Brown Rice Flour , Eggs , Molasses , White Rice Flour , Tapioca Starch , Sweet Rice Flour , Gluten - Free Flavor , Non - GMO Soy Lecithin , Rice Syrup & Grape Juice , Sea Salt , Xanthan Gum , Baking Soda .","ingredientBreakdown":"Monounsaturated Safflower Oil/Organic Cane Sugar/Organic Chocolate Chunks * ( Organic Evaporated Cane Sugar/Organic Cocoa Paste/Organic Cocoa Butter/Non - GMO Soy Lecithin/Organic Vanilla )/Brown Rice Flour/Eggs/Molasses/White Rice Flour/Tapioca Starch/Sweet Rice Flour/Gluten - Free Flavor/Non - GMO Soy Lecithin/Rice Syrup & Grape Juice/Sea Salt/Xanthan Gum/Baking Soda","liveAndActiveCulturesStatement":"","liveAndActiveCulturesBreakdown":""}]
2024-07-20 22:09:26 [31merror[39m: marketing
2024-07-20 22:09:26 [32minfo[39m: [{"haveQrCode":"false","instagram":"true","pinterest":"false","youtube":"false","youtubeType":"","facebook":"true","twitter":"false","socialMediaList":"facebook/instagram","website":"pamelasproducts.com","socialMediaText":"@pamelasproducts","enlargedToShow":"false"}]
2024-07-20 22:09:26 [31merror[39m: instruction
2024-07-20 22:09:26 [32minfo[39m: [{"storageInstruction":[],"cookingInstruction":[],"usageInstruction":[],"otherInstruction":[]}]
2024-07-20 22:09:30 [31merror[39m: ingredient list
2024-07-20 22:09:30 [32minfo[39m: [{"productType":"nutrition facts","ingredientPrefix":"Ingredients:","ingredientStatement":"Monounsaturated Safflower Oil , Organic Cane Sugar , Organic Chocolate Chunks * ( Organic Evaporated Cane Sugar , Organic Cocoa Paste , Organic Cocoa Butter , Non - GMO Soy Lecithin , Organic Vanilla ) , Brown Rice Flour , Eggs , Molasses , White Rice Flour , Tapioca Starch , Sweet Rice Flour , Gluten - Free Flavor , Non - GMO Soy Lecithin , Rice Syrup & Grape Juice , Sea Salt , Xanthan Gum , Baking Soda .","ingredientBreakdown":"Monounsaturated Safflower Oil/Organic Cane Sugar/Organic Chocolate Chunks * ( Organic Evaporated Cane Sugar/Organic Cocoa Paste/Organic Cocoa Butter/Non - GMO Soy Lecithin/Organic Vanilla )/Brown Rice Flour/Eggs/Molasses/White Rice Flour/Tapioca Starch/Sweet Rice Flour/Gluten - Free Flavor/Non - GMO Soy Lecithin/Rice Syrup & Grape Juice/Sea Salt/Xanthan Gum/Baking Soda","liveAndActiveCulturesStatement":"","liveAndActiveCulturesBreakdown":""}]
2024-07-20 22:09:30 [31merror[39m: marketing
2024-07-20 22:09:30 [32minfo[39m: [{"haveQrCode":"false","instagram":"true","pinterest":"false","youtube":"false","youtubeType":"","facebook":"true","twitter":"false","socialMediaList":"facebook/instagram","website":"pamelasproducts.com","socialMediaText":"@pamelasproducts","enlargedToShow":"false"}]
2024-07-20 22:09:30 [31merror[39m: instruction
2024-07-20 22:09:30 [32minfo[39m: [{"storageInstruction":[],"cookingInstruction":[],"usageInstruction":[],"otherInstruction":[]}]
2024-07-20 22:09:31 [31merror[39m: ingredient list
2024-07-20 22:09:31 [32minfo[39m: [{"productType":"nutrition facts","ingredientPrefix":"Ingredients:","ingredientStatement":"Monounsaturated Safflower Oil , Organic Cane Sugar , Organic Chocolate Chunks * ( Organic Evaporated Cane Sugar , Organic Cocoa Paste , Organic Cocoa Butter , Non - GMO Soy Lecithin , Organic Vanilla ) , Brown Rice Flour , Eggs , Molasses , White Rice Flour , Tapioca Starch , Sweet Rice Flour , Gluten - Free Flavor , Non - GMO Soy Lecithin , Rice Syrup & Grape Juice , Sea Salt , Xanthan Gum , Baking Soda .","ingredientBreakdown":"Monounsaturated Safflower Oil/Organic Cane Sugar/Organic Chocolate Chunks * ( Organic Evaporated Cane Sugar/Organic Cocoa Paste/Organic Cocoa Butter/Non - GMO Soy Lecithin/Organic Vanilla )/Brown Rice Flour/Eggs/Molasses/White Rice Flour/Tapioca Starch/Sweet Rice Flour/Gluten - Free Flavor/Non - GMO Soy Lecithin/Rice Syrup & Grape Juice/Sea Salt/Xanthan Gum/Baking Soda","liveAndActiveCulturesStatement":"","liveAndActiveCulturesBreakdown":""}]
2024-07-20 22:09:31 [31merror[39m: marketing
2024-07-20 22:09:31 [32minfo[39m: [{"haveQrCode":"false","instagram":"true","pinterest":"false","youtube":"false","youtubeType":"","facebook":"true","twitter":"false","socialMediaList":"facebook/instagram","website":"pamelasproducts.com","socialMediaText":"@pamelasproducts","enlargedToShow":"false"}]
2024-07-20 22:09:31 [31merror[39m: instruction
2024-07-20 22:09:31 [32minfo[39m: [{"storageInstruction":[],"cookingInstruction":[],"usageInstruction":[],"otherInstruction":[]}]
2024-07-20 22:09:33 [31merror[39m: ingredient list
2024-07-20 22:09:33 [32minfo[39m: [{"productType":"nutrition facts","ingredientPrefix":"Ingredients:","ingredientStatement":"Monounsaturated Safflower Oil , Organic Cane Sugar , Organic Chocolate Chunks * ( Organic Evaporated Cane Sugar , Organic Cocoa Paste , Organic Cocoa Butter , Non - GMO Soy Lecithin , Organic Vanilla ) , Brown Rice Flour , Eggs , Molasses , White Rice Flour , Tapioca Starch , Sweet Rice Flour , Gluten - Free Flavor , Non - GMO Soy Lecithin , Rice Syrup & Grape Juice , Sea Salt , Xanthan Gum , Baking Soda .","ingredientBreakdown":"Monounsaturated Safflower Oil/Organic Cane Sugar/Organic Chocolate Chunks * ( Organic Evaporated Cane Sugar/Organic Cocoa Paste/Organic Cocoa Butter/Non - GMO Soy Lecithin/Organic Vanilla )/Brown Rice Flour/Eggs/Molasses/White Rice Flour/Tapioca Starch/Sweet Rice Flour/Gluten - Free Flavor/Non - GMO Soy Lecithin/Rice Syrup & Grape Juice/Sea Salt/Xanthan Gum/Baking Soda","liveAndActiveCulturesStatement":"","liveAndActiveCulturesBreakdown":""}]
2024-07-20 22:09:33 [31merror[39m: marketing
2024-07-20 22:09:33 [32minfo[39m: [{"haveQrCode":"false","instagram":"true","pinterest":"false","youtube":"false","youtubeType":"","facebook":"true","twitter":"false","socialMediaList":"facebook/instagram","website":"pamelasproducts.com","socialMediaText":"@pamelasproducts","enlargedToShow":"false"}]
2024-07-20 22:09:33 [31merror[39m: instruction
2024-07-20 22:09:33 [32minfo[39m: [{"storageInstruction":[],"cookingInstruction":[],"usageInstruction":[],"otherInstruction":[]}]
2024-07-20 22:09:38 [31merror[39m: ingredient list
2024-07-20 22:09:38 [32minfo[39m: [{"productType":"nutrition facts","ingredientPrefix":"Ingredients:","ingredientStatement":"Monounsaturated Safflower Oil , Organic Cane Sugar , Organic Chocolate Chunks * ( Organic Evaporated Cane Sugar , Organic Cocoa Paste , Organic Cocoa Butter , Non - GMO Soy Lecithin , Organic Vanilla ) , Brown Rice Flour , Eggs , Molasses , White Rice Flour , Tapioca Starch , Sweet Rice Flour , Gluten - Free Flavor , Non - GMO Soy Lecithin , Rice Syrup & Grape Juice , Sea Salt , Xanthan Gum , Baking Soda .","ingredientBreakdown":"Monounsaturated Safflower Oil/Organic Cane Sugar/Organic Chocolate Chunks * ( Organic Evaporated Cane Sugar/Organic Cocoa Paste/Organic Cocoa Butter/Non - GMO Soy Lecithin/Organic Vanilla )/Brown Rice Flour/Eggs/Molasses/White Rice Flour/Tapioca Starch/Sweet Rice Flour/Gluten - Free Flavor/Non - GMO Soy Lecithin/Rice Syrup & Grape Juice/Sea Salt/Xanthan Gum/Baking Soda","liveAndActiveCulturesStatement":"","liveAndActiveCulturesBreakdown":""}]
2024-07-20 22:09:38 [31merror[39m: marketing
2024-07-20 22:09:38 [32minfo[39m: [{"haveQrCode":"false","instagram":"true","pinterest":"false","youtube":"false","youtubeType":"","facebook":"true","twitter":"false","socialMediaList":"facebook/instagram","website":"pamelasproducts.com","socialMediaText":"@pamelasproducts","enlargedToShow":"false"}]
2024-07-20 22:09:38 [31merror[39m: instruction
2024-07-20 22:09:38 [32minfo[39m: [{"storageInstruction":[],"cookingInstruction":[],"usageInstruction":[],"otherInstruction":[]}]
2024-07-20 22:10:20 [31merror[39m: ingredient list
2024-07-20 22:10:20 [32minfo[39m: [{"productType":"nutrition facts","ingredientPrefix":"Ingredients:","ingredientStatement":"Monounsaturated Safflower Oil , Organic Cane Sugar , Organic Chocolate Chunks * ( Organic Evaporated Cane Sugar , Organic Cocoa Paste , Organic Cocoa Butter , Non - GMO Soy Lecithin , Organic Vanilla ) , Brown Rice Flour , Eggs , Molasses , White Rice Flour , Tapioca Starch , Sweet Rice Flour , Gluten - Free Flavor , Non - GMO Soy Lecithin , Rice Syrup & Grape Juice , Sea Salt , Xanthan Gum , Baking Soda .","ingredientBreakdown":"Monounsaturated Safflower Oil/Organic Cane Sugar/Organic Chocolate Chunks * ( Organic Evaporated Cane Sugar/Organic Cocoa Paste/Organic Cocoa Butter/Non - GMO Soy Lecithin/Organic Vanilla )/Brown Rice Flour/Eggs/Molasses/White Rice Flour/Tapioca Starch/Sweet Rice Flour/Gluten - Free Flavor/Non - GMO Soy Lecithin/Rice Syrup & Grape Juice/Sea Salt/Xanthan Gum/Baking Soda","liveAndActiveCulturesStatement":"","liveAndActiveCulturesBreakdown":""}]
2024-07-20 22:10:20 [31merror[39m: marketing
2024-07-20 22:10:20 [32minfo[39m: [{"haveQrCode":"false","instagram":"true","pinterest":"false","youtube":"false","youtubeType":"","facebook":"true","twitter":"false","socialMediaList":"facebook/instagram","website":"pamelasproducts.com","socialMediaText":"@pamelasproducts","enlargedToShow":"false"}]
2024-07-20 22:10:20 [31merror[39m: instruction
2024-07-20 22:10:20 [32minfo[39m: [{"storageInstruction":[],"cookingInstruction":[],"usageInstruction":[],"otherInstruction":[]}]
2024-07-20 22:18:42 [31merror[39m: ingredient list
2024-07-20 22:18:42 [32minfo[39m: [{"productType":"nutrition facts","ingredientPrefix":"Ingredients:","ingredientStatement":"Monounsaturated Safflower Oil , Organic Cane Sugar , Organic Chocolate Chunks * ( Organic Evaporated Cane Sugar , Organic Cocoa Paste , Organic Cocoa Butter , Non - GMO Soy Lecithin , Organic Vanilla ) , Brown Rice Flour , Eggs , Molasses , White Rice Flour , Tapioca Starch , Sweet Rice Flour , Gluten - Free Flavor , Non - GMO Soy Lecithin , Rice Syrup & Grape Juice , Sea Salt , Xanthan Gum , Baking Soda .","ingredientBreakdown":"Monounsaturated Safflower Oil/Organic Cane Sugar/Organic Chocolate Chunks * ( Organic Evaporated Cane Sugar/Organic Cocoa Paste/Organic Cocoa Butter/Non - GMO Soy Lecithin/Organic Vanilla )/Brown Rice Flour/Eggs/Molasses/White Rice Flour/Tapioca Starch/Sweet Rice Flour/Gluten - Free Flavor/Non - GMO Soy Lecithin/Rice Syrup & Grape Juice/Sea Salt/Xanthan Gum/Baking Soda","liveAndActiveCulturesStatement":"","liveAndActiveCulturesBreakdown":""}]
2024-07-20 22:18:42 [31merror[39m: marketing
2024-07-20 22:18:42 [32minfo[39m: [{"haveQrCode":"false","instagram":"true","pinterest":"false","youtube":"false","youtubeType":"","facebook":"true","twitter":"false","socialMediaList":"facebook/instagram","website":"pamelasproducts.com","socialMediaText":"@pamelasproducts","enlargedToShow":"false"}]
2024-07-20 22:18:42 [31merror[39m: instruction
2024-07-20 22:18:42 [32minfo[39m: [{"storageInstruction":[],"cookingInstruction":[],"usageInstruction":[],"otherInstruction":[]}]
2024-07-20 22:21:19 [31merror[39m: ingredient list
2024-07-20 22:21:19 [32minfo[39m: [{"productType":"nutrition facts","ingredientPrefix":"Ingredients:","ingredientStatement":"Monounsaturated Safflower Oil , Organic Cane Sugar , Organic Chocolate Chunks * ( Organic Evaporated Cane Sugar , Organic Cocoa Paste , Organic Cocoa Butter , Non - GMO Soy Lecithin , Organic Vanilla ) , Brown Rice Flour , Eggs , Molasses , White Rice Flour , Tapioca Starch , Sweet Rice Flour , Gluten - Free Flavor , Non - GMO Soy Lecithin , Rice Syrup & Grape Juice , Sea Salt , Xanthan Gum , Baking Soda .","ingredientBreakdown":"Monounsaturated Safflower Oil/Organic Cane Sugar/Organic Chocolate Chunks * ( Organic Evaporated Cane Sugar/Organic Cocoa Paste/Organic Cocoa Butter/Non - GMO Soy Lecithin/Organic Vanilla )/Brown Rice Flour/Eggs/Molasses/White Rice Flour/Tapioca Starch/Sweet Rice Flour/Gluten - Free Flavor/Non - GMO Soy Lecithin/Rice Syrup & Grape Juice/Sea Salt/Xanthan Gum/Baking Soda","liveAndActiveCulturesStatement":"","liveAndActiveCulturesBreakdown":""}]
2024-07-20 22:21:19 [31merror[39m: marketing
2024-07-20 22:21:19 [32minfo[39m: [{"haveQrCode":"false","instagram":"true","pinterest":"false","youtube":"false","youtubeType":"","facebook":"true","twitter":"false","socialMediaList":"facebook/instagram","website":"pamelasproducts.com","socialMediaText":"@pamelasproducts","enlargedToShow":"false"}]
2024-07-20 22:21:19 [31merror[39m: instruction
2024-07-20 22:21:19 [32minfo[39m: [{"storageInstruction":[],"cookingInstruction":[],"usageInstruction":[],"otherInstruction":[]}]
2024-07-20 22:22:28 [31merror[39m: ingredient list
2024-07-20 22:22:28 [32minfo[39m: [{"productType":"nutrition facts","ingredientPrefix":"Ingredients:","ingredientStatement":"Monounsaturated Safflower Oil , Organic Cane Sugar , Organic Chocolate Chunks * ( Organic Evaporated Cane Sugar , Organic Cocoa Paste , Organic Cocoa Butter , Non - GMO Soy Lecithin , Organic Vanilla ) , Brown Rice Flour , Eggs , Molasses , White Rice Flour , Tapioca Starch , Sweet Rice Flour , Gluten - Free Flavor , Non - GMO Soy Lecithin , Rice Syrup & Grape Juice , Sea Salt , Xanthan Gum , Baking Soda .","ingredientBreakdown":"Monounsaturated Safflower Oil/Organic Cane Sugar/Organic Chocolate Chunks * ( Organic Evaporated Cane Sugar/Organic Cocoa Paste/Organic Cocoa Butter/Non - GMO Soy Lecithin/Organic Vanilla )/Brown Rice Flour/Eggs/Molasses/White Rice Flour/Tapioca Starch/Sweet Rice Flour/Gluten - Free Flavor/Non - GMO Soy Lecithin/Rice Syrup & Grape Juice/Sea Salt/Xanthan Gum/Baking Soda","liveAndActiveCulturesStatement":"","liveAndActiveCulturesBreakdown":""}]
2024-07-20 22:22:28 [31merror[39m: marketing
2024-07-20 22:22:28 [32minfo[39m: [{"haveQrCode":"false","instagram":"true","pinterest":"false","youtube":"false","youtubeType":"","facebook":"true","twitter":"false","socialMediaList":"facebook/instagram","website":"pamelasproducts.com","socialMediaText":"@pamelasproducts","enlargedToShow":"false"}]
2024-07-20 22:22:28 [31merror[39m: instruction
2024-07-20 22:22:28 [32minfo[39m: [{"storageInstruction":[],"cookingInstruction":[],"usageInstruction":[],"otherInstruction":[]}]
2024-07-20 22:23:54 [31merror[39m: ingredient list
2024-07-20 22:23:54 [32minfo[39m: [{"productType":"nutrition facts","ingredientPrefix":"Ingredients:","ingredientStatement":"Monounsaturated Safflower Oil , Organic Cane Sugar , Organic Chocolate Chunks * ( Organic Evaporated Cane Sugar , Organic Cocoa Paste , Organic Cocoa Butter , Non - GMO Soy Lecithin , Organic Vanilla ) , Brown Rice Flour , Eggs , Molasses , White Rice Flour , Tapioca Starch , Sweet Rice Flour , Gluten - Free Flavor , Non - GMO Soy Lecithin , Rice Syrup & Grape Juice , Sea Salt , Xanthan Gum , Baking Soda .","ingredientBreakdown":"Monounsaturated Safflower Oil/Organic Cane Sugar/Organic Chocolate Chunks * ( Organic Evaporated Cane Sugar/Organic Cocoa Paste/Organic Cocoa Butter/Non - GMO Soy Lecithin/Organic Vanilla )/Brown Rice Flour/Eggs/Molasses/White Rice Flour/Tapioca Starch/Sweet Rice Flour/Gluten - Free Flavor/Non - GMO Soy Lecithin/Rice Syrup & Grape Juice/Sea Salt/Xanthan Gum/Baking Soda","liveAndActiveCulturesStatement":"","liveAndActiveCulturesBreakdown":""}]
2024-07-20 22:23:54 [31merror[39m: marketing
2024-07-20 22:23:54 [32minfo[39m: [{"haveQrCode":"false","instagram":"true","pinterest":"false","youtube":"false","youtubeType":"","facebook":"true","twitter":"false","socialMediaList":"facebook/instagram","website":"pamelasproducts.com","socialMediaText":"@pamelasproducts","enlargedToShow":"false"}]
2024-07-20 22:23:54 [31merror[39m: instruction
2024-07-20 22:23:54 [32minfo[39m: [{"storageInstruction":[],"cookingInstruction":[],"usageInstruction":[],"otherInstruction":[]}]
2024-07-20 22:28:57 [31merror[39m: ingredient list
2024-07-20 22:28:57 [32minfo[39m: [{"productType":"nutrition facts","ingredientPrefix":"Ingredients:","ingredientStatement":"Monounsaturated Safflower Oil , Organic Cane Sugar , Organic Chocolate Chunks * ( Organic Evaporated Cane Sugar , Organic Cocoa Paste , Organic Cocoa Butter , Non - GMO Soy Lecithin , Organic Vanilla ) , Brown Rice Flour , Eggs , Molasses , White Rice Flour , Tapioca Starch , Sweet Rice Flour , Gluten - Free Flavor , Non - GMO Soy Lecithin , Rice Syrup & Grape Juice , Sea Salt , Xanthan Gum , Baking Soda .","ingredientBreakdown":"Monounsaturated Safflower Oil/Organic Cane Sugar/Organic Chocolate Chunks * ( Organic Evaporated Cane Sugar/Organic Cocoa Paste/Organic Cocoa Butter/Non - GMO Soy Lecithin/Organic Vanilla )/Brown Rice Flour/Eggs/Molasses/White Rice Flour/Tapioca Starch/Sweet Rice Flour/Gluten - Free Flavor/Non - GMO Soy Lecithin/Rice Syrup & Grape Juice/Sea Salt/Xanthan Gum/Baking Soda","liveAndActiveCulturesStatement":"","liveAndActiveCulturesBreakdown":""}]
2024-07-20 22:28:57 [31merror[39m: marketing
2024-07-20 22:28:57 [32minfo[39m: [{"haveQrCode":"false","instagram":"true","pinterest":"false","youtube":"false","youtubeType":"","facebook":"true","twitter":"false","socialMediaList":"facebook/instagram","website":"pamelasproducts.com","socialMediaText":"@pamelasproducts","enlargedToShow":"false"}]
2024-07-20 22:28:57 [31merror[39m: instruction
2024-07-20 22:28:57 [32minfo[39m: [{"storage instructions":[],"cooking instructions":[],"usage instructions":[],"other instructions":[]}]
2024-07-20 22:29:56 [31merror[39m: ingredient list
2024-07-20 22:29:56 [32minfo[39m: [{"productType":"nutrition facts","ingredientPrefix":"Ingredients:","ingredientStatement":"Monounsaturated Safflower Oil , Organic Cane Sugar , Organic Chocolate Chunks * ( Organic Evaporated Cane Sugar , Organic Cocoa Paste , Organic Cocoa Butter , Non - GMO Soy Lecithin , Organic Vanilla ) , Brown Rice Flour , Eggs , Molasses , White Rice Flour , Tapioca Starch , Sweet Rice Flour , Gluten - Free Flavor , Non - GMO Soy Lecithin , Rice Syrup & Grape Juice , Sea Salt , Xanthan Gum , Baking Soda .","ingredientBreakdown":"Monounsaturated Safflower Oil/Organic Cane Sugar/Organic Chocolate Chunks * ( Organic Evaporated Cane Sugar/Organic Cocoa Paste/Organic Cocoa Butter/Non - GMO Soy Lecithin/Organic Vanilla )/Brown Rice Flour/Eggs/Molasses/White Rice Flour/Tapioca Starch/Sweet Rice Flour/Gluten - Free Flavor/Non - GMO Soy Lecithin/Rice Syrup & Grape Juice/Sea Salt/Xanthan Gum/Baking Soda","liveAndActiveCulturesStatement":"","liveAndActiveCulturesBreakdown":""}]
2024-07-20 22:29:56 [31merror[39m: marketing
2024-07-20 22:29:56 [32minfo[39m: [{"haveQrCode":"false","instagram":"true","pinterest":"false","youtube":"false","youtubeType":"","facebook":"true","twitter":"false","socialMediaList":"facebook/instagram","website":"pamelasproducts.com","socialMediaText":"@pamelasproducts","enlargedToShow":"false"}]
2024-07-20 22:29:56 [31merror[39m: instruction
2024-07-20 22:29:56 [32minfo[39m: [{"storage instructions":[],"cooking instructions":[],"usage instructions":[],"other instructions":[]}]
2024-07-20 22:31:27 [31merror[39m: ingredient list
2024-07-20 22:31:27 [32minfo[39m: [{"productType":"nutrition facts","ingredientPrefix":"Ingredients:","ingredientStatement":"Monounsaturated Safflower Oil , Organic Cane Sugar , Organic Chocolate Chunks * ( Organic Evaporated Cane Sugar , Organic Cocoa Paste , Organic Cocoa Butter , Non - GMO Soy Lecithin , Organic Vanilla ) , Brown Rice Flour , Eggs , Molasses , White Rice Flour , Tapioca Starch , Sweet Rice Flour , Gluten - Free Flavor , Non - GMO Soy Lecithin , Rice Syrup & Grape Juice , Sea Salt , Xanthan Gum , Baking Soda .","ingredientBreakdown":"Monounsaturated Safflower Oil/Organic Cane Sugar/Organic Chocolate Chunks * ( Organic Evaporated Cane Sugar/Organic Cocoa Paste/Organic Cocoa Butter/Non - GMO Soy Lecithin/Organic Vanilla )/Brown Rice Flour/Eggs/Molasses/White Rice Flour/Tapioca Starch/Sweet Rice Flour/Gluten - Free Flavor/Non - GMO Soy Lecithin/Rice Syrup & Grape Juice/Sea Salt/Xanthan Gum/Baking Soda","liveAndActiveCulturesStatement":"","liveAndActiveCulturesBreakdown":""}]
2024-07-20 22:31:27 [31merror[39m: marketing
2024-07-20 22:31:27 [32minfo[39m: [{"haveQrCode":"false","instagram":"true","pinterest":"false","youtube":"false","youtubeType":"","facebook":"true","twitter":"false","socialMediaList":"facebook/instagram","website":"pamelasproducts.com","socialMediaText":"@pamelasproducts","enlargedToShow":"false"}]
2024-07-20 22:31:27 [31merror[39m: instruction
2024-07-20 22:31:27 [32minfo[39m: [{"storageInstruction":[],"cookingInstruction":[],"usageInstruction":[],"otherInstruction":[]}]
2024-07-20 22:35:05 [31merror[39m: ingredient list
2024-07-20 22:35:05 [32minfo[39m: [{"productType":"nutrition facts","ingredientPrefix":"Ingredients:","ingredientStatement":"Ingredients : Oats , Butter , Semi - Sweet Chocolate Chips ( Sugar , Unsweetened Chocolate , Cocoa Butter , Soy Lecithin , Natural Vanilla Extract ) , Wheat flour ( niacin , reduced iron , thiamine mononitrate , riboflavin , folic acid ) , Cane Sugar , Brown Sugar , Whole Eggs , Natural Flavour , Baking Soda , Salt , Cinnamon . Contains Wheat , Eggs , Milk , Soy .","ingredientBreakdown":"Oats/Butter/Semi - Sweet Chocolate Chips ( Sugar/Unsweetened Chocolate/Cocoa Butter/Soy Lecithin/Natural Vanilla Extract )/Wheat flour ( niacin/reduced iron/thiamine mononitrate/riboflavin/folic acid )/Cane Sugar/Brown Sugar/Whole Eggs/Natural Flavour/Baking Soda/Salt/Cinnamon","liveAndActiveCulturesStatement":"","liveAndActiveCulturesBreakdown":""}]
2024-07-20 22:35:05 [31merror[39m: marketing
2024-07-20 22:35:05 [32minfo[39m: [{"haveQrCode":"true","instagram":"true","pinterest":"true","youtube":"true","youtubeType":"type_2","facebook":"true","twitter":"false","socialMediaList":"facebook/instagram/youtube","website":"elenis.com, elenis.com/personalized-cookies","socialMediaText":"@ELENISNY","enlargedToShow":"false"}]
2024-07-20 22:35:05 [31merror[39m: instruction
2024-07-20 22:35:05 [32minfo[39m: [{"storageInstruction":[],"cookingInstruction":[],"usageInstruction":[],"otherInstruction":[]}]
2024-07-20 22:58:24 [31merror[39m: ingredient list
2024-07-20 22:58:24 [32minfo[39m: [{"productType":"nutrition facts","ingredientPrefix":"Ingredients:","ingredientStatement":"Ingredients : Oats , Butter , Semi - Sweet Chocolate Chips ( Sugar , Unsweetened Chocolate , Cocoa Butter , Soy Lecithin , Natural Vanilla Extract ) , Wheat flour ( niacin , reduced iron , thiamine mononitrate , riboflavin , folic acid ) , Cane Sugar , Brown Sugar , Whole Eggs , Natural Flavour , Baking Soda , Salt , Cinnamon . Contains Wheat , Eggs , Milk , Soy .","ingredientBreakdown":"Oats/Butter/Semi - Sweet Chocolate Chips ( Sugar/Unsweetened Chocolate/Cocoa Butter/Soy Lecithin/Natural Vanilla Extract )/Wheat flour ( niacin/reduced iron/thiamine mononitrate/riboflavin/folic acid )/Cane Sugar/Brown Sugar/Whole Eggs/Natural Flavour/Baking Soda/Salt/Cinnamon","liveAndActiveCulturesStatement":"","liveAndActiveCulturesBreakdown":""}]
2024-07-20 22:58:24 [31merror[39m: marketing
2024-07-20 22:58:24 [32minfo[39m: [{"haveQrCode":"true","instagram":"true","pinterest":"true","youtube":"true","youtubeType":"type_2","facebook":"true","twitter":"false","socialMediaList":"facebook/instagram/youtube","website":"elenis.com, elenis.com/personalized-cookies","socialMediaText":"@ELENISNY","enlargedToShow":"false"}]
2024-07-20 22:58:24 [31merror[39m: instruction
2024-07-20 22:58:24 [32minfo[39m: [{"storageInstruction":[],"cookingInstruction":[],"usageInstruction":[],"otherInstruction":[]}]
2024-07-20 23:03:22 [31merror[39m: ingredient list
2024-07-20 23:03:22 [32minfo[39m: [{"productType":"nutrition facts","ingredientPrefix":"Ingredients:","ingredientStatement":"Ingredients : Oats , Butter , Semi - Sweet Chocolate Chips ( Sugar , Unsweetened Chocolate , Cocoa Butter , Soy Lecithin , Natural Vanilla Extract ) , Wheat flour ( niacin , reduced iron , thiamine mononitrate , riboflavin , folic acid ) , Cane Sugar , Brown Sugar , Whole Eggs , Natural Flavour , Baking Soda , Salt , Cinnamon . Contains Wheat , Eggs , Milk , Soy .","ingredientBreakdown":"Oats/Butter/Semi - Sweet Chocolate Chips ( Sugar/Unsweetened Chocolate/Cocoa Butter/Soy Lecithin/Natural Vanilla Extract )/Wheat flour ( niacin/reduced iron/thiamine mononitrate/riboflavin/folic acid )/Cane Sugar/Brown Sugar/Whole Eggs/Natural Flavour/Baking Soda/Salt/Cinnamon","liveAndActiveCulturesStatement":"","liveAndActiveCulturesBreakdown":""}]
2024-07-20 23:03:22 [31merror[39m: marketing
2024-07-20 23:03:22 [32minfo[39m: [{"haveQrCode":"true","instagram":"true","pinterest":"true","youtube":"true","youtubeType":"type_2","facebook":"true","twitter":"false","socialMediaList":"facebook/instagram/youtube","website":"elenis.com, elenis.com/personalized-cookies","socialMediaText":"@ELENISNY","enlargedToShow":"false"}]
2024-07-20 23:03:22 [31merror[39m: instruction
2024-07-20 23:03:22 [32minfo[39m: [{"storageInstruction":[],"cookingInstruction":[],"usageInstruction":[],"otherInstruction":[]}]
2024-07-20 23:03:50 [31merror[39m: ingredient list
2024-07-20 23:03:50 [32minfo[39m: [{"productType":"nutrition facts","ingredientPrefix":"Ingredients:","ingredientStatement":"Ingredients : Oats , Butter , Semi - Sweet Chocolate Chips ( Sugar , Unsweetened Chocolate , Cocoa Butter , Soy Lecithin , Natural Vanilla Extract ) , Wheat flour ( niacin , reduced iron , thiamine mononitrate , riboflavin , folic acid ) , Cane Sugar , Brown Sugar , Whole Eggs , Natural Flavour , Baking Soda , Salt , Cinnamon . Contains Wheat , Eggs , Milk , Soy .","ingredientBreakdown":"Oats/Butter/Semi - Sweet Chocolate Chips ( Sugar/Unsweetened Chocolate/Cocoa Butter/Soy Lecithin/Natural Vanilla Extract )/Wheat flour ( niacin/reduced iron/thiamine mononitrate/riboflavin/folic acid )/Cane Sugar/Brown Sugar/Whole Eggs/Natural Flavour/Baking Soda/Salt/Cinnamon","liveAndActiveCulturesStatement":"","liveAndActiveCulturesBreakdown":""}]
2024-07-20 23:03:50 [31merror[39m: marketing
2024-07-20 23:03:50 [32minfo[39m: [{"haveQrCode":"true","instagram":"true","pinterest":"true","youtube":"true","youtubeType":"type_2","facebook":"true","twitter":"false","socialMediaList":"facebook/instagram/youtube","website":"elenis.com, elenis.com/personalized-cookies","socialMediaText":"@ELENISNY","enlargedToShow":"false"}]
2024-07-20 23:03:50 [31merror[39m: instruction
2024-07-20 23:03:50 [32minfo[39m: [{"storageInstruction":[],"cookingInstruction":[],"usageInstruction":[],"otherInstruction":[]}]
2024-07-20 23:04:33 [31merror[39m: ingredient list
2024-07-20 23:04:33 [32minfo[39m: [{"productType":"nutrition facts","ingredientPrefix":"Ingredients:","ingredientStatement":"Ingredients : Oats , Butter , Semi - Sweet Chocolate Chips ( Sugar , Unsweetened Chocolate , Cocoa Butter , Soy Lecithin , Natural Vanilla Extract ) , Wheat flour ( niacin , reduced iron , thiamine mononitrate , riboflavin , folic acid ) , Cane Sugar , Brown Sugar , Whole Eggs , Natural Flavour , Baking Soda , Salt , Cinnamon . Contains Wheat , Eggs , Milk , Soy .","ingredientBreakdown":"Oats/Butter/Semi - Sweet Chocolate Chips ( Sugar/Unsweetened Chocolate/Cocoa Butter/Soy Lecithin/Natural Vanilla Extract )/Wheat flour ( niacin/reduced iron/thiamine mononitrate/riboflavin/folic acid )/Cane Sugar/Brown Sugar/Whole Eggs/Natural Flavour/Baking Soda/Salt/Cinnamon","liveAndActiveCulturesStatement":"","liveAndActiveCulturesBreakdown":""}]
2024-07-20 23:04:33 [31merror[39m: marketing
2024-07-20 23:04:33 [32minfo[39m: [{"haveQrCode":"true","instagram":"true","pinterest":"true","youtube":"true","youtubeType":"type_2","facebook":"true","twitter":"false","socialMediaList":"facebook/instagram/youtube","website":"elenis.com, elenis.com/personalized-cookies","socialMediaText":"@ELENISNY","enlargedToShow":"false"}]
2024-07-20 23:04:33 [31merror[39m: instruction
2024-07-20 23:04:33 [32minfo[39m: [{"storageInstruction":[],"cookingInstruction":[],"usageInstruction":[],"otherInstruction":[]}]
