2024-07-23 00:03:51 [31merror[39m: ingredient list
2024-07-23 00:03:51 [32minfo[39m: [{"productType":"nutrition facts","ingredientPrefix":"INGREDIENTS :","ingredientStatement":"VEGAN PROTEINS ( PEA PROTEIN ISOLATE , SOY PROTEIN ISOLATE ) , GLYCERIN , MALTITOL , OLIGOFRUCTOSE , CACAO FAT , SUNFLOWER OIL , UNSWEETENED CHOCOLATE , WATER , NATURAL FLAVORS , RICE FLOUR , COCOA ( PROCESSED WITH ALKALI ) , SOLUBLE MAIZE FIBER , TAPIOCA STARCH , LECITHINS , XANTHAN GUM , SALT .","ingredientBreakdown":"VEGAN PROTEINS ( PEA PROTEIN ISOLATE , SOY PROTEIN ISOLATE )/GLYCERIN/MALTITOL/OLIGOFRUCTOSE/CACAO FAT/SUNFLOWER OIL/UNSWEETENED CHOCOLATE/WATER/NATURAL FLAVORS/RICE FLOUR/COCOA ( PROCESSED WITH ALKALI )/SOLUBLE MAIZE FIBER/TAPIOCA STARCH/LECITHINS/XANTHAN GUM/SALT .","liveAndActiveCulturesStatement":"","liveAndActiveCulturesBreakdown":""}]
2024-07-23 00:03:51 [31merror[39m: marketing
2024-07-23 00:03:51 [32minfo[39m: [{"haveQrCode":"unknown","instagram":"yes","pinterest":"no","youtube":"yes","youtubeType":"type_2","facebook":"yes","twitter":"no","socialMediaList":"instagram/youtube/facebook","website":"www.misfits.health, info@misfits.health","socialMediaText":"@misfitshealth","enlargedToShow":"unknown"}]
2024-07-23 00:03:51 [31merror[39m: instruction
2024-07-23 00:03:51 [32minfo[39m: [{"storageInstruction":["STORE IN A COOL DRY PLACE AWAY FROM SUNLIGHT ."],"cookingInstruction":[],"usageInstruction":[],"otherInstruction":["NOTE : EXCESSIVE CONSUMPTION MAY HAVE A LAXATIVE EFFECT ( DUE TO MALTITOL ) ."]}]
2024-07-23 00:03:51 [31merror[39m: sugar claim -- sugar
2024-07-23 00:11:12 [31merror[39m: ingredient list
2024-07-23 00:11:12 [32minfo[39m: [{"productType":"nutrition facts","ingredientPrefix":"INGREDIENTS:","ingredientStatement":"VEGAN PROTEINS ( PEA PROTEIN ISOLATE , SOY PROTEIN ISOLATE ) , GLYCERIN , MALTITOL , OLIGOFRUCTOSE , CACAO FAT , SUNFLOWER OIL , UNSWEETENED CHOCOLATE , WATER , NATURAL FLAVORS , RICE FLOUR , COCOA ( PROCESSED WITH ALKALI ) , SOLUBLE MAIZE FIBER , TAPIOCA STARCH , LECITHINS , XANTHAN GUM , SALT . CONTAINS : SOY , WHEAT ( MALTITOL DERIVED FROM WHEAT ) . DISTRIBUTED BY : MISFITS HEALTH INC , LABS ATRIUM , CHALK FARM RD , LONDON NW1 8AH , UK MAY ALSO CONTAIN : MILK , GLUTEN , NUTS AND PEANUTS , DUE TO SHARED MACHINERY NOTE : EXCESSIVE CONSUMPTION MAY HAVE A LAXATIVE EFFECT ( DUE TO MALTITOL ) . STORE IN A COOL DRY PLACE AWAY FROM SUNLIGHT . PRODUCT OF CROATIA","ingredientBreakdown":"VEGAN PROTEINS ( PEA PROTEIN ISOLATE , SOY PROTEIN ISOLATE )/GLYCERIN/MALTITOL/OLIGOFRUCTOSE/CACAO FAT/SUNFLOWER OIL/UNSWEETENED CHOCOLATE/WATER/NATURAL FLAVORS/RICE FLOUR/COCOA ( PROCESSED WITH ALKALI )/SOLUBLE MAIZE FIBER/TAPIOCA STARCH/LECITHINS/XANTHAN GUM/SALT/CONTAINS : SOY , WHEAT ( MALTITOL DERIVED FROM WHEAT )/DISTRIBUTED BY : MISFITS HEALTH INC , LABS ATRIUM , CHALK FARM RD , LONDON NW1 8AH , UK MAY ALSO CONTAIN : MILK , GLUTEN , NUTS AND PEANUTS , DUE TO SHARED MACHINERY NOTE : EXCESSIVE CONSUMPTION MAY HAVE A LAXATIVE EFFECT ( DUE TO MALTITOL )/STORE IN A COOL DRY PLACE AWAY FROM SUNLIGHT/PRODUCT OF CROATIA","liveAndActiveCulturesStatement":"","liveAndActiveCulturesBreakdown":""}]
2024-07-23 00:11:12 [31merror[39m: marketing
2024-07-23 00:11:12 [32minfo[39m: [{"haveQrCode":"no","instagram":"yes","pinterest":"no","youtube":"yes","youtubeType":"type_2","facebook":"yes","twitter":"no","socialMediaList":"instagram/youtube/facebook","website":"www.misfits.health, info@misfits.health","socialMediaText":"@misfitshealth","enlargedToShow":"no"}]
2024-07-23 00:11:12 [31merror[39m: instruction
2024-07-23 00:11:12 [32minfo[39m: [{"storageInstruction":["STORE IN A COOL DRY PLACE AWAY FROM SUNLIGHT"],"cookingInstruction":[],"usageInstruction":[],"otherInstruction":["NOTE : EXCESSIVE CONSUMPTION MAY HAVE A LAXATIVE EFFECT ( DUE TO MALTITOL ) ."]}]
2024-07-23 00:11:12 [31merror[39m: ingredient list
2024-07-23 00:11:12 [32minfo[39m: [{"productType":"nutrition facts","ingredientPrefix":"INGREDIENTS:","ingredientStatement":"VEGAN PROTEINS ( PEA PROTEIN ISOLATE , SOY PROTEIN ISOLATE ) , GLYCERIN , MALTITOL , OLIGOFRUCTOSE , CACAO FAT , SUNFLOWER OIL , UNSWEETENED CHOCOLATE , WATER , NATURAL FLAVORS , RICE FLOUR , COCOA ( PROCESSED WITH ALKALI ) , SOLUBLE MAIZE FIBER , TAPIOCA STARCH , LECITHINS , XANTHAN GUM , SALT . CONTAINS : SOY , WHEAT ( MALTITOL DERIVED FROM WHEAT ) . DISTRIBUTED BY : MISFITS HEALTH INC , LABS ATRIUM , CHALK FARM RD , LONDON NW1 8AH , UK MAY ALSO CONTAIN : MILK , GLUTEN , NUTS AND PEANUTS , DUE TO SHARED MACHINERY NOTE : EXCESSIVE CONSUMPTION MAY HAVE A LAXATIVE EFFECT ( DUE TO MALTITOL ) . STORE IN A COOL DRY PLACE AWAY FROM SUNLIGHT . PRODUCT OF CROATIA","ingredientBreakdown":"VEGAN PROTEINS ( PEA PROTEIN ISOLATE , SOY PROTEIN ISOLATE )/GLYCERIN/MALTITOL/OLIGOFRUCTOSE/CACAO FAT/SUNFLOWER OIL/UNSWEETENED CHOCOLATE/WATER/NATURAL FLAVORS/RICE FLOUR/COCOA ( PROCESSED WITH ALKALI )/SOLUBLE MAIZE FIBER/TAPIOCA STARCH/LECITHINS/XANTHAN GUM/SALT/CONTAINS : SOY , WHEAT ( MALTITOL DERIVED FROM WHEAT )/DISTRIBUTED BY : MISFITS HEALTH INC , LABS ATRIUM , CHALK FARM RD , LONDON NW1 8AH , UK MAY ALSO CONTAIN : MILK , GLUTEN , NUTS AND PEANUTS , DUE TO SHARED MACHINERY NOTE : EXCESSIVE CONSUMPTION MAY HAVE A LAXATIVE EFFECT ( DUE TO MALTITOL )/STORE IN A COOL DRY PLACE AWAY FROM SUNLIGHT/PRODUCT OF CROATIA","liveAndActiveCulturesStatement":"","liveAndActiveCulturesBreakdown":""}]
2024-07-23 00:11:12 [31merror[39m: marketing
2024-07-23 00:11:12 [32minfo[39m: [{"haveQrCode":"no","instagram":"yes","pinterest":"no","youtube":"yes","youtubeType":"type_2","facebook":"yes","twitter":"no","socialMediaList":"instagram/youtube/facebook","website":"www.misfits.health, info@misfits.health","socialMediaText":"@misfitshealth","enlargedToShow":"no"}]
2024-07-23 00:11:12 [31merror[39m: instruction
2024-07-23 00:11:12 [32minfo[39m: [{"storageInstruction":["STORE IN A COOL DRY PLACE AWAY FROM SUNLIGHT"],"cookingInstruction":[],"usageInstruction":[],"otherInstruction":["NOTE : EXCESSIVE CONSUMPTION MAY HAVE A LAXATIVE EFFECT ( DUE TO MALTITOL ) ."]}]
2024-07-23 00:16:48 [31merror[39m: ingredient list
2024-07-23 00:16:48 [32minfo[39m: [{"productType":"nutrition facts","ingredientPrefix":"INGREDIENTS:","ingredientStatement":"Cashew Butter, Protein Blend (Pea Protein, Almond Protein), Chicory Root Fiber, Almond Butter, Cocoa Butter, Water, Organic Cinnamon, Organic Maca Powder, Organic Vanilla Extract, Sea Salt, MCT Oil (from Coconut), Organic Cordyceps sinensis Mushroom Powder, Organic Rosemary Extract, Monk Fruit Extract.","ingredientBreakdown":"Cashew Butter/Protein Blend (Pea Protein/Almond Protein)/Chicory Root Fiber/Almond Butter/Cocoa Butter/Water/Organic Cinnamon/Organic Maca Powder/Organic Vanilla Extract/Sea Salt/MCT Oil (from Coconut)/Organic Cordyceps sinensis Mushroom Powder/Organic Rosemary Extract/Monk Fruit Extract.","liveAndActiveCulturesStatement":"","liveAndActiveCulturesBreakdown":""}]
2024-07-23 00:16:48 [31merror[39m: marketing
2024-07-23 00:16:48 [32minfo[39m: [{"haveQrCode":"false","instagram":"false","pinterest":"false","youtube":"false","youtubeType":"","facebook":"false","twitter":"false","socialMediaList":"","website":"WWW.BTRNATION.COM","socialMediaText":"@BTR.NATION","enlargedToShow":"false"}]
2024-07-23 00:16:48 [31merror[39m: instruction
2024-07-23 00:16:48 [32minfo[39m: [{"storageInstruction":[],"cookingInstruction":[],"usageInstruction":[],"otherInstruction":[]}]
2024-07-23 00:16:48 [31merror[39m: sugar claim -- sugar
2024-07-23 00:23:50 [31merror[39m: ingredient list
2024-07-23 00:23:50 [32minfo[39m: [{"productType":"nutrition facts","ingredientPrefix":"INGREDIENTS:","ingredientStatement":"Cashew Butter, Protein Blend (Pea Protein, Almond Protein), Chicory Root Fiber, Almond Butter, Cocoa Butter, Water, Organic Cinnamon, Organic Maca Powder, Organic Vanilla Extract, Sea Salt, MCT Oil (from Coconut), Organic Cordyceps sinensis Mushroom Powder, Organic Rosemary Extract, Monk Fruit Extract.","ingredientBreakdown":"Cashew Butter/Protein Blend (Pea Protein/Almond Protein)/Chicory Root Fiber/Almond Butter/Cocoa Butter/Water/Organic Cinnamon/Organic Maca Powder/Organic Vanilla Extract/Sea Salt/MCT Oil (from Coconut)/Organic Cordyceps sinensis Mushroom Powder/Organic Rosemary Extract/Monk Fruit Extract.","liveAndActiveCulturesStatement":"","liveAndActiveCulturesBreakdown":""}]
2024-07-23 00:23:50 [31merror[39m: marketing
2024-07-23 00:23:50 [32minfo[39m: [{"haveQrCode":"false","instagram":"false","pinterest":"false","youtube":"false","youtubeType":"","facebook":"false","twitter":"false","socialMediaList":"","website":"WWW.BTRNATION.COM","socialMediaText":"@BTR.NATION","enlargedToShow":"false"}]
2024-07-23 00:23:50 [31merror[39m: instruction
2024-07-23 00:23:50 [32minfo[39m: [{"storageInstruction":[],"cookingInstruction":[],"usageInstruction":[],"otherInstruction":[]}]
2024-07-23 00:23:50 [31merror[39m: sugar claim -- sugar
2024-07-23 00:30:12 [31merror[39m: ingredient list
2024-07-23 00:30:12 [32minfo[39m: [{"productType":"nutrition facts","ingredientPrefix":"INGREDIENTS:","ingredientStatement":"ORGANIC COCONUT - MILK ( WATER ORGANIC COCONUT CREME ) , ORGANIC PEA PROTEIN , ORGANIC DATE POWDER , ORGANIC OAT MILK ( WATER , ORGANIC GLUTEN - FREE WHOLE GRAIN OATS ) , ORGANIC VANILLA EXTRACT , PINK SALT , ORGANIC NATURAL FLAVOR , ORGANIC QUILLAIA EXTRACT , ORGANIC CINNAMON , ORGANIC ASHWAGANDHA EXTRACT , ORGANIC MACA EXTRACT ORGANIC REISHI MUSHROOM EXTRACT , ORGANIC STEVIA EXTRACT , ORGANIC ACACIA , GELLAN GUM , ORGANIC NUTMEG , ZINC GLUCONATE .","ingredientBreakdown":"ORGANIC COCONUT - MILK ( WATER ORGANIC COCONUT CREME )/ORGANIC PEA PROTEIN/ORGANIC DATE POWDER/ORGANIC OAT MILK ( WATER , ORGANIC GLUTEN - FREE WHOLE GRAIN OATS )/ORGANIC VANILLA EXTRACT/PINK SALT/ORGANIC NATURAL FLAVOR/ORGANIC QUILLAIA EXTRACT/ORGANIC CINNAMON/ORGANIC ASHWAGANDHA EXTRACT/ORGANIC MACA EXTRACT/ORGANIC REISHI MUSHROOM EXTRACT/ORGANIC STEVIA EXTRACT/ORGANIC ACACIA/GELLAN GUM/ORGANIC NUTMEG/ZINC GLUCONATE .","liveAndActiveCulturesStatement":"","liveAndActiveCulturesBreakdown":""}]
2024-07-23 00:30:12 [31merror[39m: marketing
2024-07-23 00:30:12 [32minfo[39m: [{"haveQrCode":"true","instagram":"false","pinterest":"false","youtube":"true","youtubeType":"type_2","facebook":"true","twitter":"false","socialMediaList":"facebook","website":"www.rebbl.com","socialMediaText":"@REBBL","enlargedToShow":"false"}]
2024-07-23 00:30:12 [31merror[39m: instruction
2024-07-23 00:30:12 [32minfo[39m: [{"storageInstruction":["KEEP REFRIGERATED","For optimal freshness , enjoy within 5 days after opening"],"cookingInstruction":[],"usageInstruction":["SHAKE A TON !"],"otherInstruction":["NOTICE : If pregnant or breastfeeding , please consult your healthcare professional before consuming ."]}]
2024-07-23 00:39:45 [31merror[39m: ingredient list
2024-07-23 00:39:45 [32minfo[39m: [{"productType":"nutrition facts","ingredientPrefix":"Ingredients:","ingredientStatement":"Milk Chocolate ( Sugar , Cocoa Butter ** Nonfat Dry Milk , Unsweetened Chocolate ** Whey Milk Powder , Butterfat , Sunflower and / or Canola Lecithin , Vanilla Extract ) , Crunchy Biscuit ( Wheat Flour , Sugar , Palm Oil * , Salt , Baking Soda ) , Glucose Syrup , Palm Oil * , Sugar , Butterfat , Nonfat Dry Milk , Whey Milk Powder , Cocoa Powder ** Salt , Sunflower and / or Canola Lecithin , Vanilla Extract .","ingredientBreakdown":"Milk Chocolate ( Sugar , Cocoa Butter ** Nonfat Dry Milk , Unsweetened Chocolate ** Whey Milk Powder , Butterfat , Sunflower and / or Canola Lecithin , Vanilla Extract )/Crunchy Biscuit ( Wheat Flour , Sugar , Palm Oil * , Salt , Baking Soda )/Glucose Syrup/Palm Oil */Sugar/Butterfat/Nonfat Dry Milk/Whey Milk Powder/Cocoa Powder ** Salt , Sunflower and / or Canola Lecithin/Vanilla Extract .","liveAndActiveCulturesStatement":"","liveAndActiveCulturesBreakdown":""}]
2024-07-23 00:39:45 [31merror[39m: marketing
2024-07-23 00:39:45 [32minfo[39m: [{"haveQrCode":"false","instagram":"false","pinterest":"false","youtube":"false","youtubeType":"","facebook":"false","twitter":"false","socialMediaList":"","website":"www.ra.org","socialMediaText":"","enlargedToShow":"false"}]
2024-07-23 00:39:45 [31merror[39m: instruction
2024-07-23 00:39:45 [32minfo[39m: [{"storageInstruction":[],"cookingInstruction":[],"usageInstruction":[],"otherInstruction":[]}]
2024-07-23 00:40:34 [31merror[39m: ingredient list
2024-07-23 00:40:34 [32minfo[39m: [{"productType":"nutrition facts","ingredientPrefix":"Ingredients:","ingredientStatement":"Milk Chocolate ( Sugar , Cocoa Butter ** Nonfat Dry Milk , Unsweetened Chocolate ** Whey Milk Powder , Butterfat , Sunflower and / or Canola Lecithin , Vanilla Extract ) , Crunchy Biscuit ( Wheat Flour , Sugar , Palm Oil * , Salt , Baking Soda ) , Glucose Syrup , Palm Oil * , Sugar , Butterfat , Nonfat Dry Milk , Whey Milk Powder , Cocoa Powder ** Salt , Sunflower and / or Canola Lecithin , Vanilla Extract .","ingredientBreakdown":"Milk Chocolate ( Sugar , Cocoa Butter ** Nonfat Dry Milk , Unsweetened Chocolate ** Whey Milk Powder , Butterfat , Sunflower and / or Canola Lecithin , Vanilla Extract )/Crunchy Biscuit ( Wheat Flour , Sugar , Palm Oil * , Salt , Baking Soda )/Glucose Syrup/Palm Oil */Sugar/Butterfat/Nonfat Dry Milk/Whey Milk Powder/Cocoa Powder ** Salt , Sunflower and / or Canola Lecithin/Vanilla Extract .","liveAndActiveCulturesStatement":"","liveAndActiveCulturesBreakdown":""}]
2024-07-23 00:40:34 [31merror[39m: marketing
2024-07-23 00:40:34 [32minfo[39m: [{"haveQrCode":"false","instagram":"false","pinterest":"false","youtube":"false","youtubeType":"","facebook":"false","twitter":"false","socialMediaList":"","website":"www.ra.org","socialMediaText":"","enlargedToShow":"false"}]
2024-07-23 00:40:34 [31merror[39m: instruction
2024-07-23 00:40:34 [32minfo[39m: [{"storageInstruction":[],"cookingInstruction":[],"usageInstruction":[],"otherInstruction":[]}]
2024-07-23 00:40:34 [31merror[39m: sugar claim -- sugar
2024-07-23 00:43:24 [31merror[39m: ingredient list
2024-07-23 00:43:24 [32minfo[39m: [{"productType":"nutrition facts","ingredientPrefix":"Ingredients:","ingredientStatement":"Milk Chocolate ( Sugar , Cocoa Butter ** Nonfat Dry Milk , Unsweetened Chocolate ** Whey Milk Powder , Butterfat , Sunflower and / or Canola Lecithin , Vanilla Extract ) , Crunchy Biscuit ( Wheat Flour , Sugar , Palm Oil * , Salt , Baking Soda ) , Glucose Syrup , Palm Oil * , Sugar , Butterfat , Nonfat Dry Milk , Whey Milk Powder , Cocoa Powder ** Salt , Sunflower and / or Canola Lecithin , Vanilla Extract .","ingredientBreakdown":"Milk Chocolate ( Sugar , Cocoa Butter ** Nonfat Dry Milk , Unsweetened Chocolate ** Whey Milk Powder , Butterfat , Sunflower and / or Canola Lecithin , Vanilla Extract )/Crunchy Biscuit ( Wheat Flour , Sugar , Palm Oil * , Salt , Baking Soda )/Glucose Syrup/Palm Oil */Sugar/Butterfat/Nonfat Dry Milk/Whey Milk Powder/Cocoa Powder ** Salt , Sunflower and / or Canola Lecithin/Vanilla Extract .","liveAndActiveCulturesStatement":"","liveAndActiveCulturesBreakdown":""}]
2024-07-23 00:43:24 [31merror[39m: marketing
2024-07-23 00:43:24 [32minfo[39m: [{"haveQrCode":"false","instagram":"false","pinterest":"false","youtube":"false","youtubeType":"","facebook":"false","twitter":"false","socialMediaList":"","website":"www.ra.org","socialMediaText":"","enlargedToShow":"false"}]
2024-07-23 00:43:24 [31merror[39m: instruction
2024-07-23 00:43:24 [32minfo[39m: [{"storageInstruction":[],"cookingInstruction":[],"usageInstruction":[],"otherInstruction":[]}]
2024-07-23 00:43:24 [31merror[39m: sugar claim -- sugar
2024-07-23 00:44:49 [31merror[39m: ingredient list
2024-07-23 00:44:49 [32minfo[39m: [{"productType":"nutrition facts","ingredientPrefix":"Ingredients:","ingredientStatement":"Milk Chocolate ( Sugar , Cocoa Butter ** Nonfat Dry Milk , Unsweetened Chocolate ** Whey Milk Powder , Butterfat , Sunflower and / or Canola Lecithin , Vanilla Extract ) , Crunchy Biscuit ( Wheat Flour , Sugar , Palm Oil * , Salt , Baking Soda ) , Glucose Syrup , Palm Oil * , Sugar , Butterfat , Nonfat Dry Milk , Whey Milk Powder , Cocoa Powder ** Salt , Sunflower and / or Canola Lecithin , Vanilla Extract .","ingredientBreakdown":"Milk Chocolate ( Sugar , Cocoa Butter ** Nonfat Dry Milk , Unsweetened Chocolate ** Whey Milk Powder , Butterfat , Sunflower and / or Canola Lecithin , Vanilla Extract )/Crunchy Biscuit ( Wheat Flour , Sugar , Palm Oil * , Salt , Baking Soda )/Glucose Syrup/Palm Oil */Sugar/Butterfat/Nonfat Dry Milk/Whey Milk Powder/Cocoa Powder ** Salt , Sunflower and / or Canola Lecithin/Vanilla Extract .","liveAndActiveCulturesStatement":"","liveAndActiveCulturesBreakdown":""}]
2024-07-23 00:44:49 [31merror[39m: marketing
2024-07-23 00:44:49 [32minfo[39m: [{"haveQrCode":"false","instagram":"false","pinterest":"false","youtube":"false","youtubeType":"","facebook":"false","twitter":"false","socialMediaList":"","website":"www.ra.org","socialMediaText":"","enlargedToShow":"false"}]
2024-07-23 00:44:49 [31merror[39m: instruction
2024-07-23 00:44:49 [32minfo[39m: [{"storageInstruction":[],"cookingInstruction":[],"usageInstruction":[],"otherInstruction":[]}]
2024-07-23 00:44:49 [31merror[39m: sugar claim -- sugar
2024-07-23 00:44:55 [31merror[39m: ingredient list
2024-07-23 00:44:55 [32minfo[39m: [{"productType":"nutrition facts","ingredientPrefix":"Ingredients:","ingredientStatement":"Milk Chocolate ( Sugar , Cocoa Butter ** Nonfat Dry Milk , Unsweetened Chocolate ** Whey Milk Powder , Butterfat , Sunflower and / or Canola Lecithin , Vanilla Extract ) , Crunchy Biscuit ( Wheat Flour , Sugar , Palm Oil * , Salt , Baking Soda ) , Glucose Syrup , Palm Oil * , Sugar , Butterfat , Nonfat Dry Milk , Whey Milk Powder , Cocoa Powder ** Salt , Sunflower and / or Canola Lecithin , Vanilla Extract .","ingredientBreakdown":"Milk Chocolate ( Sugar , Cocoa Butter ** Nonfat Dry Milk , Unsweetened Chocolate ** Whey Milk Powder , Butterfat , Sunflower and / or Canola Lecithin , Vanilla Extract )/Crunchy Biscuit ( Wheat Flour , Sugar , Palm Oil * , Salt , Baking Soda )/Glucose Syrup/Palm Oil */Sugar/Butterfat/Nonfat Dry Milk/Whey Milk Powder/Cocoa Powder ** Salt , Sunflower and / or Canola Lecithin/Vanilla Extract .","liveAndActiveCulturesStatement":"","liveAndActiveCulturesBreakdown":""}]
2024-07-23 00:44:55 [31merror[39m: marketing
2024-07-23 00:44:55 [32minfo[39m: [{"haveQrCode":"false","instagram":"false","pinterest":"false","youtube":"false","youtubeType":"","facebook":"false","twitter":"false","socialMediaList":"","website":"www.ra.org","socialMediaText":"","enlargedToShow":"false"}]
2024-07-23 00:44:55 [31merror[39m: instruction
2024-07-23 00:44:55 [32minfo[39m: [{"storageInstruction":[],"cookingInstruction":[],"usageInstruction":[],"otherInstruction":[]}]
2024-07-23 00:44:55 [31merror[39m: sugar claim -- sugar
2024-07-23 08:09:39 [31merror[39m: ingredient list
2024-07-23 08:09:39 [32minfo[39m: [{"productType":"nutrition facts","ingredientPrefix":"Ingredients:","ingredientStatement":"Milk Chocolate ( Sugar , Cocoa Butter  Nonfat Dry Milk , Unsweetened Chocolate  Whey Milk Powder , Butterfat , Sunflower and / or Canola Lecithin , Vanilla Extract ) , Crunchy Biscuit ( Wheat Flour , Sugar , Palm Oil * , Salt , Baking Soda ) , Glucose Syrup , Palm Oil * , Sugar , Butterfat , Nonfat Dry Milk , Whey Milk Powder , Cocoa Powder  Salt , Sunflower and / or Canola Lecithin , Vanilla Extract .","ingredientBreakdown":"Milk Chocolate ( Sugar , Cocoa Butter  Nonfat Dry Milk , Unsweetened Chocolate  Whey Milk Powder , Butterfat , Sunflower and / or Canola Lecithin , Vanilla Extract )/Crunchy Biscuit ( Wheat Flour , Sugar , Palm Oil * , Salt , Baking Soda )/Glucose Syrup/Palm Oil */Sugar/Butterfat/Nonfat Dry Milk/Whey Milk Powder/Cocoa Powder  Salt , Sunflower and / or Canola Lecithin , Vanilla Extract .","liveAndActiveCulturesStatement":"","liveAndActiveCulturesBreakdown":""}]
2024-07-23 08:09:39 [31merror[39m: marketing
2024-07-23 08:09:39 [32minfo[39m: [{"haveQrCode":"false","instagram":"false","pinterest":"false","youtube":"false","youtubeType":"","facebook":"false","twitter":"false","socialMediaList":"","website":"www.ra.org","socialMediaText":"","enlargedToShow":"false"}]
2024-07-23 08:09:39 [31merror[39m: instruction
2024-07-23 08:09:39 [32minfo[39m: [{"storageInstruction":[],"cookingInstruction":[],"usageInstruction":[],"otherInstruction":[]}]
2024-07-23 08:10:49 [31merror[39m: ingredient list
2024-07-23 08:10:49 [32minfo[39m: [{"productType":"nutrition facts","ingredientPrefix":"Ingredients:","ingredientStatement":"Milk Chocolate ( Sugar , Cocoa Butter  Nonfat Dry Milk , Unsweetened Chocolate  Whey Milk Powder , Butterfat , Sunflower and / or Canola Lecithin , Vanilla Extract ) , Crunchy Biscuit ( Wheat Flour , Sugar , Palm Oil * , Salt , Baking Soda ) , Glucose Syrup , Palm Oil * , Sugar , Butterfat , Nonfat Dry Milk , Whey Milk Powder , Cocoa Powder  Salt , Sunflower and / or Canola Lecithin , Vanilla Extract .","ingredientBreakdown":"Milk Chocolate ( Sugar , Cocoa Butter  Nonfat Dry Milk , Unsweetened Chocolate  Whey Milk Powder , Butterfat , Sunflower and / or Canola Lecithin , Vanilla Extract )/Crunchy Biscuit ( Wheat Flour , Sugar , Palm Oil * , Salt , Baking Soda )/Glucose Syrup/Palm Oil */Sugar/Butterfat/Nonfat Dry Milk/Whey Milk Powder/Cocoa Powder  Salt , Sunflower and / or Canola Lecithin , Vanilla Extract .","liveAndActiveCulturesStatement":"","liveAndActiveCulturesBreakdown":""}]
2024-07-23 08:10:49 [31merror[39m: marketing
2024-07-23 08:10:49 [32minfo[39m: [{"haveQrCode":"false","instagram":"false","pinterest":"false","youtube":"false","youtubeType":"","facebook":"false","twitter":"false","socialMediaList":"","website":"www.ra.org","socialMediaText":"","enlargedToShow":"false"}]
2024-07-23 08:10:49 [31merror[39m: instruction
2024-07-23 08:10:49 [32minfo[39m: [{"storageInstruction":[],"cookingInstruction":[],"usageInstruction":[],"otherInstruction":[]}]
2024-07-23 08:10:50 [31merror[39m: ingredient list
2024-07-23 08:10:50 [32minfo[39m: [{"productType":"nutrition facts","ingredientPrefix":"Ingredients:","ingredientStatement":"Milk Chocolate ( Sugar , Cocoa Butter  Nonfat Dry Milk , Unsweetened Chocolate  Whey Milk Powder , Butterfat , Sunflower and / or Canola Lecithin , Vanilla Extract ) , Crunchy Biscuit ( Wheat Flour , Sugar , Palm Oil * , Salt , Baking Soda ) , Glucose Syrup , Palm Oil * , Sugar , Butterfat , Nonfat Dry Milk , Whey Milk Powder , Cocoa Powder  Salt , Sunflower and / or Canola Lecithin , Vanilla Extract .","ingredientBreakdown":"Milk Chocolate ( Sugar , Cocoa Butter  Nonfat Dry Milk , Unsweetened Chocolate  Whey Milk Powder , Butterfat , Sunflower and / or Canola Lecithin , Vanilla Extract )/Crunchy Biscuit ( Wheat Flour , Sugar , Palm Oil * , Salt , Baking Soda )/Glucose Syrup/Palm Oil */Sugar/Butterfat/Nonfat Dry Milk/Whey Milk Powder/Cocoa Powder  Salt , Sunflower and / or Canola Lecithin , Vanilla Extract .","liveAndActiveCulturesStatement":"","liveAndActiveCulturesBreakdown":""}]
2024-07-23 08:10:50 [31merror[39m: marketing
2024-07-23 08:10:50 [32minfo[39m: [{"haveQrCode":"false","instagram":"false","pinterest":"false","youtube":"false","youtubeType":"","facebook":"false","twitter":"false","socialMediaList":"","website":"www.ra.org","socialMediaText":"","enlargedToShow":"false"}]
2024-07-23 08:10:50 [31merror[39m: instruction
2024-07-23 08:10:50 [32minfo[39m: [{"storageInstruction":[],"cookingInstruction":[],"usageInstruction":[],"otherInstruction":[]}]
2024-07-23 08:10:52 [31merror[39m: ingredient list
2024-07-23 08:10:52 [32minfo[39m: [{"productType":"nutrition facts","ingredientPrefix":"Ingredients:","ingredientStatement":"Milk Chocolate ( Sugar , Cocoa Butter  Nonfat Dry Milk , Unsweetened Chocolate  Whey Milk Powder , Butterfat , Sunflower and / or Canola Lecithin , Vanilla Extract ) , Crunchy Biscuit ( Wheat Flour , Sugar , Palm Oil * , Salt , Baking Soda ) , Glucose Syrup , Palm Oil * , Sugar , Butterfat , Nonfat Dry Milk , Whey Milk Powder , Cocoa Powder  Salt , Sunflower and / or Canola Lecithin , Vanilla Extract .","ingredientBreakdown":"Milk Chocolate ( Sugar , Cocoa Butter  Nonfat Dry Milk , Unsweetened Chocolate  Whey Milk Powder , Butterfat , Sunflower and / or Canola Lecithin , Vanilla Extract )/Crunchy Biscuit ( Wheat Flour , Sugar , Palm Oil * , Salt , Baking Soda )/Glucose Syrup/Palm Oil */Sugar/Butterfat/Nonfat Dry Milk/Whey Milk Powder/Cocoa Powder  Salt , Sunflower and / or Canola Lecithin , Vanilla Extract .","liveAndActiveCulturesStatement":"","liveAndActiveCulturesBreakdown":""}]
2024-07-23 08:10:52 [31merror[39m: marketing
2024-07-23 08:10:52 [32minfo[39m: [{"haveQrCode":"false","instagram":"false","pinterest":"false","youtube":"false","youtubeType":"","facebook":"false","twitter":"false","socialMediaList":"","website":"www.ra.org","socialMediaText":"","enlargedToShow":"false"}]
2024-07-23 08:10:52 [31merror[39m: instruction
2024-07-23 08:10:52 [32minfo[39m: [{"storageInstruction":[],"cookingInstruction":[],"usageInstruction":[],"otherInstruction":[]}]
2024-07-23 08:14:43 [31merror[39m: ingredient list
2024-07-23 08:14:43 [32minfo[39m: [{"productType":"nutrition facts","ingredientPrefix":"Ingredients:","ingredientStatement":"Milk Chocolate ( Sugar , Cocoa Butter  Nonfat Dry Milk , Unsweetened Chocolate  Whey Milk Powder , Butterfat , Sunflower and / or Canola Lecithin , Vanilla Extract ) , Crunchy Biscuit ( Wheat Flour , Sugar , Palm Oil * , Salt , Baking Soda ) , Glucose Syrup , Palm Oil * , Sugar , Butterfat , Nonfat Dry Milk , Whey Milk Powder , Cocoa Powder  Salt , Sunflower and / or Canola Lecithin , Vanilla Extract .","ingredientBreakdown":"Milk Chocolate ( Sugar , Cocoa Butter  Nonfat Dry Milk , Unsweetened Chocolate  Whey Milk Powder , Butterfat , Sunflower and / or Canola Lecithin , Vanilla Extract )/Crunchy Biscuit ( Wheat Flour , Sugar , Palm Oil * , Salt , Baking Soda )/Glucose Syrup/Palm Oil */Sugar/Butterfat/Nonfat Dry Milk/Whey Milk Powder/Cocoa Powder  Salt , Sunflower and / or Canola Lecithin , Vanilla Extract .","liveAndActiveCulturesStatement":"","liveAndActiveCulturesBreakdown":""}]
2024-07-23 08:14:43 [31merror[39m: marketing
2024-07-23 08:14:43 [32minfo[39m: [{"haveQrCode":"false","instagram":"false","pinterest":"false","youtube":"false","youtubeType":"","facebook":"false","twitter":"false","socialMediaList":"","website":"www.ra.org","socialMediaText":"","enlargedToShow":"false"}]
2024-07-23 08:14:43 [31merror[39m: instruction
2024-07-23 08:14:43 [32minfo[39m: [{"storageInstruction":[],"cookingInstruction":[],"usageInstruction":[],"otherInstruction":[]}]
2024-07-23 08:14:46 [31merror[39m: ingredient list
2024-07-23 08:14:46 [32minfo[39m: [{"productType":"nutrition facts","ingredientPrefix":"Ingredients:","ingredientStatement":"Milk Chocolate ( Sugar , Cocoa Butter  Nonfat Dry Milk , Unsweetened Chocolate  Whey Milk Powder , Butterfat , Sunflower and / or Canola Lecithin , Vanilla Extract ) , Crunchy Biscuit ( Wheat Flour , Sugar , Palm Oil * , Salt , Baking Soda ) , Glucose Syrup , Palm Oil * , Sugar , Butterfat , Nonfat Dry Milk , Whey Milk Powder , Cocoa Powder  Salt , Sunflower and / or Canola Lecithin , Vanilla Extract .","ingredientBreakdown":"Milk Chocolate ( Sugar , Cocoa Butter  Nonfat Dry Milk , Unsweetened Chocolate  Whey Milk Powder , Butterfat , Sunflower and / or Canola Lecithin , Vanilla Extract )/Crunchy Biscuit ( Wheat Flour , Sugar , Palm Oil * , Salt , Baking Soda )/Glucose Syrup/Palm Oil */Sugar/Butterfat/Nonfat Dry Milk/Whey Milk Powder/Cocoa Powder  Salt , Sunflower and / or Canola Lecithin , Vanilla Extract .","liveAndActiveCulturesStatement":"","liveAndActiveCulturesBreakdown":""}]
2024-07-23 08:14:46 [31merror[39m: marketing
2024-07-23 08:14:46 [32minfo[39m: [{"haveQrCode":"false","instagram":"false","pinterest":"false","youtube":"false","youtubeType":"","facebook":"false","twitter":"false","socialMediaList":"","website":"www.ra.org","socialMediaText":"","enlargedToShow":"false"}]
2024-07-23 08:14:46 [31merror[39m: instruction
2024-07-23 08:14:46 [32minfo[39m: [{"storageInstruction":[],"cookingInstruction":[],"usageInstruction":[],"otherInstruction":[]}]
2024-07-23 08:14:48 [31merror[39m: ingredient list
2024-07-23 08:14:48 [32minfo[39m: [{"productType":"nutrition facts","ingredientPrefix":"Ingredients:","ingredientStatement":"Milk Chocolate ( Sugar , Cocoa Butter  Nonfat Dry Milk , Unsweetened Chocolate  Whey Milk Powder , Butterfat , Sunflower and / or Canola Lecithin , Vanilla Extract ) , Crunchy Biscuit ( Wheat Flour , Sugar , Palm Oil * , Salt , Baking Soda ) , Glucose Syrup , Palm Oil * , Sugar , Butterfat , Nonfat Dry Milk , Whey Milk Powder , Cocoa Powder  Salt , Sunflower and / or Canola Lecithin , Vanilla Extract .","ingredientBreakdown":"Milk Chocolate ( Sugar , Cocoa Butter  Nonfat Dry Milk , Unsweetened Chocolate  Whey Milk Powder , Butterfat , Sunflower and / or Canola Lecithin , Vanilla Extract )/Crunchy Biscuit ( Wheat Flour , Sugar , Palm Oil * , Salt , Baking Soda )/Glucose Syrup/Palm Oil */Sugar/Butterfat/Nonfat Dry Milk/Whey Milk Powder/Cocoa Powder  Salt , Sunflower and / or Canola Lecithin , Vanilla Extract .","liveAndActiveCulturesStatement":"","liveAndActiveCulturesBreakdown":""}]
2024-07-23 08:14:48 [31merror[39m: marketing
2024-07-23 08:14:48 [32minfo[39m: [{"haveQrCode":"false","instagram":"false","pinterest":"false","youtube":"false","youtubeType":"","facebook":"false","twitter":"false","socialMediaList":"","website":"www.ra.org","socialMediaText":"","enlargedToShow":"false"}]
2024-07-23 08:14:48 [31merror[39m: instruction
2024-07-23 08:14:48 [32minfo[39m: [{"storageInstruction":[],"cookingInstruction":[],"usageInstruction":[],"otherInstruction":[]}]
2024-07-23 08:14:50 [31merror[39m: ingredient list
2024-07-23 08:14:50 [32minfo[39m: [{"productType":"nutrition facts","ingredientPrefix":"Ingredients:","ingredientStatement":"Milk Chocolate ( Sugar , Cocoa Butter  Nonfat Dry Milk , Unsweetened Chocolate  Whey Milk Powder , Butterfat , Sunflower and / or Canola Lecithin , Vanilla Extract ) , Crunchy Biscuit ( Wheat Flour , Sugar , Palm Oil * , Salt , Baking Soda ) , Glucose Syrup , Palm Oil * , Sugar , Butterfat , Nonfat Dry Milk , Whey Milk Powder , Cocoa Powder  Salt , Sunflower and / or Canola Lecithin , Vanilla Extract .","ingredientBreakdown":"Milk Chocolate ( Sugar , Cocoa Butter  Nonfat Dry Milk , Unsweetened Chocolate  Whey Milk Powder , Butterfat , Sunflower and / or Canola Lecithin , Vanilla Extract )/Crunchy Biscuit ( Wheat Flour , Sugar , Palm Oil * , Salt , Baking Soda )/Glucose Syrup/Palm Oil */Sugar/Butterfat/Nonfat Dry Milk/Whey Milk Powder/Cocoa Powder  Salt , Sunflower and / or Canola Lecithin , Vanilla Extract .","liveAndActiveCulturesStatement":"","liveAndActiveCulturesBreakdown":""}]
2024-07-23 08:14:50 [31merror[39m: marketing
2024-07-23 08:14:50 [32minfo[39m: [{"haveQrCode":"false","instagram":"false","pinterest":"false","youtube":"false","youtubeType":"","facebook":"false","twitter":"false","socialMediaList":"","website":"www.ra.org","socialMediaText":"","enlargedToShow":"false"}]
2024-07-23 08:14:50 [31merror[39m: instruction
2024-07-23 08:14:50 [32minfo[39m: [{"storageInstruction":[],"cookingInstruction":[],"usageInstruction":[],"otherInstruction":[]}]
2024-07-23 08:17:07 [31merror[39m: ingredient list
2024-07-23 08:17:07 [32minfo[39m: [{"productType":"---","ingredientPrefix":"---","ingredientStatement":"---","ingredientBreakdown":"---","liveAndActiveCulturesStatement":"---","liveAndActiveCulturesBreakdown":"---"},{"productType":"nutrition facts","ingredientPrefix":"Ingredients:","ingredientStatement":"Milk Chocolate ( Sugar , Cocoa Butter  Nonfat Dry Milk , Unsweetened Chocolate  Whey Milk Powder , Butterfat , Sunflower and / or Canola Lecithin , Vanilla Extract ) , Crunchy Biscuit ( Wheat Flour , Sugar , Palm Oil * , Salt , Baking Soda ) , Glucose Syrup , Palm Oil * , Sugar , Butterfat , Nonfat Dry Milk , Whey Milk Powder , Cocoa Powder  Salt , Sunflower and / or Canola Lecithin , Vanilla Extract .","ingredientBreakdown":"Milk Chocolate ( Sugar , Cocoa Butter  Nonfat Dry Milk , Unsweetened Chocolate  Whey Milk Powder , Butterfat , Sunflower and / or Canola Lecithin , Vanilla Extract )/Crunchy Biscuit ( Wheat Flour , Sugar , Palm Oil * , Salt , Baking Soda )/Glucose Syrup/Palm Oil */Sugar/Butterfat/Nonfat Dry Milk/Whey Milk Powder/Cocoa Powder  Salt/Sunflower and / or Canola Lecithin/Vanilla Extract .","liveAndActiveCulturesStatement":"","liveAndActiveCulturesBreakdown":""}]
2024-07-23 08:17:07 [31merror[39m: marketing
2024-07-23 08:17:07 [32minfo[39m: [{"haveQrCode":"---","instagram":"---","pinterest":"---","youtube":"---","youtubeType":"---","facebook":"---","twitter":"---","socialMediaList":"---","website":"---","socialMediaText":"---","enlargedToShow":"---"},{"haveQrCode":"false","instagram":"false","pinterest":"false","youtube":"false","youtubeType":"","facebook":"false","twitter":"false","socialMediaList":"","website":"www.ra.org","socialMediaText":"","enlargedToShow":"false"}]
2024-07-23 08:17:07 [31merror[39m: instruction
2024-07-23 08:17:07 [32minfo[39m: [{"undefined":["---","---","---","---"],"storageInstruction":[],"cookingInstruction":[],"usageInstruction":[],"otherInstruction":[]}]
2024-07-23 08:17:23 [31merror[39m: ingredient list
2024-07-23 08:17:23 [32minfo[39m: [{"productType":"---","ingredientPrefix":"---","ingredientStatement":"---","ingredientBreakdown":"---","liveAndActiveCulturesStatement":"---","liveAndActiveCulturesBreakdown":"---"},{"productType":"nutrition facts","ingredientPrefix":"Ingredients:","ingredientStatement":"Milk Chocolate ( Sugar , Cocoa Butter  Nonfat Dry Milk , Unsweetened Chocolate  Whey Milk Powder , Butterfat , Sunflower and / or Canola Lecithin , Vanilla Extract ) , Crunchy Biscuit ( Wheat Flour , Sugar , Palm Oil * , Salt , Baking Soda ) , Glucose Syrup , Palm Oil * , Sugar , Butterfat , Nonfat Dry Milk , Whey Milk Powder , Cocoa Powder  Salt , Sunflower and / or Canola Lecithin , Vanilla Extract .","ingredientBreakdown":"Milk Chocolate ( Sugar , Cocoa Butter  Nonfat Dry Milk , Unsweetened Chocolate  Whey Milk Powder , Butterfat , Sunflower and / or Canola Lecithin , Vanilla Extract )/Crunchy Biscuit ( Wheat Flour , Sugar , Palm Oil * , Salt , Baking Soda )/Glucose Syrup/Palm Oil */Sugar/Butterfat/Nonfat Dry Milk/Whey Milk Powder/Cocoa Powder  Salt/Sunflower and / or Canola Lecithin/Vanilla Extract .","liveAndActiveCulturesStatement":"","liveAndActiveCulturesBreakdown":""}]
2024-07-23 08:17:23 [31merror[39m: marketing
2024-07-23 08:17:23 [32minfo[39m: [{"haveQrCode":"---","instagram":"---","pinterest":"---","youtube":"---","youtubeType":"---","facebook":"---","twitter":"---","socialMediaList":"---","website":"---","socialMediaText":"---","enlargedToShow":"---"},{"haveQrCode":"false","instagram":"false","pinterest":"false","youtube":"false","youtubeType":"","facebook":"false","twitter":"false","socialMediaList":"","website":"www.ra.org","socialMediaText":"","enlargedToShow":"false"}]
2024-07-23 08:17:23 [31merror[39m: instruction
2024-07-23 08:17:23 [32minfo[39m: [{"undefined":["---","---","---","---"],"storageInstruction":[],"cookingInstruction":[],"usageInstruction":[],"otherInstruction":[]}]
2024-07-23 08:17:24 [31merror[39m: ingredient list
2024-07-23 08:17:24 [32minfo[39m: [{"productType":"---","ingredientPrefix":"---","ingredientStatement":"---","ingredientBreakdown":"---","liveAndActiveCulturesStatement":"---","liveAndActiveCulturesBreakdown":"---"},{"productType":"nutrition facts","ingredientPrefix":"Ingredients:","ingredientStatement":"Milk Chocolate ( Sugar , Cocoa Butter  Nonfat Dry Milk , Unsweetened Chocolate  Whey Milk Powder , Butterfat , Sunflower and / or Canola Lecithin , Vanilla Extract ) , Crunchy Biscuit ( Wheat Flour , Sugar , Palm Oil * , Salt , Baking Soda ) , Glucose Syrup , Palm Oil * , Sugar , Butterfat , Nonfat Dry Milk , Whey Milk Powder , Cocoa Powder  Salt , Sunflower and / or Canola Lecithin , Vanilla Extract .","ingredientBreakdown":"Milk Chocolate ( Sugar , Cocoa Butter  Nonfat Dry Milk , Unsweetened Chocolate  Whey Milk Powder , Butterfat , Sunflower and / or Canola Lecithin , Vanilla Extract )/Crunchy Biscuit ( Wheat Flour , Sugar , Palm Oil * , Salt , Baking Soda )/Glucose Syrup/Palm Oil */Sugar/Butterfat/Nonfat Dry Milk/Whey Milk Powder/Cocoa Powder  Salt/Sunflower and / or Canola Lecithin/Vanilla Extract .","liveAndActiveCulturesStatement":"","liveAndActiveCulturesBreakdown":""}]
2024-07-23 08:17:24 [31merror[39m: marketing
2024-07-23 08:17:24 [32minfo[39m: [{"haveQrCode":"---","instagram":"---","pinterest":"---","youtube":"---","youtubeType":"---","facebook":"---","twitter":"---","socialMediaList":"---","website":"---","socialMediaText":"---","enlargedToShow":"---"},{"haveQrCode":"false","instagram":"false","pinterest":"false","youtube":"false","youtubeType":"","facebook":"false","twitter":"false","socialMediaList":"","website":"www.ra.org","socialMediaText":"","enlargedToShow":"false"}]
2024-07-23 08:17:24 [31merror[39m: instruction
2024-07-23 08:17:24 [32minfo[39m: [{"undefined":["---","---","---","---"],"storageInstruction":[],"cookingInstruction":[],"usageInstruction":[],"otherInstruction":[]}]
2024-07-23 08:23:00 [31merror[39m: ingredient list
2024-07-23 08:23:00 [32minfo[39m: [{"productType":"---","ingredientPrefix":"---","ingredientStatement":"---","ingredientBreakdown":"---","liveAndActiveCulturesStatement":"---","liveAndActiveCulturesBreakdown":"---"},{"productType":"nutrition facts","ingredientPrefix":"Ingredients:","ingredientStatement":"Milk Chocolate ( Sugar , Cocoa Butter  Nonfat Dry Milk , Unsweetened Chocolate  Whey Milk Powder , Butterfat , Sunflower and / or Canola Lecithin , Vanilla Extract ) , Crunchy Biscuit ( Wheat Flour , Sugar , Palm Oil * , Salt , Baking Soda ) , Glucose Syrup , Palm Oil * , Sugar , Butterfat , Nonfat Dry Milk , Whey Milk Powder , Cocoa Powder  Salt , Sunflower and / or Canola Lecithin , Vanilla Extract .","ingredientBreakdown":"Milk Chocolate ( Sugar , Cocoa Butter  Nonfat Dry Milk , Unsweetened Chocolate  Whey Milk Powder , Butterfat , Sunflower and / or Canola Lecithin , Vanilla Extract )/Crunchy Biscuit ( Wheat Flour , Sugar , Palm Oil * , Salt , Baking Soda )/Glucose Syrup/Palm Oil */Sugar/Butterfat/Nonfat Dry Milk/Whey Milk Powder/Cocoa Powder  Salt/Sunflower and / or Canola Lecithin/Vanilla Extract .","liveAndActiveCulturesStatement":"","liveAndActiveCulturesBreakdown":""}]
2024-07-23 08:23:00 [31merror[39m: marketing
2024-07-23 08:23:00 [32minfo[39m: [{"haveQrCode":"---","instagram":"---","pinterest":"---","youtube":"---","youtubeType":"---","facebook":"---","twitter":"---","socialMediaList":"---","website":"---","socialMediaText":"---","enlargedToShow":"---"},{"haveQrCode":"false","instagram":"false","pinterest":"false","youtube":"false","youtubeType":"","facebook":"false","twitter":"false","socialMediaList":"","website":"www.ra.org","socialMediaText":"","enlargedToShow":"false"}]
2024-07-23 08:23:00 [31merror[39m: instruction
2024-07-23 08:23:00 [32minfo[39m: [{"undefined":["---","---","---","---"],"storageInstruction":[],"cookingInstruction":[],"usageInstruction":[],"otherInstruction":[]}]
2024-07-23 08:23:06 [31merror[39m: ingredient list
2024-07-23 08:23:06 [32minfo[39m: [{"productType":"---","ingredientPrefix":"---","ingredientStatement":"---","ingredientBreakdown":"---","liveAndActiveCulturesStatement":"---","liveAndActiveCulturesBreakdown":"---"},{"productType":"nutrition facts","ingredientPrefix":"Ingredients:","ingredientStatement":"Milk Chocolate ( Sugar , Cocoa Butter  Nonfat Dry Milk , Unsweetened Chocolate  Whey Milk Powder , Butterfat , Sunflower and / or Canola Lecithin , Vanilla Extract ) , Crunchy Biscuit ( Wheat Flour , Sugar , Palm Oil * , Salt , Baking Soda ) , Glucose Syrup , Palm Oil * , Sugar , Butterfat , Nonfat Dry Milk , Whey Milk Powder , Cocoa Powder  Salt , Sunflower and / or Canola Lecithin , Vanilla Extract .","ingredientBreakdown":"Milk Chocolate ( Sugar , Cocoa Butter  Nonfat Dry Milk , Unsweetened Chocolate  Whey Milk Powder , Butterfat , Sunflower and / or Canola Lecithin , Vanilla Extract )/Crunchy Biscuit ( Wheat Flour , Sugar , Palm Oil * , Salt , Baking Soda )/Glucose Syrup/Palm Oil */Sugar/Butterfat/Nonfat Dry Milk/Whey Milk Powder/Cocoa Powder  Salt/Sunflower and / or Canola Lecithin/Vanilla Extract .","liveAndActiveCulturesStatement":"","liveAndActiveCulturesBreakdown":""}]
2024-07-23 08:23:06 [31merror[39m: marketing
2024-07-23 08:23:06 [32minfo[39m: [{"haveQrCode":"---","instagram":"---","pinterest":"---","youtube":"---","youtubeType":"---","facebook":"---","twitter":"---","socialMediaList":"---","website":"---","socialMediaText":"---","enlargedToShow":"---"},{"haveQrCode":"false","instagram":"false","pinterest":"false","youtube":"false","youtubeType":"","facebook":"false","twitter":"false","socialMediaList":"","website":"www.ra.org","socialMediaText":"","enlargedToShow":"false"}]
2024-07-23 08:23:06 [31merror[39m: instruction
2024-07-23 08:23:06 [32minfo[39m: [{"undefined":["---","---","---","---"],"storageInstruction":[],"cookingInstruction":[],"usageInstruction":[],"otherInstruction":[]}]
2024-07-23 08:26:00 [31merror[39m: ingredient list
2024-07-23 08:26:00 [32minfo[39m: []
2024-07-23 08:26:00 [31merror[39m: marketing
2024-07-23 08:26:00 [32minfo[39m: []
2024-07-23 08:26:00 [31merror[39m: instruction
2024-07-23 08:26:00 [32minfo[39m: []
2024-07-23 08:26:24 [31merror[39m: ingredient list
2024-07-23 08:26:24 [32minfo[39m: []
2024-07-23 08:26:24 [31merror[39m: marketing
2024-07-23 08:26:24 [32minfo[39m: []
2024-07-23 08:26:24 [31merror[39m: instruction
2024-07-23 08:26:24 [32minfo[39m: []
2024-07-23 08:26:25 [31merror[39m: ingredient list
2024-07-23 08:26:25 [32minfo[39m: []
2024-07-23 08:26:25 [31merror[39m: marketing
2024-07-23 08:26:25 [32minfo[39m: []
2024-07-23 08:26:25 [31merror[39m: instruction
2024-07-23 08:26:25 [32minfo[39m: []
2024-07-23 08:29:11 [31merror[39m: ingredient list
2024-07-23 08:29:11 [32minfo[39m: []
2024-07-23 08:29:11 [31merror[39m: marketing
2024-07-23 08:29:11 [32minfo[39m: []
2024-07-23 08:29:11 [31merror[39m: instruction
2024-07-23 08:29:11 [32minfo[39m: []
2024-07-23 08:29:15 [31merror[39m: ingredient list
2024-07-23 08:29:15 [32minfo[39m: []
2024-07-23 08:29:15 [31merror[39m: marketing
2024-07-23 08:29:15 [32minfo[39m: []
2024-07-23 08:29:15 [31merror[39m: instruction
2024-07-23 08:29:15 [32minfo[39m: []
2024-07-23 08:30:08 [31merror[39m: ingredient list
2024-07-23 08:30:08 [32minfo[39m: []
2024-07-23 08:30:08 [31merror[39m: marketing
2024-07-23 08:30:08 [32minfo[39m: []
2024-07-23 08:30:08 [31merror[39m: instruction
2024-07-23 08:30:08 [32minfo[39m: []
2024-07-23 08:30:09 [31merror[39m: ingredient list
2024-07-23 08:30:09 [32minfo[39m: []
2024-07-23 08:30:09 [31merror[39m: marketing
2024-07-23 08:30:09 [32minfo[39m: []
2024-07-23 08:30:09 [31merror[39m: instruction
2024-07-23 08:30:09 [32minfo[39m: []
2024-07-23 08:32:19 [31merror[39m: ingredient list
2024-07-23 08:32:19 [32minfo[39m: [{"productType":"nutrition facts","ingredientPrefix":"Ingredients :","ingredientStatement":"Milk Chocolate ( Sugar , Cocoa Butter ** Nonfat Dry Milk , Unsweetened Chocolate ** Whey Milk Powder , Butterfat , Sunflower and / or Canola Lecithin , Vanilla Extract ) , Crunchy Biscuit ( Wheat Flour , Sugar , Palm Oil * , Salt , Baking Soda ) , Glucose Syrup , Palm Oil * , Sugar , Butterfat , Nonfat Dry Milk , Whey Milk Powder , Cocoa Powder ** Salt , Sunflower and / or Canola Lecithin , Vanilla Extract .","ingredientBreakdown":"Milk Chocolate ( Sugar , Cocoa Butter ** Nonfat Dry Milk , Unsweetened Chocolate ** Whey Milk Powder , Butterfat , Sunflower and / or Canola Lecithin , Vanilla Extract )/Crunchy Biscuit ( Wheat Flour , Sugar , Palm Oil * , Salt , Baking Soda )/Glucose Syrup/Palm Oil * , Sugar , Butterfat , Nonfat Dry Milk , Whey Milk Powder , Cocoa Powder ** Salt , Sunflower and / or Canola Lecithin , Vanilla Extract .","liveAndActiveCulturesStatement":"","liveAndActiveCulturesBreakdown":""},{"productType":"## Marketing Information","ingredientPrefix":"","ingredientStatement":"","ingredientBreakdown":"","liveAndActiveCulturesStatement":"","liveAndActiveCulturesBreakdown":""}]
2024-07-23 08:32:19 [31merror[39m: marketing
2024-07-23 08:32:19 [32minfo[39m: [{"haveQrCode":"false","instagram":"false","pinterest":"false","youtube":"false","youtubeType":"","facebook":"false","twitter":"false","socialMediaList":"","website":"www.ra.org","socialMediaText":"","enlargedToShow":"false"},{"haveQrCode":"## Instruction Information","instagram":"","pinterest":"","youtube":"","youtubeType":"","facebook":"","twitter":"","socialMediaList":"","website":"","socialMediaText":"","enlargedToShow":""}]
2024-07-23 08:32:19 [31merror[39m: instruction
2024-07-23 08:32:19 [32minfo[39m: [{"storageInstruction":[],"cookingInstruction":[],"usageInstruction":[],"otherInstruction":[],"undefined":[]}]
2024-07-23 08:32:21 [31merror[39m: ingredient list
2024-07-23 08:32:21 [32minfo[39m: [{"productType":"nutrition facts","ingredientPrefix":"Ingredients :","ingredientStatement":"Milk Chocolate ( Sugar , Cocoa Butter ** Nonfat Dry Milk , Unsweetened Chocolate ** Whey Milk Powder , Butterfat , Sunflower and / or Canola Lecithin , Vanilla Extract ) , Crunchy Biscuit ( Wheat Flour , Sugar , Palm Oil * , Salt , Baking Soda ) , Glucose Syrup , Palm Oil * , Sugar , Butterfat , Nonfat Dry Milk , Whey Milk Powder , Cocoa Powder ** Salt , Sunflower and / or Canola Lecithin , Vanilla Extract .","ingredientBreakdown":"Milk Chocolate ( Sugar , Cocoa Butter ** Nonfat Dry Milk , Unsweetened Chocolate ** Whey Milk Powder , Butterfat , Sunflower and / or Canola Lecithin , Vanilla Extract )/Crunchy Biscuit ( Wheat Flour , Sugar , Palm Oil * , Salt , Baking Soda )/Glucose Syrup/Palm Oil * , Sugar , Butterfat , Nonfat Dry Milk , Whey Milk Powder , Cocoa Powder ** Salt , Sunflower and / or Canola Lecithin , Vanilla Extract .","liveAndActiveCulturesStatement":"","liveAndActiveCulturesBreakdown":""},{"productType":"## Marketing Information","ingredientPrefix":"","ingredientStatement":"","ingredientBreakdown":"","liveAndActiveCulturesStatement":"","liveAndActiveCulturesBreakdown":""}]
2024-07-23 08:32:21 [31merror[39m: marketing
2024-07-23 08:32:21 [32minfo[39m: [{"haveQrCode":"false","instagram":"false","pinterest":"false","youtube":"false","youtubeType":"","facebook":"false","twitter":"false","socialMediaList":"","website":"www.ra.org","socialMediaText":"","enlargedToShow":"false"},{"haveQrCode":"## Instruction Information","instagram":"","pinterest":"","youtube":"","youtubeType":"","facebook":"","twitter":"","socialMediaList":"","website":"","socialMediaText":"","enlargedToShow":""}]
2024-07-23 08:32:21 [31merror[39m: instruction
2024-07-23 08:32:21 [32minfo[39m: [{"storageInstruction":[],"cookingInstruction":[],"usageInstruction":[],"otherInstruction":[],"undefined":[]}]
2024-07-23 08:48:19 [31merror[39m: ingredient list
2024-07-23 08:48:19 [32minfo[39m: [{"productType":"nutrition facts","ingredientPrefix":"Ingredients:","ingredientStatement":"Milk Chocolate ( Sugar , Cocoa Butter ** Nonfat Dry Milk , Unsweetened Chocolate ** Whey Milk Powder , Butterfat , Sunflower and / or Canola Lecithin , Vanilla Extract ) , Crunchy Biscuit ( Wheat Flour , Sugar , Palm Oil * , Salt , Baking Soda ) , Glucose Syrup , Palm Oil * , Sugar , Butterfat , Nonfat Dry Milk , Whey Milk Powder , Cocoa Powder ** Salt , Sunflower and / or Canola Lecithin , Vanilla Extract .","ingredientBreakdown":"Milk Chocolate ( Sugar , Cocoa Butter ** Nonfat Dry Milk , Unsweetened Chocolate ** Whey Milk Powder , Butterfat , Sunflower and / or Canola Lecithin , Vanilla Extract )/Crunchy Biscuit ( Wheat Flour , Sugar , Palm Oil * , Salt , Baking Soda )/Glucose Syrup/Palm Oil */Sugar/Butterfat/Nonfat Dry Milk/Whey Milk Powder/Cocoa Powder ** Salt/Sunflower and / or Canola Lecithin/Vanilla Extract .","liveAndActiveCulturesStatement":"","liveAndActiveCulturesBreakdown":""},{"productType":"END_","ingredientPrefix":"","ingredientStatement":"","ingredientBreakdown":"","liveAndActiveCulturesStatement":"","liveAndActiveCulturesBreakdown":""}]
2024-07-23 08:48:19 [31merror[39m: marketing
2024-07-23 08:48:19 [32minfo[39m: [{"haveQrCode":"false","instagram":"false","pinterest":"false","youtube":"false","youtubeType":"","facebook":"false","twitter":"false","socialMediaList":"","website":"www.ra.org","socialMediaText":"","enlargedToShow":"false"},{"haveQrCode":"END_","instagram":"","pinterest":"","youtube":"","youtubeType":"","facebook":"","twitter":"","socialMediaList":"","website":"","socialMediaText":"","enlargedToShow":""}]
2024-07-23 08:48:19 [31merror[39m: instruction
2024-07-23 08:48:19 [32minfo[39m: [{"storageInstruction":[],"cookingInstruction":[],"usageInstruction":[],"otherInstruction":[],"undefined":[]}]
2024-07-23 08:51:07 [31merror[39m: ingredient list
2024-07-23 08:51:07 [32minfo[39m: [{"productType":"nutrition facts","ingredientPrefix":"Ingredients :","ingredientStatement":"Milk Chocolate ( Sugar , Cocoa Butter ** Nonfat Dry Milk , Unsweetened Chocolate ** Whey Milk Powder , Butterfat , Sunflower and / or Canola Lecithin , Vanilla Extract ) , Crunchy Biscuit ( Wheat Flour , Sugar , Palm Oil * , Salt , Baking Soda ) , Glucose Syrup , Palm Oil * , Sugar , Butterfat , Nonfat Dry Milk , Whey Milk Powder , Cocoa Powder ** Salt , Sunflower and / or Canola Lecithin , Vanilla Extract .","ingredientBreakdown":"Milk Chocolate ( Sugar , Cocoa Butter  Nonfat Dry Milk , Unsweetened Chocolate  Whey Milk Powder , Butterfat , Sunflower and / or Canola Lecithin , Vanilla Extract )/Crunchy Biscuit ( Wheat Flour , Sugar , Palm Oil * , Salt , Baking Soda )/Glucose Syrup/Palm Oil */Sugar/Butterfat/Nonfat Dry Milk/Whey Milk Powder/Cocoa Powder  Salt , Sunflower and / or Canola Lecithin , Vanilla Extract .","liveAndActiveCulturesStatement":"","liveAndActiveCulturesBreakdown":""},{"productType":"END_","ingredientPrefix":"","ingredientStatement":"","ingredientBreakdown":"","liveAndActiveCulturesStatement":"","liveAndActiveCulturesBreakdown":""}]
2024-07-23 08:51:07 [31merror[39m: marketing
2024-07-23 08:51:07 [32minfo[39m: [{"haveQrCode":"false","instagram":"false","pinterest":"false","youtube":"false","youtubeType":"","facebook":"false","twitter":"false","socialMediaList":"","website":"www.ra.org","socialMediaText":"","enlargedToShow":"false"},{"haveQrCode":"END_","instagram":"","pinterest":"","youtube":"","youtubeType":"","facebook":"","twitter":"","socialMediaList":"","website":"","socialMediaText":"","enlargedToShow":""}]
2024-07-23 08:51:07 [31merror[39m: instruction
2024-07-23 08:51:07 [32minfo[39m: [{"storageInstruction":[],"cookingInstruction":[],"usageInstruction":[],"otherInstruction":[],"undefined":[]}]
2024-07-23 08:58:11 [31merror[39m: ingredient list
2024-07-23 08:58:11 [32minfo[39m: [{"productType":"nutrition facts","ingredientPrefix":"Ingredients :","ingredientStatement":"Milk Chocolate ( Sugar , Cocoa Butter ** Nonfat Dry Milk , Unsweetened Chocolate ** Whey Milk Powder , Butterfat , Sunflower and / or Canola Lecithin , Vanilla Extract ) , Crunchy Biscuit ( Wheat Flour , Sugar , Palm Oil * , Salt , Baking Soda ) , Glucose Syrup , Palm Oil * , Sugar , Butterfat , Nonfat Dry Milk , Whey Milk Powder , Cocoa Powder ** Salt , Sunflower and / or Canola Lecithin , Vanilla Extract .","ingredientBreakdown":"Milk Chocolate ( Sugar , Cocoa Butter ** Nonfat Dry Milk , Unsweetened Chocolate ** Whey Milk Powder , Butterfat , Sunflower and / or Canola Lecithin , Vanilla Extract )/Crunchy Biscuit ( Wheat Flour , Sugar , Palm Oil * , Salt , Baking Soda )/Glucose Syrup/Palm Oil */Sugar/Butterfat/Nonfat Dry Milk/Whey Milk Powder/Cocoa Powder ** Salt , Sunflower and / or Canola Lecithin/Vanilla Extract .","liveAndActiveCulturesStatement":"","liveAndActiveCulturesBreakdown":""},{"productType":"END_","ingredientPrefix":"","ingredientStatement":"","ingredientBreakdown":"","liveAndActiveCulturesStatement":"","liveAndActiveCulturesBreakdown":""}]
2024-07-23 08:58:11 [31merror[39m: marketing
2024-07-23 08:58:11 [32minfo[39m: [{"haveQrCode":"false","instagram":"false","pinterest":"false","youtube":"false","youtubeType":"","facebook":"false","twitter":"false","socialMediaList":"","website":"www.ra.org","socialMediaText":"","enlargedToShow":"false"},{"haveQrCode":"END_","instagram":"","pinterest":"","youtube":"","youtubeType":"","facebook":"","twitter":"","socialMediaList":"","website":"","socialMediaText":"","enlargedToShow":""}]
2024-07-23 08:58:11 [31merror[39m: instruction
2024-07-23 08:58:11 [32minfo[39m: [{"storageInstruction":[],"cookingInstruction":[],"usageInstruction":[],"otherInstruction":[],"undefined":[]}]
2024-07-23 09:25:29 [31merror[39m: ingredient list
2024-07-23 09:25:29 [32minfo[39m: [{"productType":"nutrition facts","ingredientPrefix":"INGREDIENTS :","ingredientStatement":"Cashew Butter , Protein Blend ( Pea Protein , Almond Protein ) , Chicory Root Fiber , Almond Butter , Cocoa Butter , Water , Organic Cinnamon , Organic Maca Powder , Organic Vanilla Extract , Sea Salt , MCT Oil ( from Coconut ) , Organic Cordyceps sinensis Mushroom Powder , Organic Rosemary Extract , Monk Fruit Extract .","ingredientBreakdown":"Cashew Butter/Protein Blend ( Pea Protein/Almond Protein )/Chicory Root Fiber/Almond Butter/Cocoa Butter/Water/Organic Cinnamon/Organic Maca Powder/Organic Vanilla Extract/Sea Salt/MCT Oil ( from Coconut )/Organic Cordyceps sinensis Mushroom Powder/Organic Rosemary Extract/Monk Fruit Extract .","liveAndActiveCulturesStatement":"","liveAndActiveCulturesBreakdown":""},{"productType":"END_","ingredientPrefix":"","ingredientStatement":"","ingredientBreakdown":"","liveAndActiveCulturesStatement":"","liveAndActiveCulturesBreakdown":""}]
2024-07-23 09:25:29 [31merror[39m: marketing
2024-07-23 09:25:29 [32minfo[39m: [{"haveQrCode":"false","instagram":"false","pinterest":"false","youtube":"false","youtubeType":"","facebook":"false","twitter":"false","socialMediaList":"","website":"www.btrnation.com","socialMediaText":"@btr.nation","enlargedToShow":"false"},{"haveQrCode":"END_","instagram":"","pinterest":"","youtube":"","youtubeType":"","facebook":"","twitter":"","socialMediaList":"","website":"","socialMediaText":"","enlargedToShow":""}]
2024-07-23 09:25:29 [31merror[39m: instruction
2024-07-23 09:25:29 [32minfo[39m: [{"storageInstruction":[],"cookingInstruction":[],"usageInstruction":[],"otherInstruction":[],"undefined":[]}]
2024-07-23 10:03:29 [31merror[39m: ingredient list
2024-07-23 10:03:29 [32minfo[39m: [{"productType":"nutrition facts","ingredientPrefix":"INGREDIENTS :","ingredientStatement":"ORGANIC SOYBEAN OIL , WATER , ORGANIC APPLE CIDER VINEGAR , ORGANIC MILK SOLIDS , ORGANIC BUTTERMILK POWDER , SEA SALT , ORGANIC DIJON MUSTARD ( ORGANIC APPLE CIDER VINEGAR , WATER , ORGANIC MUSTARD SEED , SALT , ORGANIC SPICES ) , ORGANIC SUGAR , ORGANIC BLACK PEPPER , ORGANC ONION POWDER , ORGANIC SOUR CREAM POWDER ( ORGANIC CREAM , CULTURES , LACTIC ACID , ORGANIC NONFAT MILK SOLIDS , CITRIC ACID ) , ORGANIC GARLIC ORGANIC LEMON JUICE CONCENTRATE , ORGANIC EGG POWDER , ORGANIC GARLIC POWDER , XANTHAN GUM ORGANIC GREEN ONION , ORGANIC ROSEMARY EXTRACT , ORGANIC CELERY SEED , ORGANIC PARSLEY .","ingredientBreakdown":"ORGANIC SOYBEAN OIL/WATER/ORGANIC APPLE CIDER VINEGAR/ORGANIC MILK SOLIDS/ORGANIC BUTTERMILK POWDER/SEA SALT/ORGANIC DIJON MUSTARD ( ORGANIC APPLE CIDER VINEGAR/WATER/ORGANIC MUSTARD SEED/SALT/ORGANIC SPICES )/ORGANIC SUGAR/ORGANIC BLACK PEPPER/ORGANC ONION POWDER/ORGANIC SOUR CREAM POWDER ( ORGANIC CREAM/CULTURES/LACTIC ACID/ORGANIC NONFAT MILK SOLIDS/CITRIC ACID )/ORGANIC GARLIC ORGANIC LEMON JUICE CONCENTRATE/ORGANIC EGG POWDER/ORGANIC GARLIC POWDER/XANTHAN GUM ORGANIC GREEN ONION/ORGANIC ROSEMARY EXTRACT/ORGANIC CELERY SEED/ORGANIC PARSLEY .","liveAndActiveCulturesStatement":"","liveAndActiveCulturesBreakdown":""},{"productType":"END_","ingredientPrefix":"","ingredientStatement":"","ingredientBreakdown":"","liveAndActiveCulturesStatement":"","liveAndActiveCulturesBreakdown":""}]
2024-07-23 10:03:29 [31merror[39m: marketing
2024-07-23 10:03:29 [32minfo[39m: [{"haveQrCode":"false","instagram":"false","pinterest":"false","youtube":"false","youtubeType":"","facebook":"false","twitter":"false","socialMediaList":"","website":"SPROUTS.COM","socialMediaText":"","enlargedToShow":"false"},{"haveQrCode":"END_","instagram":"","pinterest":"","youtube":"","youtubeType":"","facebook":"","twitter":"","socialMediaList":"","website":"","socialMediaText":"","enlargedToShow":""}]
2024-07-23 10:03:29 [31merror[39m: instruction
2024-07-23 10:03:29 [32minfo[39m: [{"storageInstruction":["REFRIGERATE AFTER OPENING .","STORE IN A COOL , DRY LOCATION .","PROTECT PRODUCT FROM FREEZING ."],"cookingInstruction":[],"usageInstruction":["SHAKE WELL BEFORE USE ."],"otherInstruction":[],"undefined":[]}]
2024-07-23 10:03:29 [31merror[39m: sugar claim -- sugar
2024-07-23 10:16:11 [31merror[39m: ingredient list
2024-07-23 10:16:11 [32minfo[39m: [{"productType":"nutrition facts","ingredientPrefix":"INGREDIENTS :","ingredientStatement":"ORGANIC SOYBEAN OIL , WATER , ORGANIC APPLE CIDER VINEGAR , ORGANIC MILK SOLIDS , ORGANIC BUTTERMILK POWDER , SEA SALT , ORGANIC DIJON MUSTARD ( ORGANIC APPLE CIDER VINEGAR , WATER , ORGANIC MUSTARD SEED , SALT , ORGANIC SPICES ) , ORGANIC SUGAR , ORGANIC BLACK PEPPER , ORGANC ONION POWDER , ORGANIC SOUR CREAM POWDER ( ORGANIC CREAM , CULTURES , LACTIC ACID , ORGANIC NONFAT MILK SOLIDS , CITRIC ACID ) , ORGANIC GARLIC ORGANIC LEMON JUICE CONCENTRATE , ORGANIC EGG POWDER , ORGANIC GARLIC POWDER , XANTHAN GUM ORGANIC GREEN ONION , ORGANIC ROSEMARY EXTRACT , ORGANIC CELERY SEED , ORGANIC PARSLEY .","ingredientBreakdown":"ORGANIC SOYBEAN OIL/WATER/ORGANIC APPLE CIDER VINEGAR/ORGANIC MILK SOLIDS/ORGANIC BUTTERMILK POWDER/SEA SALT/ORGANIC DIJON MUSTARD ( ORGANIC APPLE CIDER VINEGAR/WATER/ORGANIC MUSTARD SEED/SALT/ORGANIC SPICES )/ORGANIC SUGAR/ORGANIC BLACK PEPPER/ORGANC ONION POWDER/ORGANIC SOUR CREAM POWDER ( ORGANIC CREAM/CULTURES/LACTIC ACID/ORGANIC NONFAT MILK SOLIDS/CITRIC ACID )/ORGANIC GARLIC ORGANIC LEMON JUICE CONCENTRATE/ORGANIC EGG POWDER/ORGANIC GARLIC POWDER/XANTHAN GUM ORGANIC GREEN ONION/ORGANIC ROSEMARY EXTRACT/ORGANIC CELERY SEED/ORGANIC PARSLEY .","liveAndActiveCulturesStatement":"","liveAndActiveCulturesBreakdown":""},{"productType":"END_","ingredientPrefix":"","ingredientStatement":"","ingredientBreakdown":"","liveAndActiveCulturesStatement":"","liveAndActiveCulturesBreakdown":""}]
2024-07-23 10:16:11 [31merror[39m: marketing
2024-07-23 10:16:11 [32minfo[39m: [{"haveQrCode":"false","instagram":"false","pinterest":"false","youtube":"false","youtubeType":"","facebook":"false","twitter":"false","socialMediaList":"","website":"SPROUTS.COM","socialMediaText":"","enlargedToShow":"false"},{"haveQrCode":"END_","instagram":"","pinterest":"","youtube":"","youtubeType":"","facebook":"","twitter":"","socialMediaList":"","website":"","socialMediaText":"","enlargedToShow":""}]
2024-07-23 10:16:11 [31merror[39m: instruction
2024-07-23 10:16:11 [32minfo[39m: [{"storageInstruction":["REFRIGERATE AFTER OPENING .","STORE IN A COOL , DRY LOCATION .","PROTECT PRODUCT FROM FREEZING ."],"cookingInstruction":[],"usageInstruction":["SHAKE WELL BEFORE USE ."],"otherInstruction":[],"undefined":[]}]
2024-07-23 10:16:11 [31merror[39m: sugar claim -- sugar
