2024-07-15 00:01:57 [31merror[39m: ingredient list
2024-07-15 00:01:57 [32minfo[39m: [{"productType":"supplement facts","ingredientPrefix":"other ingredients:","ingredientStatement":"Other ingredients : palm oil , fish gelatin , glycerin , sunflower lecithin , pectin","ingredientBreakdown":"palm oil, fish gelatin, glycerin, sunflower lecithin, pectin"}]
2024-07-15 00:01:57 [31merror[39m: marketing
2024-07-15 00:01:57 [32minfo[39m: [{"haveQrCode":"false","instagram":"false","pinterest":"false","youtube":"false","youtubeType":"","facebook":"false","twitter":"false","socialMediaList":"","website":"pearlsprobiotics.com","socialMediaText":"","enlargedToShow":"false"}]
2024-07-15 00:01:57 [31merror[39m: instruction
2024-07-15 00:01:57 [32minfo[39m: [{"storageInstruction":["Store at room temperature .","Avoid excessive heat and direct sunlight ."],"cookingInstruction":[],"usageInstruction":["Adults swallow 1 softgel daily","May be taken with or without food .","Do not chew or crush .","If you are pregnant , nursing , or taking any medications , consult a healthcare professional before use ."]}]
2024-07-15 00:02:03 [31merror[39m: ingredient list
2024-07-15 00:02:03 [32minfo[39m: [{"productType":"supplement facts","ingredientPrefix":"other ingredients:","ingredientStatement":"Other ingredients : palm oil , fish gelatin , glycerin , sunflower lecithin , pectin","ingredientBreakdown":"palm oil, fish gelatin, glycerin, sunflower lecithin, pectin"}]
2024-07-15 00:02:03 [31merror[39m: marketing
2024-07-15 00:02:03 [32minfo[39m: [{"haveQrCode":"false","instagram":"false","pinterest":"false","youtube":"false","youtubeType":"","facebook":"false","twitter":"false","socialMediaList":"","website":"pearlsprobiotics.com","socialMediaText":"","enlargedToShow":"false"}]
2024-07-15 00:02:03 [31merror[39m: instruction
2024-07-15 00:02:03 [32minfo[39m: [{"storageInstruction":["Store at room temperature .","Avoid excessive heat and direct sunlight ."],"cookingInstruction":[],"usageInstruction":["Adults swallow 1 softgel daily","May be taken with or without food .","Do not chew or crush .","If you are pregnant , nursing , or taking any medications , consult a healthcare professional before use ."]}]
2024-07-15 00:10:03 [31merror[39m: ingredient list
2024-07-15 00:10:03 [32minfo[39m: [{"productType":"supplement facts","ingredientPrefix":"other ingredients:","ingredientStatement":"Other ingredients : palm oil , fish gelatin , glycerin , sunflower lecithin , pectin","ingredientBreakdown":"palm oil, fish gelatin, glycerin, sunflower lecithin, pectin"}]
2024-07-15 00:10:03 [31merror[39m: marketing
2024-07-15 00:10:03 [32minfo[39m: [{"haveQrCode":"false","instagram":"false","pinterest":"false","youtube":"false","youtubeType":"","facebook":"false","twitter":"false","socialMediaList":"","website":"pearlsprobiotics.com","socialMediaText":"","enlargedToShow":"false"}]
2024-07-15 00:10:03 [31merror[39m: instruction
2024-07-15 00:10:03 [32minfo[39m: [{"storageInstruction":["Store at room temperature .","Avoid excessive heat and direct sunlight ."],"cookingInstruction":[],"usageInstruction":["Adults swallow 1 softgel daily","May be taken with or without food .","Do not chew or crush .","If you are pregnant , nursing , or taking any medications , consult a healthcare professional before use ."]}]
2024-07-15 00:10:09 [31merror[39m: ingredient list
2024-07-15 00:10:09 [32minfo[39m: [{"productType":"supplement facts","ingredientPrefix":"other ingredients:","ingredientStatement":"Other ingredients : palm oil , fish gelatin , glycerin , sunflower lecithin , pectin","ingredientBreakdown":"palm oil, fish gelatin, glycerin, sunflower lecithin, pectin"}]
2024-07-15 00:10:09 [31merror[39m: marketing
2024-07-15 00:10:09 [32minfo[39m: [{"haveQrCode":"false","instagram":"false","pinterest":"false","youtube":"false","youtubeType":"","facebook":"false","twitter":"false","socialMediaList":"","website":"pearlsprobiotics.com","socialMediaText":"","enlargedToShow":"false"}]
2024-07-15 00:10:09 [31merror[39m: instruction
2024-07-15 00:10:09 [32minfo[39m: [{"storageInstruction":["Store at room temperature .","Avoid excessive heat and direct sunlight ."],"cookingInstruction":[],"usageInstruction":["Adults swallow 1 softgel daily","May be taken with or without food .","Do not chew or crush .","If you are pregnant , nursing , or taking any medications , consult a healthcare professional before use ."]}]
2024-07-15 00:14:22 [31merror[39m: ingredient list
2024-07-15 00:14:22 [32minfo[39m: [{"productType":"supplement facts","ingredientPrefix":"other ingredients:","ingredientStatement":"Other ingredients : palm oil , fish gelatin , glycerin , sunflower lecithin , pectin Contains milk and fish ( Tilapia ) . Contains no salt , wheat , soy , or artificial colors .","ingredientBreakdown":"palm oil, fish gelatin, glycerin, sunflower lecithin, pectin, milk, fish, salt, wheat, soy, artificial colors"}]
2024-07-15 00:14:22 [31merror[39m: marketing
2024-07-15 00:14:22 [32minfo[39m: [{"haveQrCode":"false","instagram":"false","pinterest":"false","youtube":"false","youtubeType":"","facebook":"false","twitter":"false","socialMediaList":"","website":"pearlsprobiotics.com","socialMediaText":"","enlargedToShow":"true"}]
2024-07-15 00:14:22 [31merror[39m: instruction
2024-07-15 00:14:22 [32minfo[39m: [{"storageInstruction":["Store at room temperature .","Avoid excessive heat and direct sunlight ."],"cookingInstruction":[],"usageInstruction":["Adults swallow 1 softgel daily","May be taken with or without food .","Do not chew or crush .","If you are pregnant , nursing , or taking any medications , consult a healthcare professional before use ."]}]
2024-07-15 00:20:32 [31merror[39m: ingredient list
2024-07-15 00:20:32 [32minfo[39m: [{"productType":"nutrition facts","ingredientPrefix":"INGREDIENTS :","ingredientStatement":"ULTRA - FILTERED MILK , DHA OMEGA - 3 ( ALGAL OIL ) , LACTASE ENZYME , VITAMIN A PALMITATE , VITAMIN C ( SODIUM ASCORBATE ) , MIXED TOCOPHEROLS , VITAMIN D3","ingredientBreakdown":"ULTRA - FILTERED MILK, DHA OMEGA - 3 ( ALGAL OIL ), LACTASE ENZYME, VITAMIN A PALMITATE, VITAMIN C ( SODIUM ASCORBATE ), MIXED TOCOPHEROLS, VITAMIN D3"}]
2024-07-15 00:20:32 [31merror[39m: marketing
2024-07-15 00:20:32 [32minfo[39m: [{"haveQrCode":"true","instagram":"no","pinterest":"no","youtube":"no","youtubeType":"","facebook":"no","twitter":"no","socialMediaList":"","website":"fairlife.com","socialMediaText":"","enlargedToShow":"false"}]
2024-07-15 00:20:32 [31merror[39m: instruction
2024-07-15 00:20:32 [32minfo[39m: [{"storageInstruction":["KEEP REFRIGERATED"],"cookingInstruction":[],"usageInstruction":["Best if consumed by the date on the cap .","Use within 14 days of opening ."]}]
2024-07-15 00:50:48 [31merror[39m: ingredient list
2024-07-15 00:50:48 [32minfo[39m: [{"productType":"nutrition facts","ingredientPrefix":"Ingredients:","ingredientStatement":"Ultra-filtered nonfat milk, water, skim milk, allulose, contains 2% or less of: vanilla extract, natural flavors, tapioca flour, citrus fiber, guar gum, sea salt, stevia leaf extract (reb m), monk fruit extract, citric acid, enzyme, cultures. *Includes a dietarily insignificant amount of sugar","ingredientBreakdown":"Ultra-filtered nonfat milk, water, skim milk, allulose, contains 2% or less of: vanilla extract, natural flavors, tapioca flour, citrus fiber, guar gum, sea salt, stevia leaf extract (reb m), monk fruit extract, citric acid, enzyme, cultures., *Includes a dietarily insignificant amount of sugar"}]
2024-07-15 00:50:48 [31merror[39m: marketing
2024-07-15 00:50:48 [32minfo[39m: [{"haveQrCode":"false","instagram":"false","pinterest":"false","youtube":"false","youtubeType":"","facebook":"false","twitter":"false","socialMediaList":"","website":"chobani.com, chobani.com/recipes","socialMediaText":"","enlargedToShow":"false"}]
2024-07-15 00:50:48 [31merror[39m: instruction
2024-07-15 00:50:48 [32minfo[39m: [{"storageInstruction":["KEEP REFRIGERATED"],"cookingInstruction":[],"usageInstruction":[]}]
