2024-07-14 09:10:14 [31merror[39m: ingredient list
2024-07-14 09:10:14 [32minfo[39m: [{"productType":"supplement facts","ingredientPrefix":"INGREDIENTS :","ingredientStatement":"Organic flaxseed oil, algal oil.","ingredientBreakdown":"Organic flaxseed oil, algal oil"}]
2024-07-14 09:10:14 [31merror[39m: marketing
2024-07-14 09:10:14 [32minfo[39m: [{"haveQrCode":"false","instagram":"false","pinterest":"false","youtube":"false","youtubeType":"","facebook":"false","twitter":"false","socialMediaList":"","website":"barleans.com","socialMediaText":"","enlargedToShow":"false"}]
2024-07-14 09:10:14 [31merror[39m: instruction
2024-07-14 09:10:14 [32minfo[39m: [{"storageInstruction":["Refrigerate after opening for quality."],"cookingInstruction":[],"usageInstruction":["SUGGESTED USE : 1 Tbsp . 1-2 times daily . Can be taken straight or mixed into salad dressings , yogurt , oatmeal or smoothies ."]}]
2024-07-14 09:14:52 [31merror[39m: ingredient list
2024-07-14 09:14:52 [32minfo[39m: [{"productType":"supplement facts","ingredientPrefix":"INGREDIENTS :","ingredientStatement":"Organic flaxseed oil, algal oil.","ingredientBreakdown":"Organic flaxseed oil, algal oil"}]
2024-07-14 09:14:52 [31merror[39m: marketing
2024-07-14 09:14:52 [32minfo[39m: [{"haveQrCode":"false","instagram":"false","pinterest":"false","youtube":"false","youtubeType":"","facebook":"false","twitter":"false","socialMediaList":"","website":"barleans.com","socialMediaText":"","enlargedToShow":"false"}]
2024-07-14 09:14:52 [31merror[39m: instruction
2024-07-14 09:14:52 [32minfo[39m: [{"storageInstruction":["Refrigerate after opening for quality."],"cookingInstruction":[],"usageInstruction":["SUGGESTED USE : 1 Tbsp . 1-2 times daily . Can be taken straight or mixed into salad dressings , yogurt , oatmeal or smoothies ."]}]
2024-07-14 09:15:17 [31merror[39m: ingredient list
2024-07-14 09:15:17 [32minfo[39m: [{"productType":"supplement facts","ingredientPrefix":"INGREDIENTS :","ingredientStatement":"Organic flaxseed oil, algal oil.","ingredientBreakdown":"Organic flaxseed oil, algal oil"}]
2024-07-14 09:15:17 [31merror[39m: marketing
2024-07-14 09:15:17 [32minfo[39m: [{"haveQrCode":"false","instagram":"false","pinterest":"false","youtube":"false","youtubeType":"","facebook":"false","twitter":"false","socialMediaList":"","website":"barleans.com","socialMediaText":"","enlargedToShow":"false"}]
2024-07-14 09:15:17 [31merror[39m: instruction
2024-07-14 09:15:17 [32minfo[39m: [{"storageInstruction":["Refrigerate after opening for quality."],"cookingInstruction":[],"usageInstruction":["SUGGESTED USE : 1 Tbsp . 1-2 times daily . Can be taken straight or mixed into salad dressings , yogurt , oatmeal or smoothies ."]}]
2024-07-14 09:17:12 [31merror[39m: ingredient list
2024-07-14 09:17:12 [32minfo[39m: [{"productType":"supplement facts","ingredientPrefix":"INGREDIENTS :","ingredientStatement":"Organic flaxseed oil, algal oil.","ingredientBreakdown":"Organic flaxseed oil, algal oil"}]
2024-07-14 09:17:12 [31merror[39m: marketing
2024-07-14 09:17:12 [32minfo[39m: [{"haveQrCode":"false","instagram":"false","pinterest":"false","youtube":"false","youtubeType":"","facebook":"false","twitter":"false","socialMediaList":"","website":"barleans.com","socialMediaText":"","enlargedToShow":"false"}]
2024-07-14 09:17:12 [31merror[39m: instruction
2024-07-14 09:17:12 [32minfo[39m: [{"storageInstruction":["Refrigerate after opening for quality."],"cookingInstruction":[],"usageInstruction":["SUGGESTED USE : 1 Tbsp . 1-2 times daily . Can be taken straight or mixed into salad dressings , yogurt , oatmeal or smoothies ."]}]
2024-07-14 09:22:22 [31merror[39m: ingredient list
2024-07-14 09:22:22 [32minfo[39m: [{"productType":"supplement facts","ingredientPrefix":"INGREDIENTS :","ingredientStatement":"Organic flaxseed oil, algal oil.","ingredientBreakdown":"Organic flaxseed oil, algal oil"}]
2024-07-14 09:22:22 [31merror[39m: marketing
2024-07-14 09:22:22 [32minfo[39m: [{"haveQrCode":"false","instagram":"false","pinterest":"false","youtube":"false","youtubeType":"","facebook":"false","twitter":"false","socialMediaList":"","website":"barleans.com","socialMediaText":"","enlargedToShow":"false"}]
2024-07-14 09:22:22 [31merror[39m: instruction
2024-07-14 09:22:22 [32minfo[39m: [{"storageInstruction":["Refrigerate after opening for quality."],"cookingInstruction":[],"usageInstruction":["SUGGESTED USE : 1 Tbsp . 1-2 times daily . Can be taken straight or mixed into salad dressings , yogurt , oatmeal or smoothies ."]}]
2024-07-14 09:24:35 [31merror[39m: ingredient list
2024-07-14 09:24:35 [32minfo[39m: [{"productType":"supplement facts","ingredientPrefix":"INGREDIENTS :","ingredientStatement":"Organic flaxseed oil, algal oil.","ingredientBreakdown":"Organic flaxseed oil, algal oil"}]
2024-07-14 09:24:35 [31merror[39m: marketing
2024-07-14 09:24:35 [32minfo[39m: [{"haveQrCode":"false","instagram":"false","pinterest":"false","youtube":"false","youtubeType":"","facebook":"false","twitter":"false","socialMediaList":"","website":"barleans.com","socialMediaText":"","enlargedToShow":"false"}]
2024-07-14 09:24:35 [31merror[39m: instruction
2024-07-14 09:24:35 [32minfo[39m: [{"storageInstruction":["Refrigerate after opening for quality."],"cookingInstruction":[],"usageInstruction":["SUGGESTED USE : 1 Tbsp . 1-2 times daily . Can be taken straight or mixed into salad dressings , yogurt , oatmeal or smoothies ."]}]
2024-07-14 09:43:50 [31merror[39m: ingredient list
2024-07-14 09:43:50 [32minfo[39m: [{"productType":"supplement facts","ingredientPrefix":"INGREDIENTS :","ingredientStatement":"Organic flaxseed oil, algal oil.","ingredientBreakdown":"Organic flaxseed oil, algal oil"}]
2024-07-14 09:43:50 [31merror[39m: marketing
2024-07-14 09:43:50 [32minfo[39m: [{"haveQrCode":"false","instagram":"false","pinterest":"false","youtube":"false","youtubeType":"","facebook":"false","twitter":"false","socialMediaList":"","website":"barleans.com","socialMediaText":"","enlargedToShow":"false"}]
2024-07-14 09:43:50 [31merror[39m: instruction
2024-07-14 09:43:50 [32minfo[39m: [{"storageInstruction":["Refrigerate after opening for quality."],"cookingInstruction":[],"usageInstruction":["SUGGESTED USE : 1 Tbsp . 1-2 times daily . Can be taken straight or mixed into salad dressings , yogurt , oatmeal or smoothies ."]}]
2024-07-14 09:43:57 [31merror[39m: ingredient list
2024-07-14 09:43:57 [32minfo[39m: [{"productType":"supplement facts","ingredientPrefix":"INGREDIENTS :","ingredientStatement":"Organic flaxseed oil, algal oil.","ingredientBreakdown":"Organic flaxseed oil, algal oil"}]
2024-07-14 09:43:57 [31merror[39m: marketing
2024-07-14 09:43:57 [32minfo[39m: [{"haveQrCode":"false","instagram":"false","pinterest":"false","youtube":"false","youtubeType":"","facebook":"false","twitter":"false","socialMediaList":"","website":"barleans.com","socialMediaText":"","enlargedToShow":"false"}]
2024-07-14 09:43:57 [31merror[39m: instruction
2024-07-14 09:43:57 [32minfo[39m: [{"storageInstruction":["Refrigerate after opening for quality."],"cookingInstruction":[],"usageInstruction":["SUGGESTED USE : 1 Tbsp . 1-2 times daily . Can be taken straight or mixed into salad dressings , yogurt , oatmeal or smoothies ."]}]
2024-07-14 09:45:47 [31merror[39m: ingredient list
2024-07-14 09:45:47 [32minfo[39m: [{"productType":"supplement facts","ingredientPrefix":"INGREDIENTS:","ingredientStatement":"Organic flaxseed oil, algal oil.","ingredientBreakdown":"Organic flaxseed oil, algal oil"}]
2024-07-14 09:45:47 [31merror[39m: marketing
2024-07-14 09:45:47 [32minfo[39m: [{"haveQrCode":"false","instagram":"false","pinterest":"false","youtube":"false","youtubeType":"","facebook":"false","twitter":"false","socialMediaList":"","website":"barleans.com","socialMediaText":"","enlargedToShow":"false"}]
2024-07-14 09:45:47 [31merror[39m: instruction
2024-07-14 09:45:47 [32minfo[39m: [{"storageInstruction":["Refrigerate after opening for quality."],"cookingInstruction":[],"usageInstruction":["SUGGESTED USE: 1 Tbsp. 1-2 times daily. Can be taken straight or mixed into salad dressings, yogurt, oatmeal or smoothies."]}]
2024-07-14 09:48:47 [31merror[39m: ingredient list
2024-07-14 09:48:47 [32minfo[39m: [{"productType":"supplement facts","ingredientPrefix":"INGREDIENTS:","ingredientStatement":"Organic flaxseed oil, algal oil.","ingredientBreakdown":"Organic flaxseed oil, algal oil"}]
2024-07-14 09:48:47 [31merror[39m: marketing
2024-07-14 09:48:47 [32minfo[39m: [{"haveQrCode":"false","instagram":"false","pinterest":"false","youtube":"false","youtubeType":"","facebook":"false","twitter":"false","socialMediaList":"","website":"barleans.com","socialMediaText":"","enlargedToShow":"false"}]
2024-07-14 09:48:47 [31merror[39m: instruction
2024-07-14 09:48:47 [32minfo[39m: [{"storageInstruction":["Refrigerate after opening for quality."],"cookingInstruction":[],"usageInstruction":["SUGGESTED USE: 1 Tbsp. 1-2 times daily. Can be taken straight or mixed into salad dressings, yogurt, oatmeal or smoothies."]}]
2024-07-14 09:54:43 [31merror[39m: ingredient list
2024-07-14 09:54:43 [32minfo[39m: [{"productType":"supplement facts","ingredientPrefix":"INGREDIENTS:","ingredientStatement":"Organic flaxseed oil, algal oil.","ingredientBreakdown":"Organic flaxseed oil, algal oil"}]
2024-07-14 09:54:43 [31merror[39m: marketing
2024-07-14 09:54:43 [32minfo[39m: [{"haveQrCode":"false","instagram":"false","pinterest":"false","youtube":"false","youtubeType":"","facebook":"false","twitter":"false","socialMediaList":"","website":"barleans.com","socialMediaText":"","enlargedToShow":"false"}]
2024-07-14 09:54:43 [31merror[39m: instruction
2024-07-14 09:54:43 [32minfo[39m: [{"storageInstruction":["Refrigerate after opening for quality."],"cookingInstruction":[],"usageInstruction":["SUGGESTED USE: 1 Tbsp. 1-2 times daily. Can be taken straight or mixed into salad dressings, yogurt, oatmeal or smoothies."]}]
2024-07-14 09:54:49 [31merror[39m: ingredient list
2024-07-14 09:54:49 [32minfo[39m: [{"productType":"supplement facts","ingredientPrefix":"INGREDIENTS:","ingredientStatement":"Organic flaxseed oil, algal oil.","ingredientBreakdown":"Organic flaxseed oil, algal oil"}]
2024-07-14 09:54:49 [31merror[39m: marketing
2024-07-14 09:54:49 [32minfo[39m: [{"haveQrCode":"false","instagram":"false","pinterest":"false","youtube":"false","youtubeType":"","facebook":"false","twitter":"false","socialMediaList":"","website":"barleans.com","socialMediaText":"","enlargedToShow":"false"}]
2024-07-14 09:54:49 [31merror[39m: instruction
2024-07-14 09:54:49 [32minfo[39m: [{"storageInstruction":["Refrigerate after opening for quality."],"cookingInstruction":[],"usageInstruction":["SUGGESTED USE: 1 Tbsp. 1-2 times daily. Can be taken straight or mixed into salad dressings, yogurt, oatmeal or smoothies."]}]
2024-07-14 09:57:31 [31merror[39m: ingredient list
2024-07-14 09:57:31 [32minfo[39m: [{"productType":"nutrition facts","ingredientPrefix":"INGREDIENTS:","ingredientStatement":"AVOCADO OIL, ORGANIC VINEGAR, ORGANIC EGGS, ORGANIC EGG YOLKS, SALT, ROSEMARY EXTRACT, MUSTARD SEED EXTRACT.","ingredientBreakdown":"AVOCADO OIL, ORGANIC VINEGAR, ORGANIC EGGS, ORGANIC EGG YOLKS, SALT, ROSEMARY EXTRACT, MUSTARD SEED EXTRACT."}]
2024-07-14 09:57:31 [31merror[39m: marketing
2024-07-14 09:57:31 [32minfo[39m: [{"haveQrCode":"true","instagram":"","pinterest":"","youtube":"","youtubeType":"","facebook":"","twitter":"","socialMediaList":"","website":"PRIMALKITCHEN.COM","socialMediaText":"","enlargedToShow":"false"}]
2024-07-14 09:57:31 [31merror[39m: instruction
2024-07-14 09:57:31 [32minfo[39m: [{"storageInstruction":["Store in a cool, dry place.","Refrigerate after opening."],"cookingInstruction":[],"usageInstruction":[]}]
2024-07-14 10:09:59 [31merror[39m: ingredient list
2024-07-14 10:09:59 [32minfo[39m: [{"productType":"nutrition facts","ingredientPrefix":"INGREDIENTS:","ingredientStatement":"AVOCADO OIL, ORGANIC VINEGAR, ORGANIC EGGS, ORGANIC EGG YOLKS, SALT, ROSEMARY EXTRACT, MUSTARD SEED EXTRACT.","ingredientBreakdown":"AVOCADO OIL, ORGANIC VINEGAR, ORGANIC EGGS, ORGANIC EGG YOLKS, SALT, ROSEMARY EXTRACT, MUSTARD SEED EXTRACT."}]
2024-07-14 10:09:59 [31merror[39m: marketing
2024-07-14 10:09:59 [32minfo[39m: [{"haveQrCode":"true","instagram":"","pinterest":"","youtube":"","youtubeType":"","facebook":"","twitter":"","socialMediaList":"","website":"PRIMALKITCHEN.COM","socialMediaText":"","enlargedToShow":"false"}]
2024-07-14 10:09:59 [31merror[39m: instruction
2024-07-14 10:09:59 [32minfo[39m: [{"storageInstruction":["Store in a cool, dry place.","Refrigerate after opening."],"cookingInstruction":[],"usageInstruction":[]}]
2024-07-14 10:10:06 [31merror[39m: ingredient list
2024-07-14 10:10:06 [32minfo[39m: [{"productType":"nutrition facts","ingredientPrefix":"INGREDIENTS:","ingredientStatement":"AVOCADO OIL, ORGANIC VINEGAR, ORGANIC EGGS, ORGANIC EGG YOLKS, SALT, ROSEMARY EXTRACT, MUSTARD SEED EXTRACT.","ingredientBreakdown":"AVOCADO OIL, ORGANIC VINEGAR, ORGANIC EGGS, ORGANIC EGG YOLKS, SALT, ROSEMARY EXTRACT, MUSTARD SEED EXTRACT."}]
2024-07-14 10:10:06 [31merror[39m: marketing
2024-07-14 10:10:06 [32minfo[39m: [{"haveQrCode":"true","instagram":"","pinterest":"","youtube":"","youtubeType":"","facebook":"","twitter":"","socialMediaList":"","website":"PRIMALKITCHEN.COM","socialMediaText":"","enlargedToShow":"false"}]
2024-07-14 10:10:06 [31merror[39m: instruction
2024-07-14 10:10:06 [32minfo[39m: [{"storageInstruction":["Store in a cool, dry place.","Refrigerate after opening."],"cookingInstruction":[],"usageInstruction":[]}]
2024-07-14 10:14:13 [31merror[39m: ingredient list
2024-07-14 10:14:13 [32minfo[39m: [{"productType":"nutrition facts","ingredientPrefix":"INGREDIENTS:","ingredientStatement":"AVOCADO OIL, ORGANIC VINEGAR, ORGANIC EGGS, ORGANIC EGG YOLKS, SALT, ROSEMARY EXTRACT, MUSTARD SEED EXTRACT.","ingredientBreakdown":"AVOCADO OIL, ORGANIC VINEGAR, ORGANIC EGGS, ORGANIC EGG YOLKS, SALT, ROSEMARY EXTRACT, MUSTARD SEED EXTRACT."}]
2024-07-14 10:14:13 [31merror[39m: marketing
2024-07-14 10:14:13 [32minfo[39m: [{"haveQrCode":"true","instagram":"","pinterest":"","youtube":"","youtubeType":"","facebook":"","twitter":"","socialMediaList":"","website":"PRIMALKITCHEN.COM","socialMediaText":"","enlargedToShow":"false"}]
2024-07-14 10:14:13 [31merror[39m: instruction
2024-07-14 10:14:13 [32minfo[39m: [{"storageInstruction":["Store in a cool, dry place.","Refrigerate after opening."],"cookingInstruction":[],"usageInstruction":[]}]
2024-07-14 10:14:20 [31merror[39m: ingredient list
2024-07-14 10:14:20 [32minfo[39m: [{"productType":"nutrition facts","ingredientPrefix":"INGREDIENTS:","ingredientStatement":"AVOCADO OIL, ORGANIC VINEGAR, ORGANIC EGGS, ORGANIC EGG YOLKS, SALT, ROSEMARY EXTRACT, MUSTARD SEED EXTRACT.","ingredientBreakdown":"AVOCADO OIL, ORGANIC VINEGAR, ORGANIC EGGS, ORGANIC EGG YOLKS, SALT, ROSEMARY EXTRACT, MUSTARD SEED EXTRACT."}]
2024-07-14 10:14:20 [31merror[39m: marketing
2024-07-14 10:14:20 [32minfo[39m: [{"haveQrCode":"true","instagram":"","pinterest":"","youtube":"","youtubeType":"","facebook":"","twitter":"","socialMediaList":"","website":"PRIMALKITCHEN.COM","socialMediaText":"","enlargedToShow":"false"}]
2024-07-14 10:14:20 [31merror[39m: instruction
2024-07-14 10:14:20 [32minfo[39m: [{"storageInstruction":["Store in a cool, dry place.","Refrigerate after opening."],"cookingInstruction":[],"usageInstruction":[]}]
