2024-07-21 09:05:12 [31merror[39m: ingredient list
2024-07-21 09:05:12 [32minfo[39m: [{"productType":"nutrition facts","ingredientPrefix":"Ingredients:","ingredientStatement":"Ingredients : Oats , Butter , Semi - Sweet Chocolate Chips ( Sugar , Unsweetened Chocolate , Cocoa Butter , Soy Lecithin , Natural Vanilla Extract ) , Wheat flour ( niacin , reduced iron , thiamine mononitrate , riboflavin , folic acid ) , Cane Sugar , Brown Sugar , Whole Eggs , Natural Flavour , Baking Soda , Salt , Cinnamon . Contains Wheat , Eggs , Milk , Soy .","ingredientBreakdown":"Oats/Butter/Semi - Sweet Chocolate Chips ( Sugar/Unsweetened Chocolate/Cocoa Butter/Soy Lecithin/Natural Vanilla Extract )/Wheat flour ( niacin/reduced iron/thiamine mononitrate/riboflavin/folic acid )/Cane Sugar/Brown Sugar/Whole Eggs/Natural Flavour/Baking Soda/Salt/Cinnamon","liveAndActiveCulturesStatement":"","liveAndActiveCulturesBreakdown":""}]
2024-07-21 09:05:12 [31merror[39m: marketing
2024-07-21 09:05:12 [32minfo[39m: [{"haveQrCode":"true","instagram":"true","pinterest":"true","youtube":"true","youtubeType":"type_2","facebook":"true","twitter":"false","socialMediaList":"facebook/instagram/youtube","website":"elenis.com, elenis.com/personalized-cookies","socialMediaText":"@ELENISNY","enlargedToShow":"false"}]
2024-07-21 09:05:12 [31merror[39m: instruction
2024-07-21 09:05:12 [32minfo[39m: [{"storageInstruction":[],"cookingInstruction":[],"usageInstruction":[],"otherInstruction":[]}]
2024-07-21 09:27:00 [31merror[39m: ingredient list
2024-07-21 09:27:00 [32minfo[39m: [{"productType":"nutrition facts","ingredientPrefix":"Ingredients:","ingredientStatement":"Wheat flour ( niacin , reduced iron , thiamine mononitrate , riboflavin , folic acid ) , Granulated Sugar , Butter , Dried Cranberries ( Sugar , Dried Cranberries , Citric Acid , Elderberry Juice Concentrate , Sunflower Oil ) , Whole Eggs , Natural Flavour , Baking Soda , Salt .","ingredientBreakdown":"Wheat flour ( niacin , reduced iron , thiamine mononitrate , riboflavin , folic acid )/Granulated Sugar/Butter/Dried Cranberries ( Sugar , Dried Cranberries , Citric Acid , Elderberry Juice Concentrate , Sunflower Oil )/Whole Eggs/Natural Flavour/Baking Soda/Salt","liveAndActiveCulturesStatement":"","liveAndActiveCulturesBreakdown":""}]
2024-07-21 09:27:00 [31merror[39m: marketing
2024-07-21 09:27:00 [32minfo[39m: [{"haveQrCode":"true","instagram":"false","pinterest":"true","youtube":"false","youtubeType":"","facebook":"true","twitter":"false","socialMediaList":"facebook/pinterest","website":"elenis.com, elenis.com/personalized-cookies","socialMediaText":"@ELENISNY","enlargedToShow":"false"}]
2024-07-21 09:27:00 [31merror[39m: instruction
2024-07-21 09:27:00 [32minfo[39m: [{"storageInstruction":[],"cookingInstruction":[],"usageInstruction":[],"otherInstruction":[]}]
2024-07-21 09:37:53 [31merror[39m: ingredient list
2024-07-21 09:37:53 [32minfo[39m: [{"productType":"nutrition facts","ingredientPrefix":"Ingredients:","ingredientStatement":"Sugar ( Granulated and Brown ) , Oats , Butter , Belgium Caramel Chocolate ( ( cocoa butter , sugar , whole milk powder , lactose ( milk ) , whey powder ( milk ) , nonfat dry milk , caramelized sugar , soy lecithin ( an emulsifier ) , natural vanilla flavor , salt ) ) , Wheat flour ( niacin , reduced iron , thiamine mononitrate , riboflavin , folic acid ) , Whole Eggs , Natural Flavour , Baking Soda , Cinnamon , Salt .","ingredientBreakdown":"Sugar ( Granulated and Brown )/Oats/Butter/Belgium Caramel Chocolate ( ( cocoa butter/sugar/whole milk powder/lactose ( milk )/whey powder ( milk )/nonfat dry milk/caramelized sugar/soy lecithin ( an emulsifier )/natural vanilla flavor/salt ) )/Wheat flour ( niacin/reduced iron/thiamine mononitrate/riboflavin/folic acid )/Whole Eggs/Natural Flavour/Baking Soda/Cinnamon/Salt","liveAndActiveCulturesStatement":"","liveAndActiveCulturesBreakdown":""}]
2024-07-21 09:37:53 [31merror[39m: marketing
2024-07-21 09:37:53 [32minfo[39m: [{"haveQrCode":"true","instagram":"false","pinterest":"false","youtube":"false","youtubeType":"","facebook":"true","twitter":"true","socialMediaList":"facebook/twitter","website":"elenis.com, elenis.com/personalized-cookies, elenis.com","socialMediaText":"@ELENISNY","enlargedToShow":"false"}]
2024-07-21 09:37:53 [31merror[39m: instruction
2024-07-21 09:37:53 [32minfo[39m: [{"storageInstruction":[],"cookingInstruction":[],"usageInstruction":[],"otherInstruction":[]}]
2024-07-21 10:33:50 [31merror[39m: ingredient list
2024-07-21 10:33:50 [32minfo[39m: [{"productType":"nutrition facts","ingredientPrefix":"INGREDIENTS:","ingredientStatement":"Almonds , Cashews * , Maple Syrup * , Sunflower Seeds , Macadamia Nuts , Pumpkin Seeds * , Coconut Butter * , Pecans , Coconut Nectar * , Sesame Seed Butter , Ground Flax Seeds * , Sea Salt .","ingredientBreakdown":"almonds/cashews/maple syrup/sunflower seeds/macadamia nuts/pumpkin seeds/coconut butter/pecans/coconut nectar/sesame seed butter/ground flax seeds/sea salt","liveAndActiveCulturesStatement":"","liveAndActiveCulturesBreakdown":""}]
2024-07-21 10:33:50 [31merror[39m: marketing
2024-07-21 10:33:50 [32minfo[39m: [{"haveQrCode":"false","instagram":"false","pinterest":"false","youtube":"false","youtubeType":"","facebook":"false","twitter":"true","socialMediaList":"twitter","website":"TheYesBar.com","socialMediaText":"@TheYesBar,#SayYesToThis","enlargedToShow":"false"}]
2024-07-21 10:33:50 [31merror[39m: instruction
2024-07-21 10:33:50 [32minfo[39m: [{"storageInstruction":[],"cookingInstruction":[],"usageInstruction":[],"otherInstruction":[]}]
2024-07-21 10:46:50 [31merror[39m: ingredient list
2024-07-21 10:46:50 [32minfo[39m: [{"productType":"nutrition facts","ingredientPrefix":"INGREDIENTS:","ingredientStatement":"Almonds , Cashews * , Maple Syrup * , Sunflower Seeds , Macadamia Nuts , Pumpkin Seeds * , Coconut Butter * , Pecans , Coconut Nectar * , Sesame Seed Butter , Ground Flax Seeds * , Sea Salt .","ingredientBreakdown":"almonds/cashews/maple syrup/sunflower seeds/macadamia nuts/pumpkin seeds/coconut butter/pecans/coconut nectar/sesame seed butter/ground flax seeds/sea salt","liveAndActiveCulturesStatement":"","liveAndActiveCulturesBreakdown":""}]
2024-07-21 10:46:50 [31merror[39m: marketing
2024-07-21 10:46:50 [32minfo[39m: [{"haveQrCode":"false","instagram":"false","pinterest":"false","youtube":"false","youtubeType":"NA","facebook":"false","twitter":"true","socialMediaList":"twitter","website":"TheYesBar.com","socialMediaText":"@TheYesBar,#SayYesToThis","enlargedToShow":"false"}]
2024-07-21 10:46:50 [31merror[39m: instruction
2024-07-21 10:46:50 [32minfo[39m: [{"storageInstruction":[],"cookingInstruction":[],"usageInstruction":[],"otherInstruction":[]}]
2024-07-21 11:01:14 [31merror[39m: ingredient list
2024-07-21 11:01:14 [32minfo[39m: [{"productType":"nutrition facts","ingredientPrefix":"INGREDIENTS:","ingredientStatement":"Almonds , Cashews * , Maple Syrup * , Sunflower Seeds , Macadamia Nuts , Pumpkin Seeds * , Coconut Butter * , Pecans , Coconut Nectar * , Sesame Seed Butter , Ground Flax Seeds * , Sea Salt .","ingredientBreakdown":"almonds/cashews/maple syrup/sunflower seeds/macadamia nuts/pumpkin seeds/coconut butter/pecans/coconut nectar/sesame seed butter/ground flax seeds/sea salt","liveAndActiveCulturesStatement":"","liveAndActiveCulturesBreakdown":""}]
2024-07-21 11:01:14 [31merror[39m: marketing
2024-07-21 11:01:14 [32minfo[39m: [{"haveQrCode":"false","instagram":"false","pinterest":"false","youtube":"true","youtubeType":"type_2","facebook":"false","twitter":"true","socialMediaList":"twitter/youtube","website":"TheYesBar.com","socialMediaText":"@TheYesBar,#SayYesToThis","enlargedToShow":"false"}]
2024-07-21 11:01:14 [31merror[39m: instruction
2024-07-21 11:01:14 [32minfo[39m: [{"storageInstruction":[],"cookingInstruction":[],"usageInstruction":[],"otherInstruction":[]}]
2024-07-21 11:07:50 [31merror[39m: ingredient list
2024-07-21 11:07:50 [32minfo[39m: [{"productType":"nutrition facts","ingredientPrefix":"INGREDIENTS:","ingredientStatement":"Almonds , Cashews * , Maple Syrup * , Sunflower Seeds , Macadamia Nuts , Pumpkin Seeds * , Coconut Butter * , Pecans , Coconut Nectar * , Sesame Seed Butter , Ground Flax Seeds * , Sea Salt .","ingredientBreakdown":"almonds/cashews/maple syrup/sunflower seeds/macadamia nuts/pumpkin seeds/coconut butter/pecans/coconut nectar/sesame seed butter/ground flax seeds/sea salt","liveAndActiveCulturesStatement":"","liveAndActiveCulturesBreakdown":""}]
2024-07-21 11:07:50 [31merror[39m: marketing
2024-07-21 11:07:50 [32minfo[39m: [{"haveQrCode":"false","instagram":"false","pinterest":"false","youtube":"false","youtubeType":"","facebook":"false","twitter":"true","socialMediaList":"twitter","website":"TheYesBar.com","socialMediaText":"@TheYesBar,#SayYesToThis","enlargedToShow":"false"}]
2024-07-21 11:07:50 [31merror[39m: instruction
2024-07-21 11:07:50 [32minfo[39m: [{"storageInstruction":[],"cookingInstruction":[],"usageInstruction":[],"otherInstruction":[]}]
2024-07-21 11:07:50 [31merror[39m: sugar claim -- sugar
2024-07-21 11:30:05 [31merror[39m: ingredient list
2024-07-21 11:30:05 [32minfo[39m: []
2024-07-21 11:30:05 [31merror[39m: marketing
2024-07-21 11:30:05 [32minfo[39m: []
2024-07-21 11:30:05 [31merror[39m: instruction
2024-07-21 11:30:05 [32minfo[39m: []
2024-07-21 11:32:55 [31merror[39m: ingredient list
2024-07-21 11:32:55 [32minfo[39m: [{"productType":"nutrition facts","ingredientPrefix":"Ingredients:","ingredientStatement":"Oats , Butter , Semi-Sweet Chocolate Chips ( Sugar , Unsweetened Chocolate , Cocoa Butter , Soy Lecithin , Natural Vanilla Extract ) , Wheat flour ( niacin , reduced iron , thiamine mononitrate , riboflavin , folic acid ) , Cane Sugar , Brown Sugar , Whole Eggs , Natural Flavour , Baking Soda , Salt , Cinnamon . Contains Wheat , Eggs , Milk , Soy .","ingredientBreakdown":"Oats/Butter/Semi-Sweet Chocolate Chips ( Sugar/Unsweetened Chocolate/Cocoa Butter/Soy Lecithin/Natural Vanilla Extract )/Wheat flour ( niacin/reduced iron/thiamine mononitrate/riboflavin/folic acid )/Cane Sugar/Brown Sugar/Whole Eggs/Natural Flavour/Baking Soda/Salt/Cinnamon/Contains Wheat/Eggs/Milk/Soy","liveAndActiveCulturesStatement":"","liveAndActiveCulturesBreakdown":""}]
2024-07-21 11:32:55 [31merror[39m: marketing
2024-07-21 11:32:55 [32minfo[39m: [{"haveQrCode":"true","instagram":"false","pinterest":"false","youtube":"false","youtubeType":"","facebook":"true","twitter":"true","socialMediaList":"facebook/twitter","website":"elenis.com,elenis.com/personalized-cookies","socialMediaText":"@ELENISNY","enlargedToShow":"false"}]
2024-07-21 11:32:55 [31merror[39m: instruction
2024-07-21 11:32:55 [32minfo[39m: [{"storageInstruction":[],"cookingInstruction":[],"usageInstruction":[],"otherInstruction":[]}]
2024-07-21 11:39:41 [31merror[39m: ingredient list
2024-07-21 11:39:41 [32minfo[39m: [{"productType":"nutrition facts","ingredientPrefix":"Ingredients:","ingredientStatement":"Oats , Butter , Semi-Sweet Chocolate Chips ( Sugar , Unsweetened Chocolate , Cocoa Butter , Soy Lecithin , Natural Vanilla Extract ) , Wheat flour ( niacin , reduced iron , thiamine mononitrate , riboflavin , folic acid ) , Cane Sugar , Brown Sugar , Whole Eggs , Natural Flavour , Baking Soda , Salt , Cinnamon . Contains Wheat , Eggs , Milk , Soy .","ingredientBreakdown":"Oats/Butter/Semi-Sweet Chocolate Chips ( Sugar/Unsweetened Chocolate/Cocoa Butter/Soy Lecithin/Natural Vanilla Extract )/Wheat flour ( niacin/reduced iron/thiamine mononitrate/riboflavin/folic acid )/Cane Sugar/Brown Sugar/Whole Eggs/Natural Flavour/Baking Soda/Salt/Cinnamon/Contains Wheat/Eggs/Milk/Soy","liveAndActiveCulturesStatement":"","liveAndActiveCulturesBreakdown":""}]
2024-07-21 11:39:41 [31merror[39m: marketing
2024-07-21 11:39:41 [32minfo[39m: [{"haveQrCode":"true","instagram":"false","pinterest":"false","youtube":"false","youtubeType":"","facebook":"true","twitter":"true","socialMediaList":"facebook/twitter","website":"elenis.com,elenis.com/personalized-cookies","socialMediaText":"@ELENISNY","enlargedToShow":"false"}]
2024-07-21 11:39:41 [31merror[39m: instruction
2024-07-21 11:39:41 [32minfo[39m: [{"storageInstruction":[],"cookingInstruction":[],"usageInstruction":[],"otherInstruction":[]}]
2024-07-21 15:38:00 [31merror[39m: ingredient list
2024-07-21 15:38:00 [32minfo[39m: [{"productType":"nutrition facts","ingredientPrefix":"INGREDIENTS :","ingredientStatement":"Almonds , Cashews * , Maple Syrup * , Sunflower Seeds , Macadamia Nuts , Pumpkin Seeds * , Coconut Butter * , Pecans , Coconut Nectar * , Sesame Seed Butter , Ground Flax Seeds * , Sea Salt .","ingredientBreakdown":"Almonds/Cashews */Maple Syrup */Sunflower Seeds/Macadamia Nuts/Pumpkin Seeds */Coconut Butter */Pecans/Coconut Nectar */Sesame Seed Butter/Ground Flax Seeds */Sea Salt .","liveAndActiveCulturesStatement":"","liveAndActiveCulturesBreakdown":""}]
2024-07-21 15:38:00 [31merror[39m: marketing
2024-07-21 15:38:00 [32minfo[39m: [{"haveQrCode":"false","instagram":"false","pinterest":"false","youtube":"false","youtubeType":"","facebook":"false","twitter":"true","socialMediaList":"twitter","website":"TheYesBar.com","socialMediaText":"@TheYesBar,#Say YesToThis","enlargedToShow":"false"}]
2024-07-21 15:38:00 [31merror[39m: instruction
2024-07-21 15:38:00 [32minfo[39m: [{"storageInstruction":[],"cookingInstruction":[],"usageInstruction":[],"otherInstruction":[]}]
2024-07-21 15:44:11 [31merror[39m: ingredient list
2024-07-21 15:44:11 [32minfo[39m: [{"productType":"nutrition facts","ingredientPrefix":"INGREDIENTS:","ingredientStatement":"Almonds , Cashews * , Maple Syrup * , Sunflower Seeds , Macadamia Nuts , Pumpkin Seeds * , Coconut Butter * , Pecans , Coconut Nectar * , Sesame Seed Butter , Ground Flax Seeds * , Sea Salt .","ingredientBreakdown":"Almonds/Cashews/Maple Syrup/Sunflower Seeds/Macadamia Nuts/Pumpkin Seeds/Coconut Butter/Pecans/Coconut Nectar/Sesame Seed Butter/Ground Flax Seeds/Sea Salt","liveAndActiveCulturesStatement":"","liveAndActiveCulturesBreakdown":""}]
2024-07-21 15:44:11 [31merror[39m: marketing
2024-07-21 15:44:11 [32minfo[39m: [{"haveQrCode":"false","instagram":"false","pinterest":"false","youtube":"false","youtubeType":"NA","facebook":"false","twitter":"true","socialMediaList":"twitter","website":"TheYesBar.com","socialMediaText":"@TheYesBar,#SayYesToThis","enlargedToShow":"false"}]
2024-07-21 15:44:11 [31merror[39m: instruction
2024-07-21 15:44:11 [32minfo[39m: [{"storageInstruction":[],"cookingInstruction":[],"usageInstruction":[],"otherInstruction":[]}]
2024-07-21 16:15:00 [31merror[39m: ingredient list
2024-07-21 16:15:00 [32minfo[39m: [{"productType":"nutrition facts","ingredientPrefix":"Ingredients:","ingredientStatement":"Ingredients : Oats , Butter , Semi - Sweet Chocolate Chips ( Sugar , Unsweetened Chocolate , Cocoa Butter , Soy Lecithin , Natural Vanilla Extract ) , Wheat flour ( niacin , reduced iron , thiamine mononitrate , riboflavin , folic acid ) , Cane Sugar , Brown Sugar , Whole Eggs , Natural Flavour , Baking Soda , Salt , Cinnamon . Contains Wheat , Eggs , Milk , Soy .","ingredientBreakdown":"Oats/Butter/Semi - Sweet Chocolate Chips ( Sugar/Unsweetened Chocolate/Cocoa Butter/Soy Lecithin/Natural Vanilla Extract )/Wheat flour ( niacin/reduced iron/thiamine mononitrate/riboflavin/folic acid )/Cane Sugar/Brown Sugar/Whole Eggs/Natural Flavour/Baking Soda/Salt/Cinnamon/Contains Wheat/Eggs/Milk/Soy","liveAndActiveCulturesStatement":"","liveAndActiveCulturesBreakdown":""}]
2024-07-21 16:15:00 [31merror[39m: marketing
2024-07-21 16:15:00 [32minfo[39m: [{"haveQrCode":"true","instagram":"false","pinterest":"false","youtube":"false","youtubeType":"","facebook":"true","twitter":"true","socialMediaList":"facebook/twitter","website":"elenis.com, elenis.com/personalized-cookies","socialMediaText":"@ELENISNY","enlargedToShow":"false"}]
2024-07-21 16:15:00 [31merror[39m: instruction
2024-07-21 16:15:00 [32minfo[39m: [{"storageInstruction":[],"cookingInstruction":[],"usageInstruction":[],"otherInstruction":[]}]
2024-07-21 16:28:23 [31merror[39m: ingredient list
2024-07-21 16:28:23 [32minfo[39m: [{"productType":"nutrition facts","ingredientPrefix":"Ingredients:","ingredientStatement":"Ingredients : Oats , Butter , Semi - Sweet Chocolate Chips ( Sugar , Unsweetened Chocolate , Cocoa Butter , Soy Lecithin , Natural Vanilla Extract ) , Wheat flour ( niacin , reduced iron , thiamine mononitrate , riboflavin , folic acid ) , Cane Sugar , Brown Sugar , Whole Eggs , Natural Flavour , Baking Soda , Salt , Cinnamon . Contains Wheat , Eggs , Milk , Soy .","ingredientBreakdown":"Oats/Butter/Semi - Sweet Chocolate Chips ( Sugar/Unsweetened Chocolate/Cocoa Butter/Soy Lecithin/Natural Vanilla Extract )/Wheat flour ( niacin/reduced iron/thiamine mononitrate/riboflavin/folic acid )/Cane Sugar/Brown Sugar/Whole Eggs/Natural Flavour/Baking Soda/Salt/Cinnamon/Contains Wheat/Eggs/Milk/Soy","liveAndActiveCulturesStatement":"","liveAndActiveCulturesBreakdown":""}]
2024-07-21 16:28:23 [31merror[39m: marketing
2024-07-21 16:28:23 [32minfo[39m: [{"haveQrCode":"true","instagram":"false","pinterest":"false","youtube":"false","youtubeType":"","facebook":"true","twitter":"true","socialMediaList":"facebook/twitter","website":"elenis.com, elenis.com/personalized-cookies","socialMediaText":"@ELENISNY","enlargedToShow":"false"}]
2024-07-21 16:28:23 [31merror[39m: instruction
2024-07-21 16:28:23 [32minfo[39m: [{"storageInstruction":[],"cookingInstruction":[],"usageInstruction":[],"otherInstruction":[]}]
2024-07-21 16:33:00 [31merror[39m: ingredient list
2024-07-21 16:33:00 [32minfo[39m: [{"productType":"nutrition facts","ingredientPrefix":"INGREDIENTS:","ingredientStatement":"Almonds , Cashews * , Maple Syrup * , Sunflower Seeds , Macadamia Nuts , Pumpkin Seeds * , Coconut Butter * , Pecans , Coconut Nectar * , Sesame Seed Butter , Ground Flax Seeds * , Sea Salt .","ingredientBreakdown":"Almonds/Cashews/Maple Syrup/Sunflower Seeds/Macadamia Nuts/Pumpkin Seeds/Coconut Butter/Pecans/Coconut Nectar/Sesame Seed Butter/Ground Flax Seeds/Sea Salt","liveAndActiveCulturesStatement":"","liveAndActiveCulturesBreakdown":""}]
2024-07-21 16:33:00 [31merror[39m: marketing
2024-07-21 16:33:00 [32minfo[39m: [{"haveQrCode":"false","instagram":"false","pinterest":"false","youtube":"false","youtubeType":"","facebook":"false","twitter":"true","socialMediaList":"twitter","website":"TheYesBar.com","socialMediaText":"@TheYesBar,#SayYesToThis","enlargedToShow":"false"}]
2024-07-21 16:33:00 [31merror[39m: instruction
2024-07-21 16:33:00 [32minfo[39m: [{"storageInstruction":[],"cookingInstruction":[],"usageInstruction":[],"otherInstruction":[]}]
2024-07-21 16:33:00 [31merror[39m: sugar claim -- sugar
2024-07-21 16:43:24 [31merror[39m: ingredient list
2024-07-21 16:43:24 [32minfo[39m: []
2024-07-21 16:43:24 [31merror[39m: marketing
2024-07-21 16:43:24 [32minfo[39m: []
2024-07-21 16:43:24 [31merror[39m: instruction
2024-07-21 16:43:24 [32minfo[39m: []
2024-07-21 18:06:45 [31merror[39m: ingredient list
2024-07-21 18:06:45 [32minfo[39m: [{"productType":"nutrition facts","ingredientPrefix":"INGREDIENTS:","ingredientStatement":"Almonds , Cashews * , Maple Syrup * , Sunflower Seeds , Macadamia Nuts , Pumpkin Seeds * , Coconut Butter * , Pecans , Coconut Nectar * , Sesame Seed Butter , Ground Flax Seeds * , Sea Salt .","ingredientBreakdown":"Almonds/Cashews */Maple Syrup */Sunflower Seeds/Macadamia Nuts/Pumpkin Seeds */Coconut Butter */Pecans/Coconut Nectar */Sesame Seed Butter/Ground Flax Seeds */Sea Salt .","liveAndActiveCulturesStatement":"","liveAndActiveCulturesBreakdown":""}]
2024-07-21 18:06:45 [31merror[39m: marketing
2024-07-21 18:06:45 [32minfo[39m: [{"haveQrCode":"false","instagram":"false","pinterest":"false","youtube":"false","youtubeType":"","facebook":"false","twitter":"true","socialMediaList":"twitter","website":"TheYesBar.com","socialMediaText":"@TheYesBar,#SayYesToThis","enlargedToShow":"false"}]
2024-07-21 18:06:45 [31merror[39m: instruction
2024-07-21 18:06:45 [32minfo[39m: [{"storageInstruction":[],"cookingInstruction":[],"usageInstruction":[],"otherInstruction":[]}]
2024-07-21 18:12:29 [31merror[39m: ingredient list
2024-07-21 18:12:29 [32minfo[39m: [{"productType":"nutrition facts","ingredientPrefix":"INGREDIENTS:","ingredientStatement":"Almonds , Cashews * , Maple Syrup * , Sunflower Seeds , Macadamia Nuts , Pumpkin Seeds * , Coconut Butter * , Pecans , Coconut Nectar * , Sesame Seed Butter , Ground Flax Seeds * , Sea Salt .","ingredientBreakdown":"Almonds/Cashews */Maple Syrup */Sunflower Seeds/Macadamia Nuts/Pumpkin Seeds */Coconut Butter */Pecans/Coconut Nectar */Sesame Seed Butter/Ground Flax Seeds */Sea Salt .","liveAndActiveCulturesStatement":"","liveAndActiveCulturesBreakdown":""}]
2024-07-21 18:12:29 [31merror[39m: marketing
2024-07-21 18:12:29 [32minfo[39m: [{"haveQrCode":"false","instagram":"false","pinterest":"false","youtube":"false","youtubeType":"","facebook":"false","twitter":"true","socialMediaList":"twitter","website":"TheYesBar.com","socialMediaText":"@TheYesBar,#SayYesToThis","enlargedToShow":"false"}]
2024-07-21 18:12:29 [31merror[39m: instruction
2024-07-21 18:12:29 [32minfo[39m: [{"storageInstruction":[],"cookingInstruction":[],"usageInstruction":[],"otherInstruction":[]}]
2024-07-21 18:25:25 [31merror[39m: ingredient list
2024-07-21 18:25:25 [32minfo[39m: [{"productType":"nutrition facts","ingredientPrefix":"INGREDIENTS :","ingredientStatement":"Almonds , Cashews * , Maple Syrup * , Sunflower Seeds , Macadamia Nuts , Pumpkin Seeds * , Coconut Butter * , Pecans , Coconut Nectar * , Sesame Seed Butter , Ground Flax Seeds * , Sea Salt .","ingredientBreakdown":"Almonds/Cashews/Maple Syrup/Sunflower Seeds/Macadamia Nuts/Pumpkin Seeds/Coconut Butter/Pecans/Coconut Nectar/Sesame Seed Butter/Ground Flax Seeds/Sea Salt","liveAndActiveCulturesStatement":"","liveAndActiveCulturesBreakdown":""}]
2024-07-21 18:25:25 [31merror[39m: marketing
2024-07-21 18:25:25 [32minfo[39m: [{"haveQrCode":"false","instagram":"false","pinterest":"false","youtube":"false","youtubeType":"","facebook":"false","twitter":"true","socialMediaList":"twitter","website":"TheYesBar.com","socialMediaText":"@TheYesBar,#SayYesToThis","enlargedToShow":"false"}]
2024-07-21 18:25:25 [31merror[39m: instruction
2024-07-21 18:25:25 [32minfo[39m: [{"storageInstruction":[],"cookingInstruction":[],"usageInstruction":[],"otherInstruction":[]}]
2024-07-21 18:54:49 [31merror[39m: ingredient list
2024-07-21 18:54:49 [32minfo[39m: [{"productType":"nutrition facts","ingredientPrefix":"INGREDIENTS:","ingredientStatement":"Almonds , Cashews * , Maple Syrup * , Sunflower Seeds , Macadamia Nuts , Pumpkin Seeds * , Coconut Butter * , Pecans , Coconut Nectar * , Sesame Seed Butter , Ground Flax Seeds * , Sea Salt .","ingredientBreakdown":"Almonds/Cashews/Maple Syrup/Sunflower Seeds/Macadamia Nuts/Pumpkin Seeds/Coconut Butter/Pecans/Coconut Nectar/Sesame Seed Butter/Ground Flax Seeds/Sea Salt","liveAndActiveCulturesStatement":"","liveAndActiveCulturesBreakdown":""}]
2024-07-21 18:54:49 [31merror[39m: marketing
2024-07-21 18:54:49 [32minfo[39m: [{"haveQrCode":"false","instagram":"false","pinterest":"false","youtube":"false","youtubeType":"","facebook":"false","twitter":"true","socialMediaList":"twitter","website":"TheYesBar.com","socialMediaText":"@TheYesBar,#SayYesToThis","enlargedToShow":"false"}]
2024-07-21 18:54:49 [31merror[39m: instruction
2024-07-21 18:54:49 [32minfo[39m: [{"storageInstruction":[],"cookingInstruction":[],"usageInstruction":[],"otherInstruction":[]}]
