2024-07-27 00:08:58 [31merror[39m: ingredient list
2024-07-27 00:08:58 [32minfo[39m: []
2024-07-27 00:08:58 [31merror[39m: marketing
2024-07-27 00:08:58 [32minfo[39m: []
2024-07-27 00:08:58 [31merror[39m: instruction
2024-07-27 00:08:58 [32minfo[39m: []
2024-07-27 00:13:03 [31merror[39m: ingredient list
2024-07-27 00:13:03 [32minfo[39m: []
2024-07-27 00:13:03 [31merror[39m: marketing
2024-07-27 00:13:03 [32minfo[39m: []
2024-07-27 00:13:03 [31merror[39m: instruction
2024-07-27 00:13:03 [32minfo[39m: []
2024-07-27 00:13:06 [31merror[39m: ingredient list
2024-07-27 00:13:06 [32minfo[39m: []
2024-07-27 00:13:06 [31merror[39m: marketing
2024-07-27 00:13:06 [32minfo[39m: []
2024-07-27 00:13:06 [31merror[39m: instruction
2024-07-27 00:13:06 [32minfo[39m: []
2024-07-27 00:14:44 [31merror[39m: ingredient list
2024-07-27 00:14:44 [32minfo[39m: []
2024-07-27 00:14:44 [31merror[39m: marketing
2024-07-27 00:14:44 [32minfo[39m: []
2024-07-27 00:14:44 [31merror[39m: instruction
2024-07-27 00:14:44 [32minfo[39m: []
2024-07-27 00:14:44 [31merror[39m: ingredient list
2024-07-27 00:14:44 [32minfo[39m: []
2024-07-27 00:14:44 [31merror[39m: marketing
2024-07-27 00:14:44 [32minfo[39m: []
2024-07-27 00:14:44 [31merror[39m: instruction
2024-07-27 00:14:44 [32minfo[39m: []
2024-07-27 00:15:21 [31merror[39m: ingredient list
2024-07-27 00:15:21 [32minfo[39m: []
2024-07-27 00:15:21 [31merror[39m: marketing
2024-07-27 00:15:21 [32minfo[39m: []
2024-07-27 00:15:21 [31merror[39m: instruction
2024-07-27 00:15:21 [32minfo[39m: []
2024-07-27 00:15:22 [31merror[39m: ingredient list
2024-07-27 00:15:22 [32minfo[39m: []
2024-07-27 00:15:22 [31merror[39m: marketing
2024-07-27 00:15:22 [32minfo[39m: []
2024-07-27 00:15:22 [31merror[39m: instruction
2024-07-27 00:15:22 [32minfo[39m: []
2024-07-27 00:17:11 [31merror[39m: ingredient list
2024-07-27 00:17:11 [32minfo[39m: []
2024-07-27 00:17:11 [31merror[39m: marketing
2024-07-27 00:17:11 [32minfo[39m: []
2024-07-27 00:17:11 [31merror[39m: instruction
2024-07-27 00:17:11 [32minfo[39m: []
2024-07-27 00:17:49 [31merror[39m: ingredient list
2024-07-27 00:17:49 [32minfo[39m: []
2024-07-27 00:17:49 [31merror[39m: marketing
2024-07-27 00:17:49 [32minfo[39m: []
2024-07-27 00:17:49 [31merror[39m: instruction
2024-07-27 00:17:49 [32minfo[39m: []
2024-07-27 00:20:52 [31merror[39m: ingredient list
2024-07-27 00:20:52 [32minfo[39m: []
2024-07-27 00:20:52 [31merror[39m: marketing
2024-07-27 00:20:52 [32minfo[39m: []
2024-07-27 00:20:52 [31merror[39m: instruction
2024-07-27 00:20:52 [32minfo[39m: []
2024-07-27 00:22:11 [31merror[39m: ingredient list
2024-07-27 00:22:11 [32minfo[39m: []
2024-07-27 00:22:11 [31merror[39m: marketing
2024-07-27 00:22:11 [32minfo[39m: []
2024-07-27 00:22:11 [31merror[39m: instruction
2024-07-27 00:22:11 [32minfo[39m: []
2024-07-27 00:24:25 [31merror[39m: ingredient list
2024-07-27 00:24:25 [32minfo[39m: []
2024-07-27 00:24:25 [31merror[39m: marketing
2024-07-27 00:24:25 [32minfo[39m: []
2024-07-27 00:24:25 [31merror[39m: instruction
2024-07-27 00:24:25 [32minfo[39m: []
2024-07-27 15:17:25 [31merror[39m: ingredient list
2024-07-27 15:17:25 [32minfo[39m: []
2024-07-27 15:17:25 [31merror[39m: marketing
2024-07-27 15:17:25 [32minfo[39m: []
2024-07-27 15:17:25 [31merror[39m: instruction
2024-07-27 15:17:25 [32minfo[39m: []
2024-07-27 15:18:04 [31merror[39m: ingredient list
2024-07-27 15:18:04 [32minfo[39m: []
2024-07-27 15:18:04 [31merror[39m: marketing
2024-07-27 15:18:04 [32minfo[39m: []
2024-07-27 15:18:04 [31merror[39m: instruction
2024-07-27 15:18:04 [32minfo[39m: []
2024-07-27 15:18:05 [31merror[39m: ingredient list
2024-07-27 15:18:05 [32minfo[39m: []
2024-07-27 15:18:05 [31merror[39m: marketing
2024-07-27 15:18:05 [32minfo[39m: []
2024-07-27 15:18:05 [31merror[39m: instruction
2024-07-27 15:18:05 [32minfo[39m: []
2024-07-27 15:38:04 [31merror[39m: ingredient list
2024-07-27 15:38:04 [32minfo[39m: []
2024-07-27 15:38:04 [31merror[39m: marketing
2024-07-27 15:38:04 [32minfo[39m: []
2024-07-27 15:38:04 [31merror[39m: instruction
2024-07-27 15:38:04 [32minfo[39m: []
2024-07-27 15:38:43 [31merror[39m: ingredient list
2024-07-27 15:38:43 [32minfo[39m: []
2024-07-27 15:38:43 [31merror[39m: marketing
2024-07-27 15:38:43 [32minfo[39m: []
2024-07-27 15:38:43 [31merror[39m: instruction
2024-07-27 15:38:43 [32minfo[39m: []
2024-07-27 15:40:22 [31merror[39m: ingredient list
2024-07-27 15:40:22 [32minfo[39m: []
2024-07-27 15:40:22 [31merror[39m: marketing
2024-07-27 15:40:22 [32minfo[39m: []
2024-07-27 15:40:22 [31merror[39m: instruction
2024-07-27 15:40:22 [32minfo[39m: []
2024-07-27 15:40:23 [31merror[39m: ingredient list
2024-07-27 15:40:23 [32minfo[39m: []
2024-07-27 15:40:23 [31merror[39m: marketing
2024-07-27 15:40:23 [32minfo[39m: []
2024-07-27 15:40:23 [31merror[39m: instruction
2024-07-27 15:40:23 [32minfo[39m: []
2024-07-27 15:42:34 [31merror[39m: ingredient list
2024-07-27 15:42:34 [32minfo[39m: []
2024-07-27 15:42:34 [31merror[39m: marketing
2024-07-27 15:42:34 [32minfo[39m: []
2024-07-27 15:42:34 [31merror[39m: instruction
2024-07-27 15:42:34 [32minfo[39m: []
2024-07-27 15:43:13 [31merror[39m: ingredient list
2024-07-27 15:43:13 [32minfo[39m: []
2024-07-27 15:43:13 [31merror[39m: marketing
2024-07-27 15:43:13 [32minfo[39m: []
2024-07-27 15:43:13 [31merror[39m: instruction
2024-07-27 15:43:13 [32minfo[39m: []
2024-07-27 15:43:36 [31merror[39m: ingredient list
2024-07-27 15:43:36 [32minfo[39m: []
2024-07-27 15:43:36 [31merror[39m: marketing
2024-07-27 15:43:36 [32minfo[39m: []
2024-07-27 15:43:36 [31merror[39m: instruction
2024-07-27 15:43:36 [32minfo[39m: []
2024-07-27 15:48:33 [31merror[39m: ingredient list
2024-07-27 15:48:33 [32minfo[39m: []
2024-07-27 15:48:33 [31merror[39m: marketing
2024-07-27 15:48:33 [32minfo[39m: []
2024-07-27 15:48:33 [31merror[39m: instruction
2024-07-27 15:48:33 [32minfo[39m: []
2024-07-27 15:49:12 [31merror[39m: ingredient list
2024-07-27 15:49:12 [32minfo[39m: []
2024-07-27 15:49:12 [31merror[39m: marketing
2024-07-27 15:49:12 [32minfo[39m: []
2024-07-27 15:49:12 [31merror[39m: instruction
2024-07-27 15:49:12 [32minfo[39m: []
2024-07-27 15:51:47 [31merror[39m: ingredient list
2024-07-27 15:51:47 [32minfo[39m: []
2024-07-27 15:51:47 [31merror[39m: marketing
2024-07-27 15:51:47 [32minfo[39m: []
2024-07-27 15:51:47 [31merror[39m: instruction
2024-07-27 15:51:47 [32minfo[39m: []
2024-07-27 15:51:48 [31merror[39m: ingredient list
2024-07-27 15:51:48 [32minfo[39m: []
2024-07-27 15:51:48 [31merror[39m: marketing
2024-07-27 15:51:48 [32minfo[39m: []
2024-07-27 15:51:48 [31merror[39m: instruction
2024-07-27 15:51:48 [32minfo[39m: []
2024-07-27 16:04:00 [31merror[39m: ingredient list
2024-07-27 16:04:00 [32minfo[39m: []
2024-07-27 16:04:00 [31merror[39m: marketing
2024-07-27 16:04:00 [32minfo[39m: []
2024-07-27 16:04:00 [31merror[39m: instruction
2024-07-27 16:04:00 [32minfo[39m: []
2024-07-27 16:10:34 [31merror[39m: ingredient list
2024-07-27 16:10:34 [32minfo[39m: []
2024-07-27 16:10:34 [31merror[39m: marketing
2024-07-27 16:10:34 [32minfo[39m: []
2024-07-27 16:10:34 [31merror[39m: instruction
2024-07-27 16:10:34 [32minfo[39m: []
2024-07-27 16:11:19 [31merror[39m: ingredient list
2024-07-27 16:11:19 [32minfo[39m: []
2024-07-27 16:11:19 [31merror[39m: marketing
2024-07-27 16:11:19 [32minfo[39m: []
2024-07-27 16:11:19 [31merror[39m: instruction
2024-07-27 16:11:19 [32minfo[39m: []
2024-07-27 16:15:19 [31merror[39m: ingredient list
2024-07-27 16:15:19 [32minfo[39m: []
2024-07-27 16:15:19 [31merror[39m: marketing
2024-07-27 16:15:19 [32minfo[39m: []
2024-07-27 16:15:19 [31merror[39m: instruction
2024-07-27 16:15:19 [32minfo[39m: []
2024-07-27 16:22:28 [31merror[39m: ingredient list
2024-07-27 16:22:28 [32minfo[39m: []
2024-07-27 16:22:28 [31merror[39m: marketing
2024-07-27 16:22:28 [32minfo[39m: []
2024-07-27 16:22:28 [31merror[39m: instruction
2024-07-27 16:22:28 [32minfo[39m: []
2024-07-27 16:25:10 [31merror[39m: ingredient list
2024-07-27 16:25:10 [32minfo[39m: []
2024-07-27 16:25:10 [31merror[39m: marketing
2024-07-27 16:25:10 [32minfo[39m: []
2024-07-27 16:25:10 [31merror[39m: instruction
2024-07-27 16:25:10 [32minfo[39m: []
2024-07-27 16:25:12 [31merror[39m: ingredient list
2024-07-27 16:25:12 [32minfo[39m: []
2024-07-27 16:25:12 [31merror[39m: marketing
2024-07-27 16:25:12 [32minfo[39m: []
2024-07-27 16:25:12 [31merror[39m: instruction
2024-07-27 16:25:12 [32minfo[39m: []
2024-07-27 16:28:57 [31merror[39m: ingredient list
2024-07-27 16:28:57 [32minfo[39m: []
2024-07-27 16:28:57 [31merror[39m: marketing
2024-07-27 16:28:57 [32minfo[39m: []
2024-07-27 16:28:57 [31merror[39m: instruction
2024-07-27 16:28:57 [32minfo[39m: []
2024-07-27 16:39:24 [31merror[39m: ingredient list
2024-07-27 16:39:24 [32minfo[39m: []
2024-07-27 16:39:24 [31merror[39m: marketing
2024-07-27 16:39:24 [32minfo[39m: []
2024-07-27 16:39:24 [31merror[39m: instruction
2024-07-27 16:39:24 [32minfo[39m: []
2024-07-27 16:41:02 [31merror[39m: ingredient list
2024-07-27 16:41:02 [32minfo[39m: []
2024-07-27 16:41:02 [31merror[39m: marketing
2024-07-27 16:41:02 [32minfo[39m: []
2024-07-27 16:41:02 [31merror[39m: instruction
2024-07-27 16:41:02 [32minfo[39m: []
2024-07-27 16:41:05 [31merror[39m: ingredient list
2024-07-27 16:41:05 [32minfo[39m: []
2024-07-27 16:41:05 [31merror[39m: marketing
2024-07-27 16:41:05 [32minfo[39m: []
2024-07-27 16:41:05 [31merror[39m: instruction
2024-07-27 16:41:05 [32minfo[39m: []
2024-07-27 16:41:58 [31merror[39m: ingredient list
2024-07-27 16:41:58 [32minfo[39m: []
2024-07-27 16:41:58 [31merror[39m: marketing
2024-07-27 16:41:58 [32minfo[39m: []
2024-07-27 16:41:58 [31merror[39m: instruction
2024-07-27 16:41:58 [32minfo[39m: []
2024-07-27 16:43:57 [31merror[39m: ingredient list
2024-07-27 16:43:57 [32minfo[39m: []
2024-07-27 16:43:57 [31merror[39m: marketing
2024-07-27 16:43:57 [32minfo[39m: []
2024-07-27 16:43:57 [31merror[39m: instruction
2024-07-27 16:43:57 [32minfo[39m: []
2024-07-27 16:44:02 [31merror[39m: ingredient list
2024-07-27 16:44:02 [32minfo[39m: []
2024-07-27 16:44:02 [31merror[39m: marketing
2024-07-27 16:44:02 [32minfo[39m: []
2024-07-27 16:44:02 [31merror[39m: instruction
2024-07-27 16:44:02 [32minfo[39m: []
2024-07-27 16:45:06 [31merror[39m: ingredient list
2024-07-27 16:45:06 [32minfo[39m: []
2024-07-27 16:45:06 [31merror[39m: marketing
2024-07-27 16:45:06 [32minfo[39m: []
2024-07-27 16:45:06 [31merror[39m: instruction
2024-07-27 16:45:06 [32minfo[39m: []
2024-07-27 16:57:33 [31merror[39m: ingredient list
2024-07-27 16:57:33 [32minfo[39m: []
2024-07-27 16:57:33 [31merror[39m: marketing
2024-07-27 16:57:33 [32minfo[39m: []
2024-07-27 16:57:33 [31merror[39m: instruction
2024-07-27 16:57:33 [32minfo[39m: []
2024-07-27 17:46:16 [31merror[39m: ingredient list
2024-07-27 17:46:16 [32minfo[39m: []
2024-07-27 17:46:16 [31merror[39m: marketing
2024-07-27 17:46:16 [32minfo[39m: []
2024-07-27 17:46:16 [31merror[39m: instruction
2024-07-27 17:46:16 [32minfo[39m: []
2024-07-27 20:21:04 [31merror[39m: ingredient list
2024-07-27 20:21:04 [32minfo[39m: []
2024-07-27 20:21:04 [31merror[39m: marketing
2024-07-27 20:21:04 [32minfo[39m: []
2024-07-27 20:21:04 [31merror[39m: instruction
2024-07-27 20:21:04 [32minfo[39m: []
2024-07-27 20:23:32 [31merror[39m: ingredient list
2024-07-27 20:23:32 [32minfo[39m: [{"productType":"nutrition facts","ingredientPrefix":"ingredients:","ingredientStatement":"GLUTEN - FREE FLOUR BLEND ( brown rice flour , oat flour , white rice flour , tapioca starch , xanthan gum ) / CANE SUGAR / CHOCOLATE CHIPS ( sugar , chocolate liquor , cocoa butter , soy lecithin , vanilla ) / LIGHT BROWN SUGAR / MOLASSES POWDER / SALT / BAKING POWDER ( sodium acid pyrophosphate , sodium bicarbonate , corn starch , monocalcium phosphate ) / BAKING SODA / NATURAL FLAVOR","ingredientBreakdown":"GLUTEN - FREE FLOUR BLEND ( brown rice flour , oat flour , white rice flour , tapioca starch , xanthan gum ) / CANE SUGAR / CHOCOLATE CHIPS ( sugar , chocolate liquor , cocoa butter , soy lecithin , vanilla ) / LIGHT BROWN SUGAR / MOLASSES POWDER / SALT / BAKING POWDER ( sodium acid pyrophosphate , sodium bicarbonate , corn starch , monocalcium phosphate ) / BAKING SODA / NATURAL FLAVOR","liveAndActiveCulturesStatement":"unknown","liveAndActiveCulturesBreakdown":"unknown"}]
2024-07-27 20:23:32 [31merror[39m: marketing
2024-07-27 20:23:32 [32minfo[39m: [{"haveQrCode":"no","instagram":"yes","pinterest":"yes","youtube":"yes","youtubeType":"type_2","facebook":"yes","twitter":"yes","socialMediaList":"instagram, pinterest, youtube, facebook, twitter","website":"missjones.co","socialMediaText":"@MISSJONESBAKES","enlargedToShow":"yes"}]
2024-07-27 20:23:32 [31merror[39m: instruction
2024-07-27 20:23:32 [32minfo[39m: []
2024-07-27 20:39:42 [31merror[39m: ingredient list
2024-07-27 20:39:42 [32minfo[39m: [{"productType":"nutrition facts","ingredientPrefix":"ingredients:","ingredientStatement":"GLUTEN - FREE FLOUR BLEND ( brown rice flour , oat flour , white rice flour , tapioca starch , xanthan gum ) / CANE SUGAR / CHOCOLATE CHIPS ( sugar , chocolate liquor , cocoa butter , soy lecithin , vanilla ) / LIGHT BROWN SUGAR / MOLASSES POWDER / SALT / BAKING POWDER ( sodium acid pyrophosphate , sodium bicarbonate , corn starch , monocalcium phosphate ) / BAKING SODA / NATURAL FLAVOR","ingredientBreakdown":"GLUTEN - FREE FLOUR BLEND ( brown rice flour , oat flour , white rice flour , tapioca starch , xanthan gum ) / CANE SUGAR / CHOCOLATE CHIPS ( sugar , chocolate liquor , cocoa butter , soy lecithin , vanilla ) / LIGHT BROWN SUGAR / MOLASSES POWDER / SALT / BAKING POWDER ( sodium acid pyrophosphate , sodium bicarbonate , corn starch , monocalcium phosphate ) / BAKING SODA / NATURAL FLAVOR","liveAndActiveCulturesStatement":"unknown","liveAndActiveCulturesBreakdown":"unknown"}]
2024-07-27 20:39:42 [31merror[39m: marketing
2024-07-27 20:39:42 [32minfo[39m: [{"haveQrCode":"no","instagram":"yes","pinterest":"yes","youtube":"yes","youtubeType":"type_2","facebook":"yes","twitter":"yes","socialMediaList":"instagram, pinterest, youtube, facebook, twitter","website":"missjones.co","socialMediaText":"@MISSJONESBAKES","enlargedToShow":"yes"}]
2024-07-27 20:39:42 [31merror[39m: instruction
2024-07-27 20:39:42 [32minfo[39m: []
2024-07-27 20:59:59 [31merror[39m: ingredient list
2024-07-27 20:59:59 [32minfo[39m: [{"productType":"nutrition facts","ingredientPrefix":"ingredients:","ingredientStatement":"GLUTEN - FREE FLOUR BLEND ( brown rice flour , oat flour , white rice flour , tapioca starch , xanthan gum ) / CANE SUGAR / CHOCOLATE CHIPS ( sugar , chocolate liquor , cocoa butter , soy lecithin , vanilla ) / LIGHT BROWN SUGAR / MOLASSES POWDER / SALT / BAKING POWDER ( sodium acid pyrophosphate , sodium bicarbonate , corn starch , monocalcium phosphate ) / BAKING SODA / NATURAL FLAVOR","ingredientBreakdown":"GLUTEN - FREE FLOUR BLEND ( brown rice flour , oat flour , white rice flour , tapioca starch , xanthan gum ) / CANE SUGAR / CHOCOLATE CHIPS ( sugar , chocolate liquor , cocoa butter , soy lecithin , vanilla ) / LIGHT BROWN SUGAR / MOLASSES POWDER / SALT / BAKING POWDER ( sodium acid pyrophosphate , sodium bicarbonate , corn starch , monocalcium phosphate ) / BAKING SODA / NATURAL FLAVOR","liveAndActiveCulturesStatement":"unknown","liveAndActiveCulturesBreakdown":"unknown"}]
2024-07-27 20:59:59 [31merror[39m: marketing
2024-07-27 20:59:59 [32minfo[39m: [{"haveQrCode":"no","instagram":"yes","pinterest":"yes","youtube":"yes","youtubeType":"type_2","facebook":"yes","twitter":"yes","socialMediaList":"instagram, pinterest, youtube, facebook, twitter","website":"missjones.co","socialMediaText":"@MISSJONESBAKES","enlargedToShow":"yes"}]
2024-07-27 20:59:59 [31merror[39m: instruction
2024-07-27 20:59:59 [32minfo[39m: {"cookingInstruction":[{"recipes":[{"recipe name":null,"recipe ingredient list":null,"cooking steps":["Preheat the oven to 350F.","Grease a baking pan or line with parchment paper.","Beat together the softened butter and egg in a large bowl using a mixer on medium-low speed (if you aren't using a mixer, use a whisk for this part).","Add the cookie mix to the bowl and beat on medium-low speed until dough starts to come together.","If you aren't using a mixer, use a spatula to fully combine ingredients.","Get your hands in the mix to form balls of dough, if needed.","Drop cookie dough by the rounded tablespoon onto the baking sheet, leaving about 2\" between cookies.","Bake at 350F for 8-9 minutes for mini cookies, 9-12 minutes for regular cookies, or 12-14 minutes for giant cookies or until cookies no longer appear wet (do not overbake)."]}],"all other text or paragraph about cooking info":["Note: There are three ways you can make our cookies: using a stand mixer, using a hand mixer, or using a bowl and spatula... whatever is easiest for you!"]}],"storageInstruction":{"storage instructions":[]},"usageInstruction":{"usage instruction name":null,"usage instructions":[]},"informationInstruction":{"information instructions":["Satisfaction Guaranteed!","If you don't love our products, we'll refund your purchase.","Contact us at support@missjones.co."]}}
2024-07-27 21:02:17 [31merror[39m: ingredient list
2024-07-27 21:02:17 [32minfo[39m: [{"productType":"nutrition facts","ingredientPrefix":"ingredients:","ingredientStatement":"GLUTEN - FREE FLOUR BLEND ( brown rice flour , oat flour , white rice flour , tapioca starch , xanthan gum ) / CANE SUGAR / CHOCOLATE CHIPS ( sugar , chocolate liquor , cocoa butter , soy lecithin , vanilla ) / LIGHT BROWN SUGAR / MOLASSES POWDER / SALT / BAKING POWDER ( sodium acid pyrophosphate , sodium bicarbonate , corn starch , monocalcium phosphate ) / BAKING SODA / NATURAL FLAVOR","ingredientBreakdown":"GLUTEN - FREE FLOUR BLEND ( brown rice flour , oat flour , white rice flour , tapioca starch , xanthan gum ) / CANE SUGAR / CHOCOLATE CHIPS ( sugar , chocolate liquor , cocoa butter , soy lecithin , vanilla ) / LIGHT BROWN SUGAR / MOLASSES POWDER / SALT / BAKING POWDER ( sodium acid pyrophosphate , sodium bicarbonate , corn starch , monocalcium phosphate ) / BAKING SODA / NATURAL FLAVOR","liveAndActiveCulturesStatement":"","liveAndActiveCulturesBreakdown":""}]
2024-07-27 21:02:17 [31merror[39m: marketing
2024-07-27 21:02:17 [32minfo[39m: [{"haveQrCode":"no","instagram":"yes","pinterest":"yes","youtube":"yes","youtubeType":"type_2","facebook":"yes","twitter":"yes","socialMediaList":"instagram, pinterest, youtube, facebook, twitter","website":"missjones.co","socialMediaText":"@MISSJONESBAKES","enlargedToShow":"yes"}]
2024-07-27 21:02:17 [31merror[39m: instruction
2024-07-27 21:02:17 [32minfo[39m: {"cookingInstruction":[{"recipes":[{"recipe name":null,"recipe ingredient list":null,"cooking steps":["Preheat the oven to 350F.","Grease a baking pan or line with parchment paper.","Beat together the softened butter and egg in a large bowl using a mixer on medium-low speed (if you aren't using a mixer, use a whisk for this part).","Add the cookie mix to the bowl and beat on medium-low speed until dough starts to come together.","If you aren't using a mixer, use a spatula to fully combine ingredients.","Get your hands in the mix to form balls of dough, if needed.","Drop cookie dough by the rounded tablespoon onto the baking sheet, leaving about 2\" between cookies.","Bake at 350F for 8-9 minutes for mini cookies, 9-12 minutes for regular cookies, or 12-14 minutes for giant cookies or until cookies no longer appear wet (do not overbake)."]}],"all other text or paragraph about cooking info":["Note: There are three ways you can make our cookies: using a stand mixer, using a hand mixer, or using a bowl and spatula... whatever is easiest for you!"]}],"storageInstruction":{"storage instructions":[]},"usageInstruction":{"usage instruction name":null,"usage instructions":[]},"informationInstruction":{"information instructions":["Do not eat raw dough"]}}
2024-07-27 22:43:38 [31merror[39m: ingredient list
2024-07-27 22:43:38 [32minfo[39m: [{"productType":"nutrition facts","ingredientPrefix":"ingredients:","ingredientStatement":"GLUTEN - FREE FLOUR BLEND ( brown rice flour , oat flour , white rice flour , tapioca starch , xanthan gum )/CANE SUGAR/CHOCOLATE CHIPS ( sugar , chocolate liquor , cocoa butter , soy lecithin , vanilla )/LIGHT BROWN SUGAR/MOLASSES POWDER/SALT/BAKING POWDER ( sodium acid pyrophosphate , sodium bicarbonate , corn starch , monocalcium phosphate )/BAKING SODA/NATURAL FLAVOR","ingredientBreakdown":"GLUTEN - FREE FLOUR BLEND ( brown rice flour , oat flour , white rice flour , tapioca starch , xanthan gum )/CANE SUGAR/CHOCOLATE CHIPS ( sugar , chocolate liquor , cocoa butter , soy lecithin , vanilla )/LIGHT BROWN SUGAR/MOLASSES POWDER/SALT/BAKING POWDER ( sodium acid pyrophosphate , sodium bicarbonate , corn starch , monocalcium phosphate )/BAKING SODA/NATURAL FLAVOR","liveAndActiveCulturesStatement":"","liveAndActiveCulturesBreakdown":""}]
2024-07-27 22:43:38 [31merror[39m: marketing
2024-07-27 22:43:38 [32minfo[39m: [{"haveQrCode":"no","instagram":"yes","pinterest":"yes","youtube":"yes","youtubeType":"type_2","facebook":"yes","twitter":"yes","socialMediaList":"instagram, pinterest, youtube, facebook, twitter","website":"missjones.co","socialMediaText":"@MISSJONESBAKES","enlargedToShow":"yes"}]
2024-07-27 22:43:38 [31merror[39m: instruction
2024-07-27 22:43:38 [32minfo[39m: {"cookingInstruction":[{"recipes":[{"recipe name":null,"recipe ingredient list":null,"cooking steps":["Preheat the oven to 350F.","Grease a baking pan or line with parchment paper.","Beat together the softened butter and egg in a large bowl using a mixer on medium-low speed (if you aren't using a mixer, use a whisk for this part).","Add the cookie mix to the bowl and beat on medium-low speed until dough starts to come together.","If you aren't using a mixer, use a spatula to fully combine ingredients.","Get your hands in the mix to form balls of dough, if needed.","Drop cookie dough by the rounded tablespoon onto the baking sheet, leaving about 2\" between cookies.","Bake at 350F for 8-9 minutes for mini cookies, 9-12 minutes for regular cookies, or 12-14 minutes for giant cookies or until cookies no longer appear wet (do not overbake)."]}],"all other text or paragraph about cooking info":["Note: There are three ways you can make our cookies: using a stand mixer, using a hand mixer, or using a bowl and spatula... whatever is easiest for you!"]}],"storageInstruction":{"storage instructions":[]},"usageInstruction":{"usage instructions":[]},"informationInstruction":{"information instructions":["Satisfaction Guaranteed!","If you don't love our products, we'll refund your purchase.","Contact us at support@missjones.co."]}}
2024-07-27 23:10:21 [31merror[39m: ingredient list
2024-07-27 23:10:21 [32minfo[39m: [{"productType":"nutrition facts","ingredientPrefix":"ingredients:","ingredientStatement":"GLUTEN - FREE FLOUR BLEND ( brown rice flour , oat flour , white rice flour , tapioca starch , xanthan gum )/CANE SUGAR/CHOCOLATE CHIPS ( sugar , chocolate liquor , cocoa butter , soy lecithin , vanilla )/LIGHT BROWN SUGAR/MOLASSES POWDER/SALT/BAKING POWDER ( sodium acid pyrophosphate , sodium bicarbonate , corn starch , monocalcium phosphate )/BAKING SODA/NATURAL FLAVOR","ingredientBreakdown":"GLUTEN - FREE FLOUR BLEND ( brown rice flour , oat flour , white rice flour , tapioca starch , xanthan gum )/CANE SUGAR/CHOCOLATE CHIPS ( sugar , chocolate liquor , cocoa butter , soy lecithin , vanilla )/LIGHT BROWN SUGAR/MOLASSES POWDER/SALT/BAKING POWDER ( sodium acid pyrophosphate , sodium bicarbonate , corn starch , monocalcium phosphate )/BAKING SODA/NATURAL FLAVOR","liveAndActiveCulturesStatement":"","liveAndActiveCulturesBreakdown":""}]
2024-07-27 23:10:21 [31merror[39m: marketing
2024-07-27 23:10:21 [32minfo[39m: [{"haveQrCode":"no","instagram":"yes","pinterest":"yes","youtube":"yes","youtubeType":"type_2","facebook":"yes","twitter":"yes","socialMediaList":"instagram, pinterest, youtube, facebook, twitter","website":"missjones.co","socialMediaText":"@MISSJONESBAKES","enlargedToShow":"yes"}]
2024-07-27 23:10:21 [31merror[39m: instruction
2024-07-27 23:10:21 [32minfo[39m: {"cookingInstruction":[{"recipes":[{"recipe name":null,"recipe ingredient list":null,"cooking steps":["Preheat the oven to 350F.","Grease a baking pan or line with parchment paper.","Beat together the softened butter and egg in a large bowl using a mixer on medium-low speed (if you aren't using a mixer, use a whisk for this part).","Add the cookie mix to the bowl and beat on medium-low speed until dough starts to come together.","If you aren't using a mixer, use a spatula to fully combine ingredients.","Get your hands in the mix to form balls of dough, if needed.","Drop cookie dough by the rounded tablespoon onto the baking sheet, leaving about 2\" between cookies.","Bake at 350F for 8-9 minutes for mini cookies, 9-12 minutes for regular cookies, or 12-14 minutes for giant cookies or until cookies no longer appear wet (do not overbake)."]}],"all other text or paragraph about cooking info":["Note: There are three ways you can make our cookies: using a stand mixer, using a hand mixer, or using a bowl and spatula... whatever is easiest for you!"]}],"storageInstruction":{"storage instructions":[]},"usageInstruction":{"usage instructions":[]},"informationInstruction":{"information instructions":["Satisfaction Guaranteed!","If you don't love our products, we'll refund your purchase.","Contact us at support@missjones.co."]}}
2024-07-27 23:12:08 [31merror[39m: ingredient list
2024-07-27 23:12:08 [32minfo[39m: [{"productType":"nutrition facts","ingredientPrefix":"ingredients:","ingredientStatement":"GLUTEN - FREE FLOUR BLEND ( brown rice flour , oat flour , white rice flour , tapioca starch , xanthan gum )/CANE SUGAR/CHOCOLATE CHIPS ( sugar , chocolate liquor , cocoa butter , soy lecithin , vanilla )/LIGHT BROWN SUGAR/MOLASSES POWDER/SALT/BAKING POWDER ( sodium acid pyrophosphate , sodium bicarbonate , corn starch , monocalcium phosphate )/BAKING SODA/NATURAL FLAVOR","ingredientBreakdown":"GLUTEN - FREE FLOUR BLEND ( brown rice flour , oat flour , white rice flour , tapioca starch , xanthan gum )/CANE SUGAR/CHOCOLATE CHIPS ( sugar , chocolate liquor , cocoa butter , soy lecithin , vanilla )/LIGHT BROWN SUGAR/MOLASSES POWDER/SALT/BAKING POWDER ( sodium acid pyrophosphate , sodium bicarbonate , corn starch , monocalcium phosphate )/BAKING SODA/NATURAL FLAVOR","liveAndActiveCulturesStatement":"","liveAndActiveCulturesBreakdown":""}]
2024-07-27 23:12:08 [31merror[39m: marketing
2024-07-27 23:12:08 [32minfo[39m: [{"haveQrCode":"no","instagram":"yes","pinterest":"yes","youtube":"yes","youtubeType":"type_2","facebook":"yes","twitter":"yes","socialMediaList":"instagram, pinterest, youtube, facebook, twitter","website":"missjones.co","socialMediaText":"@MISSJONESBAKES","enlargedToShow":"yes"}]
2024-07-27 23:12:08 [31merror[39m: instruction
2024-07-27 23:12:08 [32minfo[39m: {"cookingInstruction":[{"recipes":[{"recipe name":null,"recipe ingredient list":null,"cooking steps":["Preheat the oven to 350F.","Grease a baking pan or line with parchment paper.","Beat together the softened butter and egg in a large bowl using a mixer on medium-low speed (if you aren't using a mixer, use a whisk for this part).","Add the cookie mix to the bowl and beat on medium-low speed until dough starts to come together.","If you aren't using a mixer, use a spatula to fully combine ingredients.","Get your hands in the mix to form balls of dough, if needed.","Drop cookie dough by the rounded tablespoon onto the baking sheet, leaving about 2\" between cookies.","Bake at 350F for 8-9 minutes for mini cookies, 9-12 minutes for regular cookies, or 12-14 minutes for giant cookies or until cookies no longer appear wet (do not overbake)."]}],"all other text or paragraph about cooking info":["Note: There are three ways you can make our cookies: using a stand mixer, using a hand mixer, or using a bowl and spatula... whatever is easiest for you!"]}],"storageInstruction":{"storage instructions":[]},"usageInstruction":{"usage instructions":[]},"informationInstruction":{"information instructions":["Satisfaction Guaranteed!","If you don't love our products, we'll refund your purchase.","Contact us at support@missjones.co."]}}
2024-07-27 23:17:11 [31merror[39m: ingredient list
2024-07-27 23:17:11 [32minfo[39m: [{"productType":"nutrition facts","ingredientPrefix":"Ingredients:","ingredientStatement":"Brown Rice Flour, Tapioca Starch, White Rice Flour, Potato Starch, Sorghum Flour, Arrowroot Starch, Guar Gum, Sweet Rice Flour, Rice Bran","ingredientBreakdown":"Brown Rice Flour/Tapioca Starch/White Rice Flour/Potato Starch/Sorghum Flour/Arrowroot Starch/Guar Gum/Sweet Rice Flour/Rice Bran","liveAndActiveCulturesStatement":"unknown","liveAndActiveCulturesBreakdown":"unknown"}]
2024-07-27 23:17:11 [31merror[39m: marketing
2024-07-27 23:17:11 [32minfo[39m: [{"haveQrCode":"no","instagram":"yes","pinterest":"no","youtube":"yes","youtubeType":"type_1","facebook":"yes","twitter":"yes","socialMediaList":"instagram/youtube/facebook/twitter","website":"pamelasproducts.com, terracycle.com","socialMediaText":"@pamelasproducts","enlargedToShow":"no"}]
2024-07-27 23:17:59 [31merror[39m: ingredient list
2024-07-27 23:17:59 [32minfo[39m: [{"productType":"nutrition facts","ingredientPrefix":"Ingredients:","ingredientStatement":"Brown Rice Flour, Tapioca Starch, White Rice Flour, Potato Starch, Sorghum Flour, Arrowroot Starch, Guar Gum, Sweet Rice Flour, Rice Bran","ingredientBreakdown":"Brown Rice Flour/Tapioca Starch/White Rice Flour/Potato Starch/Sorghum Flour/Arrowroot Starch/Guar Gum/Sweet Rice Flour/Rice Bran","liveAndActiveCulturesStatement":"unknown","liveAndActiveCulturesBreakdown":"unknown"}]
2024-07-27 23:17:59 [31merror[39m: marketing
2024-07-27 23:17:59 [32minfo[39m: [{"haveQrCode":"no","instagram":"yes","pinterest":"no","youtube":"yes","youtubeType":"type_1","facebook":"yes","twitter":"yes","socialMediaList":"instagram/youtube/facebook/twitter","website":"pamelasproducts.com, terracycle.com","socialMediaText":"@pamelasproducts","enlargedToShow":"no"}]
2024-07-27 23:18:01 [31merror[39m: ingredient list
2024-07-27 23:18:01 [32minfo[39m: [{"productType":"nutrition facts","ingredientPrefix":"Ingredients:","ingredientStatement":"Brown Rice Flour, Tapioca Starch, White Rice Flour, Potato Starch, Sorghum Flour, Arrowroot Starch, Guar Gum, Sweet Rice Flour, Rice Bran","ingredientBreakdown":"Brown Rice Flour/Tapioca Starch/White Rice Flour/Potato Starch/Sorghum Flour/Arrowroot Starch/Guar Gum/Sweet Rice Flour/Rice Bran","liveAndActiveCulturesStatement":"unknown","liveAndActiveCulturesBreakdown":"unknown"}]
2024-07-27 23:18:01 [31merror[39m: marketing
2024-07-27 23:18:01 [32minfo[39m: [{"haveQrCode":"no","instagram":"yes","pinterest":"no","youtube":"yes","youtubeType":"type_1","facebook":"yes","twitter":"yes","socialMediaList":"instagram/youtube/facebook/twitter","website":"pamelasproducts.com, terracycle.com","socialMediaText":"@pamelasproducts","enlargedToShow":"no"}]
2024-07-27 23:21:57 [31merror[39m: ingredient list
2024-07-27 23:21:57 [32minfo[39m: [{"productType":"nutrition facts","ingredientPrefix":"Ingredients:","ingredientStatement":"Brown Rice Flour, Tapioca Starch, White Rice Flour, Potato Starch, Sorghum Flour, Arrowroot Starch, Guar Gum, Sweet Rice Flour, Rice Bran","ingredientBreakdown":"Brown Rice Flour/Tapioca Starch/White Rice Flour/Potato Starch/Sorghum Flour/Arrowroot Starch/Guar Gum/Sweet Rice Flour/Rice Bran","liveAndActiveCulturesStatement":"unknown","liveAndActiveCulturesBreakdown":"unknown"}]
2024-07-27 23:21:57 [31merror[39m: marketing
2024-07-27 23:21:57 [32minfo[39m: [{"haveQrCode":"no","instagram":"yes","pinterest":"no","youtube":"yes","youtubeType":"type_1","facebook":"yes","twitter":"yes","socialMediaList":"instagram/youtube/facebook/twitter","website":"pamelasproducts.com, terracycle.com","socialMediaText":"@pamelasproducts","enlargedToShow":"no"}]
2024-07-27 23:22:01 [31merror[39m: ingredient list
2024-07-27 23:22:01 [32minfo[39m: [{"productType":"nutrition facts","ingredientPrefix":"Ingredients:","ingredientStatement":"Brown Rice Flour, Tapioca Starch, White Rice Flour, Potato Starch, Sorghum Flour, Arrowroot Starch, Guar Gum, Sweet Rice Flour, Rice Bran","ingredientBreakdown":"Brown Rice Flour/Tapioca Starch/White Rice Flour/Potato Starch/Sorghum Flour/Arrowroot Starch/Guar Gum/Sweet Rice Flour/Rice Bran","liveAndActiveCulturesStatement":"unknown","liveAndActiveCulturesBreakdown":"unknown"}]
2024-07-27 23:22:01 [31merror[39m: marketing
2024-07-27 23:22:01 [32minfo[39m: [{"haveQrCode":"no","instagram":"yes","pinterest":"no","youtube":"yes","youtubeType":"type_1","facebook":"yes","twitter":"yes","socialMediaList":"instagram/youtube/facebook/twitter","website":"pamelasproducts.com, terracycle.com","socialMediaText":"@pamelasproducts","enlargedToShow":"no"}]
2024-07-27 23:28:39 [31merror[39m: ingredient list
2024-07-27 23:28:39 [32minfo[39m: [{"productType":"nutrition facts","ingredientPrefix":"Ingredients:","ingredientStatement":"Brown Rice Flour, Tapioca Starch, White Rice Flour, Potato Starch, Sorghum Flour, Arrowroot Starch, Guar Gum, Sweet Rice Flour, Rice Bran","ingredientBreakdown":"Brown Rice Flour/Tapioca Starch/White Rice Flour/Potato Starch/Sorghum Flour/Arrowroot Starch/Guar Gum/Sweet Rice Flour/Rice Bran","liveAndActiveCulturesStatement":"unknown","liveAndActiveCulturesBreakdown":"unknown"}]
2024-07-27 23:28:39 [31merror[39m: marketing
2024-07-27 23:28:39 [32minfo[39m: [{"haveQrCode":"no","instagram":"yes","pinterest":"no","youtube":"yes","youtubeType":"type_1","facebook":"yes","twitter":"yes","socialMediaList":"instagram/youtube/facebook/twitter","website":"pamelasproducts.com, terracycle.com","socialMediaText":"@pamelasproducts","enlargedToShow":"no"}]
2024-07-27 23:28:40 [31merror[39m: ingredient list
2024-07-27 23:28:40 [32minfo[39m: [{"productType":"nutrition facts","ingredientPrefix":"Ingredients:","ingredientStatement":"Brown Rice Flour, Tapioca Starch, White Rice Flour, Potato Starch, Sorghum Flour, Arrowroot Starch, Guar Gum, Sweet Rice Flour, Rice Bran","ingredientBreakdown":"Brown Rice Flour/Tapioca Starch/White Rice Flour/Potato Starch/Sorghum Flour/Arrowroot Starch/Guar Gum/Sweet Rice Flour/Rice Bran","liveAndActiveCulturesStatement":"unknown","liveAndActiveCulturesBreakdown":"unknown"}]
2024-07-27 23:28:40 [31merror[39m: marketing
2024-07-27 23:28:40 [32minfo[39m: [{"haveQrCode":"no","instagram":"yes","pinterest":"no","youtube":"yes","youtubeType":"type_1","facebook":"yes","twitter":"yes","socialMediaList":"instagram/youtube/facebook/twitter","website":"pamelasproducts.com, terracycle.com","socialMediaText":"@pamelasproducts","enlargedToShow":"no"}]
2024-07-27 23:30:17 [31merror[39m: ingredient list
2024-07-27 23:30:17 [32minfo[39m: [{"productType":"nutrition facts","ingredientPrefix":"Ingredients:","ingredientStatement":"Brown Rice Flour, Tapioca Starch, White Rice Flour, Potato Starch, Sorghum Flour, Arrowroot Starch, Guar Gum, Sweet Rice Flour, Rice Bran","ingredientBreakdown":"Brown Rice Flour/Tapioca Starch/White Rice Flour/Potato Starch/Sorghum Flour/Arrowroot Starch/Guar Gum/Sweet Rice Flour/Rice Bran","liveAndActiveCulturesStatement":"unknown","liveAndActiveCulturesBreakdown":"unknown"}]
2024-07-27 23:30:17 [31merror[39m: marketing
2024-07-27 23:30:17 [32minfo[39m: [{"haveQrCode":"no","instagram":"yes","pinterest":"no","youtube":"yes","youtubeType":"type_1","facebook":"yes","twitter":"yes","socialMediaList":"instagram/youtube/facebook/twitter","website":"pamelasproducts.com, terracycle.com","socialMediaText":"@pamelasproducts","enlargedToShow":"no"}]
2024-07-27 23:30:21 [31merror[39m: ingredient list
2024-07-27 23:30:21 [32minfo[39m: [{"productType":"nutrition facts","ingredientPrefix":"Ingredients:","ingredientStatement":"Brown Rice Flour, Tapioca Starch, White Rice Flour, Potato Starch, Sorghum Flour, Arrowroot Starch, Guar Gum, Sweet Rice Flour, Rice Bran","ingredientBreakdown":"Brown Rice Flour/Tapioca Starch/White Rice Flour/Potato Starch/Sorghum Flour/Arrowroot Starch/Guar Gum/Sweet Rice Flour/Rice Bran","liveAndActiveCulturesStatement":"unknown","liveAndActiveCulturesBreakdown":"unknown"}]
2024-07-27 23:30:21 [31merror[39m: marketing
2024-07-27 23:30:21 [32minfo[39m: [{"haveQrCode":"no","instagram":"yes","pinterest":"no","youtube":"yes","youtubeType":"type_1","facebook":"yes","twitter":"yes","socialMediaList":"instagram/youtube/facebook/twitter","website":"pamelasproducts.com, terracycle.com","socialMediaText":"@pamelasproducts","enlargedToShow":"no"}]
2024-07-27 23:30:28 [31merror[39m: ingredient list
2024-07-27 23:30:28 [32minfo[39m: [{"productType":"nutrition facts","ingredientPrefix":"Ingredients:","ingredientStatement":"Brown Rice Flour, Tapioca Starch, White Rice Flour, Potato Starch, Sorghum Flour, Arrowroot Starch, Guar Gum, Sweet Rice Flour, Rice Bran","ingredientBreakdown":"Brown Rice Flour/Tapioca Starch/White Rice Flour/Potato Starch/Sorghum Flour/Arrowroot Starch/Guar Gum/Sweet Rice Flour/Rice Bran","liveAndActiveCulturesStatement":"unknown","liveAndActiveCulturesBreakdown":"unknown"}]
2024-07-27 23:30:28 [31merror[39m: marketing
2024-07-27 23:30:28 [32minfo[39m: [{"haveQrCode":"no","instagram":"yes","pinterest":"no","youtube":"yes","youtubeType":"type_1","facebook":"yes","twitter":"yes","socialMediaList":"instagram/youtube/facebook/twitter","website":"pamelasproducts.com, terracycle.com","socialMediaText":"@pamelasproducts","enlargedToShow":"no"}]
2024-07-27 23:30:29 [31merror[39m: ingredient list
2024-07-27 23:30:29 [32minfo[39m: [{"productType":"nutrition facts","ingredientPrefix":"Ingredients:","ingredientStatement":"Brown Rice Flour, Tapioca Starch, White Rice Flour, Potato Starch, Sorghum Flour, Arrowroot Starch, Guar Gum, Sweet Rice Flour, Rice Bran","ingredientBreakdown":"Brown Rice Flour/Tapioca Starch/White Rice Flour/Potato Starch/Sorghum Flour/Arrowroot Starch/Guar Gum/Sweet Rice Flour/Rice Bran","liveAndActiveCulturesStatement":"unknown","liveAndActiveCulturesBreakdown":"unknown"}]
2024-07-27 23:30:29 [31merror[39m: marketing
2024-07-27 23:30:29 [32minfo[39m: [{"haveQrCode":"no","instagram":"yes","pinterest":"no","youtube":"yes","youtubeType":"type_1","facebook":"yes","twitter":"yes","socialMediaList":"instagram/youtube/facebook/twitter","website":"pamelasproducts.com, terracycle.com","socialMediaText":"@pamelasproducts","enlargedToShow":"no"}]
2024-07-27 23:32:32 [31merror[39m: ingredient list
2024-07-27 23:32:32 [32minfo[39m: [{"productType":"nutrition facts","ingredientPrefix":"Ingredients:","ingredientStatement":"Brown Rice Flour, Tapioca Starch, White Rice Flour, Potato Starch, Sorghum Flour, Arrowroot Starch, Guar Gum, Sweet Rice Flour, Rice Bran","ingredientBreakdown":"Brown Rice Flour/Tapioca Starch/White Rice Flour/Potato Starch/Sorghum Flour/Arrowroot Starch/Guar Gum/Sweet Rice Flour/Rice Bran","liveAndActiveCulturesStatement":"unknown","liveAndActiveCulturesBreakdown":"unknown"}]
2024-07-27 23:32:32 [31merror[39m: marketing
2024-07-27 23:32:32 [32minfo[39m: [{"haveQrCode":"no","instagram":"yes","pinterest":"no","youtube":"yes","youtubeType":"type_1","facebook":"yes","twitter":"yes","socialMediaList":"instagram/youtube/facebook/twitter","website":"pamelasproducts.com, terracycle.com","socialMediaText":"@pamelasproducts","enlargedToShow":"no"}]
2024-07-27 23:32:36 [31merror[39m: ingredient list
2024-07-27 23:32:36 [32minfo[39m: [{"productType":"nutrition facts","ingredientPrefix":"Ingredients:","ingredientStatement":"Brown Rice Flour, Tapioca Starch, White Rice Flour, Potato Starch, Sorghum Flour, Arrowroot Starch, Guar Gum, Sweet Rice Flour, Rice Bran","ingredientBreakdown":"Brown Rice Flour/Tapioca Starch/White Rice Flour/Potato Starch/Sorghum Flour/Arrowroot Starch/Guar Gum/Sweet Rice Flour/Rice Bran","liveAndActiveCulturesStatement":"unknown","liveAndActiveCulturesBreakdown":"unknown"}]
2024-07-27 23:32:36 [31merror[39m: marketing
2024-07-27 23:32:36 [32minfo[39m: [{"haveQrCode":"no","instagram":"yes","pinterest":"no","youtube":"yes","youtubeType":"type_1","facebook":"yes","twitter":"yes","socialMediaList":"instagram/youtube/facebook/twitter","website":"pamelasproducts.com, terracycle.com","socialMediaText":"@pamelasproducts","enlargedToShow":"no"}]
2024-07-27 23:32:45 [31merror[39m: ingredient list
2024-07-27 23:32:45 [32minfo[39m: [{"productType":"nutrition facts","ingredientPrefix":"Ingredients:","ingredientStatement":"Brown Rice Flour, Tapioca Starch, White Rice Flour, Potato Starch, Sorghum Flour, Arrowroot Starch, Guar Gum, Sweet Rice Flour, Rice Bran","ingredientBreakdown":"Brown Rice Flour/Tapioca Starch/White Rice Flour/Potato Starch/Sorghum Flour/Arrowroot Starch/Guar Gum/Sweet Rice Flour/Rice Bran","liveAndActiveCulturesStatement":"unknown","liveAndActiveCulturesBreakdown":"unknown"}]
2024-07-27 23:32:45 [31merror[39m: marketing
2024-07-27 23:32:45 [32minfo[39m: [{"haveQrCode":"no","instagram":"yes","pinterest":"no","youtube":"yes","youtubeType":"type_1","facebook":"yes","twitter":"yes","socialMediaList":"instagram/youtube/facebook/twitter","website":"pamelasproducts.com, terracycle.com","socialMediaText":"@pamelasproducts","enlargedToShow":"no"}]
2024-07-27 23:32:48 [31merror[39m: ingredient list
2024-07-27 23:32:48 [32minfo[39m: [{"productType":"nutrition facts","ingredientPrefix":"Ingredients:","ingredientStatement":"Brown Rice Flour, Tapioca Starch, White Rice Flour, Potato Starch, Sorghum Flour, Arrowroot Starch, Guar Gum, Sweet Rice Flour, Rice Bran","ingredientBreakdown":"Brown Rice Flour/Tapioca Starch/White Rice Flour/Potato Starch/Sorghum Flour/Arrowroot Starch/Guar Gum/Sweet Rice Flour/Rice Bran","liveAndActiveCulturesStatement":"unknown","liveAndActiveCulturesBreakdown":"unknown"}]
2024-07-27 23:32:48 [31merror[39m: marketing
2024-07-27 23:32:48 [32minfo[39m: [{"haveQrCode":"no","instagram":"yes","pinterest":"no","youtube":"yes","youtubeType":"type_1","facebook":"yes","twitter":"yes","socialMediaList":"instagram/youtube/facebook/twitter","website":"pamelasproducts.com, terracycle.com","socialMediaText":"@pamelasproducts","enlargedToShow":"no"}]
2024-07-27 23:32:50 [31merror[39m: ingredient list
2024-07-27 23:32:50 [32minfo[39m: [{"productType":"nutrition facts","ingredientPrefix":"Ingredients:","ingredientStatement":"Brown Rice Flour, Tapioca Starch, White Rice Flour, Potato Starch, Sorghum Flour, Arrowroot Starch, Guar Gum, Sweet Rice Flour, Rice Bran","ingredientBreakdown":"Brown Rice Flour/Tapioca Starch/White Rice Flour/Potato Starch/Sorghum Flour/Arrowroot Starch/Guar Gum/Sweet Rice Flour/Rice Bran","liveAndActiveCulturesStatement":"unknown","liveAndActiveCulturesBreakdown":"unknown"}]
2024-07-27 23:32:50 [31merror[39m: marketing
2024-07-27 23:32:50 [32minfo[39m: [{"haveQrCode":"no","instagram":"yes","pinterest":"no","youtube":"yes","youtubeType":"type_1","facebook":"yes","twitter":"yes","socialMediaList":"instagram/youtube/facebook/twitter","website":"pamelasproducts.com, terracycle.com","socialMediaText":"@pamelasproducts","enlargedToShow":"no"}]
2024-07-27 23:32:54 [31merror[39m: ingredient list
2024-07-27 23:32:54 [32minfo[39m: [{"productType":"nutrition facts","ingredientPrefix":"Ingredients:","ingredientStatement":"Brown Rice Flour, Tapioca Starch, White Rice Flour, Potato Starch, Sorghum Flour, Arrowroot Starch, Guar Gum, Sweet Rice Flour, Rice Bran","ingredientBreakdown":"Brown Rice Flour/Tapioca Starch/White Rice Flour/Potato Starch/Sorghum Flour/Arrowroot Starch/Guar Gum/Sweet Rice Flour/Rice Bran","liveAndActiveCulturesStatement":"unknown","liveAndActiveCulturesBreakdown":"unknown"}]
2024-07-27 23:32:54 [31merror[39m: marketing
2024-07-27 23:32:54 [32minfo[39m: [{"haveQrCode":"no","instagram":"yes","pinterest":"no","youtube":"yes","youtubeType":"type_1","facebook":"yes","twitter":"yes","socialMediaList":"instagram/youtube/facebook/twitter","website":"pamelasproducts.com, terracycle.com","socialMediaText":"@pamelasproducts","enlargedToShow":"no"}]
2024-07-27 23:32:54 [31merror[39m: ingredient list
2024-07-27 23:32:54 [32minfo[39m: [{"productType":"nutrition facts","ingredientPrefix":"Ingredients:","ingredientStatement":"Brown Rice Flour, Tapioca Starch, White Rice Flour, Potato Starch, Sorghum Flour, Arrowroot Starch, Guar Gum, Sweet Rice Flour, Rice Bran","ingredientBreakdown":"Brown Rice Flour/Tapioca Starch/White Rice Flour/Potato Starch/Sorghum Flour/Arrowroot Starch/Guar Gum/Sweet Rice Flour/Rice Bran","liveAndActiveCulturesStatement":"unknown","liveAndActiveCulturesBreakdown":"unknown"}]
2024-07-27 23:32:54 [31merror[39m: marketing
2024-07-27 23:32:54 [32minfo[39m: [{"haveQrCode":"no","instagram":"yes","pinterest":"no","youtube":"yes","youtubeType":"type_1","facebook":"yes","twitter":"yes","socialMediaList":"instagram/youtube/facebook/twitter","website":"pamelasproducts.com, terracycle.com","socialMediaText":"@pamelasproducts","enlargedToShow":"no"}]
2024-07-27 23:32:56 [31merror[39m: ingredient list
2024-07-27 23:32:56 [32minfo[39m: [{"productType":"nutrition facts","ingredientPrefix":"Ingredients:","ingredientStatement":"Brown Rice Flour, Tapioca Starch, White Rice Flour, Potato Starch, Sorghum Flour, Arrowroot Starch, Guar Gum, Sweet Rice Flour, Rice Bran","ingredientBreakdown":"Brown Rice Flour/Tapioca Starch/White Rice Flour/Potato Starch/Sorghum Flour/Arrowroot Starch/Guar Gum/Sweet Rice Flour/Rice Bran","liveAndActiveCulturesStatement":"unknown","liveAndActiveCulturesBreakdown":"unknown"}]
2024-07-27 23:32:56 [31merror[39m: marketing
2024-07-27 23:32:56 [32minfo[39m: [{"haveQrCode":"no","instagram":"yes","pinterest":"no","youtube":"yes","youtubeType":"type_1","facebook":"yes","twitter":"yes","socialMediaList":"instagram/youtube/facebook/twitter","website":"pamelasproducts.com, terracycle.com","socialMediaText":"@pamelasproducts","enlargedToShow":"no"}]
2024-07-27 23:32:58 [31merror[39m: ingredient list
2024-07-27 23:32:58 [32minfo[39m: [{"productType":"nutrition facts","ingredientPrefix":"Ingredients:","ingredientStatement":"Brown Rice Flour, Tapioca Starch, White Rice Flour, Potato Starch, Sorghum Flour, Arrowroot Starch, Guar Gum, Sweet Rice Flour, Rice Bran","ingredientBreakdown":"Brown Rice Flour/Tapioca Starch/White Rice Flour/Potato Starch/Sorghum Flour/Arrowroot Starch/Guar Gum/Sweet Rice Flour/Rice Bran","liveAndActiveCulturesStatement":"unknown","liveAndActiveCulturesBreakdown":"unknown"}]
2024-07-27 23:32:58 [31merror[39m: marketing
2024-07-27 23:32:58 [32minfo[39m: [{"haveQrCode":"no","instagram":"yes","pinterest":"no","youtube":"yes","youtubeType":"type_1","facebook":"yes","twitter":"yes","socialMediaList":"instagram/youtube/facebook/twitter","website":"pamelasproducts.com, terracycle.com","socialMediaText":"@pamelasproducts","enlargedToShow":"no"}]
2024-07-27 23:32:59 [31merror[39m: ingredient list
2024-07-27 23:32:59 [32minfo[39m: [{"productType":"nutrition facts","ingredientPrefix":"Ingredients:","ingredientStatement":"Brown Rice Flour, Tapioca Starch, White Rice Flour, Potato Starch, Sorghum Flour, Arrowroot Starch, Guar Gum, Sweet Rice Flour, Rice Bran","ingredientBreakdown":"Brown Rice Flour/Tapioca Starch/White Rice Flour/Potato Starch/Sorghum Flour/Arrowroot Starch/Guar Gum/Sweet Rice Flour/Rice Bran","liveAndActiveCulturesStatement":"unknown","liveAndActiveCulturesBreakdown":"unknown"}]
2024-07-27 23:32:59 [31merror[39m: marketing
2024-07-27 23:32:59 [32minfo[39m: [{"haveQrCode":"no","instagram":"yes","pinterest":"no","youtube":"yes","youtubeType":"type_1","facebook":"yes","twitter":"yes","socialMediaList":"instagram/youtube/facebook/twitter","website":"pamelasproducts.com, terracycle.com","socialMediaText":"@pamelasproducts","enlargedToShow":"no"}]
2024-07-27 23:33:01 [31merror[39m: ingredient list
2024-07-27 23:33:01 [32minfo[39m: [{"productType":"nutrition facts","ingredientPrefix":"Ingredients:","ingredientStatement":"Brown Rice Flour, Tapioca Starch, White Rice Flour, Potato Starch, Sorghum Flour, Arrowroot Starch, Guar Gum, Sweet Rice Flour, Rice Bran","ingredientBreakdown":"Brown Rice Flour/Tapioca Starch/White Rice Flour/Potato Starch/Sorghum Flour/Arrowroot Starch/Guar Gum/Sweet Rice Flour/Rice Bran","liveAndActiveCulturesStatement":"unknown","liveAndActiveCulturesBreakdown":"unknown"}]
2024-07-27 23:33:01 [31merror[39m: marketing
2024-07-27 23:33:01 [32minfo[39m: [{"haveQrCode":"no","instagram":"yes","pinterest":"no","youtube":"yes","youtubeType":"type_1","facebook":"yes","twitter":"yes","socialMediaList":"instagram/youtube/facebook/twitter","website":"pamelasproducts.com, terracycle.com","socialMediaText":"@pamelasproducts","enlargedToShow":"no"}]
2024-07-27 23:33:05 [31merror[39m: ingredient list
2024-07-27 23:33:05 [32minfo[39m: [{"productType":"nutrition facts","ingredientPrefix":"Ingredients:","ingredientStatement":"Brown Rice Flour, Tapioca Starch, White Rice Flour, Potato Starch, Sorghum Flour, Arrowroot Starch, Guar Gum, Sweet Rice Flour, Rice Bran","ingredientBreakdown":"Brown Rice Flour/Tapioca Starch/White Rice Flour/Potato Starch/Sorghum Flour/Arrowroot Starch/Guar Gum/Sweet Rice Flour/Rice Bran","liveAndActiveCulturesStatement":"unknown","liveAndActiveCulturesBreakdown":"unknown"}]
2024-07-27 23:33:05 [31merror[39m: marketing
2024-07-27 23:33:05 [32minfo[39m: [{"haveQrCode":"no","instagram":"yes","pinterest":"no","youtube":"yes","youtubeType":"type_1","facebook":"yes","twitter":"yes","socialMediaList":"instagram/youtube/facebook/twitter","website":"pamelasproducts.com, terracycle.com","socialMediaText":"@pamelasproducts","enlargedToShow":"no"}]
2024-07-27 23:33:09 [31merror[39m: ingredient list
2024-07-27 23:33:09 [32minfo[39m: [{"productType":"nutrition facts","ingredientPrefix":"Ingredients:","ingredientStatement":"Brown Rice Flour, Tapioca Starch, White Rice Flour, Potato Starch, Sorghum Flour, Arrowroot Starch, Guar Gum, Sweet Rice Flour, Rice Bran","ingredientBreakdown":"Brown Rice Flour/Tapioca Starch/White Rice Flour/Potato Starch/Sorghum Flour/Arrowroot Starch/Guar Gum/Sweet Rice Flour/Rice Bran","liveAndActiveCulturesStatement":"unknown","liveAndActiveCulturesBreakdown":"unknown"}]
2024-07-27 23:33:09 [31merror[39m: marketing
2024-07-27 23:33:09 [32minfo[39m: [{"haveQrCode":"no","instagram":"yes","pinterest":"no","youtube":"yes","youtubeType":"type_1","facebook":"yes","twitter":"yes","socialMediaList":"instagram/youtube/facebook/twitter","website":"pamelasproducts.com, terracycle.com","socialMediaText":"@pamelasproducts","enlargedToShow":"no"}]
2024-07-27 23:33:10 [31merror[39m: ingredient list
2024-07-27 23:33:10 [32minfo[39m: [{"productType":"nutrition facts","ingredientPrefix":"Ingredients:","ingredientStatement":"Brown Rice Flour, Tapioca Starch, White Rice Flour, Potato Starch, Sorghum Flour, Arrowroot Starch, Guar Gum, Sweet Rice Flour, Rice Bran","ingredientBreakdown":"Brown Rice Flour/Tapioca Starch/White Rice Flour/Potato Starch/Sorghum Flour/Arrowroot Starch/Guar Gum/Sweet Rice Flour/Rice Bran","liveAndActiveCulturesStatement":"unknown","liveAndActiveCulturesBreakdown":"unknown"}]
2024-07-27 23:33:10 [31merror[39m: marketing
2024-07-27 23:33:10 [32minfo[39m: [{"haveQrCode":"no","instagram":"yes","pinterest":"no","youtube":"yes","youtubeType":"type_1","facebook":"yes","twitter":"yes","socialMediaList":"instagram/youtube/facebook/twitter","website":"pamelasproducts.com, terracycle.com","socialMediaText":"@pamelasproducts","enlargedToShow":"no"}]
2024-07-27 23:33:12 [31merror[39m: ingredient list
2024-07-27 23:33:12 [32minfo[39m: [{"productType":"nutrition facts","ingredientPrefix":"Ingredients:","ingredientStatement":"Brown Rice Flour, Tapioca Starch, White Rice Flour, Potato Starch, Sorghum Flour, Arrowroot Starch, Guar Gum, Sweet Rice Flour, Rice Bran","ingredientBreakdown":"Brown Rice Flour/Tapioca Starch/White Rice Flour/Potato Starch/Sorghum Flour/Arrowroot Starch/Guar Gum/Sweet Rice Flour/Rice Bran","liveAndActiveCulturesStatement":"unknown","liveAndActiveCulturesBreakdown":"unknown"}]
2024-07-27 23:33:12 [31merror[39m: marketing
2024-07-27 23:33:12 [32minfo[39m: [{"haveQrCode":"no","instagram":"yes","pinterest":"no","youtube":"yes","youtubeType":"type_1","facebook":"yes","twitter":"yes","socialMediaList":"instagram/youtube/facebook/twitter","website":"pamelasproducts.com, terracycle.com","socialMediaText":"@pamelasproducts","enlargedToShow":"no"}]
2024-07-27 23:33:16 [31merror[39m: ingredient list
2024-07-27 23:33:16 [32minfo[39m: [{"productType":"nutrition facts","ingredientPrefix":"Ingredients:","ingredientStatement":"Brown Rice Flour, Tapioca Starch, White Rice Flour, Potato Starch, Sorghum Flour, Arrowroot Starch, Guar Gum, Sweet Rice Flour, Rice Bran","ingredientBreakdown":"Brown Rice Flour/Tapioca Starch/White Rice Flour/Potato Starch/Sorghum Flour/Arrowroot Starch/Guar Gum/Sweet Rice Flour/Rice Bran","liveAndActiveCulturesStatement":"unknown","liveAndActiveCulturesBreakdown":"unknown"}]
2024-07-27 23:33:16 [31merror[39m: marketing
2024-07-27 23:33:16 [32minfo[39m: [{"haveQrCode":"no","instagram":"yes","pinterest":"no","youtube":"yes","youtubeType":"type_1","facebook":"yes","twitter":"yes","socialMediaList":"instagram/youtube/facebook/twitter","website":"pamelasproducts.com, terracycle.com","socialMediaText":"@pamelasproducts","enlargedToShow":"no"}]
2024-07-27 23:33:21 [31merror[39m: ingredient list
2024-07-27 23:33:21 [32minfo[39m: [{"productType":"nutrition facts","ingredientPrefix":"Ingredients:","ingredientStatement":"Brown Rice Flour, Tapioca Starch, White Rice Flour, Potato Starch, Sorghum Flour, Arrowroot Starch, Guar Gum, Sweet Rice Flour, Rice Bran","ingredientBreakdown":"Brown Rice Flour/Tapioca Starch/White Rice Flour/Potato Starch/Sorghum Flour/Arrowroot Starch/Guar Gum/Sweet Rice Flour/Rice Bran","liveAndActiveCulturesStatement":"unknown","liveAndActiveCulturesBreakdown":"unknown"}]
2024-07-27 23:33:21 [31merror[39m: marketing
2024-07-27 23:33:21 [32minfo[39m: [{"haveQrCode":"no","instagram":"yes","pinterest":"no","youtube":"yes","youtubeType":"type_1","facebook":"yes","twitter":"yes","socialMediaList":"instagram/youtube/facebook/twitter","website":"pamelasproducts.com, terracycle.com","socialMediaText":"@pamelasproducts","enlargedToShow":"no"}]
2024-07-27 23:33:23 [31merror[39m: ingredient list
2024-07-27 23:33:23 [32minfo[39m: [{"productType":"nutrition facts","ingredientPrefix":"Ingredients:","ingredientStatement":"Brown Rice Flour, Tapioca Starch, White Rice Flour, Potato Starch, Sorghum Flour, Arrowroot Starch, Guar Gum, Sweet Rice Flour, Rice Bran","ingredientBreakdown":"Brown Rice Flour/Tapioca Starch/White Rice Flour/Potato Starch/Sorghum Flour/Arrowroot Starch/Guar Gum/Sweet Rice Flour/Rice Bran","liveAndActiveCulturesStatement":"unknown","liveAndActiveCulturesBreakdown":"unknown"}]
2024-07-27 23:33:23 [31merror[39m: marketing
2024-07-27 23:33:23 [32minfo[39m: [{"haveQrCode":"no","instagram":"yes","pinterest":"no","youtube":"yes","youtubeType":"type_1","facebook":"yes","twitter":"yes","socialMediaList":"instagram/youtube/facebook/twitter","website":"pamelasproducts.com, terracycle.com","socialMediaText":"@pamelasproducts","enlargedToShow":"no"}]
2024-07-27 23:33:25 [31merror[39m: ingredient list
2024-07-27 23:33:25 [32minfo[39m: [{"productType":"nutrition facts","ingredientPrefix":"Ingredients:","ingredientStatement":"Brown Rice Flour, Tapioca Starch, White Rice Flour, Potato Starch, Sorghum Flour, Arrowroot Starch, Guar Gum, Sweet Rice Flour, Rice Bran","ingredientBreakdown":"Brown Rice Flour/Tapioca Starch/White Rice Flour/Potato Starch/Sorghum Flour/Arrowroot Starch/Guar Gum/Sweet Rice Flour/Rice Bran","liveAndActiveCulturesStatement":"unknown","liveAndActiveCulturesBreakdown":"unknown"}]
2024-07-27 23:33:25 [31merror[39m: marketing
2024-07-27 23:33:25 [32minfo[39m: [{"haveQrCode":"no","instagram":"yes","pinterest":"no","youtube":"yes","youtubeType":"type_1","facebook":"yes","twitter":"yes","socialMediaList":"instagram/youtube/facebook/twitter","website":"pamelasproducts.com, terracycle.com","socialMediaText":"@pamelasproducts","enlargedToShow":"no"}]
2024-07-27 23:33:47 [31merror[39m: ingredient list
2024-07-27 23:33:47 [32minfo[39m: [{"productType":"nutrition facts","ingredientPrefix":"Ingredients:","ingredientStatement":"Brown Rice Flour, Tapioca Starch, White Rice Flour, Potato Starch, Sorghum Flour, Arrowroot Starch, Guar Gum, Sweet Rice Flour, Rice Bran","ingredientBreakdown":"Brown Rice Flour/Tapioca Starch/White Rice Flour/Potato Starch/Sorghum Flour/Arrowroot Starch/Guar Gum/Sweet Rice Flour/Rice Bran","liveAndActiveCulturesStatement":"unknown","liveAndActiveCulturesBreakdown":"unknown"}]
2024-07-27 23:33:47 [31merror[39m: marketing
2024-07-27 23:33:47 [32minfo[39m: [{"haveQrCode":"no","instagram":"yes","pinterest":"no","youtube":"yes","youtubeType":"type_1","facebook":"yes","twitter":"yes","socialMediaList":"instagram/youtube/facebook/twitter","website":"pamelasproducts.com, terracycle.com","socialMediaText":"@pamelasproducts","enlargedToShow":"no"}]
2024-07-27 23:33:50 [31merror[39m: ingredient list
2024-07-27 23:33:50 [32minfo[39m: [{"productType":"nutrition facts","ingredientPrefix":"Ingredients:","ingredientStatement":"Brown Rice Flour, Tapioca Starch, White Rice Flour, Potato Starch, Sorghum Flour, Arrowroot Starch, Guar Gum, Sweet Rice Flour, Rice Bran","ingredientBreakdown":"Brown Rice Flour/Tapioca Starch/White Rice Flour/Potato Starch/Sorghum Flour/Arrowroot Starch/Guar Gum/Sweet Rice Flour/Rice Bran","liveAndActiveCulturesStatement":"unknown","liveAndActiveCulturesBreakdown":"unknown"}]
2024-07-27 23:33:50 [31merror[39m: marketing
2024-07-27 23:33:50 [32minfo[39m: [{"haveQrCode":"no","instagram":"yes","pinterest":"no","youtube":"yes","youtubeType":"type_1","facebook":"yes","twitter":"yes","socialMediaList":"instagram/youtube/facebook/twitter","website":"pamelasproducts.com, terracycle.com","socialMediaText":"@pamelasproducts","enlargedToShow":"no"}]
2024-07-27 23:34:05 [31merror[39m: ingredient list
2024-07-27 23:34:05 [32minfo[39m: [{"productType":"nutrition facts","ingredientPrefix":"Ingredients:","ingredientStatement":"Brown Rice Flour, Tapioca Starch, White Rice Flour, Potato Starch, Sorghum Flour, Arrowroot Starch, Guar Gum, Sweet Rice Flour, Rice Bran","ingredientBreakdown":"Brown Rice Flour/Tapioca Starch/White Rice Flour/Potato Starch/Sorghum Flour/Arrowroot Starch/Guar Gum/Sweet Rice Flour/Rice Bran","liveAndActiveCulturesStatement":"unknown","liveAndActiveCulturesBreakdown":"unknown"}]
2024-07-27 23:34:05 [31merror[39m: marketing
2024-07-27 23:34:05 [32minfo[39m: [{"haveQrCode":"no","instagram":"yes","pinterest":"no","youtube":"yes","youtubeType":"type_1","facebook":"yes","twitter":"yes","socialMediaList":"instagram/youtube/facebook/twitter","website":"pamelasproducts.com, terracycle.com","socialMediaText":"@pamelasproducts","enlargedToShow":"no"}]
2024-07-27 23:34:15 [31merror[39m: ingredient list
2024-07-27 23:34:15 [32minfo[39m: [{"productType":"nutrition facts","ingredientPrefix":"Ingredients:","ingredientStatement":"Brown Rice Flour, Tapioca Starch, White Rice Flour, Potato Starch, Sorghum Flour, Arrowroot Starch, Guar Gum, Sweet Rice Flour, Rice Bran","ingredientBreakdown":"Brown Rice Flour/Tapioca Starch/White Rice Flour/Potato Starch/Sorghum Flour/Arrowroot Starch/Guar Gum/Sweet Rice Flour/Rice Bran","liveAndActiveCulturesStatement":"unknown","liveAndActiveCulturesBreakdown":"unknown"}]
2024-07-27 23:34:15 [31merror[39m: marketing
2024-07-27 23:34:15 [32minfo[39m: [{"haveQrCode":"no","instagram":"yes","pinterest":"no","youtube":"yes","youtubeType":"type_1","facebook":"yes","twitter":"yes","socialMediaList":"instagram/youtube/facebook/twitter","website":"pamelasproducts.com, terracycle.com","socialMediaText":"@pamelasproducts","enlargedToShow":"no"}]
2024-07-27 23:34:16 [31merror[39m: ingredient list
2024-07-27 23:34:16 [32minfo[39m: [{"productType":"nutrition facts","ingredientPrefix":"Ingredients:","ingredientStatement":"Brown Rice Flour, Tapioca Starch, White Rice Flour, Potato Starch, Sorghum Flour, Arrowroot Starch, Guar Gum, Sweet Rice Flour, Rice Bran","ingredientBreakdown":"Brown Rice Flour/Tapioca Starch/White Rice Flour/Potato Starch/Sorghum Flour/Arrowroot Starch/Guar Gum/Sweet Rice Flour/Rice Bran","liveAndActiveCulturesStatement":"unknown","liveAndActiveCulturesBreakdown":"unknown"}]
2024-07-27 23:34:16 [31merror[39m: marketing
2024-07-27 23:34:16 [32minfo[39m: [{"haveQrCode":"no","instagram":"yes","pinterest":"no","youtube":"yes","youtubeType":"type_1","facebook":"yes","twitter":"yes","socialMediaList":"instagram/youtube/facebook/twitter","website":"pamelasproducts.com, terracycle.com","socialMediaText":"@pamelasproducts","enlargedToShow":"no"}]
2024-07-27 23:34:24 [31merror[39m: ingredient list
2024-07-27 23:34:24 [32minfo[39m: [{"productType":"nutrition facts","ingredientPrefix":"Ingredients:","ingredientStatement":"Brown Rice Flour, Tapioca Starch, White Rice Flour, Potato Starch, Sorghum Flour, Arrowroot Starch, Guar Gum, Sweet Rice Flour, Rice Bran","ingredientBreakdown":"Brown Rice Flour/Tapioca Starch/White Rice Flour/Potato Starch/Sorghum Flour/Arrowroot Starch/Guar Gum/Sweet Rice Flour/Rice Bran","liveAndActiveCulturesStatement":"unknown","liveAndActiveCulturesBreakdown":"unknown"}]
2024-07-27 23:34:24 [31merror[39m: marketing
2024-07-27 23:34:24 [32minfo[39m: [{"haveQrCode":"no","instagram":"yes","pinterest":"no","youtube":"yes","youtubeType":"type_1","facebook":"yes","twitter":"yes","socialMediaList":"instagram/youtube/facebook/twitter","website":"pamelasproducts.com, terracycle.com","socialMediaText":"@pamelasproducts","enlargedToShow":"no"}]
2024-07-27 23:34:25 [31merror[39m: ingredient list
2024-07-27 23:34:25 [32minfo[39m: [{"productType":"nutrition facts","ingredientPrefix":"Ingredients:","ingredientStatement":"Brown Rice Flour, Tapioca Starch, White Rice Flour, Potato Starch, Sorghum Flour, Arrowroot Starch, Guar Gum, Sweet Rice Flour, Rice Bran","ingredientBreakdown":"Brown Rice Flour/Tapioca Starch/White Rice Flour/Potato Starch/Sorghum Flour/Arrowroot Starch/Guar Gum/Sweet Rice Flour/Rice Bran","liveAndActiveCulturesStatement":"unknown","liveAndActiveCulturesBreakdown":"unknown"}]
2024-07-27 23:34:25 [31merror[39m: marketing
2024-07-27 23:34:25 [32minfo[39m: [{"haveQrCode":"no","instagram":"yes","pinterest":"no","youtube":"yes","youtubeType":"type_1","facebook":"yes","twitter":"yes","socialMediaList":"instagram/youtube/facebook/twitter","website":"pamelasproducts.com, terracycle.com","socialMediaText":"@pamelasproducts","enlargedToShow":"no"}]
2024-07-27 23:42:32 [31merror[39m: ingredient list
2024-07-27 23:42:32 [32minfo[39m: [{"productType":"nutrition facts","ingredientPrefix":"Ingredients:","ingredientStatement":"Brown Rice Flour, Tapioca Starch, White Rice Flour, Potato Starch, Sorghum Flour, Arrowroot Starch, Guar Gum, Sweet Rice Flour, Rice Bran","ingredientBreakdown":"Brown Rice Flour/Tapioca Starch/White Rice Flour/Potato Starch/Sorghum Flour/Arrowroot Starch/Guar Gum/Sweet Rice Flour/Rice Bran","liveAndActiveCulturesStatement":"unknown","liveAndActiveCulturesBreakdown":"unknown"}]
2024-07-27 23:42:32 [31merror[39m: marketing
2024-07-27 23:42:32 [32minfo[39m: [{"haveQrCode":"no","instagram":"yes","pinterest":"no","youtube":"yes","youtubeType":"type_1","facebook":"yes","twitter":"yes","socialMediaList":"instagram/youtube/facebook/twitter","website":"pamelasproducts.com, terracycle.com","socialMediaText":"@pamelasproducts","enlargedToShow":"no"}]
2024-07-27 23:42:32 [31merror[39m: instruction
2024-07-27 23:42:32 [32minfo[39m: {"cookingInstruction":[{"recipes":[{"recipe name":"Classic Chocolate Chip Cookies","recipe ingredient list":["2 1/4 cups All - Purpose Flour Artisan Blend","3/4 tsp baking soda","1 tsp salt","16 TBSP butter","1/2 cup white sugar","1 cup packed light brown sugar","1 tsp vanilla","2 eggs, large","2 cups semi - sweet chocolate chips","Optional: 1 cup chopped walnuts"],"cooking steps":["Preheat oven to 350 ° .","Grease baking sheets or line with parchment paper.","In a large bowl cream the butter, white and brown sugar, and vanilla until smooth.","Beat in eggs.","Gradually add flour, baking soda and salt, stirring until well mixed.","Fold in chocolate chips and nuts, if using.","Drop dough by the tablespoon onto prepared baking sheets, spacing them about 2 inches apart.","Bake for 12 to 15 minutes or until edges start to brown"]},{"recipe name":"Banana Nut Bread","recipe ingredient list":["2 cups All - Purpose Flour Artisan Blend","8 TBSP butter","1 cup sugar","1/2 cup packed brown sugar","2 eggs, large","1 tsp vanilla","1 cup mashed ripe banana ( about 4 medium bananas )","½ cup sour cream or plain Greek Yogurt","2 tsp baking powder","1 tsp salt","1 cup walnuts, chopped","Optional: 1/4 tsp nutmeg"],"cooking steps":["Preheat oven to 350 ° .","Grease a 9 \" x 5 \" loaf pan.","Beat butter and sugar together until creamy, then mix in eggs and vanilla.","In a separate bowl, mix together bananas and sour cream or yogurt, and then add it to butter mixture.","Add dry ingredients and nuts and mix completely.","Pour into loaf pan.","Bake for 60 to 70 minutes, or until toothpick comes out clean."]},{"recipe name":"Pie Crust","recipe ingredient list":["2½ cups All - Purpose Flour Artisan Blend","1 tsp salt","Optional: 1 tsp sugar","8 TBSP shortening, well chilled","8 TBSP unsalted butter, well chilled","½ cup ice water"],"cooking steps":["Preheat oven to 425 ° .","Grease two 8 \" pie pans.","Combine dry ingredients in a bowl, or in the bowl of a stand mixer, if using.","Using a pastry blender, fingers, or the paddle attachment of the mixer cut cold butter and shortening into dry mixture until pea sized crumbs are formed.","Add ice water and mix until dough can hold together in a ball.","If needed, use up to 1 TBSP additional water","Divide dough into two balls.","Working with one ball at a time, roll out dough between two pieces of plastic wrap to form a 10 \" circle.","Remove wrap and gently press dough into pie pan.","For prebaked shell: bake for 15 minutes at 425 ° , then turn down oven to 375 ° and continue baking for 10 to 15 minutes or until brown.","Use prebaked or unbaked crust according to individual pie recipe."]}],"all other text or paragraph about cooking info":["For dairy - free , use 16 TBSP very cold butter alternative.","For egg - free , use equivalent prepared egg replacer."]}],"storageInstruction":{"storage instructions":["reseal for freshness"]},"usageInstruction":{"usage instructions":["Whisk 2 TBSP All - Purpose Flour Artisan Blend into 1 cup hot liquid to thicken gravies, sauces or soups.","Al - Purpose Flour Artisan Blend can be used for simple dredging or coating of meat or poultry."]},"informationInstruction":{"information instructions":["See nutrition info for saturated fat"]}}
