2024-07-13 13:17:05 [31merror[39m: ingredient list
2024-07-13 13:17:05 [32minfo[39m: [{"productType":"supplement facts","ingredientPrefix":"Other Ingredients:","ingredientStatement":"Microcrystalline cellulose, hypromellose, tapioca starch, stearic acid, silicon dioxide","ingredientBreakdown":"Microcrystalline cellulose, hypromellose, tapioca starch, stearic acid, silicon dioxide"}]
2024-07-13 13:17:05 [31merror[39m: marketing
2024-07-13 13:17:05 [32minfo[39m: [{"haveQrCode":"true","instagram":"no","pinterest":"no","youtube":"no","youtubeType":"","facebook":"no","twitter":"no","socialMediaList":"","website":"megafood.com/standards, megafood.com, MEGAFOOD.COM, 800.848.2542","socialMediaText":"","enlargedToShow":"no"}]
2024-07-13 13:17:05 [31merror[39m: instruction
2024-07-13 13:17:05 [32minfo[39m: [{"storageInstruction":["Keep out of reach of children.","Store tightly sealed in a cool place and avoid exposure to moisture.","Once open, consume within three months."],"cookingInstruction":[],"usageInstruction":["Adults take 2 capsules anytime of day with food and a beverage."]}]
2024-07-13 13:22:15 [31merror[39m: ingredient list
2024-07-13 13:22:15 [32minfo[39m: [{"productType":"supplement facts","ingredientPrefix":"other ingredients:","ingredientStatement":"Microcrystalline cellulose, hypromellose, tapioca starch, stearic acid, silicon dioxide","ingredientBreakdown":"Microcrystalline cellulose, hypromellose, tapioca starch, stearic acid, silicon dioxide"}]
2024-07-13 13:22:15 [31merror[39m: marketing
2024-07-13 13:22:15 [32minfo[39m: [{"haveQrCode":"true","instagram":"no","pinterest":"no","youtube":"no","youtubeType":"","facebook":"no","twitter":"no","socialMediaList":"","website":"megafood.com/standards, megafood.com","socialMediaText":"","enlargedToShow":"no"}]
2024-07-13 13:22:15 [31merror[39m: instruction
2024-07-13 13:22:15 [32minfo[39m: [{"storageInstruction":["Keep out of reach of children.","Store tightly sealed in a cool place and avoid exposure to moisture.","Once open, consume within three months.","Do not use if seal under cap is broken or missing."],"cookingInstruction":[],"usageInstruction":["Adults take 2 capsules anytime of day with food and a beverage."]}]
2024-07-13 13:32:35 [31merror[39m: ingredient list
2024-07-13 13:32:35 [32minfo[39m: [{"productType":"supplement facts","ingredientPrefix":"Other Ingredients:","ingredientStatement":"Microcrystalline cellulose, hypromellose, tapioca starch, stearic acid, silicon dioxide","ingredientBreakdown":"Microcrystalline cellulose, hypromellose, tapioca starch, stearic acid, silicon dioxide"}]
2024-07-13 13:32:35 [31merror[39m: marketing
2024-07-13 13:32:35 [32minfo[39m: [{"haveQrCode":"true","instagram":"no","pinterest":"no","youtube":"no","youtubeType":"","facebook":"no","twitter":"no","socialMediaList":"","website":"megafood.com, megafood.com/standards","socialMediaText":"","enlargedToShow":"no"}]
2024-07-13 13:32:35 [31merror[39m: instruction
2024-07-13 13:32:35 [32minfo[39m: [{"storageInstruction":["Keep out of reach of children.","Store tightly sealed in a cool place and avoid exposure to moisture.","Once open, consume within three months."],"cookingInstruction":[],"usageInstruction":["Adults take 2 capsules anytime of day with food and a beverage."]}]
2024-07-13 13:43:40 [31merror[39m: ingredient list
2024-07-13 13:43:40 [32minfo[39m: [{"productType":"supplement facts","ingredientPrefix":"other ingredients:","ingredientStatement":"Microcrystalline cellulose, hypromellose, tapioca starch, stearic acid, silicon dioxide.","ingredientBreakdown":"Microcrystalline cellulose, hypromellose, tapioca starch, stearic acid, silicon dioxide."}]
2024-07-13 13:43:40 [31merror[39m: marketing
2024-07-13 13:43:40 [32minfo[39m: [{"haveQrCode":"true","instagram":"no","pinterest":"no","youtube":"no","youtubeType":"","facebook":"no","twitter":"no","socialMediaList":"","website":"megafood.com/standards, megafood.com, MEGAFOOD.COM, 800.848.2542","socialMediaText":"","enlargedToShow":"false"}]
2024-07-13 13:43:40 [31merror[39m: instruction
2024-07-13 13:43:40 [32minfo[39m: [{"storageInstruction":["Keep out of reach of children.","Store tightly sealed in a cool place and avoid exposure to moisture.","Once open, consume within three months."],"cookingInstruction":[],"usageInstruction":["Adults take 2 capsules anytime of day with food and a beverage."]}]
2024-07-13 13:46:26 [31merror[39m: ingredient list
2024-07-13 13:46:26 [32minfo[39m: [{"productType":"supplement facts","ingredientPrefix":"INGREDIENTS:","ingredientStatement":"Organic flaxseed oil, algal oil.","ingredientBreakdown":"Organic flaxseed oil, algal oil"}]
2024-07-13 13:46:26 [31merror[39m: marketing
2024-07-13 13:46:26 [32minfo[39m: [{"haveQrCode":"false","instagram":"false","pinterest":"false","youtube":"false","youtubeType":"","facebook":"false","twitter":"false","socialMediaList":"","website":"barleans.com","socialMediaText":"","enlargedToShow":"false"}]
2024-07-13 13:46:26 [31merror[39m: instruction
2024-07-13 13:46:26 [32minfo[39m: [{"storageInstruction":["Refrigerate after opening for quality."],"cookingInstruction":[],"usageInstruction":["SUGGESTED USE: 1 Tbsp. 1-2 times daily. Can be taken straight or mixed into salad dressings, yogurt, oatmeal or smoothies."]}]
2024-07-13 13:49:17 [31merror[39m: ingredient list
2024-07-13 13:49:17 [32minfo[39m: [{"productType":"nutrition facts","ingredientPrefix":"INGREDIENTS:","ingredientStatement":"AVOCADO OIL, WATER, ORGANIC VINEGAR, ORGANIC APPLE CIDER VINEGAR, ORGANIC EGG YOLKS, ORGANIC COCONUT AMINOS (WATER, ORGANIC COCONUT NECTAR, SALT), GARLIC, POTATO STARCH, SEA SALT, ORGANIC BLACK PEPPER, NUTRITIONAL YEAST, ORGANIC LEMON JUICE CONCENTRATE, CITRIC ACID, SALT, TAMARIND SEED GUM, MUSHROOM EXTRACT (TO MAINTAIN FRESHNESS), ORGANIC ROSEMARY EXTRACT.","ingredientBreakdown":"AVOCADO OIL, WATER, ORGANIC VINEGAR, ORGANIC APPLE CIDER VINEGAR, ORGANIC EGG YOLKS, ORGANIC COCONUT AMINOS (WATER, ORGANIC COCONUT NECTAR, SALT), GARLIC, POTATO STARCH, SEA SALT, ORGANIC BLACK PEPPER, NUTRITIONAL YEAST, ORGANIC LEMON JUICE CONCENTRATE, CITRIC ACID, SALT, TAMARIND SEED GUM, MUSHROOM EXTRACT (TO MAINTAIN FRESHNESS), ORGANIC ROSEMARY EXTRACT."}]
2024-07-13 13:49:17 [31merror[39m: marketing
2024-07-13 13:49:17 [32minfo[39m: [{"haveQrCode":"true","instagram":"unknown","pinterest":"unknown","youtube":"unknown","youtubeType":"unknown","facebook":"unknown","twitter":"unknown","socialMediaList":"","website":"PRIMALKITCHEN.COM","socialMediaText":"","enlargedToShow":"unknown"}]
2024-07-13 13:49:17 [31merror[39m: instruction
2024-07-13 13:49:17 [32minfo[39m: [{"storageInstruction":["Store in a cool, dry place away from sunlight."],"cookingInstruction":[],"usageInstruction":[]}]
2024-07-13 13:55:21 [31merror[39m: ingredient list
2024-07-13 13:55:21 [32minfo[39m: [{"productType":"supplement facts","ingredientPrefix":"other ingredients:","ingredientStatement":"Other Ingredients: Microcrystalline cellulose, hypromellose, tapioca starch, stearic acid, silicon dioxide.","ingredientBreakdown":"Microcrystalline cellulose, hypromellose, tapioca starch, stearic acid, silicon dioxide."}]
2024-07-13 13:55:21 [31merror[39m: marketing
2024-07-13 13:55:21 [32minfo[39m: [{"haveQrCode":"true","instagram":"false","pinterest":"false","youtube":"false","youtubeType":"","facebook":"false","twitter":"false","socialMediaList":"","website":"megafood.com/standards, megafood.com, MEGAFOOD.COM, 800.848.2542","socialMediaText":"","enlargedToShow":"false"}]
2024-07-13 13:55:21 [31merror[39m: instruction
2024-07-13 13:55:21 [32minfo[39m: [{"storageInstruction":["Keep out of reach of children.","Store tightly sealed in a cool place and avoid exposure to moisture.","Once open, consume within three months."],"cookingInstruction":[],"usageInstruction":["Adults take 2 capsules anytime of day with food and a beverage."]}]
2024-07-13 16:31:32 [31merror[39m: ingredient list
2024-07-13 16:31:32 [32minfo[39m: [{"productType":"supplement facts","ingredientPrefix":"other ingredients:","ingredientStatement":"Microcrystalline cellulose, hypromellose, tapioca starch, stearic acid, silicon dioxide.","ingredientBreakdown":"Microcrystalline cellulose, hypromellose, tapioca starch, stearic acid, silicon dioxide."}]
2024-07-13 16:31:32 [31merror[39m: marketing
2024-07-13 16:31:32 [32minfo[39m: [{"haveQrCode":"true","instagram":"no","pinterest":"no","youtube":"no","youtubeType":"","facebook":"no","twitter":"no","socialMediaList":"","website":"megafood.com/standards, megafood.com, MEGAFOOD.COM, 800.848.2542","socialMediaText":"","enlargedToShow":"false"}]
2024-07-13 16:31:32 [31merror[39m: instruction
2024-07-13 16:31:32 [32minfo[39m: [{"storageInstruction":["Store tightly sealed in a cool place and avoid exposure to moisture.","Once open, consume within three months.","Do not use if seal under cap is broken or missing."],"cookingInstruction":[],"usageInstruction":["Adults take 2 capsules anytime of day with food and a beverage."]}]
2024-07-13 16:48:55 [31merror[39m: ingredient list
2024-07-13 16:48:55 [32minfo[39m: [{"productType":"supplement facts","ingredientPrefix":"other ingredients:","ingredientStatement":"Microcrystalline cellulose, hypromellose, tapioca starch, stearic acid, silicon dioxide","ingredientBreakdown":"Microcrystalline cellulose, hypromellose, tapioca starch, stearic acid, silicon dioxide"}]
2024-07-13 16:48:55 [31merror[39m: marketing
2024-07-13 16:48:55 [32minfo[39m: [{"haveQrCode":"true","instagram":"false","pinterest":"false","youtube":"false","youtubeType":"","facebook":"false","twitter":"false","socialMediaList":"","website":"megafood.com/standards, megafood.com, MEGAFOOD.COM, 800.848.2542","socialMediaText":"","enlargedToShow":"false"}]
2024-07-13 16:48:55 [31merror[39m: instruction
2024-07-13 16:48:55 [32minfo[39m: [{"storageInstruction":["Keep out of reach of children.","Store tightly sealed in a cool place and avoid exposure to moisture.","Once open, consume within three months."],"cookingInstruction":[],"usageInstruction":["Suggested Use : Adults take 2 capsules anytime of day with food and a beverage."]}]
2024-07-13 17:19:11 [31merror[39m: ingredient list
2024-07-13 17:19:11 [32minfo[39m: [{"productType":"supplement facts","ingredientPrefix":"other ingredients:","ingredientStatement":"Other Ingredients: Microcrystalline cellulose, hypromellose, tapioca starch, stearic acid, silicon dioxide.","ingredientBreakdown":"Microcrystalline cellulose, hypromellose, tapioca starch, stearic acid, silicon dioxide."}]
2024-07-13 17:19:11 [31merror[39m: marketing
2024-07-13 17:19:11 [32minfo[39m: [{"haveQrCode":"true","instagram":"false","pinterest":"false","youtube":"false","youtubeType":"","facebook":"false","twitter":"false","socialMediaList":"","website":"megafood.com/standards, megafood.com, MEGAFOOD.COM, 800.848.2542","socialMediaText":"","enlargedToShow":"false"}]
2024-07-13 17:19:11 [31merror[39m: instruction
2024-07-13 17:19:11 [32minfo[39m: [{"storageInstruction":["Keep out of reach of children.","Store tightly sealed in a cool place and avoid exposure to moisture.","Once open, consume within three months."],"cookingInstruction":[],"usageInstruction":["Suggested Use : Adults take 2 capsules anytime of day with food and a beverage."]}]
2024-07-13 20:32:40 [31merror[39m: ingredient list
2024-07-13 20:32:40 [32minfo[39m: [{"productType":"nutrition facts","ingredientPrefix":"other ingredients:","ingredientStatement":"OTHER INGREDIENTS : GREENS BLEND ( PINEAPPLE POWDER , CARROT POWDER , SPINACH POWDER , SPIRULINA , ORGANIC LEMON POWDER , KALE POWDER , ZUCCHINI POWDER , ALFALFA GRASS POWDER , PURSLANE POWDER ) ORGANIC GUM ACACIA , SWEET POTATO POWDER , SEAWEED DERIVED CALCIUM , APPLE FIBER POWDER , LEMON OIL POWDER , CARROT FIBER , ORGANIC ACEROLA POWDER , ORGANIC HEN OF THE WOODS MUSHROOM POWDER , ORGANIC OYSTER MUSHROOM POWDER , ORGANIC LINGZHI MUSHROOM POWDER , ORANGE OIL POWDER , AGARICUS MUSHROOM POWDER , ORGANIC SHIITAKE MUSHROOM EXTRACT , BLUEBERRY FIBER POWDER , CRANBERRY FIBER POWDER , MONKFRUIT EXTRACT , RHODIOLA ROSEA EXTRACT , ORGANIC REISHI MUSHROOM EXTRACT .","ingredientBreakdown":"GREENS BLEND ( PINEAPPLE POWDER,  CARROT POWDER,  SPINACH POWDER,  SPIRULINA,  ORGANIC LEMON POWDER,  KALE POWDER,  ZUCCHINI POWDER,  ALFALFA GRASS POWDER,  PURSLANE POWDER ), ORGANIC GUM ACACIA,  SWEET POTATO POWDER,  SEAWEED DERIVED CALCIUM,  APPLE FIBER POWDER,  LEMON OIL POWDER,  CARROT FIBER,  ORGANIC ACEROLA POWDER,  ORGANIC HEN OF THE WOODS MUSHROOM POWDER,  ORGANIC OYSTER MUSHROOM POWDER,  ORGANIC LINGZHI MUSHROOM POWDER,  ORANGE OIL POWDER,  AGARICUS MUSHROOM POWDER,  ORGANIC SHIITAKE MUSHROOM EXTRACT,  BLUEBERRY FIBER POWDER,  CRANBERRY FIBER POWDER,  MONKFRUIT EXTRACT,  RHODIOLA ROSEA EXTRACT,  ORGANIC REISHI MUSHROOM EXTRACT."}]
2024-07-13 20:32:40 [31merror[39m: marketing
2024-07-13 20:32:40 [32minfo[39m: [{"haveQrCode":"true","instagram":"no","pinterest":"no","youtube":"no","youtubeType":"","facebook":"no","twitter":"no","socialMediaList":"","website":"lairdsuperfood.com","socialMediaText":"","enlargedToShow":"no"}]
2024-07-13 20:32:40 [31merror[39m: instruction
2024-07-13 20:32:40 [32minfo[39m: [{"storageInstruction":["Keep out of reach of children."],"cookingInstruction":[],"usageInstruction":["Not intended for those under 18 years of age ., If you are pregnant or lactating, have a medical condition or are on medications, please consult with your licensed healthcare provider before using this supplement or any supplements ."]}]
2024-07-13 21:01:49 [31merror[39m: ingredient list
2024-07-13 21:01:49 [32minfo[39m: [{"productType":"nutrition facts","ingredientPrefix":"other ingredients:","ingredientStatement":"OTHER INGREDIENTS : GREENS BLEND ( PINEAPPLE POWDER , CARROT POWDER , SPINACH POWDER , SPIRULINA , ORGANIC LEMON POWDER , KALE POWDER , ZUCCHINI POWDER , ALFALFA GRASS POWDER , PURSLANE POWDER ) ORGANIC GUM ACACIA , SWEET POTATO POWDER , SEAWEED DERIVED CALCIUM , APPLE FIBER POWDER , LEMON OIL POWDER , CARROT FIBER , ORGANIC ACEROLA POWDER , ORGANIC HEN OF THE WOODS MUSHROOM POWDER , ORGANIC OYSTER MUSHROOM POWDER , ORGANIC LINGZHI MUSHROOM POWDER , ORANGE OIL POWDER , AGARICUS MUSHROOM POWDER , ORGANIC SHIITAKE MUSHROOM EXTRACT , BLUEBERRY FIBER POWDER , CRANBERRY FIBER POWDER , MONKFRUIT EXTRACT , RHODIOLA ROSEA EXTRACT , ORGANIC REISHI MUSHROOM EXTRACT .","ingredientBreakdown":"GREENS BLEND ( PINEAPPLE POWDER , CARROT POWDER , SPINACH POWDER , SPIRULINA , ORGANIC LEMON POWDER , KALE POWDER , ZUCCHINI POWDER , ALFALFA GRASS POWDER , PURSLANE POWDER ) , ORGANIC GUM ACACIA , SWEET POTATO POWDER , SEAWEED DERIVED CALCIUM , APPLE FIBER POWDER , LEMON OIL POWDER , CARROT FIBER , ORGANIC ACEROLA POWDER , ORGANIC HEN OF THE WOODS MUSHROOM POWDER , ORGANIC OYSTER MUSHROOM POWDER , ORGANIC LINGZHI MUSHROOM POWDER , ORANGE OIL POWDER , AGARICUS MUSHROOM POWDER , ORGANIC SHIITAKE MUSHROOM EXTRACT , BLUEBERRY FIBER POWDER , CRANBERRY FIBER POWDER , MONKFRUIT EXTRACT , RHODIOLA ROSEA EXTRACT , ORGANIC REISHI MUSHROOM EXTRACT ."}]
2024-07-13 21:01:49 [31merror[39m: marketing
2024-07-13 21:01:49 [32minfo[39m: [{"haveQrCode":"true","instagram":"false","pinterest":"false","youtube":"false","youtubeType":"","facebook":"false","twitter":"false","socialMediaList":"","website":"lairdsuperfood.com","socialMediaText":"","enlargedToShow":"false"}]
2024-07-13 21:01:49 [31merror[39m: instruction
2024-07-13 21:01:49 [32minfo[39m: [{"storageInstruction":["Keep out of reach of children."],"cookingInstruction":[],"usageInstruction":["If you are pregnant or lactating, have a medical condition or are on medications, please consult with your licensed healthcare provider before using this supplement or any supplements."]}]
2024-07-13 21:24:13 [31merror[39m: ingredient list
2024-07-13 21:24:13 [32minfo[39m: [{"productType":"supplement facts","ingredientPrefix":"INGREDIENTS:","ingredientStatement":"Organic flaxseed oil, algal oil.","ingredientBreakdown":"Organic flaxseed oil, algal oil"}]
2024-07-13 21:24:13 [31merror[39m: marketing
2024-07-13 21:24:13 [32minfo[39m: [{"haveQrCode":"false","instagram":"false","pinterest":"false","youtube":"false","youtubeType":"","facebook":"false","twitter":"false","socialMediaList":"","website":"barleans.com","socialMediaText":"","enlargedToShow":"false"}]
2024-07-13 21:24:13 [31merror[39m: instruction
2024-07-13 21:24:13 [32minfo[39m: [{"storageInstruction":["Refrigerate after opening for quality."],"cookingInstruction":[],"usageInstruction":["SUGGESTED USE: 1 Tbsp. 1-2 times daily. Can be taken straight or mixed into salad dressings, yogurt, oatmeal or smoothies."]}]
2024-07-13 21:28:14 [31merror[39m: ingredient list
2024-07-13 21:28:14 [32minfo[39m: [{"productType":"supplement facts","ingredientPrefix":"INGREDIENTS:","ingredientStatement":"Organic flaxseed oil, algal oil.","ingredientBreakdown":"Organic flaxseed oil, algal oil"}]
2024-07-13 21:28:14 [31merror[39m: marketing
2024-07-13 21:28:14 [32minfo[39m: [{"haveQrCode":"false","instagram":"false","pinterest":"false","youtube":"false","youtubeType":"","facebook":"false","twitter":"false","socialMediaList":"","website":"barleans.com","socialMediaText":"","enlargedToShow":"false"}]
2024-07-13 21:28:14 [31merror[39m: instruction
2024-07-13 21:28:14 [32minfo[39m: [{"storageInstruction":["Refrigerate after opening for quality."],"cookingInstruction":[],"usageInstruction":["SUGGESTED USE: 1 Tbsp. 1-2 times daily. Can be taken straight or mixed into salad dressings, yogurt, oatmeal or smoothies."]}]
2024-07-13 21:32:20 [31merror[39m: ingredient list
2024-07-13 21:32:20 [32minfo[39m: [{"productType":"supplement facts","ingredientPrefix":"INGREDIENTS :","ingredientStatement":"Organic flaxseed oil, algal oil.","ingredientBreakdown":"Organic flaxseed oil, algal oil"}]
2024-07-13 21:32:20 [31merror[39m: marketing
2024-07-13 21:32:20 [32minfo[39m: [{"haveQrCode":"false","instagram":"false","pinterest":"false","youtube":"false","youtubeType":"","facebook":"false","twitter":"false","socialMediaList":"","website":"barleans.com","socialMediaText":"","enlargedToShow":"false"}]
2024-07-13 21:32:20 [31merror[39m: instruction
2024-07-13 21:32:20 [32minfo[39m: [{"storageInstruction":["Refrigerate after opening for quality."],"cookingInstruction":[],"usageInstruction":["SUGGESTED USE : 1 Tbsp . 1-2 times daily . Can be taken straight or mixed into salad dressings , yogurt , oatmeal or smoothies ."]}]
2024-07-13 21:51:15 [31merror[39m: ingredient list
2024-07-13 21:51:15 [32minfo[39m: [{"productType":"supplement facts","ingredientPrefix":"INGREDIENTS :","ingredientStatement":"Organic flaxseed oil, algal oil.","ingredientBreakdown":"Organic flaxseed oil, algal oil"}]
2024-07-13 21:51:15 [31merror[39m: marketing
2024-07-13 21:51:15 [32minfo[39m: [{"haveQrCode":"false","instagram":"false","pinterest":"false","youtube":"false","youtubeType":"","facebook":"false","twitter":"false","socialMediaList":"","website":"barleans.com","socialMediaText":"","enlargedToShow":"false"}]
2024-07-13 21:51:15 [31merror[39m: instruction
2024-07-13 21:51:15 [32minfo[39m: [{"storageInstruction":["Refrigerate after opening for quality."],"cookingInstruction":[],"usageInstruction":["SUGGESTED USE : 1 Tbsp . 1-2 times daily . Can be taken straight or mixed into salad dressings , yogurt , oatmeal or smoothies ."]}]
2024-07-13 21:51:16 [31merror[39m: ingredient list
2024-07-13 21:51:16 [32minfo[39m: [{"productType":"supplement facts","ingredientPrefix":"INGREDIENTS :","ingredientStatement":"Organic flaxseed oil, algal oil.","ingredientBreakdown":"Organic flaxseed oil, algal oil"}]
2024-07-13 21:51:16 [31merror[39m: marketing
2024-07-13 21:51:16 [32minfo[39m: [{"haveQrCode":"false","instagram":"false","pinterest":"false","youtube":"false","youtubeType":"","facebook":"false","twitter":"false","socialMediaList":"","website":"barleans.com","socialMediaText":"","enlargedToShow":"false"}]
2024-07-13 21:51:16 [31merror[39m: instruction
2024-07-13 21:51:16 [32minfo[39m: [{"storageInstruction":["Refrigerate after opening for quality."],"cookingInstruction":[],"usageInstruction":["SUGGESTED USE : 1 Tbsp . 1-2 times daily . Can be taken straight or mixed into salad dressings , yogurt , oatmeal or smoothies ."]}]
2024-07-13 21:51:19 [31merror[39m: ingredient list
2024-07-13 21:51:19 [32minfo[39m: [{"productType":"supplement facts","ingredientPrefix":"INGREDIENTS :","ingredientStatement":"Organic flaxseed oil, algal oil.","ingredientBreakdown":"Organic flaxseed oil, algal oil"}]
2024-07-13 21:51:19 [31merror[39m: marketing
2024-07-13 21:51:19 [32minfo[39m: [{"haveQrCode":"false","instagram":"false","pinterest":"false","youtube":"false","youtubeType":"","facebook":"false","twitter":"false","socialMediaList":"","website":"barleans.com","socialMediaText":"","enlargedToShow":"false"}]
2024-07-13 21:51:19 [31merror[39m: instruction
2024-07-13 21:51:19 [32minfo[39m: [{"storageInstruction":["Refrigerate after opening for quality."],"cookingInstruction":[],"usageInstruction":["SUGGESTED USE : 1 Tbsp . 1-2 times daily . Can be taken straight or mixed into salad dressings , yogurt , oatmeal or smoothies ."]}]
2024-07-13 21:51:22 [31merror[39m: ingredient list
2024-07-13 21:51:22 [32minfo[39m: [{"productType":"supplement facts","ingredientPrefix":"INGREDIENTS :","ingredientStatement":"Organic flaxseed oil, algal oil.","ingredientBreakdown":"Organic flaxseed oil, algal oil"}]
2024-07-13 21:51:22 [31merror[39m: marketing
2024-07-13 21:51:22 [32minfo[39m: [{"haveQrCode":"false","instagram":"false","pinterest":"false","youtube":"false","youtubeType":"","facebook":"false","twitter":"false","socialMediaList":"","website":"barleans.com","socialMediaText":"","enlargedToShow":"false"}]
2024-07-13 21:51:22 [31merror[39m: instruction
2024-07-13 21:51:22 [32minfo[39m: [{"storageInstruction":["Refrigerate after opening for quality."],"cookingInstruction":[],"usageInstruction":["SUGGESTED USE : 1 Tbsp . 1-2 times daily . Can be taken straight or mixed into salad dressings , yogurt , oatmeal or smoothies ."]}]
2024-07-13 21:51:23 [31merror[39m: ingredient list
2024-07-13 21:51:23 [32minfo[39m: [{"productType":"supplement facts","ingredientPrefix":"INGREDIENTS :","ingredientStatement":"Organic flaxseed oil, algal oil.","ingredientBreakdown":"Organic flaxseed oil, algal oil"}]
2024-07-13 21:51:23 [31merror[39m: marketing
2024-07-13 21:51:23 [32minfo[39m: [{"haveQrCode":"false","instagram":"false","pinterest":"false","youtube":"false","youtubeType":"","facebook":"false","twitter":"false","socialMediaList":"","website":"barleans.com","socialMediaText":"","enlargedToShow":"false"}]
2024-07-13 21:51:23 [31merror[39m: instruction
2024-07-13 21:51:23 [32minfo[39m: [{"storageInstruction":["Refrigerate after opening for quality."],"cookingInstruction":[],"usageInstruction":["SUGGESTED USE : 1 Tbsp . 1-2 times daily . Can be taken straight or mixed into salad dressings , yogurt , oatmeal or smoothies ."]}]
2024-07-13 21:51:25 [31merror[39m: ingredient list
2024-07-13 21:51:25 [32minfo[39m: [{"productType":"supplement facts","ingredientPrefix":"INGREDIENTS :","ingredientStatement":"Organic flaxseed oil, algal oil.","ingredientBreakdown":"Organic flaxseed oil, algal oil"}]
2024-07-13 21:51:25 [31merror[39m: marketing
2024-07-13 21:51:25 [32minfo[39m: [{"haveQrCode":"false","instagram":"false","pinterest":"false","youtube":"false","youtubeType":"","facebook":"false","twitter":"false","socialMediaList":"","website":"barleans.com","socialMediaText":"","enlargedToShow":"false"}]
2024-07-13 21:51:25 [31merror[39m: instruction
2024-07-13 21:51:25 [32minfo[39m: [{"storageInstruction":["Refrigerate after opening for quality."],"cookingInstruction":[],"usageInstruction":["SUGGESTED USE : 1 Tbsp . 1-2 times daily . Can be taken straight or mixed into salad dressings , yogurt , oatmeal or smoothies ."]}]
2024-07-13 21:51:34 [31merror[39m: ingredient list
2024-07-13 21:51:34 [32minfo[39m: [{"productType":"supplement facts","ingredientPrefix":"INGREDIENTS :","ingredientStatement":"Organic flaxseed oil, algal oil.","ingredientBreakdown":"Organic flaxseed oil, algal oil"}]
2024-07-13 21:51:34 [31merror[39m: marketing
2024-07-13 21:51:34 [32minfo[39m: [{"haveQrCode":"false","instagram":"false","pinterest":"false","youtube":"false","youtubeType":"","facebook":"false","twitter":"false","socialMediaList":"","website":"barleans.com","socialMediaText":"","enlargedToShow":"false"}]
2024-07-13 21:51:34 [31merror[39m: instruction
2024-07-13 21:51:34 [32minfo[39m: [{"storageInstruction":["Refrigerate after opening for quality."],"cookingInstruction":[],"usageInstruction":["SUGGESTED USE : 1 Tbsp . 1-2 times daily . Can be taken straight or mixed into salad dressings , yogurt , oatmeal or smoothies ."]}]
2024-07-13 21:51:36 [31merror[39m: ingredient list
2024-07-13 21:51:36 [32minfo[39m: [{"productType":"supplement facts","ingredientPrefix":"INGREDIENTS :","ingredientStatement":"Organic flaxseed oil, algal oil.","ingredientBreakdown":"Organic flaxseed oil, algal oil"}]
2024-07-13 21:51:36 [31merror[39m: marketing
2024-07-13 21:51:36 [32minfo[39m: [{"haveQrCode":"false","instagram":"false","pinterest":"false","youtube":"false","youtubeType":"","facebook":"false","twitter":"false","socialMediaList":"","website":"barleans.com","socialMediaText":"","enlargedToShow":"false"}]
2024-07-13 21:51:36 [31merror[39m: instruction
2024-07-13 21:51:36 [32minfo[39m: [{"storageInstruction":["Refrigerate after opening for quality."],"cookingInstruction":[],"usageInstruction":["SUGGESTED USE : 1 Tbsp . 1-2 times daily . Can be taken straight or mixed into salad dressings , yogurt , oatmeal or smoothies ."]}]
2024-07-13 21:51:37 [31merror[39m: ingredient list
2024-07-13 21:51:37 [32minfo[39m: [{"productType":"supplement facts","ingredientPrefix":"INGREDIENTS :","ingredientStatement":"Organic flaxseed oil, algal oil.","ingredientBreakdown":"Organic flaxseed oil, algal oil"}]
2024-07-13 21:51:37 [31merror[39m: marketing
2024-07-13 21:51:37 [32minfo[39m: [{"haveQrCode":"false","instagram":"false","pinterest":"false","youtube":"false","youtubeType":"","facebook":"false","twitter":"false","socialMediaList":"","website":"barleans.com","socialMediaText":"","enlargedToShow":"false"}]
2024-07-13 21:51:37 [31merror[39m: instruction
2024-07-13 21:51:37 [32minfo[39m: [{"storageInstruction":["Refrigerate after opening for quality."],"cookingInstruction":[],"usageInstruction":["SUGGESTED USE : 1 Tbsp . 1-2 times daily . Can be taken straight or mixed into salad dressings , yogurt , oatmeal or smoothies ."]}]
2024-07-13 21:51:41 [31merror[39m: ingredient list
2024-07-13 21:51:41 [32minfo[39m: [{"productType":"supplement facts","ingredientPrefix":"INGREDIENTS :","ingredientStatement":"Organic flaxseed oil, algal oil.","ingredientBreakdown":"Organic flaxseed oil, algal oil"}]
2024-07-13 21:51:41 [31merror[39m: marketing
2024-07-13 21:51:41 [32minfo[39m: [{"haveQrCode":"false","instagram":"false","pinterest":"false","youtube":"false","youtubeType":"","facebook":"false","twitter":"false","socialMediaList":"","website":"barleans.com","socialMediaText":"","enlargedToShow":"false"}]
2024-07-13 21:51:41 [31merror[39m: instruction
2024-07-13 21:51:41 [32minfo[39m: [{"storageInstruction":["Refrigerate after opening for quality."],"cookingInstruction":[],"usageInstruction":["SUGGESTED USE : 1 Tbsp . 1-2 times daily . Can be taken straight or mixed into salad dressings , yogurt , oatmeal or smoothies ."]}]
2024-07-13 21:51:56 [31merror[39m: ingredient list
2024-07-13 21:51:56 [32minfo[39m: [{"productType":"supplement facts","ingredientPrefix":"INGREDIENTS :","ingredientStatement":"Organic flaxseed oil, algal oil.","ingredientBreakdown":"Organic flaxseed oil, algal oil"}]
2024-07-13 21:51:56 [31merror[39m: marketing
2024-07-13 21:51:56 [32minfo[39m: [{"haveQrCode":"false","instagram":"false","pinterest":"false","youtube":"false","youtubeType":"","facebook":"false","twitter":"false","socialMediaList":"","website":"barleans.com","socialMediaText":"","enlargedToShow":"false"}]
2024-07-13 21:51:56 [31merror[39m: instruction
2024-07-13 21:51:56 [32minfo[39m: [{"storageInstruction":["Refrigerate after opening for quality."],"cookingInstruction":[],"usageInstruction":["SUGGESTED USE : 1 Tbsp . 1-2 times daily . Can be taken straight or mixed into salad dressings , yogurt , oatmeal or smoothies ."]}]
2024-07-13 21:52:49 [31merror[39m: ingredient list
2024-07-13 21:52:49 [32minfo[39m: [{"productType":"supplement facts","ingredientPrefix":"INGREDIENTS :","ingredientStatement":"Organic flaxseed oil, algal oil.","ingredientBreakdown":"Organic flaxseed oil, algal oil"}]
2024-07-13 21:52:49 [31merror[39m: marketing
2024-07-13 21:52:49 [32minfo[39m: [{"haveQrCode":"false","instagram":"false","pinterest":"false","youtube":"false","youtubeType":"","facebook":"false","twitter":"false","socialMediaList":"","website":"barleans.com","socialMediaText":"","enlargedToShow":"false"}]
2024-07-13 21:52:49 [31merror[39m: instruction
2024-07-13 21:52:49 [32minfo[39m: [{"storageInstruction":["Refrigerate after opening for quality."],"cookingInstruction":[],"usageInstruction":["SUGGESTED USE : 1 Tbsp . 1-2 times daily . Can be taken straight or mixed into salad dressings , yogurt , oatmeal or smoothies ."]}]
2024-07-13 21:52:50 [31merror[39m: ingredient list
2024-07-13 21:52:50 [32minfo[39m: [{"productType":"supplement facts","ingredientPrefix":"INGREDIENTS :","ingredientStatement":"Organic flaxseed oil, algal oil.","ingredientBreakdown":"Organic flaxseed oil, algal oil"}]
2024-07-13 21:52:50 [31merror[39m: marketing
2024-07-13 21:52:50 [32minfo[39m: [{"haveQrCode":"false","instagram":"false","pinterest":"false","youtube":"false","youtubeType":"","facebook":"false","twitter":"false","socialMediaList":"","website":"barleans.com","socialMediaText":"","enlargedToShow":"false"}]
2024-07-13 21:52:50 [31merror[39m: instruction
2024-07-13 21:52:50 [32minfo[39m: [{"storageInstruction":["Refrigerate after opening for quality."],"cookingInstruction":[],"usageInstruction":["SUGGESTED USE : 1 Tbsp . 1-2 times daily . Can be taken straight or mixed into salad dressings , yogurt , oatmeal or smoothies ."]}]
2024-07-13 21:52:52 [31merror[39m: ingredient list
2024-07-13 21:52:52 [32minfo[39m: [{"productType":"supplement facts","ingredientPrefix":"INGREDIENTS :","ingredientStatement":"Organic flaxseed oil, algal oil.","ingredientBreakdown":"Organic flaxseed oil, algal oil"}]
2024-07-13 21:52:52 [31merror[39m: marketing
2024-07-13 21:52:52 [32minfo[39m: [{"haveQrCode":"false","instagram":"false","pinterest":"false","youtube":"false","youtubeType":"","facebook":"false","twitter":"false","socialMediaList":"","website":"barleans.com","socialMediaText":"","enlargedToShow":"false"}]
2024-07-13 21:52:52 [31merror[39m: instruction
2024-07-13 21:52:52 [32minfo[39m: [{"storageInstruction":["Refrigerate after opening for quality."],"cookingInstruction":[],"usageInstruction":["SUGGESTED USE : 1 Tbsp . 1-2 times daily . Can be taken straight or mixed into salad dressings , yogurt , oatmeal or smoothies ."]}]
2024-07-13 21:53:00 [31merror[39m: ingredient list
2024-07-13 21:53:00 [32minfo[39m: [{"productType":"supplement facts","ingredientPrefix":"INGREDIENTS :","ingredientStatement":"Organic flaxseed oil, algal oil.","ingredientBreakdown":"Organic flaxseed oil, algal oil"}]
2024-07-13 21:53:00 [31merror[39m: marketing
2024-07-13 21:53:00 [32minfo[39m: [{"haveQrCode":"false","instagram":"false","pinterest":"false","youtube":"false","youtubeType":"","facebook":"false","twitter":"false","socialMediaList":"","website":"barleans.com","socialMediaText":"","enlargedToShow":"false"}]
2024-07-13 21:53:00 [31merror[39m: instruction
2024-07-13 21:53:00 [32minfo[39m: [{"storageInstruction":["Refrigerate after opening for quality."],"cookingInstruction":[],"usageInstruction":["SUGGESTED USE : 1 Tbsp . 1-2 times daily . Can be taken straight or mixed into salad dressings , yogurt , oatmeal or smoothies ."]}]
2024-07-13 21:53:27 [31merror[39m: ingredient list
2024-07-13 21:53:27 [32minfo[39m: [{"productType":"supplement facts","ingredientPrefix":"INGREDIENTS :","ingredientStatement":"Organic flaxseed oil, algal oil.","ingredientBreakdown":"Organic flaxseed oil, algal oil"}]
2024-07-13 21:53:27 [31merror[39m: marketing
2024-07-13 21:53:27 [32minfo[39m: [{"haveQrCode":"false","instagram":"false","pinterest":"false","youtube":"false","youtubeType":"","facebook":"false","twitter":"false","socialMediaList":"","website":"barleans.com","socialMediaText":"","enlargedToShow":"false"}]
2024-07-13 21:53:27 [31merror[39m: instruction
2024-07-13 21:53:27 [32minfo[39m: [{"storageInstruction":["Refrigerate after opening for quality."],"cookingInstruction":[],"usageInstruction":["SUGGESTED USE : 1 Tbsp . 1-2 times daily . Can be taken straight or mixed into salad dressings , yogurt , oatmeal or smoothies ."]}]
2024-07-13 22:05:11 [31merror[39m: ingredient list
2024-07-13 22:05:11 [32minfo[39m: [{"productType":"supplement facts","ingredientPrefix":"INGREDIENTS :","ingredientStatement":"Organic flaxseed oil, algal oil.","ingredientBreakdown":"Organic flaxseed oil, algal oil"}]
2024-07-13 22:05:11 [31merror[39m: marketing
2024-07-13 22:05:11 [32minfo[39m: [{"haveQrCode":"false","instagram":"false","pinterest":"false","youtube":"false","youtubeType":"","facebook":"false","twitter":"false","socialMediaList":"","website":"barleans.com","socialMediaText":"","enlargedToShow":"false"}]
2024-07-13 22:05:11 [31merror[39m: instruction
2024-07-13 22:05:11 [32minfo[39m: [{"storageInstruction":["Refrigerate after opening for quality."],"cookingInstruction":[],"usageInstruction":["SUGGESTED USE : 1 Tbsp . 1-2 times daily . Can be taken straight or mixed into salad dressings , yogurt , oatmeal or smoothies ."]}]
2024-07-13 22:30:23 [31merror[39m: ingredient list
2024-07-13 22:30:23 [32minfo[39m: [{"productType":"supplement facts","ingredientPrefix":"INGREDIENTS :","ingredientStatement":"Organic flaxseed oil, algal oil.","ingredientBreakdown":"Organic flaxseed oil, algal oil"}]
2024-07-13 22:30:23 [31merror[39m: marketing
2024-07-13 22:30:23 [32minfo[39m: [{"haveQrCode":"false","instagram":"false","pinterest":"false","youtube":"false","youtubeType":"","facebook":"false","twitter":"false","socialMediaList":"","website":"barleans.com","socialMediaText":"","enlargedToShow":"false"}]
2024-07-13 22:30:23 [31merror[39m: instruction
2024-07-13 22:30:23 [32minfo[39m: [{"storageInstruction":["Refrigerate after opening for quality."],"cookingInstruction":[],"usageInstruction":["SUGGESTED USE : 1 Tbsp . 1-2 times daily . Can be taken straight or mixed into salad dressings , yogurt , oatmeal or smoothies ."]}]
2024-07-13 22:40:27 [31merror[39m: ingredient list
2024-07-13 22:40:27 [32minfo[39m: [{"productType":"supplement facts","ingredientPrefix":"INGREDIENTS :","ingredientStatement":"Organic flaxseed oil, algal oil.","ingredientBreakdown":"Organic flaxseed oil, algal oil"}]
2024-07-13 22:40:27 [31merror[39m: marketing
2024-07-13 22:40:27 [32minfo[39m: [{"haveQrCode":"false","instagram":"false","pinterest":"false","youtube":"false","youtubeType":"","facebook":"false","twitter":"false","socialMediaList":"","website":"barleans.com","socialMediaText":"","enlargedToShow":"false"}]
2024-07-13 22:40:27 [31merror[39m: instruction
2024-07-13 22:40:27 [32minfo[39m: [{"storageInstruction":["Refrigerate after opening for quality."],"cookingInstruction":[],"usageInstruction":["SUGGESTED USE : 1 Tbsp . 1-2 times daily . Can be taken straight or mixed into salad dressings , yogurt , oatmeal or smoothies ."]}]
2024-07-13 22:49:16 [31merror[39m: ingredient list
2024-07-13 22:49:16 [32minfo[39m: [{"productType":"supplement facts","ingredientPrefix":"INGREDIENTS :","ingredientStatement":"Organic flaxseed oil, algal oil.","ingredientBreakdown":"Organic flaxseed oil, algal oil"}]
2024-07-13 22:49:16 [31merror[39m: marketing
2024-07-13 22:49:16 [32minfo[39m: [{"haveQrCode":"false","instagram":"false","pinterest":"false","youtube":"false","youtubeType":"","facebook":"false","twitter":"false","socialMediaList":"","website":"barleans.com","socialMediaText":"","enlargedToShow":"false"}]
2024-07-13 22:49:16 [31merror[39m: instruction
2024-07-13 22:49:16 [32minfo[39m: [{"storageInstruction":["Refrigerate after opening for quality."],"cookingInstruction":[],"usageInstruction":["SUGGESTED USE : 1 Tbsp . 1-2 times daily . Can be taken straight or mixed into salad dressings , yogurt , oatmeal or smoothies ."]}]
2024-07-13 23:07:28 [31merror[39m: ingredient list
2024-07-13 23:07:28 [32minfo[39m: [{"productType":"supplement facts","ingredientPrefix":"INGREDIENTS :","ingredientStatement":"Organic flaxseed oil, algal oil.","ingredientBreakdown":"Organic flaxseed oil, algal oil"}]
2024-07-13 23:07:28 [31merror[39m: marketing
2024-07-13 23:07:28 [32minfo[39m: [{"haveQrCode":"false","instagram":"false","pinterest":"false","youtube":"false","youtubeType":"","facebook":"false","twitter":"false","socialMediaList":"","website":"barleans.com","socialMediaText":"","enlargedToShow":"false"}]
2024-07-13 23:07:28 [31merror[39m: instruction
2024-07-13 23:07:28 [32minfo[39m: [{"storageInstruction":["Refrigerate after opening for quality."],"cookingInstruction":[],"usageInstruction":["SUGGESTED USE : 1 Tbsp . 1-2 times daily . Can be taken straight or mixed into salad dressings , yogurt , oatmeal or smoothies ."]}]
2024-07-13 23:07:52 [31merror[39m: ingredient list
2024-07-13 23:07:52 [32minfo[39m: [{"productType":"supplement facts","ingredientPrefix":"INGREDIENTS :","ingredientStatement":"Organic flaxseed oil, algal oil.","ingredientBreakdown":"Organic flaxseed oil, algal oil"}]
2024-07-13 23:07:52 [31merror[39m: marketing
2024-07-13 23:07:52 [32minfo[39m: [{"haveQrCode":"false","instagram":"false","pinterest":"false","youtube":"false","youtubeType":"","facebook":"false","twitter":"false","socialMediaList":"","website":"barleans.com","socialMediaText":"","enlargedToShow":"false"}]
2024-07-13 23:07:52 [31merror[39m: instruction
2024-07-13 23:07:52 [32minfo[39m: [{"storageInstruction":["Refrigerate after opening for quality."],"cookingInstruction":[],"usageInstruction":["SUGGESTED USE : 1 Tbsp . 1-2 times daily . Can be taken straight or mixed into salad dressings , yogurt , oatmeal or smoothies ."]}]
