2024-07-18 07:53:14 [31merror[39m: ingredient list
2024-07-18 07:53:14 [32minfo[39m: [{"productType":"nutrition facts","ingredientPrefix":"Ingredients:","ingredientStatement":"Ultra - filtered nonfat milk, water, skim milk, allulose, contains 2 % or less of : vanilla extract, natural flavors, tapioca flour, citrus fiber, guar gum, sea salt, stevia leaf extract ( reb m ), monk fruit extract, citric acid, enzyme, cultures. Includes a dietarily insignificant amount of sugar","ingredientBreakdown":"Ultra - filtered nonfat milk/ water/ skim milk/ allulose/ contains 2 % or less of : vanilla extract/ natural flavors/ tapioca flour/ citrus fiber/ guar gum/ sea salt/ stevia leaf extract ( reb m )/ monk fruit extract/ citric acid/ enzyme/ cultures. Includes a dietarily insignificant amount of sugar","liveAndActiveCulturesStatement":"6 live and active cultures: S. Thermophilus, L. Bulgaricus, L. Acidophilus, Bifidus, L. Casei, and L. Rhamnosus.","liveAndActiveCulturesBreakdown":"S. Thermophilus/ L. Bulgaricus/ L. Acidophilus/ Bifidus/ L. Casei/ and L. Rhamnosus."}]
2024-07-18 07:53:14 [31merror[39m: marketing
2024-07-18 07:53:14 [32minfo[39m: [{"haveQrCode":"false","instagram":"false","pinterest":"false","youtube":"false","youtubeType":"","facebook":"false","twitter":"false","socialMediaList":"","website":"chobani.com, chobani.com/recipes","socialMediaText":"","enlargedToShow":"false"}]
2024-07-18 07:53:14 [31merror[39m: instruction
2024-07-18 07:53:14 [32minfo[39m: [{"storageInstruction":["KEEP REFRIGERATED"],"cookingInstruction":[],"usageInstruction":[]}]
2024-07-18 08:04:06 [31merror[39m: ingredient list
2024-07-18 08:04:06 [32minfo[39m: [{"productType":"nutrition facts","ingredientPrefix":"INGREDIENTS:","ingredientStatement":"MILK CHOCOLATE COATING [ CHOCOLATE , ERYTHRITOL , COCOA BUTTER , WHOLE MILK POWDER , INULIN ( NATURAL VEGETABLE FIBER ) , NONFAT DRY MILK , SOY LECITHIN , NATURAL VANILLA EXTRACT , SALT , STEVIA LEAF EXTRACT ] , MCT OIL BLEND ( PALM KERNEL , PALM , COCONUT ) , INULIN , PEANUT BUTTER ( PEANUTS ) , ERYTHRITOL , MILK PROTEIN ISOLATE , PEANUT FLOUR , PEANUT OIL , SOY LECITHIN , STEVIA LEAF EXTRACT , SALT .","ingredientBreakdown":"MILK CHOCOLATE COATING [ CHOCOLATE/ERYTHRITOL/COCOA BUTTER/WHOLE MILK POWDER/INULIN ( NATURAL VEGETABLE FIBER )/NONFAT DRY MILK/SOY LECITHIN/NATURAL VANILLA EXTRACT/SALT/STEVIA LEAF EXTRACT ]/MCT OIL BLEND ( PALM KERNEL/PALM/COCONUT )/INULIN/PEANUT BUTTER ( PEANUTS )/ERYTHRITOL/MILK PROTEIN ISOLATE/PEANUT FLOUR/PEANUT OIL/SOY LECITHIN/STEVIA LEAF EXTRACT/SALT .","liveAndActiveCulturesStatement":"","liveAndActiveCulturesBreakdown":""}]
2024-07-18 08:04:06 [31merror[39m: marketing
2024-07-18 08:04:06 [32minfo[39m: [{"haveQrCode":"false","instagram":"yes","pinterest":"yes","youtube":"yes","youtubeType":"type_2","facebook":"yes","twitter":"no","socialMediaList":"facebook/instagram/pinterest/youtube","website":"www.SlimFastKeto.com, slimfast.com/legal, slimfast.com/privacy-policy, www.slimfastketo.com, SlimFastKeto.com","socialMediaText":"","enlargedToShow":"false"}]
2024-07-18 08:04:06 [31merror[39m: instruction
2024-07-18 08:04:06 [32minfo[39m: [{"storageInstruction":["DO NOT EXPOSE TO HEAT . STORE IN A COOL DRY PLACE ."],"cookingInstruction":[],"usageInstruction":["If you want to lose weight and are under 18 , pregnant , nursing , following a diet recommended by a doctor , have health problems such as diabetes , or want to lose more than 30 lbs . , see a doctor before starting this or any diet . Do not lose more than 2 pounds per week after the first week . Rapid weight loss may cause health problems . Do not use as a sole source of nutrition . Consume at least 1,200 calories a day . Exercise at least 30 minutes a day and drink plenty of water ."]}]
2024-07-18 08:04:06 [31merror[39m: sugar claim -- stevia
2024-07-18 08:18:22 [31merror[39m: ingredient list
2024-07-18 08:18:22 [32minfo[39m: [{"productType":"nutrition facts","ingredientPrefix":"ingredients:","ingredientStatement":"MILK CHOCOLATE COATING [ CHOCOLATE , ERYTHRITOL , COCOA BUTTER , WHOLE MILK POWDER , INULIN ( NATURAL VEGETABLE FIBER ) , NONFAT DRY MILK , SOY LECITHIN , NATURAL VANILLA EXTRACT , SALT , STEVIA LEAF EXTRACT ] , MCT OIL BLEND ( PALM KERNEL , PALM , COCONUT ) , INULIN , PEANUT BUTTER ( PEANUTS ) , ERYTHRITOL , MILK PROTEIN ISOLATE , PEANUT FLOUR , PEANUT OIL , SOY LECITHIN , STEVIA LEAF EXTRACT , SALT .","ingredientBreakdown":"MILK CHOCOLATE COATING [ CHOCOLATE/ERYTHRITOL/COCOA BUTTER/WHOLE MILK POWDER/INULIN ( NATURAL VEGETABLE FIBER )/NONFAT DRY MILK/SOY LECITHIN/NATURAL VANILLA EXTRACT/SALT/ STEVIA LEAF EXTRACT ]/MCT OIL BLEND ( PALM KERNEL/PALM/COCONUT )/INULIN/PEANUT BUTTER ( PEANUTS )/ERYTHRITOL/MILK PROTEIN ISOLATE/PEANUT FLOUR/PEANUT OIL/SOY LECITHIN/ STEVIA LEAF EXTRACT/SALT .","liveAndActiveCulturesStatement":"","liveAndActiveCulturesBreakdown":""}]
2024-07-18 08:18:22 [31merror[39m: marketing
2024-07-18 08:18:22 [32minfo[39m: [{"haveQrCode":"false","instagram":"yes","pinterest":"yes","youtube":"yes","youtubeType":"type_2","facebook":"yes","twitter":"no","socialMediaList":"facebook,instagram,pinterest,youtube","website":"www.SlimFastKeto.com,SlimFastKeto.com","socialMediaText":"","enlargedToShow":"false"}]
2024-07-18 08:18:22 [31merror[39m: instruction
2024-07-18 08:18:22 [32minfo[39m: [{"storageInstruction":["DO NOT EXPOSE TO HEAT . STORE IN A COOL DRY PLACE ."],"cookingInstruction":[],"usageInstruction":[]}]
2024-07-18 08:25:08 [31merror[39m: ingredient list
2024-07-18 08:25:08 [32minfo[39m: [{"productType":"nutrition facts","ingredientPrefix":"ingredients:","ingredientStatement":"MILK CHOCOLATE COATING [ CHOCOLATE , ERYTHRITOL , COCOA BUTTER , WHOLE MILK POWDER , INULIN ( NATURAL VEGETABLE FIBER ) , NONFAT DRY MILK , SOY LECITHIN , NATURAL VANILLA EXTRACT , SALT , STEVIA LEAF EXTRACT ] , MCT OIL BLEND ( PALM KERNEL , PALM , COCONUT ) , INULIN , PEANUT BUTTER ( PEANUTS ) , ERYTHRITOL , MILK PROTEIN ISOLATE , PEANUT FLOUR , PEANUT OIL , SOY LECITHIN , STEVIA LEAF EXTRACT , SALT .","ingredientBreakdown":"MILK CHOCOLATE COATING [ CHOCOLATE/ERYTHRITOL/COCOA BUTTER/WHOLE MILK POWDER/INULIN ( NATURAL VEGETABLE FIBER )/NONFAT DRY MILK/SOY LECITHIN/NATURAL VANILLA EXTRACT/SALT/ STEVIA LEAF EXTRACT ]/MCT OIL BLEND ( PALM KERNEL/PALM/COCONUT )/INULIN/PEANUT BUTTER ( PEANUTS )/ERYTHRITOL/MILK PROTEIN ISOLATE/PEANUT FLOUR/PEANUT OIL/SOY LECITHIN/ STEVIA LEAF EXTRACT/SALT .","liveAndActiveCulturesStatement":"","liveAndActiveCulturesBreakdown":""}]
2024-07-18 08:25:08 [31merror[39m: marketing
2024-07-18 08:25:08 [32minfo[39m: [{"haveQrCode":"false","instagram":"yes","pinterest":"yes","youtube":"yes","youtubeType":"type_2","facebook":"yes","twitter":"no","socialMediaList":"facebook,instagram,pinterest,youtube","website":"www.SlimFastKeto.com,SlimFastKeto.com","socialMediaText":"","enlargedToShow":"false"}]
2024-07-18 08:25:08 [31merror[39m: instruction
2024-07-18 08:25:08 [32minfo[39m: [{"storageInstruction":["DO NOT EXPOSE TO HEAT . STORE IN A COOL DRY PLACE ."],"cookingInstruction":[],"usageInstruction":[]}]
2024-07-18 08:39:20 [31merror[39m: ingredient list
2024-07-18 08:39:20 [32minfo[39m: [{"productType":"nutrition facts","ingredientPrefix":"INGREDIENTS:","ingredientStatement":"MILK CHOCOLATE COATING [ CHOCOLATE, ERYTHRITOL, COCOA BUTTER, WHOLE MILK POWDER, INULIN (NATURAL VEGETABLE FIBER), NONFAT DRY MILK, SOY LECITHIN, NATURAL VANILLA EXTRACT, SALT, STEVIA LEAF EXTRACT ], MCT OIL BLEND (PALM KERNEL, PALM, COCONUT), INULIN, PEANUT BUTTER (PEANUTS), ERYTHRITOL, MILK PROTEIN ISOLATE, PEANUT FLOUR, PEANUT OIL, SOY LECITHIN, STEVIA LEAF EXTRACT, SALT.","ingredientBreakdown":"MILK CHOCOLATE COATING [ CHOCOLATE/ ERYTHRITOL/ COCOA BUTTER/ WHOLE MILK POWDER/ INULIN (NATURAL VEGETABLE FIBER)/ NONFAT DRY MILK/ SOY LECITHIN/ NATURAL VANILLA EXTRACT/ SALT/ STEVIA LEAF EXTRACT ]/ MCT OIL BLEND (PALM KERNEL/ PALM/ COCONUT)/ INULIN/ PEANUT BUTTER (PEANUTS)/ ERYTHRITOL/ MILK PROTEIN ISOLATE/ PEANUT FLOUR/ PEANUT OIL/ SOY LECITHIN/ STEVIA LEAF EXTRACT/ SALT.","liveAndActiveCulturesStatement":"","liveAndActiveCulturesBreakdown":""}]
2024-07-18 08:39:20 [31merror[39m: marketing
2024-07-18 08:39:20 [32minfo[39m: [{"haveQrCode":"false","instagram":"yes","pinterest":"yes","youtube":"yes","youtubeType":"type_2","facebook":"yes","twitter":"no","socialMediaList":"facebook, instagram, pinterest, youtube","website":"www.SlimFastKeto.com, Slimfast.com/legal, SLIMFAST.COM/PRIVACY-POLICY, WWW.SLIMFASTKETO.COM, SlimFastKeto.com","socialMediaText":"","enlargedToShow":"false"}]
2024-07-18 08:39:20 [31merror[39m: instruction
2024-07-18 08:39:20 [32minfo[39m: [{"storageInstruction":["DO NOT EXPOSE TO HEAT . STORE IN A COOL DRY PLACE ."],"cookingInstruction":[],"usageInstruction":["Consume at least 1,200 calories a day .","Exercise at least 30 minutes a day and drink plenty of water ."]}]
2024-07-18 08:42:49 [31merror[39m: ingredient list
2024-07-18 08:42:49 [32minfo[39m: [{"productType":"nutrition facts","ingredientPrefix":"INGREDIENTS:","ingredientStatement":"MILK CHOCOLATE COATING [ CHOCOLATE, ERYTHRITOL, COCOA BUTTER, WHOLE MILK POWDER, INULIN (NATURAL VEGETABLE FIBER), NONFAT DRY MILK, SOY LECITHIN, NATURAL VANILLA EXTRACT, SALT, STEVIA LEAF EXTRACT ], MCT OIL BLEND (PALM KERNEL, PALM, COCONUT), INULIN, PEANUT BUTTER (PEANUTS), ERYTHRITOL, MILK PROTEIN ISOLATE, PEANUT FLOUR, PEANUT OIL, SOY LECITHIN, STEVIA LEAF EXTRACT, SALT.","ingredientBreakdown":"MILK CHOCOLATE COATING [ CHOCOLATE/ ERYTHRITOL/ COCOA BUTTER/ WHOLE MILK POWDER/ INULIN (NATURAL VEGETABLE FIBER)/ NONFAT DRY MILK/ SOY LECITHIN/ NATURAL VANILLA EXTRACT/ SALT/ STEVIA LEAF EXTRACT ]/ MCT OIL BLEND (PALM KERNEL/ PALM/ COCONUT)/ INULIN/ PEANUT BUTTER (PEANUTS)/ ERYTHRITOL/ MILK PROTEIN ISOLATE/ PEANUT FLOUR/ PEANUT OIL/ SOY LECITHIN/ STEVIA LEAF EXTRACT/ SALT.","liveAndActiveCulturesStatement":"","liveAndActiveCulturesBreakdown":""}]
2024-07-18 08:42:49 [31merror[39m: marketing
2024-07-18 08:42:49 [32minfo[39m: [{"haveQrCode":"false","instagram":"yes","pinterest":"yes","youtube":"yes","youtubeType":"type_2","facebook":"yes","twitter":"no","socialMediaList":"facebook, instagram, pinterest, youtube","website":"www.SlimFastKeto.com, Slimfast.com/legal, SLIMFAST.COM/PRIVACY-POLICY, WWW.SLIMFASTKETO.COM, SlimFastKeto.com","socialMediaText":"","enlargedToShow":"false"}]
2024-07-18 08:42:49 [31merror[39m: instruction
2024-07-18 08:42:49 [32minfo[39m: [{"storageInstruction":["DO NOT EXPOSE TO HEAT . STORE IN A COOL DRY PLACE ."],"cookingInstruction":[],"usageInstruction":["Consume at least 1,200 calories a day .","Exercise at least 30 minutes a day and drink plenty of water ."]}]
2024-07-18 08:44:45 [31merror[39m: ingredient list
2024-07-18 08:44:45 [32minfo[39m: [{"productType":"nutrition facts","ingredientPrefix":"INGREDIENTS:","ingredientStatement":"MILK CHOCOLATE COATING [ CHOCOLATE, ERYTHRITOL, COCOA BUTTER, WHOLE MILK POWDER, INULIN (NATURAL VEGETABLE FIBER), NONFAT DRY MILK, SOY LECITHIN, NATURAL VANILLA EXTRACT, SALT, STEVIA LEAF EXTRACT ], MCT OIL BLEND (PALM KERNEL, PALM, COCONUT), INULIN, PEANUT BUTTER (PEANUTS), ERYTHRITOL, MILK PROTEIN ISOLATE, PEANUT FLOUR, PEANUT OIL, SOY LECITHIN, STEVIA LEAF EXTRACT, SALT.","ingredientBreakdown":"MILK CHOCOLATE COATING [ CHOCOLATE/ ERYTHRITOL/ COCOA BUTTER/ WHOLE MILK POWDER/ INULIN (NATURAL VEGETABLE FIBER)/ NONFAT DRY MILK/ SOY LECITHIN/ NATURAL VANILLA EXTRACT/ SALT/ STEVIA LEAF EXTRACT ]/ MCT OIL BLEND (PALM KERNEL/ PALM/ COCONUT)/ INULIN/ PEANUT BUTTER (PEANUTS)/ ERYTHRITOL/ MILK PROTEIN ISOLATE/ PEANUT FLOUR/ PEANUT OIL/ SOY LECITHIN/ STEVIA LEAF EXTRACT/ SALT.","liveAndActiveCulturesStatement":"","liveAndActiveCulturesBreakdown":""}]
2024-07-18 08:44:45 [31merror[39m: marketing
2024-07-18 08:44:45 [32minfo[39m: [{"haveQrCode":"false","instagram":"yes","pinterest":"yes","youtube":"yes","youtubeType":"type_2","facebook":"yes","twitter":"no","socialMediaList":"facebook, instagram, pinterest, youtube","website":"www.SlimFastKeto.com, Slimfast.com/legal, SLIMFAST.COM/PRIVACY-POLICY, WWW.SLIMFASTKETO.COM, SlimFastKeto.com","socialMediaText":"","enlargedToShow":"false"}]
2024-07-18 08:44:45 [31merror[39m: instruction
2024-07-18 08:44:45 [32minfo[39m: [{"storageInstruction":["DO NOT EXPOSE TO HEAT . STORE IN A COOL DRY PLACE ."],"cookingInstruction":[],"usageInstruction":["Consume at least 1,200 calories a day .","Exercise at least 30 minutes a day and drink plenty of water ."]}]
2024-07-18 08:48:00 [31merror[39m: ingredient list
2024-07-18 08:48:00 [32minfo[39m: [{"productType":"nutrition facts","ingredientPrefix":"INGREDIENTS:","ingredientStatement":"MILK CHOCOLATE COATING [ CHOCOLATE, ERYTHRITOL, COCOA BUTTER, WHOLE MILK POWDER, INULIN (NATURAL VEGETABLE FIBER), NONFAT DRY MILK, SOY LECITHIN, NATURAL VANILLA EXTRACT, SALT, STEVIA LEAF EXTRACT ], MCT OIL BLEND (PALM KERNEL, PALM, COCONUT), INULIN, PEANUT BUTTER (PEANUTS), ERYTHRITOL, MILK PROTEIN ISOLATE, PEANUT FLOUR, PEANUT OIL, SOY LECITHIN, STEVIA LEAF EXTRACT, SALT.","ingredientBreakdown":"MILK CHOCOLATE COATING [ CHOCOLATE/ ERYTHRITOL/ COCOA BUTTER/ WHOLE MILK POWDER/ INULIN (NATURAL VEGETABLE FIBER)/ NONFAT DRY MILK/ SOY LECITHIN/ NATURAL VANILLA EXTRACT/ SALT/ STEVIA LEAF EXTRACT ]/ MCT OIL BLEND (PALM KERNEL/ PALM/ COCONUT)/ INULIN/ PEANUT BUTTER (PEANUTS)/ ERYTHRITOL/ MILK PROTEIN ISOLATE/ PEANUT FLOUR/ PEANUT OIL/ SOY LECITHIN/ STEVIA LEAF EXTRACT/ SALT.","liveAndActiveCulturesStatement":"","liveAndActiveCulturesBreakdown":""}]
2024-07-18 08:48:00 [31merror[39m: marketing
2024-07-18 08:48:00 [32minfo[39m: [{"haveQrCode":"false","instagram":"yes","pinterest":"yes","youtube":"yes","youtubeType":"type_2","facebook":"yes","twitter":"no","socialMediaList":"facebook, instagram, pinterest, youtube","website":"www.SlimFastKeto.com, Slimfast.com/legal, SLIMFAST.COM/PRIVACY-POLICY, WWW.SLIMFASTKETO.COM, SlimFastKeto.com","socialMediaText":"","enlargedToShow":"false"}]
2024-07-18 08:48:00 [31merror[39m: instruction
2024-07-18 08:48:00 [32minfo[39m: [{"storageInstruction":["DO NOT EXPOSE TO HEAT . STORE IN A COOL DRY PLACE ."],"cookingInstruction":[],"usageInstruction":["Consume at least 1,200 calories a day .","Exercise at least 30 minutes a day and drink plenty of water ."]}]
2024-07-18 08:49:22 [31merror[39m: ingredient list
2024-07-18 08:49:22 [32minfo[39m: [{"productType":"nutrition facts","ingredientPrefix":"INGREDIENTS:","ingredientStatement":"MILK CHOCOLATE COATING [ CHOCOLATE, ERYTHRITOL, COCOA BUTTER, WHOLE MILK POWDER, INULIN (NATURAL VEGETABLE FIBER), NONFAT DRY MILK, SOY LECITHIN, NATURAL VANILLA EXTRACT, SALT, STEVIA LEAF EXTRACT ], MCT OIL BLEND (PALM KERNEL, PALM, COCONUT), INULIN, PEANUT BUTTER (PEANUTS), ERYTHRITOL, MILK PROTEIN ISOLATE, PEANUT FLOUR, PEANUT OIL, SOY LECITHIN, STEVIA LEAF EXTRACT, SALT.","ingredientBreakdown":"MILK CHOCOLATE COATING [ CHOCOLATE/ ERYTHRITOL/ COCOA BUTTER/ WHOLE MILK POWDER/ INULIN (NATURAL VEGETABLE FIBER)/ NONFAT DRY MILK/ SOY LECITHIN/ NATURAL VANILLA EXTRACT/ SALT/ STEVIA LEAF EXTRACT ]/ MCT OIL BLEND (PALM KERNEL/ PALM/ COCONUT)/ INULIN/ PEANUT BUTTER (PEANUTS)/ ERYTHRITOL/ MILK PROTEIN ISOLATE/ PEANUT FLOUR/ PEANUT OIL/ SOY LECITHIN/ STEVIA LEAF EXTRACT/ SALT.","liveAndActiveCulturesStatement":"","liveAndActiveCulturesBreakdown":""}]
2024-07-18 08:49:22 [31merror[39m: marketing
2024-07-18 08:49:22 [32minfo[39m: [{"haveQrCode":"false","instagram":"yes","pinterest":"yes","youtube":"yes","youtubeType":"type_2","facebook":"yes","twitter":"no","socialMediaList":"facebook, instagram, pinterest, youtube","website":"www.SlimFastKeto.com, Slimfast.com/legal, SLIMFAST.COM/PRIVACY-POLICY, WWW.SLIMFASTKETO.COM, SlimFastKeto.com","socialMediaText":"","enlargedToShow":"false"}]
2024-07-18 08:49:22 [31merror[39m: instruction
2024-07-18 08:49:22 [32minfo[39m: [{"storageInstruction":["DO NOT EXPOSE TO HEAT . STORE IN A COOL DRY PLACE ."],"cookingInstruction":[],"usageInstruction":["Consume at least 1,200 calories a day .","Exercise at least 30 minutes a day and drink plenty of water ."]}]
2024-07-18 09:08:51 [31merror[39m: ingredient list
2024-07-18 09:08:51 [32minfo[39m: [{"productType":"nutrition facts","ingredientPrefix":"INGREDIENTS:","ingredientStatement":"MILK CHOCOLATE COATING [ CHOCOLATE, ERYTHRITOL, COCOA BUTTER, WHOLE MILK POWDER, INULIN (NATURAL VEGETABLE FIBER), NONFAT DRY MILK, SOY LECITHIN, NATURAL VANILLA EXTRACT, SALT, STEVIA LEAF EXTRACT], MCT OIL BLEND (PALM KERNEL, PALM, COCONUT), INULIN, PEANUT BUTTER (PEANUTS), ERYTHRITOL, MILK PROTEIN ISOLATE, PEANUT FLOUR, PEANUT OIL, SOY LECITHIN, STEVIA LEAF EXTRACT, SALT.","ingredientBreakdown":"MILK CHOCOLATE COATING [ CHOCOLATE/ERYTHRITOL/COCOA BUTTER/WHOLE MILK POWDER/INULIN (NATURAL VEGETABLE FIBER)/NONFAT DRY MILK/SOY LECITHIN/NATURAL VANILLA EXTRACT/SALT/ STEVIA LEAF EXTRACT]/MCT OIL BLEND (PALM KERNEL/PALM/COCONUT)/INULIN/PEANUT BUTTER (PEANUTS)/ERYTHRITOL/MILK PROTEIN ISOLATE/PEANUT FLOUR/PEANUT OIL/SOY LECITHIN/ STEVIA LEAF EXTRACT/SALT.","liveAndActiveCulturesStatement":"","liveAndActiveCulturesBreakdown":""}]
2024-07-18 09:08:51 [31merror[39m: marketing
2024-07-18 09:08:51 [32minfo[39m: [{"haveQrCode":"false","instagram":"yes","pinterest":"yes","youtube":"yes","youtubeType":"type_2","facebook":"yes","twitter":"no","socialMediaList":"facebook, instagram, pinterest, youtube","website":"www.SlimFastKeto.com, SlimFastKeto.com, SLIMFAST.COM/PRIVACY-POLICY, SLIMFAST.COM/LEGAL, SlimFastKeto.com","socialMediaText":"","enlargedToShow":"false"}]
2024-07-18 09:08:51 [31merror[39m: instruction
2024-07-18 09:08:51 [32minfo[39m: [{"storageInstruction":["DO NOT EXPOSE TO HEAT . STORE IN A COOL DRY PLACE ."],"cookingInstruction":[],"usageInstruction":["If you want to lose weight and are under 18 , pregnant , nursing , following a diet recommended by a doctor , have health problems such as diabetes , or want to lose more than 30 lbs . , see a doctor before starting this or any diet .","Do not lose more than 2 pounds per week after the first week . Rapid weight loss may cause health problems .","Do not use as a sole source of nutrition . Consume at least 1,200 calories a day . Exercise at least 30 minutes a day and drink plenty of water ."]}]
2024-07-18 09:26:28 [31merror[39m: ingredient list
2024-07-18 09:26:28 [32minfo[39m: [{"productType":"nutrition facts","ingredientPrefix":"INGREDIENTS:","ingredientStatement":"MILK CHOCOLATE COATING [ CHOCOLATE, ERYTHRITOL, COCOA BUTTER, WHOLE MILK POWDER, INULIN (NATURAL VEGETABLE FIBER), NONFAT DRY MILK, SOY LECITHIN, NATURAL VANILLA EXTRACT, SALT, STEVIA LEAF EXTRACT], MCT OIL BLEND (PALM KERNEL, PALM, COCONUT), INULIN, PEANUT BUTTER (PEANUTS), ERYTHRITOL, MILK PROTEIN ISOLATE, PEANUT FLOUR, PEANUT OIL, SOY LECITHIN, STEVIA LEAF EXTRACT, SALT.","ingredientBreakdown":"MILK CHOCOLATE COATING [ CHOCOLATE/ERYTHRITOL/COCOA BUTTER/WHOLE MILK POWDER/INULIN (NATURAL VEGETABLE FIBER)/NONFAT DRY MILK/SOY LECITHIN/NATURAL VANILLA EXTRACT/SALT/ STEVIA LEAF EXTRACT]/MCT OIL BLEND (PALM KERNEL/PALM/COCONUT)/INULIN/PEANUT BUTTER (PEANUTS)/ERYTHRITOL/MILK PROTEIN ISOLATE/PEANUT FLOUR/PEANUT OIL/SOY LECITHIN/ STEVIA LEAF EXTRACT/SALT.","liveAndActiveCulturesStatement":"","liveAndActiveCulturesBreakdown":""}]
2024-07-18 09:26:28 [31merror[39m: marketing
2024-07-18 09:26:28 [32minfo[39m: [{"haveQrCode":"false","instagram":"yes","pinterest":"yes","youtube":"yes","youtubeType":"type_2","facebook":"yes","twitter":"no","socialMediaList":"facebook, instagram, pinterest, youtube","website":"www.SlimFastKeto.com, SlimFastKeto.com, SLIMFAST.COM/PRIVACY-POLICY, SLIMFAST.COM/LEGAL, SlimFastKeto.com","socialMediaText":"","enlargedToShow":"false"}]
2024-07-18 09:26:28 [31merror[39m: instruction
2024-07-18 09:26:28 [32minfo[39m: [{"storageInstruction":["DO NOT EXPOSE TO HEAT . STORE IN A COOL DRY PLACE ."],"cookingInstruction":[],"usageInstruction":["If you want to lose weight and are under 18 , pregnant , nursing , following a diet recommended by a doctor , have health problems such as diabetes , or want to lose more than 30 lbs . , see a doctor before starting this or any diet .","Do not lose more than 2 pounds per week after the first week . Rapid weight loss may cause health problems .","Do not use as a sole source of nutrition . Consume at least 1,200 calories a day . Exercise at least 30 minutes a day and drink plenty of water ."]}]
2024-07-18 09:29:56 [31merror[39m: ingredient list
2024-07-18 09:29:56 [32minfo[39m: [{"productType":"nutrition facts","ingredientPrefix":"INGREDIENTS:","ingredientStatement":"MILK CHOCOLATE COATING [ CHOCOLATE, ERYTHRITOL, COCOA BUTTER, WHOLE MILK POWDER, INULIN (NATURAL VEGETABLE FIBER), NONFAT DRY MILK, SOY LECITHIN, NATURAL VANILLA EXTRACT, SALT, STEVIA LEAF EXTRACT], MCT OIL BLEND (PALM KERNEL, PALM, COCONUT), INULIN, PEANUT BUTTER (PEANUTS), ERYTHRITOL, MILK PROTEIN ISOLATE, PEANUT FLOUR, PEANUT OIL, SOY LECITHIN, STEVIA LEAF EXTRACT, SALT.","ingredientBreakdown":"MILK CHOCOLATE COATING [ CHOCOLATE/ERYTHRITOL/COCOA BUTTER/WHOLE MILK POWDER/INULIN (NATURAL VEGETABLE FIBER)/NONFAT DRY MILK/SOY LECITHIN/NATURAL VANILLA EXTRACT/SALT/ STEVIA LEAF EXTRACT]/MCT OIL BLEND (PALM KERNEL/PALM/COCONUT)/INULIN/PEANUT BUTTER (PEANUTS)/ERYTHRITOL/MILK PROTEIN ISOLATE/PEANUT FLOUR/PEANUT OIL/SOY LECITHIN/ STEVIA LEAF EXTRACT/SALT.","liveAndActiveCulturesStatement":"","liveAndActiveCulturesBreakdown":""}]
2024-07-18 09:29:56 [31merror[39m: marketing
2024-07-18 09:29:56 [32minfo[39m: [{"haveQrCode":"false","instagram":"yes","pinterest":"yes","youtube":"yes","youtubeType":"type_2","facebook":"yes","twitter":"no","socialMediaList":"facebook, instagram, pinterest, youtube","website":"www.SlimFastKeto.com, SlimFastKeto.com, SLIMFAST.COM/PRIVACY-POLICY, SLIMFAST.COM/LEGAL, SlimFastKeto.com","socialMediaText":"","enlargedToShow":"false"}]
2024-07-18 09:29:56 [31merror[39m: instruction
2024-07-18 09:29:56 [32minfo[39m: [{"storageInstruction":["DO NOT EXPOSE TO HEAT . STORE IN A COOL DRY PLACE ."],"cookingInstruction":[],"usageInstruction":["If you want to lose weight and are under 18 , pregnant , nursing , following a diet recommended by a doctor , have health problems such as diabetes , or want to lose more than 30 lbs . , see a doctor before starting this or any diet .","Do not lose more than 2 pounds per week after the first week . Rapid weight loss may cause health problems .","Do not use as a sole source of nutrition . Consume at least 1,200 calories a day . Exercise at least 30 minutes a day and drink plenty of water ."]}]
2024-07-18 09:32:15 [31merror[39m: ingredient list
2024-07-18 09:32:15 [32minfo[39m: [{"productType":"nutrition facts","ingredientPrefix":"INGREDIENTS:","ingredientStatement":"MILK CHOCOLATE COATING [ CHOCOLATE, ERYTHRITOL, COCOA BUTTER, WHOLE MILK POWDER, INULIN (NATURAL VEGETABLE FIBER), NONFAT DRY MILK, SOY LECITHIN, NATURAL VANILLA EXTRACT, SALT, STEVIA LEAF EXTRACT], MCT OIL BLEND (PALM KERNEL, PALM, COCONUT), INULIN, PEANUT BUTTER (PEANUTS), ERYTHRITOL, MILK PROTEIN ISOLATE, PEANUT FLOUR, PEANUT OIL, SOY LECITHIN, STEVIA LEAF EXTRACT, SALT.","ingredientBreakdown":"MILK CHOCOLATE COATING [ CHOCOLATE/ERYTHRITOL/COCOA BUTTER/WHOLE MILK POWDER/INULIN (NATURAL VEGETABLE FIBER)/NONFAT DRY MILK/SOY LECITHIN/NATURAL VANILLA EXTRACT/SALT/ STEVIA LEAF EXTRACT]/MCT OIL BLEND (PALM KERNEL/PALM/COCONUT)/INULIN/PEANUT BUTTER (PEANUTS)/ERYTHRITOL/MILK PROTEIN ISOLATE/PEANUT FLOUR/PEANUT OIL/SOY LECITHIN/ STEVIA LEAF EXTRACT/SALT.","liveAndActiveCulturesStatement":"","liveAndActiveCulturesBreakdown":""}]
2024-07-18 09:32:15 [31merror[39m: marketing
2024-07-18 09:32:15 [32minfo[39m: [{"haveQrCode":"false","instagram":"yes","pinterest":"yes","youtube":"yes","youtubeType":"type_2","facebook":"yes","twitter":"no","socialMediaList":"facebook, instagram, pinterest, youtube","website":"www.SlimFastKeto.com, SlimFastKeto.com, SLIMFAST.COM/PRIVACY-POLICY, SLIMFAST.COM/LEGAL, SlimFastKeto.com","socialMediaText":"","enlargedToShow":"false"}]
2024-07-18 09:32:15 [31merror[39m: instruction
2024-07-18 09:32:15 [32minfo[39m: [{"storageInstruction":["DO NOT EXPOSE TO HEAT . STORE IN A COOL DRY PLACE ."],"cookingInstruction":[],"usageInstruction":["If you want to lose weight and are under 18 , pregnant , nursing , following a diet recommended by a doctor , have health problems such as diabetes , or want to lose more than 30 lbs . , see a doctor before starting this or any diet .","Do not lose more than 2 pounds per week after the first week . Rapid weight loss may cause health problems .","Do not use as a sole source of nutrition . Consume at least 1,200 calories a day . Exercise at least 30 minutes a day and drink plenty of water ."]}]
2024-07-18 09:37:06 [31merror[39m: ingredient list
2024-07-18 09:37:06 [32minfo[39m: [{"productType":"nutrition facts","ingredientPrefix":"INGREDIENTS:","ingredientStatement":"MILK CHOCOLATE COATING [ CHOCOLATE , ERYTHRITOL , COCOA BUTTER , WHOLE MILK POWDER , INULIN ( NATURAL VEGETABLE FIBER ) , NONFAT DRY MILK , SOY LECITHIN , NATURAL VANILLA EXTRACT , SALT , STEVIA LEAF EXTRACT ] , MCT OIL BLEND ( PALM KERNEL , PALM , COCONUT ) , INULIN , PEANUT BUTTER ( PEANUTS ) , ERYTHRITOL , MILK PROTEIN ISOLATE , PEANUT FLOUR , PEANUT OIL , SOY LECITHIN , STEVIA LEAF EXTRACT , SALT .","ingredientBreakdown":"MILK CHOCOLATE COATING [ CHOCOLATE/ERYTHRITOL/COCOA BUTTER/WHOLE MILK POWDER/INULIN ( NATURAL VEGETABLE FIBER )/NONFAT DRY MILK/SOY LECITHIN/NATURAL VANILLA EXTRACT/SALT/ STEVIA LEAF EXTRACT ]/MCT OIL BLEND ( PALM KERNEL/PALM/COCONUT )/INULIN/PEANUT BUTTER ( PEANUTS )/ERYTHRITOL/MILK PROTEIN ISOLATE/PEANUT FLOUR/PEANUT OIL/SOY LECITHIN/ STEVIA LEAF EXTRACT/SALT","liveAndActiveCulturesStatement":"","liveAndActiveCulturesBreakdown":""}]
2024-07-18 09:37:06 [31merror[39m: marketing
2024-07-18 09:37:06 [32minfo[39m: [{"haveQrCode":"false","instagram":"yes","pinterest":"yes","youtube":"yes","youtubeType":"type_2","facebook":"yes","twitter":"no","socialMediaList":"facebook,instagram,pinterest,youtube","website":"www.SlimFastKeto.com,SlimFastKeto.com","socialMediaText":"","enlargedToShow":"false"}]
2024-07-18 09:37:06 [31merror[39m: instruction
2024-07-18 09:37:06 [32minfo[39m: [{"storageInstruction":["DO NOT EXPOSE TO HEAT . STORE IN A COOL DRY PLACE ."],"cookingInstruction":[],"usageInstruction":[]}]
2024-07-18 09:48:40 [31merror[39m: ingredient list
2024-07-18 09:48:40 [32minfo[39m: [{"productType":"nutrition facts","ingredientPrefix":"INGREDIENTS:","ingredientStatement":"ALMONDMILK ( WATER , ALMONDS ) , CANE SUGAR , SUNFLOWER OIL , SUNFLOWER LECITHIN , CALCIUM CARBONATE , NATURAL FLAVOR , CINNAMON , SEA SALT , POTASSIUM CITRATE , GUAR GUM , GELLAN GUM .","ingredientBreakdown":"ALMONDMILK ( WATER , ALMONDS )/CANE SUGAR/SUNFLOWER OIL/SUNFLOWER LECITHIN/CALCIUM CARBONATE/NATURAL FLAVOR/CINNAMON/SEA SALT/POTASSIUM CITRATE/GUAR GUM/GELLAN GUM","liveAndActiveCulturesStatement":"","liveAndActiveCulturesBreakdown":""}]
2024-07-18 09:48:40 [31merror[39m: marketing
2024-07-18 09:48:40 [32minfo[39m: [{"haveQrCode":"true","instagram":"no","pinterest":"no","youtube":"no","youtubeType":"","facebook":"no","twitter":"no","socialMediaList":"","website":"www.califiafarms.com, califiafarms.com","socialMediaText":"","enlargedToShow":"false"}]
2024-07-18 09:48:40 [31merror[39m: instruction
2024-07-18 09:48:40 [32minfo[39m: [{"storageInstruction":["KEEP REFRIGERATED ."],"cookingInstruction":[],"usageInstruction":["SHARE WELL FOR BEST TASTE .","CONSUME WITHIN 7-10 DAYS AFTER OPENING ."]}]
2024-07-18 10:04:45 [31merror[39m: ingredient list
2024-07-18 10:04:45 [32minfo[39m: [{"productType":"nutrition facts","ingredientPrefix":"INGREDIENTS:","ingredientStatement":"ALMONDMILK ( WATER , ALMONDS ) , CANE SUGAR , SUNFLOWER OIL , SUNFLOWER LECITHIN , CALCIUM CARBONATE , NATURAL FLAVOR , CINNAMON , SEA SALT , POTASSIUM CITRATE , GUAR GUM , GELLAN GUM .","ingredientBreakdown":"ALMONDMILK ( WATER , ALMONDS )/CANE SUGAR/SUNFLOWER OIL/SUNFLOWER LECITHIN/CALCIUM CARBONATE/NATURAL FLAVOR/CINNAMON/SEA SALT/POTASSIUM CITRATE/GUAR GUM/GELLAN GUM","liveAndActiveCulturesStatement":"","liveAndActiveCulturesBreakdown":""}]
2024-07-18 10:04:45 [31merror[39m: marketing
2024-07-18 10:04:45 [32minfo[39m: [{"haveQrCode":"true","instagram":"no","pinterest":"no","youtube":"no","youtubeType":"","facebook":"no","twitter":"no","socialMediaList":"","website":"www.califiafarms.com, califiafarms.com","socialMediaText":"","enlargedToShow":"false"}]
2024-07-18 10:04:45 [31merror[39m: instruction
2024-07-18 10:04:45 [32minfo[39m: [{"storageInstruction":["KEEP REFRIGERATED ."],"cookingInstruction":[],"usageInstruction":["SHARE WELL FOR BEST TASTE .","CONSUME WITHIN 7-10 DAYS AFTER OPENING ."]}]
2024-07-18 10:08:26 [31merror[39m: ingredient list
2024-07-18 10:08:26 [32minfo[39m: [{"productType":"nutrition facts","ingredientPrefix":"INGREDIENTS:","ingredientStatement":"ALMONDMILK ( WATER , ALMONDS ) , CANE SUGAR , SUNFLOWER OIL , SUNFLOWER LECITHIN , CALCIUM CARBONATE , NATURAL FLAVOR , CINNAMON , SEA SALT , POTASSIUM CITRATE , GUAR GUM , GELLAN GUM .","ingredientBreakdown":"ALMONDMILK ( WATER , ALMONDS )/CANE SUGAR/SUNFLOWER OIL/SUNFLOWER LECITHIN/CALCIUM CARBONATE/NATURAL FLAVOR/CINNAMON/SEA SALT/POTASSIUM CITRATE/GUAR GUM/GELLAN GUM","liveAndActiveCulturesStatement":"","liveAndActiveCulturesBreakdown":""}]
2024-07-18 10:08:26 [31merror[39m: marketing
2024-07-18 10:08:26 [32minfo[39m: [{"haveQrCode":"true","instagram":"no","pinterest":"no","youtube":"no","youtubeType":"","facebook":"no","twitter":"no","socialMediaList":"","website":"www.califiafarms.com, califiafarms.com","socialMediaText":"","enlargedToShow":"false"}]
2024-07-18 10:08:26 [31merror[39m: instruction
2024-07-18 10:08:26 [32minfo[39m: [{"storageInstruction":["KEEP REFRIGERATED ."],"cookingInstruction":[],"usageInstruction":["SHARE WELL FOR BEST TASTE .","CONSUME WITHIN 7-10 DAYS AFTER OPENING ."]}]
2024-07-18 11:11:48 [31merror[39m: ingredient list
2024-07-18 11:11:48 [32minfo[39m: [{"productType":"nutrition facts","ingredientPrefix":"INGREDIENTS:","ingredientStatement":"ALMONDMILK ( WATER , ALMONDS ) , CANE SUGAR , SUNFLOWER OIL , SUNFLOWER LECITHIN , CALCIUM CARBONATE , NATURAL FLAVOR , CINNAMON , SEA SALT , POTASSIUM CITRATE , GUAR GUM , GELLAN GUM .","ingredientBreakdown":"ALMONDMILK ( WATER , ALMONDS )/CANE SUGAR/SUNFLOWER OIL/SUNFLOWER LECITHIN/CALCIUM CARBONATE/NATURAL FLAVOR/CINNAMON/SEA SALT/POTASSIUM CITRATE/GUAR GUM/GELLAN GUM","liveAndActiveCulturesStatement":"","liveAndActiveCulturesBreakdown":""}]
2024-07-18 11:11:48 [31merror[39m: marketing
2024-07-18 11:11:48 [32minfo[39m: [{"haveQrCode":"true","instagram":"no","pinterest":"no","youtube":"no","youtubeType":"","facebook":"no","twitter":"no","socialMediaList":"","website":"www.califiafarms.com, califiafarms.com","socialMediaText":"","enlargedToShow":"false"}]
2024-07-18 11:11:48 [31merror[39m: instruction
2024-07-18 11:11:48 [32minfo[39m: [{"storageInstruction":["KEEP REFRIGERATED ."],"cookingInstruction":[],"usageInstruction":["SHARE WELL FOR BEST TASTE .","CONSUME WITHIN 7-10 DAYS AFTER OPENING ."]}]
2024-07-18 12:11:19 [31merror[39m: ingredient list
2024-07-18 12:11:19 [32minfo[39m: [{"productType":"nutrition facts","ingredientPrefix":"INGREDIENTS:","ingredientStatement":"ALMONDMILK ( WATER , ALMONDS ) , CANE SUGAR , SUNFLOWER OIL , SUNFLOWER LECITHIN , CALCIUM CARBONATE , NATURAL FLAVOR , CINNAMON , SEA SALT , POTASSIUM CITRATE , GUAR GUM , GELLAN GUM .","ingredientBreakdown":"ALMONDMILK ( WATER , ALMONDS )/CANE SUGAR/SUNFLOWER OIL/SUNFLOWER LECITHIN/CALCIUM CARBONATE/NATURAL FLAVOR/CINNAMON/SEA SALT/POTASSIUM CITRATE/GUAR GUM/GELLAN GUM","liveAndActiveCulturesStatement":"","liveAndActiveCulturesBreakdown":""}]
2024-07-18 12:11:19 [31merror[39m: marketing
2024-07-18 12:11:19 [32minfo[39m: [{"haveQrCode":"true","instagram":"unknown","pinterest":"unknown","youtube":"unknown","youtubeType":"","facebook":"unknown","twitter":"unknown","socialMediaList":"","website":"CALIFIAFARMS.COM, CALIFIAFARMS.COM","socialMediaText":"","enlargedToShow":"false"}]
2024-07-18 12:11:19 [31merror[39m: instruction
2024-07-18 12:11:19 [32minfo[39m: [{"storageInstruction":["KEEP REFRIGERATED ."],"cookingInstruction":[],"usageInstruction":["Treat your coffee to a swirl of our Cookie Butter FLAVORED ALMOND CREAMER You get the irresistible flavor of your favorite spiced speculoos cookies and all the sweet creamy goodness of dairy creamer , just without the dairy ."]}]
2024-07-18 12:22:11 [31merror[39m: ingredient list
2024-07-18 12:22:11 [32minfo[39m: [{"productType":"nutrition facts","ingredientPrefix":"INGREDIENTS:","ingredientStatement":"ALMONDMILK ( WATER , ALMONDS ) , CANE SUGAR , SUNFLOWER OIL , SUNFLOWER LECITHIN , CALCIUM CARBONATE , NATURAL FLAVOR , CINNAMON , SEA SALT , POTASSIUM CITRATE , GUAR GUM , GELLAN GUM .","ingredientBreakdown":"ALMONDMILK ( WATER , ALMONDS )/CANE SUGAR/SUNFLOWER OIL/SUNFLOWER LECITHIN/CALCIUM CARBONATE/NATURAL FLAVOR/CINNAMON/SEA SALT/POTASSIUM CITRATE/GUAR GUM/GELLAN GUM","liveAndActiveCulturesStatement":"","liveAndActiveCulturesBreakdown":""}]
2024-07-18 12:22:11 [31merror[39m: marketing
2024-07-18 12:22:11 [32minfo[39m: [{"haveQrCode":"true","instagram":"no","pinterest":"no","youtube":"no","youtubeType":"","facebook":"no","twitter":"no","socialMediaList":"","website":"CALIFIAFARMS.COM","socialMediaText":"","enlargedToShow":"no"}]
2024-07-18 12:22:11 [31merror[39m: instruction
2024-07-18 12:22:11 [32minfo[39m: [{"storageInstruction":["KEEP REFRIGERATED ."],"cookingInstruction":[],"usageInstruction":["SHARE WELL FOR BEST TASTE .","CONSUME WITHIN 7-10 DAYS AFTER OPENING .","DO NOT FREEZE ."]}]
2024-07-18 12:41:39 [31merror[39m: ingredient list
2024-07-18 12:41:39 [32minfo[39m: [{"productType":"nutrition facts","ingredientPrefix":"INGREDIENTS :","ingredientStatement":"ALMONDMILK ( WATER , ALMONDS ) , CANE SUGAR , SUNFLOWER OIL , SUNFLOWER LECITHIN , CALCIUM CARBONATE , NATURAL FLAVOR , CINNAMON , SEA SALT , POTASSIUM CITRATE , GUAR GUM , GELLAN GUM .","ingredientBreakdown":"ALMONDMILK ( WATER , ALMONDS )/CANE SUGAR/SUNFLOWER OIL/SUNFLOWER LECITHIN/CALCIUM CARBONATE/NATURAL FLAVOR/CINNAMON/SEA SALT/POTASSIUM CITRATE/GUAR GUM/GELLAN GUM","liveAndActiveCulturesStatement":"","liveAndActiveCulturesBreakdown":""}]
2024-07-18 12:41:39 [31merror[39m: marketing
2024-07-18 12:41:39 [32minfo[39m: [{"haveQrCode":"true","instagram":"no","pinterest":"no","youtube":"no","youtubeType":"","facebook":"no","twitter":"no","socialMediaList":"","website":"CALIFIAFARMS.COM, CALIFIAFARMS.COM","socialMediaText":"","enlargedToShow":"no"}]
2024-07-18 12:41:39 [31merror[39m: instruction
2024-07-18 12:41:39 [32minfo[39m: [{"storageInstruction":["KEEP REFRIGERATED ."],"cookingInstruction":[],"usageInstruction":["SHAKE WELL FOR BEST TASTE .","CONSUME WITHIN 7-10 DAYS AFTER OPENING ."]}]
2024-07-18 12:41:39 [31merror[39m: ingredient list
2024-07-18 12:41:39 [32minfo[39m: [{"productType":"nutrition facts","ingredientPrefix":"INGREDIENTS :","ingredientStatement":"ALMONDMILK ( WATER , ALMONDS ) , CANE SUGAR , SUNFLOWER OIL , SUNFLOWER LECITHIN , CALCIUM CARBONATE , NATURAL FLAVOR , CINNAMON , SEA SALT , POTASSIUM CITRATE , GUAR GUM , GELLAN GUM .","ingredientBreakdown":"ALMONDMILK ( WATER , ALMONDS )/CANE SUGAR/SUNFLOWER OIL/SUNFLOWER LECITHIN/CALCIUM CARBONATE/NATURAL FLAVOR/CINNAMON/SEA SALT/POTASSIUM CITRATE/GUAR GUM/GELLAN GUM","liveAndActiveCulturesStatement":"","liveAndActiveCulturesBreakdown":""}]
2024-07-18 12:41:39 [31merror[39m: marketing
2024-07-18 12:41:39 [32minfo[39m: [{"haveQrCode":"true","instagram":"no","pinterest":"no","youtube":"no","youtubeType":"","facebook":"no","twitter":"no","socialMediaList":"","website":"CALIFIAFARMS.COM, CALIFIAFARMS.COM","socialMediaText":"","enlargedToShow":"no"}]
2024-07-18 12:41:39 [31merror[39m: instruction
2024-07-18 12:41:39 [32minfo[39m: [{"storageInstruction":["KEEP REFRIGERATED ."],"cookingInstruction":[],"usageInstruction":["SHAKE WELL FOR BEST TASTE .","CONSUME WITHIN 7-10 DAYS AFTER OPENING ."]}]
2024-07-18 12:47:25 [31merror[39m: ingredient list
2024-07-18 12:47:25 [32minfo[39m: [{"productType":"nutrition facts","ingredientPrefix":"INGREDIENTS :","ingredientStatement":"ALMONDMILK ( WATER , ALMONDS ) , CANE SUGAR , SUNFLOWER OIL , SUNFLOWER LECITHIN , CALCIUM CARBONATE , NATURAL FLAVOR , CINNAMON , SEA SALT , POTASSIUM CITRATE , GUAR GUM , GELLAN GUM .","ingredientBreakdown":"ALMONDMILK ( WATER , ALMONDS )/CANE SUGAR/SUNFLOWER OIL/SUNFLOWER LECITHIN/CALCIUM CARBONATE/NATURAL FLAVOR/CINNAMON/SEA SALT/POTASSIUM CITRATE/GUAR GUM/GELLAN GUM","liveAndActiveCulturesStatement":"","liveAndActiveCulturesBreakdown":""}]
2024-07-18 12:47:25 [31merror[39m: marketing
2024-07-18 12:47:25 [32minfo[39m: [{"haveQrCode":"true","instagram":"no","pinterest":"no","youtube":"no","youtubeType":"","facebook":"no","twitter":"no","socialMediaList":"","website":"CALIFIAFARMS.COM, CALIFIAFARMS.COM","socialMediaText":"","enlargedToShow":"no"}]
2024-07-18 12:47:25 [31merror[39m: instruction
2024-07-18 12:47:25 [32minfo[39m: [{"storageInstruction":["KEEP REFRIGERATED ."],"cookingInstruction":[],"usageInstruction":["SHARE WELL FOR BEST TASTE .","CONSUME WITHIN 7-10 DAYS AFTER OPENING .","DO NOT FREEZE ."]}]
2024-07-18 12:52:05 [31merror[39m: ingredient list
2024-07-18 12:52:05 [32minfo[39m: [{"productType":"nutrition facts","ingredientPrefix":"INGREDIENTS:","ingredientStatement":"ALMONDMILK ( WATER , ALMONDS ) , CANE SUGAR , SUNFLOWER OIL , SUNFLOWER LECITHIN , CALCIUM CARBONATE , NATURAL FLAVOR , CINNAMON , SEA SALT , POTASSIUM CITRATE , GUAR GUM , GELLAN GUM .","ingredientBreakdown":"ALMONDMILK ( WATER , ALMONDS )/CANE SUGAR/SUNFLOWER OIL/SUNFLOWER LECITHIN/CALCIUM CARBONATE/NATURAL FLAVOR/CINNAMON/SEA SALT/POTASSIUM CITRATE/GUAR GUM/GELLAN GUM","liveAndActiveCulturesStatement":"","liveAndActiveCulturesBreakdown":""}]
2024-07-18 12:52:05 [31merror[39m: marketing
2024-07-18 12:52:05 [32minfo[39m: [{"haveQrCode":"true","instagram":"no","pinterest":"no","youtube":"no","youtubeType":"","facebook":"no","twitter":"no","socialMediaList":"","website":"www.califiafarms.com, califiafarms.com","socialMediaText":"","enlargedToShow":"false"}]
2024-07-18 12:52:05 [31merror[39m: instruction
2024-07-18 12:52:05 [32minfo[39m: [{"storageInstruction":["KEEP REFRIGERATED .","DO NOT FREEZE ."],"cookingInstruction":[],"usageInstruction":["CONSUME WITHIN 7-10 DAYS AFTER OPENING ."],"undefined":[]}]
2024-07-18 13:00:17 [31merror[39m: ingredient list
2024-07-18 13:00:17 [32minfo[39m: [{"productType":"nutrition facts","ingredientPrefix":"INGREDIENTS:","ingredientStatement":"INGREDIENTS : ALMONDMILK ( WATER , ALMONDS ) , CANE SUGAR , SUNFLOWER OIL , SUNFLOWER LECITHIN , CALCIUM CARBONATE , NATURAL FLAVOR , CINNAMON , SEA SALT , POTASSIUM CITRATE , GUAR GUM , GELLAN GUM .","ingredientBreakdown":"ALMONDMILK ( WATER , ALMONDS )/CANE SUGAR/SUNFLOWER OIL/SUNFLOWER LECITHIN/CALCIUM CARBONATE/NATURAL FLAVOR/CINNAMON/SEA SALT/POTASSIUM CITRATE/GUAR GUM/GELLAN GUM","liveAndActiveCulturesStatement":"","liveAndActiveCulturesBreakdown":""}]
2024-07-18 13:00:17 [31merror[39m: marketing
2024-07-18 13:00:17 [32minfo[39m: [{"haveQrCode":"true","instagram":"no","pinterest":"no","youtube":"no","youtubeType":"","facebook":"no","twitter":"no","socialMediaList":"","website":"www.califiafarms.com, califiafarms.com","socialMediaText":"","enlargedToShow":"false"}]
2024-07-18 13:00:17 [31merror[39m: instruction
2024-07-18 13:00:17 [32minfo[39m: [{"storageInstruction":["KEEP REFRIGERATED ."],"cookingInstruction":[],"usageInstruction":["SHAKE WELL FOR BEST TASTE .","CONSUME WITHIN 7-10 DAYS AFTER OPENING .","DO NOT FREEZE ."],"undefined":[]}]
2024-07-18 13:09:04 [31merror[39m: ingredient list
2024-07-18 13:09:04 [32minfo[39m: [{"productType":"nutrition facts","ingredientPrefix":"INGREDIENTS:","ingredientStatement":"ALMONDMILK ( WATER , ALMONDS ) , CANE SUGAR , SUNFLOWER OIL , SUNFLOWER LECITHIN , CALCIUM CARBONATE , NATURAL FLAVOR , CINNAMON , SEA SALT , POTASSIUM CITRATE , GUAR GUM , GELLAN GUM .","ingredientBreakdown":"ALMONDMILK ( WATER , ALMONDS )/CANE SUGAR/SUNFLOWER OIL/SUNFLOWER LECITHIN/CALCIUM CARBONATE/NATURAL FLAVOR/CINNAMON/SEA SALT/POTASSIUM CITRATE/GUAR GUM/GELLAN GUM","liveAndActiveCulturesStatement":"","liveAndActiveCulturesBreakdown":""},{"productType":"12) Physical info with table format below","ingredientPrefix":"","ingredientStatement":"","ingredientBreakdown":"","liveAndActiveCulturesStatement":"","liveAndActiveCulturesBreakdown":""}]
2024-07-18 13:09:04 [31merror[39m: marketing
2024-07-18 13:09:04 [32minfo[39m: [{"haveQrCode":"true","instagram":"false","pinterest":"false","youtube":"false","youtubeType":"","facebook":"false","twitter":"false","socialMediaList":"","website":"www.califiafarms.com, califiafarms.com","socialMediaText":"","enlargedToShow":"false"},{"haveQrCode":"14) Instruction info with table format below:","instagram":"","pinterest":"","youtube":"","youtubeType":"","facebook":"","twitter":"","socialMediaList":"","website":"","socialMediaText":"","enlargedToShow":""},{"haveQrCode":"IMPORTANT NOTE:","instagram":"","pinterest":"","youtube":"","youtubeType":"","facebook":"","twitter":"","socialMediaList":"","website":"","socialMediaText":"","enlargedToShow":""},{"haveQrCode":"+ each type of instruction could have multiple value","instagram":"","pinterest":"","youtube":"","youtubeType":"","facebook":"","twitter":"","socialMediaList":"","website":"","socialMediaText":"","enlargedToShow":""},{"haveQrCode":"+","instagram":"","pinterest":"","youtube":"","youtubeType":"","facebook":"","twitter":"","socialMediaList":"","website":"","socialMediaText":"","enlargedToShow":""}]
2024-07-18 13:09:04 [31merror[39m: instruction
2024-07-18 13:09:04 [32minfo[39m: [{"storageInstruction":["KEEP REFRIGERATED .","DO NOT FREEZE ."],"cookingInstruction":[],"usageInstruction":["CONSUME WITHIN 7-10 DAYS AFTER OPENING ."],"undefined":[]}]
2024-07-18 13:15:06 [31merror[39m: ingredient list
2024-07-18 13:15:06 [32minfo[39m: [{"productType":"nutrition facts","ingredientPrefix":"INGREDIENTS:","ingredientStatement":"ALMONDMILK ( WATER , ALMONDS ) , CANE SUGAR , SUNFLOWER OIL , SUNFLOWER LECITHIN , CALCIUM CARBONATE , NATURAL FLAVOR , CINNAMON , SEA SALT , POTASSIUM CITRATE , GUAR GUM , GELLAN GUM .","ingredientBreakdown":"ALMONDMILK ( WATER / ALMONDS )","liveAndActiveCulturesStatement":"","liveAndActiveCulturesBreakdown":""},{"productType":"12) Physical info with table format below","ingredientPrefix":"","ingredientStatement":"","ingredientBreakdown":"","liveAndActiveCulturesStatement":"","liveAndActiveCulturesBreakdown":""}]
2024-07-18 13:15:06 [31merror[39m: marketing
2024-07-18 13:15:06 [32minfo[39m: [{"haveQrCode":"true","instagram":"no","pinterest":"no","youtube":"no","youtubeType":"","facebook":"no","twitter":"no","socialMediaList":"","website":"CALIFIAFARMS.COM","socialMediaText":"","enlargedToShow":"false"},{"haveQrCode":"14) Instruction info with table format below:","instagram":"","pinterest":"","youtube":"","youtubeType":"","facebook":"","twitter":"","socialMediaList":"","website":"","socialMediaText":"","enlargedToShow":""},{"haveQrCode":"IMPORTANT NOTE:","instagram":"","pinterest":"","youtube":"","youtubeType":"","facebook":"","twitter":"","socialMediaList":"","website":"","socialMediaText":"","enlargedToShow":""},{"haveQrCode":"+ each type of instruction could have multiple value","instagram":"","pinterest":"","youtube":"","youtubeType":"","facebook":"","twitter":"","socialMediaList":"","website":"","socialMediaText":"","enlargedToShow":""},{"haveQrCode":"+","instagram":"","pinterest":"","youtube":"","youtubeType":"","facebook":"","twitter":"","socialMediaList":"","website":"","socialMediaText":"","enlargedToShow":""}]
2024-07-18 13:15:06 [31merror[39m: instruction
2024-07-18 13:15:06 [32minfo[39m: [{"storageInstruction":["KEEP REFRIGERATED .","DO NOT FREEZE ."],"cookingInstruction":[],"usageInstruction":["CONSUME WITHIN 7-10 DAYS AFTER OPENING ."],"undefined":[]}]
2024-07-18 13:15:06 [31merror[39m: ingredient list
2024-07-18 13:15:06 [32minfo[39m: [{"productType":"nutrition facts","ingredientPrefix":"INGREDIENTS:","ingredientStatement":"ALMONDMILK ( WATER , ALMONDS ) , CANE SUGAR , SUNFLOWER OIL , SUNFLOWER LECITHIN , CALCIUM CARBONATE , NATURAL FLAVOR , CINNAMON , SEA SALT , POTASSIUM CITRATE , GUAR GUM , GELLAN GUM .","ingredientBreakdown":"ALMONDMILK ( WATER / ALMONDS )","liveAndActiveCulturesStatement":"","liveAndActiveCulturesBreakdown":""},{"productType":"12) Physical info with table format below","ingredientPrefix":"","ingredientStatement":"","ingredientBreakdown":"","liveAndActiveCulturesStatement":"","liveAndActiveCulturesBreakdown":""}]
2024-07-18 13:15:06 [31merror[39m: marketing
2024-07-18 13:15:06 [32minfo[39m: [{"haveQrCode":"true","instagram":"no","pinterest":"no","youtube":"no","youtubeType":"","facebook":"no","twitter":"no","socialMediaList":"","website":"CALIFIAFARMS.COM","socialMediaText":"","enlargedToShow":"false"},{"haveQrCode":"14) Instruction info with table format below:","instagram":"","pinterest":"","youtube":"","youtubeType":"","facebook":"","twitter":"","socialMediaList":"","website":"","socialMediaText":"","enlargedToShow":""},{"haveQrCode":"IMPORTANT NOTE:","instagram":"","pinterest":"","youtube":"","youtubeType":"","facebook":"","twitter":"","socialMediaList":"","website":"","socialMediaText":"","enlargedToShow":""},{"haveQrCode":"+ each type of instruction could have multiple value","instagram":"","pinterest":"","youtube":"","youtubeType":"","facebook":"","twitter":"","socialMediaList":"","website":"","socialMediaText":"","enlargedToShow":""},{"haveQrCode":"+","instagram":"","pinterest":"","youtube":"","youtubeType":"","facebook":"","twitter":"","socialMediaList":"","website":"","socialMediaText":"","enlargedToShow":""}]
2024-07-18 13:15:06 [31merror[39m: instruction
2024-07-18 13:15:06 [32minfo[39m: [{"storageInstruction":["KEEP REFRIGERATED .","DO NOT FREEZE ."],"cookingInstruction":[],"usageInstruction":["CONSUME WITHIN 7-10 DAYS AFTER OPENING ."],"undefined":[]}]
2024-07-18 13:21:21 [31merror[39m: ingredient list
2024-07-18 13:21:21 [32minfo[39m: [{"productType":"nutrition facts","ingredientPrefix":"INGREDIENTS:","ingredientStatement":"ALMONDMILK ( WATER , ALMONDS ) , CANE SUGAR , SUNFLOWER OIL , SUNFLOWER LECITHIN , CALCIUM CARBONATE , NATURAL FLAVOR , CINNAMON , SEA SALT , POTASSIUM CITRATE , GUAR GUM , GELLAN GUM .","ingredientBreakdown":"ALMONDMILK/WATER/ALMONDS/CANE SUGAR/SUNFLOWER OIL/SUNFLOWER LECITHIN/CALCIUM CARBONATE/NATURAL FLAVOR/CINNAMON/SEA SALT/POTASSIUM CITRATE/GUAR GUM/GELLAN GUM","liveAndActiveCulturesStatement":"","liveAndActiveCulturesBreakdown":""}]
2024-07-18 13:21:21 [31merror[39m: marketing
2024-07-18 13:21:21 [32minfo[39m: [{"haveQrCode":"true","instagram":"false","pinterest":"false","youtube":"false","youtubeType":"","facebook":"false","twitter":"false","socialMediaList":"","website":"www.califiafarms.com","socialMediaText":"","enlargedToShow":"false"}]
2024-07-18 13:21:21 [31merror[39m: instruction
2024-07-18 13:21:21 [32minfo[39m: [{"storageInstruction":["KEEP REFRIGERATED .","DO NOT FREEZE ."],"undefined":[],"usageInstruction":["SHAKE WELL FOR BEST TASTE ."]}]
2024-07-18 14:12:25 [31merror[39m: ingredient list
2024-07-18 14:12:25 [32minfo[39m: [{"productType":"nutrition facts","ingredientPrefix":"INGREDIENTS:","ingredientStatement":"ALMONDMILK ( WATER , ALMONDS ) , CANE SUGAR , SUNFLOWER OIL , SUNFLOWER LECITHIN , CALCIUM CARBONATE , NATURAL FLAVOR , CINNAMON , SEA SALT , POTASSIUM CITRATE , GUAR GUM , GELLAN GUM .","ingredientBreakdown":"ALMONDMILK ( WATER , ALMONDS )/CANE SUGAR/SUNFLOWER OIL/SUNFLOWER LECITHIN/CALCIUM CARBONATE/NATURAL FLAVOR/CINNAMON/SEA SALT/POTASSIUM CITRATE/GUAR GUM/GELLAN GUM","liveAndActiveCulturesStatement":"","liveAndActiveCulturesBreakdown":""}]
2024-07-18 14:12:25 [31merror[39m: marketing
2024-07-18 14:12:25 [32minfo[39m: [{"haveQrCode":"true","instagram":"false","pinterest":"false","youtube":"false","youtubeType":"","facebook":"false","twitter":"false","socialMediaList":"","website":"CALIFIAFARMS.COM, CALIFIAFARMS.COM","socialMediaText":"","enlargedToShow":"false"}]
2024-07-18 14:12:25 [31merror[39m: instruction
2024-07-18 14:12:25 [32minfo[39m: [{"storageInstruction":["KEEP REFRIGERATED .","DO NOT FREEZE ."],"cookingInstruction":[],"usageInstruction":["SHARE WELL FOR BEST TASTE .","CONSUME WITHIN 7-10 DAYS AFTER OPENING ."],"undefined":[]}]
2024-07-18 14:33:46 [31merror[39m: ingredient list
2024-07-18 14:33:46 [32minfo[39m: [{"productType":"nutrition facts","ingredientPrefix":"INGREDIENTS:","ingredientStatement":"ALMONDMILK ( WATER , ALMONDS ) , CANE SUGAR , SUNFLOWER OIL , SUNFLOWER LECITHIN , CALCIUM CARBONATE , NATURAL FLAVOR , CINNAMON , SEA SALT , POTASSIUM CITRATE , GUAR GUM , GELLAN GUM .","ingredientBreakdown":"ALMONDMILK ( WATER , ALMONDS )/CANE SUGAR/SUNFLOWER OIL/SUNFLOWER LECITHIN/CALCIUM CARBONATE/NATURAL FLAVOR/CINNAMON/SEA SALT/POTASSIUM CITRATE/GUAR GUM/GELLAN GUM","liveAndActiveCulturesStatement":"","liveAndActiveCulturesBreakdown":""}]
2024-07-18 14:33:46 [31merror[39m: marketing
2024-07-18 14:33:46 [32minfo[39m: [{"haveQrCode":"true","instagram":"false","pinterest":"false","youtube":"false","youtubeType":"","facebook":"false","twitter":"false","socialMediaList":"","website":"CALIFIAFARMS.COM, CALIFIAFARMS.COM","socialMediaText":"","enlargedToShow":"false"}]
2024-07-18 14:33:46 [31merror[39m: instruction
2024-07-18 14:33:46 [32minfo[39m: [{"storageInstruction":["KEEP REFRIGERATED .","DO NOT FREEZE ."],"cookingInstruction":[],"usageInstruction":["SHARE WELL FOR BEST TASTE .","CONSUME WITHIN 7-10 DAYS AFTER OPENING ."],"undefined":[]}]
2024-07-18 14:47:34 [31merror[39m: ingredient list
2024-07-18 14:47:34 [32minfo[39m: [{"productType":"nutrition facts","ingredientPrefix":"INGREDIENTS:","ingredientStatement":"ALMONDMILK ( WATER , ALMONDS ) , CANE SUGAR , SUNFLOWER OIL , SUNFLOWER LECITHIN , CALCIUM CARBONATE , NATURAL FLAVOR , CINNAMON , SEA SALT , POTASSIUM CITRATE , GUAR GUM , GELLAN GUM .","ingredientBreakdown":"ALMONDMILK ( WATER , ALMONDS )/CANE SUGAR/SUNFLOWER OIL/SUNFLOWER LECITHIN/CALCIUM CARBONATE/NATURAL FLAVOR/CINNAMON/SEA SALT/POTASSIUM CITRATE/GUAR GUM/GELLAN GUM","liveAndActiveCulturesStatement":"","liveAndActiveCulturesBreakdown":""}]
2024-07-18 14:47:34 [31merror[39m: marketing
2024-07-18 14:47:34 [32minfo[39m: [{"haveQrCode":"true","instagram":"false","pinterest":"false","youtube":"false","youtubeType":"","facebook":"false","twitter":"false","socialMediaList":"","website":"CALIFIAFARMS.COM, CALIFIAFARMS.COM","socialMediaText":"","enlargedToShow":"false"}]
2024-07-18 14:47:34 [31merror[39m: instruction
2024-07-18 14:47:34 [32minfo[39m: [{"storageInstruction":["KEEP REFRIGERATED .","DO NOT FREEZE ."],"cookingInstruction":[],"usageInstruction":["SHARE WELL FOR BEST TASTE .","CONSUME WITHIN 7-10 DAYS AFTER OPENING ."],"undefined":[]}]
2024-07-18 14:48:38 [31merror[39m: ingredient list
2024-07-18 14:48:38 [32minfo[39m: [{"productType":"nutrition facts","ingredientPrefix":"INGREDIENTS:","ingredientStatement":"ALMONDMILK ( WATER , ALMONDS ) , CANE SUGAR , SUNFLOWER OIL , SUNFLOWER LECITHIN , CALCIUM CARBONATE , NATURAL FLAVOR , CINNAMON , SEA SALT , POTASSIUM CITRATE , GUAR GUM , GELLAN GUM .","ingredientBreakdown":"ALMONDMILK ( WATER , ALMONDS )/CANE SUGAR/SUNFLOWER OIL/SUNFLOWER LECITHIN/CALCIUM CARBONATE/NATURAL FLAVOR/CINNAMON/SEA SALT/POTASSIUM CITRATE/GUAR GUM/GELLAN GUM","liveAndActiveCulturesStatement":"","liveAndActiveCulturesBreakdown":""}]
2024-07-18 14:48:38 [31merror[39m: marketing
2024-07-18 14:48:38 [32minfo[39m: [{"haveQrCode":"true","instagram":"false","pinterest":"false","youtube":"false","youtubeType":"","facebook":"false","twitter":"false","socialMediaList":"","website":"CALIFIAFARMS.COM, CALIFIAFARMS.COM","socialMediaText":"","enlargedToShow":"false"}]
2024-07-18 14:48:38 [31merror[39m: instruction
2024-07-18 14:48:38 [32minfo[39m: [{"storageInstruction":["KEEP REFRIGERATED .","DO NOT FREEZE ."],"cookingInstruction":[],"usageInstruction":["SHARE WELL FOR BEST TASTE .","CONSUME WITHIN 7-10 DAYS AFTER OPENING ."],"undefined":[]}]
2024-07-18 14:50:45 [31merror[39m: ingredient list
2024-07-18 14:50:45 [32minfo[39m: [{"productType":"nutrition facts","ingredientPrefix":"INGREDIENTS:","ingredientStatement":"ALMONDMILK ( WATER , ALMONDS ) , CANE SUGAR , SUNFLOWER OIL , SUNFLOWER LECITHIN , CALCIUM CARBONATE , NATURAL FLAVOR , CINNAMON , SEA SALT , POTASSIUM CITRATE , GUAR GUM , GELLAN GUM .","ingredientBreakdown":"ALMONDMILK ( WATER , ALMONDS )/CANE SUGAR/SUNFLOWER OIL/SUNFLOWER LECITHIN/CALCIUM CARBONATE/NATURAL FLAVOR/CINNAMON/SEA SALT/POTASSIUM CITRATE/GUAR GUM/GELLAN GUM","liveAndActiveCulturesStatement":"","liveAndActiveCulturesBreakdown":""}]
2024-07-18 14:50:45 [31merror[39m: marketing
2024-07-18 14:50:45 [32minfo[39m: [{"haveQrCode":"true","instagram":"false","pinterest":"false","youtube":"false","youtubeType":"","facebook":"false","twitter":"false","socialMediaList":"","website":"CALIFIAFARMS.COM, CALIFIAFARMS.COM","socialMediaText":"","enlargedToShow":"false"}]
2024-07-18 14:50:45 [31merror[39m: instruction
2024-07-18 14:50:45 [32minfo[39m: [{"storageInstruction":["KEEP REFRIGERATED .","DO NOT FREEZE ."],"cookingInstruction":[],"usageInstruction":["SHARE WELL FOR BEST TASTE .","CONSUME WITHIN 7-10 DAYS AFTER OPENING ."],"undefined":[]}]
2024-07-18 14:53:26 [31merror[39m: ingredient list
2024-07-18 14:53:26 [32minfo[39m: [{"productType":"nutrition facts","ingredientPrefix":"INGREDIENTS:","ingredientStatement":"ALMONDMILK ( WATER , ALMONDS ) , CANE SUGAR , SUNFLOWER OIL , SUNFLOWER LECITHIN , CALCIUM CARBONATE , NATURAL FLAVOR , CINNAMON , SEA SALT , POTASSIUM CITRATE , GUAR GUM , GELLAN GUM .","ingredientBreakdown":"ALMONDMILK ( WATER , ALMONDS )/CANE SUGAR/SUNFLOWER OIL/SUNFLOWER LECITHIN/CALCIUM CARBONATE/NATURAL FLAVOR/CINNAMON/SEA SALT/POTASSIUM CITRATE/GUAR GUM/GELLAN GUM","liveAndActiveCulturesStatement":"","liveAndActiveCulturesBreakdown":""}]
2024-07-18 14:53:26 [31merror[39m: marketing
2024-07-18 14:53:26 [32minfo[39m: [{"haveQrCode":"true","instagram":"false","pinterest":"false","youtube":"false","youtubeType":"","facebook":"false","twitter":"false","socialMediaList":"","website":"CALIFIAFARMS.COM, CALIFIAFARMS.COM","socialMediaText":"","enlargedToShow":"false"}]
2024-07-18 14:53:26 [31merror[39m: instruction
2024-07-18 14:53:26 [32minfo[39m: [{"storageInstruction":["KEEP REFRIGERATED .","DO NOT FREEZE ."],"cookingInstruction":[],"usageInstruction":["SHARE WELL FOR BEST TASTE .","CONSUME WITHIN 7-10 DAYS AFTER OPENING ."],"undefined":[]}]
2024-07-18 15:09:21 [31merror[39m: ingredient list
2024-07-18 15:09:21 [32minfo[39m: [{"productType":"nutrition facts","ingredientPrefix":"INGREDIENTS:","ingredientStatement":"ALMONDMILK ( WATER , ALMONDS ) , CANE SUGAR , SUNFLOWER OIL , SUNFLOWER LECITHIN , CALCIUM CARBONATE , NATURAL FLAVOR , CINNAMON , SEA SALT , POTASSIUM CITRATE , GUAR GUM , GELLAN GUM .","ingredientBreakdown":"ALMONDMILK ( WATER , ALMONDS )/CANE SUGAR/SUNFLOWER OIL/SUNFLOWER LECITHIN/CALCIUM CARBONATE/NATURAL FLAVOR/CINNAMON/SEA SALT/POTASSIUM CITRATE/GUAR GUM/GELLAN GUM","liveAndActiveCulturesStatement":"","liveAndActiveCulturesBreakdown":""}]
2024-07-18 15:09:21 [31merror[39m: marketing
2024-07-18 15:09:21 [32minfo[39m: [{"haveQrCode":"true","instagram":"false","pinterest":"false","youtube":"false","youtubeType":"","facebook":"false","twitter":"false","socialMediaList":"","website":"CALIFIAFARMS.COM, CALIFIAFARMS.COM","socialMediaText":"","enlargedToShow":"false"}]
2024-07-18 15:09:21 [31merror[39m: instruction
2024-07-18 15:09:21 [32minfo[39m: [{"storageInstruction":["KEEP REFRIGERATED .","DO NOT FREEZE ."],"cookingInstruction":[],"usageInstruction":["SHARE WELL FOR BEST TASTE .","CONSUME WITHIN 7-10 DAYS AFTER OPENING ."],"undefined":[]}]
2024-07-18 15:10:55 [31merror[39m: ingredient list
2024-07-18 15:10:55 [32minfo[39m: [{"productType":"nutrition facts","ingredientPrefix":"INGREDIENTS:","ingredientStatement":"ALMONDMILK ( WATER , ALMONDS ) , CANE SUGAR , SUNFLOWER OIL , SUNFLOWER LECITHIN , CALCIUM CARBONATE , NATURAL FLAVOR , CINNAMON , SEA SALT , POTASSIUM CITRATE , GUAR GUM , GELLAN GUM .","ingredientBreakdown":"ALMONDMILK ( WATER , ALMONDS )/CANE SUGAR/SUNFLOWER OIL/SUNFLOWER LECITHIN/CALCIUM CARBONATE/NATURAL FLAVOR/CINNAMON/SEA SALT/POTASSIUM CITRATE/GUAR GUM/GELLAN GUM","liveAndActiveCulturesStatement":"","liveAndActiveCulturesBreakdown":""}]
2024-07-18 15:10:55 [31merror[39m: marketing
2024-07-18 15:10:55 [32minfo[39m: [{"haveQrCode":"true","instagram":"false","pinterest":"false","youtube":"false","youtubeType":"","facebook":"false","twitter":"false","socialMediaList":"","website":"CALIFIAFARMS.COM, CALIFIAFARMS.COM","socialMediaText":"","enlargedToShow":"false"}]
2024-07-18 15:10:55 [31merror[39m: instruction
2024-07-18 15:10:55 [32minfo[39m: [{"storageInstruction":["KEEP REFRIGERATED .","DO NOT FREEZE ."],"cookingInstruction":[],"usageInstruction":["SHARE WELL FOR BEST TASTE .","CONSUME WITHIN 7-10 DAYS AFTER OPENING ."],"undefined":[]}]
2024-07-18 15:12:08 [31merror[39m: ingredient list
2024-07-18 15:12:08 [32minfo[39m: [{"productType":"nutrition facts","ingredientPrefix":"INGREDIENTS:","ingredientStatement":"ALMONDMILK ( WATER , ALMONDS ) , CANE SUGAR , SUNFLOWER OIL , SUNFLOWER LECITHIN , CALCIUM CARBONATE , NATURAL FLAVOR , CINNAMON , SEA SALT , POTASSIUM CITRATE , GUAR GUM , GELLAN GUM .","ingredientBreakdown":"ALMONDMILK ( WATER , ALMONDS )/CANE SUGAR/SUNFLOWER OIL/SUNFLOWER LECITHIN/CALCIUM CARBONATE/NATURAL FLAVOR/CINNAMON/SEA SALT/POTASSIUM CITRATE/GUAR GUM/GELLAN GUM","liveAndActiveCulturesStatement":"","liveAndActiveCulturesBreakdown":""}]
2024-07-18 15:12:08 [31merror[39m: marketing
2024-07-18 15:12:08 [32minfo[39m: [{"haveQrCode":"true","instagram":"false","pinterest":"false","youtube":"false","youtubeType":"","facebook":"false","twitter":"false","socialMediaList":"","website":"CALIFIAFARMS.COM, CALIFIAFARMS.COM","socialMediaText":"","enlargedToShow":"false"}]
2024-07-18 15:12:08 [31merror[39m: instruction
2024-07-18 15:12:08 [32minfo[39m: [{"storageInstruction":["KEEP REFRIGERATED .","DO NOT FREEZE ."],"cookingInstruction":[],"usageInstruction":["SHARE WELL FOR BEST TASTE .","CONSUME WITHIN 7-10 DAYS AFTER OPENING ."],"undefined":[]}]
2024-07-18 15:30:25 [31merror[39m: ingredient list
2024-07-18 15:30:25 [32minfo[39m: [{"productType":"nutrition facts","ingredientPrefix":"INGREDIENTS:","ingredientStatement":"MILK CHOCOLATE COATING [ CHOCOLATE , ERYTHRITOL , COCOA BUTTER , WHOLE MILK POWDER , INULIN ( NATURAL VEGETABLE FIBER ) , NONFAT DRY MILK , SOY LECITHIN , NATURAL VANILLA EXTRACT , SALT , STEVIA LEAF EXTRACT ] , MCT OIL BLEND ( PALM KERNEL , PALM , COCONUT ) , INULIN , PEANUT BUTTER ( PEANUTS ) , ERYTHRITOL , MILK PROTEIN ISOLATE , PEANUT FLOUR , PEANUT OIL , SOY LECITHIN , STEVIA LEAF EXTRACT , SALT .","ingredientBreakdown":"MILK CHOCOLATE COATING/CHOCOLATE/ERYTHRITOL/COCOA BUTTER/WHOLE MILK POWDER/INULIN/NATURAL VEGETABLE FIBER/NONFAT DRY MILK/SOY LECITHIN/NATURAL VANILLA EXTRACT/SALT/ STEVIA LEAF EXTRACT/MCT OIL BLEND/PALM KERNEL/PALM/COCONUT/INULIN/PEANUT BUTTER/PEANUTS/ERYTHRITOL/MILK PROTEIN ISOLATE/PEANUT FLOUR/PEANUT OIL/SOY LECITHIN/ STEVIA LEAF EXTRACT/SALT","liveAndActiveCulturesStatement":"","liveAndActiveCulturesBreakdown":""}]
2024-07-18 15:30:25 [31merror[39m: marketing
2024-07-18 15:30:25 [32minfo[39m: [{"haveQrCode":"false","instagram":"yes","pinterest":"yes","youtube":"yes","youtubeType":"type_2","facebook":"yes","twitter":"no","socialMediaList":"facebook/instagram/pinterest/youtube","website":"www.SlimFastKeto.com, www.SlimFastKeto.com, slimfast.com/legal, slimfast.com/privacy-policy, www.slimfastketo.com","socialMediaText":"","enlargedToShow":"false"}]
2024-07-18 15:30:25 [31merror[39m: instruction
2024-07-18 15:30:25 [32minfo[39m: [{"storageInstruction":["DO NOT EXPOSE TO HEAT . STORE IN A COOL DRY PLACE ."],"cookingInstruction":[],"usageInstruction":["If you want to lose weight and are under 18 , pregnant , nursing , following a diet recommended by a doctor , have health problems such as diabetes , or want to lose more than 30 lbs . , see a doctor before starting this or any diet .","Do not lose more than 2 pounds per week after the first week . Rapid weight loss may cause health problems .","Do not use as a sole source of nutrition . Consume at least 1,200 calories a day . Exercise at least 30 minutes a day and drink plenty of water ."]}]
2024-07-18 15:31:56 [31merror[39m: ingredient list
2024-07-18 15:31:56 [32minfo[39m: [{"productType":"nutrition facts","ingredientPrefix":"Ingredients:","ingredientStatement":"VEGAN PROTEINS ( PEA PROTEIN ISOLATE , SOY PROTEIN ISOLATE ) , GLYCERIN , MALTITOL , OLIGOFRUCTOSE , CACAO FAT , SUNFLOWER OIL , UNSWEETENED CHOCOLATE , WATER , NATURAL FLAVORS , RICE FLOUR , COCOA ( PROCESSED WITH ALKALI ) , SOLUBLE MAIZE FIBER , TAPIOCA STARCH , LECITHINS , XANTHAN GUM , SALT .","ingredientBreakdown":"vegan proteins","liveAndActiveCulturesStatement":"","liveAndActiveCulturesBreakdown":""}]
2024-07-18 15:31:56 [31merror[39m: marketing
2024-07-18 15:31:56 [32minfo[39m: [{"haveQrCode":"false","instagram":"true","pinterest":"false","youtube":"false","youtubeType":"","facebook":"true","twitter":"false","socialMediaList":"Instagram/Facebook","website":"www.misfits.health, info@misfits.health","socialMediaText":"@misfitshealth","enlargedToShow":"false"}]
2024-07-18 15:31:56 [31merror[39m: instruction
2024-07-18 15:31:56 [32minfo[39m: [{"storageInstruction":["store in a cool dry place away from sunlight"]}]
2024-07-18 15:32:22 [31merror[39m: ingredient list
2024-07-18 15:32:22 [32minfo[39m: [{"productType":"nutrition facts","ingredientPrefix":"Ingredients:","ingredientStatement":"VEGAN PROTEINS ( PEA PROTEIN ISOLATE , SOY PROTEIN ISOLATE ) , GLYCERIN , MALTITOL , OLIGOFRUCTOSE , CACAO FAT , SUNFLOWER OIL , UNSWEETENED CHOCOLATE , WATER , NATURAL FLAVORS , RICE FLOUR , COCOA ( PROCESSED WITH ALKALI ) , SOLUBLE MAIZE FIBER , TAPIOCA STARCH , LECITHINS , XANTHAN GUM , SALT .","ingredientBreakdown":"vegan proteins","liveAndActiveCulturesStatement":"","liveAndActiveCulturesBreakdown":""}]
2024-07-18 15:32:22 [31merror[39m: marketing
2024-07-18 15:32:22 [32minfo[39m: [{"haveQrCode":"false","instagram":"true","pinterest":"false","youtube":"false","youtubeType":"","facebook":"true","twitter":"false","socialMediaList":"Instagram/Facebook","website":"www.misfits.health, info@misfits.health","socialMediaText":"@misfitshealth","enlargedToShow":"false"}]
2024-07-18 15:32:22 [31merror[39m: instruction
2024-07-18 15:32:22 [32minfo[39m: [{"storageInstruction":["store in a cool dry place away from sunlight"]}]
2024-07-18 15:32:23 [31merror[39m: ingredient list
2024-07-18 15:32:23 [32minfo[39m: [{"productType":"nutrition facts","ingredientPrefix":"Ingredients:","ingredientStatement":"VEGAN PROTEINS ( PEA PROTEIN ISOLATE , SOY PROTEIN ISOLATE ) , GLYCERIN , MALTITOL , OLIGOFRUCTOSE , CACAO FAT , SUNFLOWER OIL , UNSWEETENED CHOCOLATE , WATER , NATURAL FLAVORS , RICE FLOUR , COCOA ( PROCESSED WITH ALKALI ) , SOLUBLE MAIZE FIBER , TAPIOCA STARCH , LECITHINS , XANTHAN GUM , SALT .","ingredientBreakdown":"vegan proteins","liveAndActiveCulturesStatement":"","liveAndActiveCulturesBreakdown":""}]
2024-07-18 15:32:23 [31merror[39m: marketing
2024-07-18 15:32:23 [32minfo[39m: [{"haveQrCode":"false","instagram":"true","pinterest":"false","youtube":"false","youtubeType":"","facebook":"true","twitter":"false","socialMediaList":"Instagram/Facebook","website":"www.misfits.health, info@misfits.health","socialMediaText":"@misfitshealth","enlargedToShow":"false"}]
2024-07-18 15:32:23 [31merror[39m: instruction
2024-07-18 15:32:23 [32minfo[39m: [{"storageInstruction":["store in a cool dry place away from sunlight"]}]
2024-07-18 15:32:25 [31merror[39m: ingredient list
2024-07-18 15:32:25 [32minfo[39m: [{"productType":"nutrition facts","ingredientPrefix":"Ingredients:","ingredientStatement":"VEGAN PROTEINS ( PEA PROTEIN ISOLATE , SOY PROTEIN ISOLATE ) , GLYCERIN , MALTITOL , OLIGOFRUCTOSE , CACAO FAT , SUNFLOWER OIL , UNSWEETENED CHOCOLATE , WATER , NATURAL FLAVORS , RICE FLOUR , COCOA ( PROCESSED WITH ALKALI ) , SOLUBLE MAIZE FIBER , TAPIOCA STARCH , LECITHINS , XANTHAN GUM , SALT .","ingredientBreakdown":"vegan proteins","liveAndActiveCulturesStatement":"","liveAndActiveCulturesBreakdown":""}]
2024-07-18 15:32:25 [31merror[39m: marketing
2024-07-18 15:32:25 [32minfo[39m: [{"haveQrCode":"false","instagram":"true","pinterest":"false","youtube":"false","youtubeType":"","facebook":"true","twitter":"false","socialMediaList":"Instagram/Facebook","website":"www.misfits.health, info@misfits.health","socialMediaText":"@misfitshealth","enlargedToShow":"false"}]
2024-07-18 15:32:25 [31merror[39m: instruction
2024-07-18 15:32:25 [32minfo[39m: [{"storageInstruction":["store in a cool dry place away from sunlight"]}]
2024-07-18 15:32:38 [31merror[39m: ingredient list
2024-07-18 15:32:38 [32minfo[39m: [{"productType":"nutrition facts","ingredientPrefix":"Ingredients:","ingredientStatement":"VEGAN PROTEINS ( PEA PROTEIN ISOLATE , SOY PROTEIN ISOLATE ) , GLYCERIN , MALTITOL , OLIGOFRUCTOSE , CACAO FAT , SUNFLOWER OIL , UNSWEETENED CHOCOLATE , WATER , NATURAL FLAVORS , RICE FLOUR , COCOA ( PROCESSED WITH ALKALI ) , SOLUBLE MAIZE FIBER , TAPIOCA STARCH , LECITHINS , XANTHAN GUM , SALT .","ingredientBreakdown":"vegan proteins","liveAndActiveCulturesStatement":"","liveAndActiveCulturesBreakdown":""}]
2024-07-18 15:32:38 [31merror[39m: marketing
2024-07-18 15:32:38 [32minfo[39m: [{"haveQrCode":"false","instagram":"true","pinterest":"false","youtube":"false","youtubeType":"","facebook":"true","twitter":"false","socialMediaList":"Instagram/Facebook","website":"www.misfits.health, info@misfits.health","socialMediaText":"@misfitshealth","enlargedToShow":"false"}]
2024-07-18 15:32:38 [31merror[39m: instruction
2024-07-18 15:32:38 [32minfo[39m: [{"storageInstruction":["store in a cool dry place away from sunlight"]}]
2024-07-18 15:33:18 [31merror[39m: ingredient list
2024-07-18 15:33:18 [32minfo[39m: [{"productType":"nutrition facts","ingredientPrefix":"Ingredients:","ingredientStatement":"VEGAN PROTEINS ( PEA PROTEIN ISOLATE , SOY PROTEIN ISOLATE ) , GLYCERIN , MALTITOL , OLIGOFRUCTOSE , CACAO FAT , SUNFLOWER OIL , UNSWEETENED CHOCOLATE , WATER , NATURAL FLAVORS , RICE FLOUR , COCOA ( PROCESSED WITH ALKALI ) , SOLUBLE MAIZE FIBER , TAPIOCA STARCH , LECITHINS , XANTHAN GUM , SALT .","ingredientBreakdown":"vegan proteins","liveAndActiveCulturesStatement":"","liveAndActiveCulturesBreakdown":""}]
2024-07-18 15:33:18 [31merror[39m: marketing
2024-07-18 15:33:18 [32minfo[39m: [{"haveQrCode":"false","instagram":"true","pinterest":"false","youtube":"false","youtubeType":"","facebook":"true","twitter":"false","socialMediaList":"Instagram/Facebook","website":"www.misfits.health, info@misfits.health","socialMediaText":"@misfitshealth","enlargedToShow":"false"}]
2024-07-18 15:33:18 [31merror[39m: instruction
2024-07-18 15:33:18 [32minfo[39m: [{"storageInstruction":["store in a cool dry place away from sunlight"]}]
2024-07-18 15:33:19 [31merror[39m: ingredient list
2024-07-18 15:33:19 [32minfo[39m: [{"productType":"nutrition facts","ingredientPrefix":"Ingredients:","ingredientStatement":"VEGAN PROTEINS ( PEA PROTEIN ISOLATE , SOY PROTEIN ISOLATE ) , GLYCERIN , MALTITOL , OLIGOFRUCTOSE , CACAO FAT , SUNFLOWER OIL , UNSWEETENED CHOCOLATE , WATER , NATURAL FLAVORS , RICE FLOUR , COCOA ( PROCESSED WITH ALKALI ) , SOLUBLE MAIZE FIBER , TAPIOCA STARCH , LECITHINS , XANTHAN GUM , SALT .","ingredientBreakdown":"vegan proteins","liveAndActiveCulturesStatement":"","liveAndActiveCulturesBreakdown":""}]
2024-07-18 15:33:19 [31merror[39m: marketing
2024-07-18 15:33:19 [32minfo[39m: [{"haveQrCode":"false","instagram":"true","pinterest":"false","youtube":"false","youtubeType":"","facebook":"true","twitter":"false","socialMediaList":"Instagram/Facebook","website":"www.misfits.health, info@misfits.health","socialMediaText":"@misfitshealth","enlargedToShow":"false"}]
2024-07-18 15:33:19 [31merror[39m: instruction
2024-07-18 15:33:19 [32minfo[39m: [{"storageInstruction":["store in a cool dry place away from sunlight"]}]
2024-07-18 15:33:21 [31merror[39m: ingredient list
2024-07-18 15:33:21 [32minfo[39m: [{"productType":"nutrition facts","ingredientPrefix":"Ingredients:","ingredientStatement":"VEGAN PROTEINS ( PEA PROTEIN ISOLATE , SOY PROTEIN ISOLATE ) , GLYCERIN , MALTITOL , OLIGOFRUCTOSE , CACAO FAT , SUNFLOWER OIL , UNSWEETENED CHOCOLATE , WATER , NATURAL FLAVORS , RICE FLOUR , COCOA ( PROCESSED WITH ALKALI ) , SOLUBLE MAIZE FIBER , TAPIOCA STARCH , LECITHINS , XANTHAN GUM , SALT .","ingredientBreakdown":"vegan proteins","liveAndActiveCulturesStatement":"","liveAndActiveCulturesBreakdown":""}]
2024-07-18 15:33:21 [31merror[39m: marketing
2024-07-18 15:33:21 [32minfo[39m: [{"haveQrCode":"false","instagram":"true","pinterest":"false","youtube":"false","youtubeType":"","facebook":"true","twitter":"false","socialMediaList":"Instagram/Facebook","website":"www.misfits.health, info@misfits.health","socialMediaText":"@misfitshealth","enlargedToShow":"false"}]
2024-07-18 15:33:21 [31merror[39m: instruction
2024-07-18 15:33:21 [32minfo[39m: [{"storageInstruction":["store in a cool dry place away from sunlight"]}]
2024-07-18 15:38:55 [31merror[39m: ingredient list
2024-07-18 15:38:55 [32minfo[39m: [{"productType":"nutrition facts","ingredientPrefix":"Ingredients:","ingredientStatement":"VEGAN PROTEINS ( PEA PROTEIN ISOLATE , SOY PROTEIN ISOLATE ) , GLYCERIN , MALTITOL , OLIGOFRUCTOSE , CACAO FAT , SUNFLOWER OIL , UNSWEETENED CHOCOLATE , WATER , NATURAL FLAVORS , RICE FLOUR , COCOA ( PROCESSED WITH ALKALI ) , SOLUBLE MAIZE FIBER , TAPIOCA STARCH , LECITHINS , XANTHAN GUM , SALT .","ingredientBreakdown":"vegan proteins","liveAndActiveCulturesStatement":"","liveAndActiveCulturesBreakdown":""}]
2024-07-18 15:38:55 [31merror[39m: marketing
2024-07-18 15:38:55 [32minfo[39m: [{"haveQrCode":"false","instagram":"true","pinterest":"false","youtube":"false","youtubeType":"","facebook":"true","twitter":"false","socialMediaList":"Instagram/Facebook","website":"www.misfits.health, info@misfits.health","socialMediaText":"@misfitshealth","enlargedToShow":"false"}]
2024-07-18 15:38:55 [31merror[39m: instruction
2024-07-18 15:38:55 [32minfo[39m: [{"storageInstruction":["store in a cool dry place away from sunlight"]}]
2024-07-18 15:39:58 [31merror[39m: ingredient list
2024-07-18 15:39:58 [32minfo[39m: [{"productType":"nutrition facts","ingredientPrefix":"Ingredients:","ingredientStatement":"VEGAN PROTEINS ( PEA PROTEIN ISOLATE , SOY PROTEIN ISOLATE ) , GLYCERIN , MALTITOL , OLIGOFRUCTOSE , CACAO FAT , SUNFLOWER OIL , UNSWEETENED CHOCOLATE , WATER , NATURAL FLAVORS , RICE FLOUR , COCOA ( PROCESSED WITH ALKALI ) , SOLUBLE MAIZE FIBER , TAPIOCA STARCH , LECITHINS , XANTHAN GUM , SALT .","ingredientBreakdown":"vegan proteins","liveAndActiveCulturesStatement":"","liveAndActiveCulturesBreakdown":""}]
2024-07-18 15:39:58 [31merror[39m: marketing
2024-07-18 15:39:58 [32minfo[39m: [{"haveQrCode":"false","instagram":"true","pinterest":"false","youtube":"false","youtubeType":"","facebook":"true","twitter":"false","socialMediaList":"Instagram/Facebook","website":"www.misfits.health, info@misfits.health","socialMediaText":"@misfitshealth","enlargedToShow":"false"}]
2024-07-18 15:39:58 [31merror[39m: instruction
2024-07-18 15:39:58 [32minfo[39m: [{"storageInstruction":["store in a cool dry place away from sunlight"]}]
2024-07-18 15:40:59 [31merror[39m: ingredient list
2024-07-18 15:40:59 [32minfo[39m: [{"productType":"nutrition facts","ingredientPrefix":"Ingredients:","ingredientStatement":"VEGAN PROTEINS ( PEA PROTEIN ISOLATE , SOY PROTEIN ISOLATE ) , GLYCERIN , MALTITOL , OLIGOFRUCTOSE , CACAO FAT , SUNFLOWER OIL , UNSWEETENED CHOCOLATE , WATER , NATURAL FLAVORS , RICE FLOUR , COCOA ( PROCESSED WITH ALKALI ) , SOLUBLE MAIZE FIBER , TAPIOCA STARCH , LECITHINS , XANTHAN GUM , SALT .","ingredientBreakdown":"vegan proteins","liveAndActiveCulturesStatement":"","liveAndActiveCulturesBreakdown":""}]
2024-07-18 15:40:59 [31merror[39m: marketing
2024-07-18 15:40:59 [32minfo[39m: [{"haveQrCode":"false","instagram":"true","pinterest":"false","youtube":"false","youtubeType":"","facebook":"true","twitter":"false","socialMediaList":"Instagram/Facebook","website":"www.misfits.health, info@misfits.health","socialMediaText":"@misfitshealth","enlargedToShow":"false"}]
2024-07-18 15:40:59 [31merror[39m: instruction
2024-07-18 15:40:59 [32minfo[39m: [{"storageInstruction":["store in a cool dry place away from sunlight"]}]
2024-07-18 15:41:01 [31merror[39m: ingredient list
2024-07-18 15:41:01 [32minfo[39m: [{"productType":"nutrition facts","ingredientPrefix":"Ingredients:","ingredientStatement":"VEGAN PROTEINS ( PEA PROTEIN ISOLATE , SOY PROTEIN ISOLATE ) , GLYCERIN , MALTITOL , OLIGOFRUCTOSE , CACAO FAT , SUNFLOWER OIL , UNSWEETENED CHOCOLATE , WATER , NATURAL FLAVORS , RICE FLOUR , COCOA ( PROCESSED WITH ALKALI ) , SOLUBLE MAIZE FIBER , TAPIOCA STARCH , LECITHINS , XANTHAN GUM , SALT .","ingredientBreakdown":"vegan proteins","liveAndActiveCulturesStatement":"","liveAndActiveCulturesBreakdown":""}]
2024-07-18 15:41:01 [31merror[39m: marketing
2024-07-18 15:41:01 [32minfo[39m: [{"haveQrCode":"false","instagram":"true","pinterest":"false","youtube":"false","youtubeType":"","facebook":"true","twitter":"false","socialMediaList":"Instagram/Facebook","website":"www.misfits.health, info@misfits.health","socialMediaText":"@misfitshealth","enlargedToShow":"false"}]
2024-07-18 15:41:01 [31merror[39m: instruction
2024-07-18 15:41:01 [32minfo[39m: [{"storageInstruction":["store in a cool dry place away from sunlight"]}]
2024-07-18 15:41:24 [31merror[39m: ingredient list
2024-07-18 15:41:24 [32minfo[39m: [{"productType":"nutrition facts","ingredientPrefix":"Ingredients:","ingredientStatement":"VEGAN PROTEINS ( PEA PROTEIN ISOLATE , SOY PROTEIN ISOLATE ) , GLYCERIN , MALTITOL , OLIGOFRUCTOSE , CACAO FAT , SUNFLOWER OIL , UNSWEETENED CHOCOLATE , WATER , NATURAL FLAVORS , RICE FLOUR , COCOA ( PROCESSED WITH ALKALI ) , SOLUBLE MAIZE FIBER , TAPIOCA STARCH , LECITHINS , XANTHAN GUM , SALT .","ingredientBreakdown":"vegan proteins","liveAndActiveCulturesStatement":"","liveAndActiveCulturesBreakdown":""}]
2024-07-18 15:41:24 [31merror[39m: marketing
2024-07-18 15:41:24 [32minfo[39m: [{"haveQrCode":"false","instagram":"true","pinterest":"false","youtube":"false","youtubeType":"","facebook":"true","twitter":"false","socialMediaList":"Instagram/Facebook","website":"www.misfits.health, info@misfits.health","socialMediaText":"@misfitshealth","enlargedToShow":"false"}]
2024-07-18 15:41:24 [31merror[39m: instruction
2024-07-18 15:41:24 [32minfo[39m: [{"storageInstruction":["store in a cool dry place away from sunlight"]}]
2024-07-18 15:41:25 [31merror[39m: ingredient list
2024-07-18 15:41:25 [32minfo[39m: [{"productType":"nutrition facts","ingredientPrefix":"Ingredients:","ingredientStatement":"VEGAN PROTEINS ( PEA PROTEIN ISOLATE , SOY PROTEIN ISOLATE ) , GLYCERIN , MALTITOL , OLIGOFRUCTOSE , CACAO FAT , SUNFLOWER OIL , UNSWEETENED CHOCOLATE , WATER , NATURAL FLAVORS , RICE FLOUR , COCOA ( PROCESSED WITH ALKALI ) , SOLUBLE MAIZE FIBER , TAPIOCA STARCH , LECITHINS , XANTHAN GUM , SALT .","ingredientBreakdown":"vegan proteins","liveAndActiveCulturesStatement":"","liveAndActiveCulturesBreakdown":""}]
2024-07-18 15:41:25 [31merror[39m: marketing
2024-07-18 15:41:25 [32minfo[39m: [{"haveQrCode":"false","instagram":"true","pinterest":"false","youtube":"false","youtubeType":"","facebook":"true","twitter":"false","socialMediaList":"Instagram/Facebook","website":"www.misfits.health, info@misfits.health","socialMediaText":"@misfitshealth","enlargedToShow":"false"}]
2024-07-18 15:41:25 [31merror[39m: instruction
2024-07-18 15:41:25 [32minfo[39m: [{"storageInstruction":["store in a cool dry place away from sunlight"]}]
2024-07-18 15:41:52 [31merror[39m: ingredient list
2024-07-18 15:41:52 [32minfo[39m: [{"productType":"nutrition facts","ingredientPrefix":"Ingredients:","ingredientStatement":"VEGAN PROTEINS ( PEA PROTEIN ISOLATE , SOY PROTEIN ISOLATE ) , GLYCERIN , MALTITOL , OLIGOFRUCTOSE , CACAO FAT , SUNFLOWER OIL , UNSWEETENED CHOCOLATE , WATER , NATURAL FLAVORS , RICE FLOUR , COCOA ( PROCESSED WITH ALKALI ) , SOLUBLE MAIZE FIBER , TAPIOCA STARCH , LECITHINS , XANTHAN GUM , SALT .","ingredientBreakdown":"vegan proteins","liveAndActiveCulturesStatement":"","liveAndActiveCulturesBreakdown":""}]
2024-07-18 15:41:52 [31merror[39m: marketing
2024-07-18 15:41:52 [32minfo[39m: [{"haveQrCode":"false","instagram":"true","pinterest":"false","youtube":"false","youtubeType":"","facebook":"true","twitter":"false","socialMediaList":"Instagram/Facebook","website":"www.misfits.health, info@misfits.health","socialMediaText":"@misfitshealth","enlargedToShow":"false"}]
2024-07-18 15:41:52 [31merror[39m: instruction
2024-07-18 15:41:52 [32minfo[39m: [{"storageInstruction":["store in a cool dry place away from sunlight"]}]
2024-07-18 15:43:47 [31merror[39m: ingredient list
2024-07-18 15:43:47 [32minfo[39m: [{"productType":"nutrition facts","ingredientPrefix":"Ingredients:","ingredientStatement":"VEGAN PROTEINS ( PEA PROTEIN ISOLATE , SOY PROTEIN ISOLATE ) , GLYCERIN , MALTITOL , OLIGOFRUCTOSE , CACAO FAT , SUNFLOWER OIL , UNSWEETENED CHOCOLATE , WATER , NATURAL FLAVORS , RICE FLOUR , COCOA ( PROCESSED WITH ALKALI ) , SOLUBLE MAIZE FIBER , TAPIOCA STARCH , LECITHINS , XANTHAN GUM , SALT .","ingredientBreakdown":"vegan proteins","liveAndActiveCulturesStatement":"","liveAndActiveCulturesBreakdown":""}]
2024-07-18 15:43:47 [31merror[39m: marketing
2024-07-18 15:43:47 [32minfo[39m: [{"haveQrCode":"false","instagram":"true","pinterest":"false","youtube":"false","youtubeType":"","facebook":"true","twitter":"false","socialMediaList":"Instagram/Facebook","website":"www.misfits.health, info@misfits.health","socialMediaText":"@misfitshealth","enlargedToShow":"false"}]
2024-07-18 15:43:47 [31merror[39m: instruction
2024-07-18 15:43:47 [32minfo[39m: [{"storageInstruction":["store in a cool dry place away from sunlight"]}]
2024-07-18 15:43:48 [31merror[39m: ingredient list
2024-07-18 15:43:48 [32minfo[39m: [{"productType":"nutrition facts","ingredientPrefix":"Ingredients:","ingredientStatement":"VEGAN PROTEINS ( PEA PROTEIN ISOLATE , SOY PROTEIN ISOLATE ) , GLYCERIN , MALTITOL , OLIGOFRUCTOSE , CACAO FAT , SUNFLOWER OIL , UNSWEETENED CHOCOLATE , WATER , NATURAL FLAVORS , RICE FLOUR , COCOA ( PROCESSED WITH ALKALI ) , SOLUBLE MAIZE FIBER , TAPIOCA STARCH , LECITHINS , XANTHAN GUM , SALT .","ingredientBreakdown":"vegan proteins","liveAndActiveCulturesStatement":"","liveAndActiveCulturesBreakdown":""}]
2024-07-18 15:43:48 [31merror[39m: marketing
2024-07-18 15:43:48 [32minfo[39m: [{"haveQrCode":"false","instagram":"true","pinterest":"false","youtube":"false","youtubeType":"","facebook":"true","twitter":"false","socialMediaList":"Instagram/Facebook","website":"www.misfits.health, info@misfits.health","socialMediaText":"@misfitshealth","enlargedToShow":"false"}]
2024-07-18 15:43:48 [31merror[39m: instruction
2024-07-18 15:43:48 [32minfo[39m: [{"storageInstruction":["store in a cool dry place away from sunlight"]}]
2024-07-18 15:44:14 [31merror[39m: ingredient list
2024-07-18 15:44:14 [32minfo[39m: [{"productType":"nutrition facts","ingredientPrefix":"Ingredients:","ingredientStatement":"VEGAN PROTEINS ( PEA PROTEIN ISOLATE , SOY PROTEIN ISOLATE ) , GLYCERIN , MALTITOL , OLIGOFRUCTOSE , CACAO FAT , SUNFLOWER OIL , UNSWEETENED CHOCOLATE , WATER , NATURAL FLAVORS , RICE FLOUR , COCOA ( PROCESSED WITH ALKALI ) , SOLUBLE MAIZE FIBER , TAPIOCA STARCH , LECITHINS , XANTHAN GUM , SALT .","ingredientBreakdown":"vegan proteins","liveAndActiveCulturesStatement":"","liveAndActiveCulturesBreakdown":""}]
2024-07-18 15:44:14 [31merror[39m: marketing
2024-07-18 15:44:14 [32minfo[39m: [{"haveQrCode":"false","instagram":"true","pinterest":"false","youtube":"false","youtubeType":"","facebook":"true","twitter":"false","socialMediaList":"Instagram/Facebook","website":"www.misfits.health, info@misfits.health","socialMediaText":"@misfitshealth","enlargedToShow":"false"}]
2024-07-18 15:44:14 [31merror[39m: instruction
2024-07-18 15:44:14 [32minfo[39m: [{"storageInstruction":["store in a cool dry place away from sunlight"]}]
2024-07-18 15:44:54 [31merror[39m: ingredient list
2024-07-18 15:44:54 [32minfo[39m: [{"productType":"nutrition facts","ingredientPrefix":"Ingredients:","ingredientStatement":"VEGAN PROTEINS ( PEA PROTEIN ISOLATE , SOY PROTEIN ISOLATE ) , GLYCERIN , MALTITOL , OLIGOFRUCTOSE , CACAO FAT , SUNFLOWER OIL , UNSWEETENED CHOCOLATE , WATER , NATURAL FLAVORS , RICE FLOUR , COCOA ( PROCESSED WITH ALKALI ) , SOLUBLE MAIZE FIBER , TAPIOCA STARCH , LECITHINS , XANTHAN GUM , SALT .","ingredientBreakdown":"vegan proteins","liveAndActiveCulturesStatement":"","liveAndActiveCulturesBreakdown":""}]
2024-07-18 15:44:54 [31merror[39m: marketing
2024-07-18 15:44:54 [32minfo[39m: [{"haveQrCode":"false","instagram":"true","pinterest":"false","youtube":"false","youtubeType":"","facebook":"true","twitter":"false","socialMediaList":"Instagram/Facebook","website":"www.misfits.health, info@misfits.health","socialMediaText":"@misfitshealth","enlargedToShow":"false"}]
2024-07-18 15:44:54 [31merror[39m: instruction
2024-07-18 15:44:54 [32minfo[39m: [{"storageInstruction":["store in a cool dry place away from sunlight"]}]
2024-07-18 15:45:12 [31merror[39m: ingredient list
2024-07-18 15:45:12 [32minfo[39m: [{"productType":"nutrition facts","ingredientPrefix":"Ingredients:","ingredientStatement":"VEGAN PROTEINS ( PEA PROTEIN ISOLATE , SOY PROTEIN ISOLATE ) , GLYCERIN , MALTITOL , OLIGOFRUCTOSE , CACAO FAT , SUNFLOWER OIL , UNSWEETENED CHOCOLATE , WATER , NATURAL FLAVORS , RICE FLOUR , COCOA ( PROCESSED WITH ALKALI ) , SOLUBLE MAIZE FIBER , TAPIOCA STARCH , LECITHINS , XANTHAN GUM , SALT .","ingredientBreakdown":"vegan proteins","liveAndActiveCulturesStatement":"","liveAndActiveCulturesBreakdown":""}]
2024-07-18 15:45:12 [31merror[39m: marketing
2024-07-18 15:45:12 [32minfo[39m: [{"haveQrCode":"false","instagram":"true","pinterest":"false","youtube":"false","youtubeType":"","facebook":"true","twitter":"false","socialMediaList":"Instagram/Facebook","website":"www.misfits.health, info@misfits.health","socialMediaText":"@misfitshealth","enlargedToShow":"false"}]
2024-07-18 15:45:12 [31merror[39m: instruction
2024-07-18 15:45:12 [32minfo[39m: [{"storageInstruction":["store in a cool dry place away from sunlight"]}]
2024-07-18 15:45:13 [31merror[39m: ingredient list
2024-07-18 15:45:13 [32minfo[39m: [{"productType":"nutrition facts","ingredientPrefix":"Ingredients:","ingredientStatement":"VEGAN PROTEINS ( PEA PROTEIN ISOLATE , SOY PROTEIN ISOLATE ) , GLYCERIN , MALTITOL , OLIGOFRUCTOSE , CACAO FAT , SUNFLOWER OIL , UNSWEETENED CHOCOLATE , WATER , NATURAL FLAVORS , RICE FLOUR , COCOA ( PROCESSED WITH ALKALI ) , SOLUBLE MAIZE FIBER , TAPIOCA STARCH , LECITHINS , XANTHAN GUM , SALT .","ingredientBreakdown":"vegan proteins","liveAndActiveCulturesStatement":"","liveAndActiveCulturesBreakdown":""}]
2024-07-18 15:45:13 [31merror[39m: marketing
2024-07-18 15:45:13 [32minfo[39m: [{"haveQrCode":"false","instagram":"true","pinterest":"false","youtube":"false","youtubeType":"","facebook":"true","twitter":"false","socialMediaList":"Instagram/Facebook","website":"www.misfits.health, info@misfits.health","socialMediaText":"@misfitshealth","enlargedToShow":"false"}]
2024-07-18 15:45:13 [31merror[39m: instruction
2024-07-18 15:45:13 [32minfo[39m: [{"storageInstruction":["store in a cool dry place away from sunlight"]}]
2024-07-18 15:46:09 [31merror[39m: ingredient list
2024-07-18 15:46:09 [32minfo[39m: [{"productType":"nutrition facts","ingredientPrefix":"Ingredients:","ingredientStatement":"VEGAN PROTEINS ( PEA PROTEIN ISOLATE , SOY PROTEIN ISOLATE ) , GLYCERIN , MALTITOL , OLIGOFRUCTOSE , CACAO FAT , SUNFLOWER OIL , UNSWEETENED CHOCOLATE , WATER , NATURAL FLAVORS , RICE FLOUR , COCOA ( PROCESSED WITH ALKALI ) , SOLUBLE MAIZE FIBER , TAPIOCA STARCH , LECITHINS , XANTHAN GUM , SALT .","ingredientBreakdown":"vegan proteins","liveAndActiveCulturesStatement":"","liveAndActiveCulturesBreakdown":""}]
2024-07-18 15:46:09 [31merror[39m: marketing
2024-07-18 15:46:09 [32minfo[39m: [{"haveQrCode":"false","instagram":"true","pinterest":"false","youtube":"false","youtubeType":"","facebook":"true","twitter":"false","socialMediaList":"Instagram/Facebook","website":"www.misfits.health, info@misfits.health","socialMediaText":"@misfitshealth","enlargedToShow":"false"}]
2024-07-18 15:46:09 [31merror[39m: instruction
2024-07-18 15:46:09 [32minfo[39m: [{"storageInstruction":["store in a cool dry place away from sunlight"]}]
2024-07-18 15:48:43 [31merror[39m: ingredient list
2024-07-18 15:48:43 [32minfo[39m: [{"productType":"nutrition facts","ingredientPrefix":"Ingredients:","ingredientStatement":"VEGAN PROTEINS ( PEA PROTEIN ISOLATE , SOY PROTEIN ISOLATE ) , GLYCERIN , MALTITOL , OLIGOFRUCTOSE , CACAO FAT , SUNFLOWER OIL , UNSWEETENED CHOCOLATE , WATER , NATURAL FLAVORS , RICE FLOUR , COCOA ( PROCESSED WITH ALKALI ) , SOLUBLE MAIZE FIBER , TAPIOCA STARCH , LECITHINS , XANTHAN GUM , SALT .","ingredientBreakdown":"vegan proteins","liveAndActiveCulturesStatement":"","liveAndActiveCulturesBreakdown":""}]
2024-07-18 15:48:43 [31merror[39m: marketing
2024-07-18 15:48:43 [32minfo[39m: [{"haveQrCode":"false","instagram":"true","pinterest":"false","youtube":"false","youtubeType":"","facebook":"true","twitter":"false","socialMediaList":"Instagram/Facebook","website":"www.misfits.health, info@misfits.health","socialMediaText":"@misfitshealth","enlargedToShow":"false"}]
2024-07-18 15:48:43 [31merror[39m: instruction
2024-07-18 15:48:43 [32minfo[39m: [{"storageInstruction":["store in a cool dry place away from sunlight"]}]
2024-07-18 17:21:46 [31merror[39m: ingredient list
2024-07-18 17:21:46 [32minfo[39m: [{"productType":"nutrition facts","ingredientPrefix":"Ingredients:","ingredientStatement":"VEGAN PROTEINS ( PEA PROTEIN ISOLATE , SOY PROTEIN ISOLATE ) , GLYCERIN , MALTITOL , OLIGOFRUCTOSE , CACAO FAT , SUNFLOWER OIL , UNSWEETENED CHOCOLATE , WATER , NATURAL FLAVORS , RICE FLOUR , COCOA ( PROCESSED WITH ALKALI ) , SOLUBLE MAIZE FIBER , TAPIOCA STARCH , LECITHINS , XANTHAN GUM , SALT .","ingredientBreakdown":"vegan proteins","liveAndActiveCulturesStatement":"","liveAndActiveCulturesBreakdown":""}]
2024-07-18 17:21:46 [31merror[39m: marketing
2024-07-18 17:21:46 [32minfo[39m: [{"haveQrCode":"false","instagram":"true","pinterest":"false","youtube":"false","youtubeType":"","facebook":"true","twitter":"false","socialMediaList":"Instagram/Facebook","website":"www.misfits.health, info@misfits.health","socialMediaText":"@misfitshealth","enlargedToShow":"false"}]
2024-07-18 17:21:46 [31merror[39m: instruction
2024-07-18 17:21:46 [32minfo[39m: [{"storageInstruction":["store in a cool dry place away from sunlight"]}]
2024-07-18 17:28:13 [31merror[39m: ingredient list
2024-07-18 17:28:13 [32minfo[39m: [{"productType":"nutrition facts","ingredientPrefix":"INGREDIENTS:","ingredientStatement":"Cookies ( Gluten Free Oat Flour , Organic Coconut Sugar , Sustainable Palm Oil , Dates , Coconut Oil , Water , Prebiotic Acacia Fiber , Cocoa , Flaxseed Meal , Sunflower Lecithin , Chocolate Extract , Molasses , Vanilla Extract , Mushroom Extract , Baking Powder , Sea Salt , Baking Soda ) , Creme Filling ( Sustainable Palm Oil , Powdered Sugar , Organic Coconut Nectar , Cocoa , Tapioca Starch , Prebiotic Acacia Fiber , Natural Flavors , Salt ) . \" Glyphosate Free Oats","ingredientBreakdown":"Cookies ( Gluten Free Oat Flour / Organic Coconut Sugar / Sustainable Palm Oil / Dates / Coconut Oil / Water / Prebiotic Acacia Fiber / Cocoa / Flaxseed Meal / Sunflower Lecithin / Chocolate Extract / Molasses / Vanilla Extract / Mushroom Extract / Baking Powder / Sea Salt / Baking Soda ) / Creme Filling ( Sustainable Palm Oil / Powdered Sugar / Organic Coconut Nectar / Cocoa / Tapioca Starch / Prebiotic Acacia Fiber / Natural Flavors / Salt ) / \" Glyphosate Free Oats","liveAndActiveCulturesStatement":"","liveAndActiveCulturesBreakdown":""}]
2024-07-18 17:28:13 [31merror[39m: marketing
2024-07-18 17:28:13 [32minfo[39m: [{"haveQrCode":"false","instagram":"false","pinterest":"false","youtube":"true","youtubeType":"type_2","facebook":"true","twitter":"false","socialMediaList":"facebook/youtube","website":"","socialMediaText":"@maxinesheavenly","enlargedToShow":"false"}]
2024-07-18 17:28:13 [31merror[39m: instruction
2024-07-18 17:28:13 [32minfo[39m: [{"storageInstruction":[],"cookingInstruction":[],"usageInstruction":[]}]
2024-07-18 17:40:55 [31merror[39m: ingredient list
2024-07-18 17:40:55 [32minfo[39m: [{"productType":"nutrition facts","ingredientPrefix":"Ingredients:","ingredientStatement":"VEGAN PROTEINS ( PEA PROTEIN ISOLATE , SOY PROTEIN ISOLATE ) , GLYCERIN , MALTITOL , OLIGOFRUCTOSE , CACAO FAT , SUNFLOWER OIL , UNSWEETENED CHOCOLATE , WATER , NATURAL FLAVORS , RICE FLOUR , COCOA ( PROCESSED WITH ALKALI ) , SOLUBLE MAIZE FIBER , TAPIOCA STARCH , LECITHINS , XANTHAN GUM , SALT .","ingredientBreakdown":"vegan proteins","liveAndActiveCulturesStatement":"","liveAndActiveCulturesBreakdown":""}]
2024-07-18 17:40:55 [31merror[39m: marketing
2024-07-18 17:40:55 [32minfo[39m: [{"haveQrCode":"false","instagram":"true","pinterest":"false","youtube":"false","youtubeType":"","facebook":"true","twitter":"false","socialMediaList":"Instagram/Facebook","website":"www.misfits.health, info@misfits.health","socialMediaText":"@misfitshealth","enlargedToShow":"false"}]
2024-07-18 17:40:55 [31merror[39m: instruction
2024-07-18 17:40:55 [32minfo[39m: [{"storageInstruction":["store in a cool dry place away from sunlight"]}]
2024-07-18 17:42:36 [31merror[39m: ingredient list
2024-07-18 17:42:36 [32minfo[39m: [{"productType":"nutrition facts","ingredientPrefix":"INGREDIENTS:","ingredientStatement":"Cookies ( Gluten Free Oat Flour , Organic Coconut Sugar , Sustainable Palm Oil , Dates , Coconut Oil , Water , Prebiotic Acacia Fiber , Cocoa , Flaxseed Meal , Sunflower Lecithin , Chocolate Extract , Molasses , Vanilla Extract , Mushroom Extract , Baking Powder , Sea Salt , Baking Soda ) , Creme Filling ( Sustainable Palm Oil , Powdered Sugar , Organic Coconut Nectar , Cocoa , Tapioca Starch , Prebiotic Acacia Fiber , Natural Flavors , Salt ) . \" Glyphosate Free Oats","ingredientBreakdown":"Cookies ( Gluten Free Oat Flour / Organic Coconut Sugar / Sustainable Palm Oil / Dates / Coconut Oil / Water / Prebiotic Acacia Fiber / Cocoa / Flaxseed Meal / Sunflower Lecithin / Chocolate Extract / Molasses / Vanilla Extract / Mushroom Extract / Baking Powder / Sea Salt / Baking Soda ) / Creme Filling ( Sustainable Palm Oil / Powdered Sugar / Organic Coconut Nectar / Cocoa / Tapioca Starch / Prebiotic Acacia Fiber / Natural Flavors / Salt ) / \" Glyphosate Free Oats","liveAndActiveCulturesStatement":"","liveAndActiveCulturesBreakdown":""}]
2024-07-18 17:42:36 [31merror[39m: marketing
2024-07-18 17:42:36 [32minfo[39m: [{"haveQrCode":"false","instagram":"false","pinterest":"false","youtube":"true","youtubeType":"type_2","facebook":"true","twitter":"false","socialMediaList":"facebook/youtube","website":"","socialMediaText":"@maxinesheavenly","enlargedToShow":"false"}]
2024-07-18 17:42:36 [31merror[39m: instruction
2024-07-18 17:42:36 [32minfo[39m: [{"storageInstruction":[],"cookingInstruction":[],"usageInstruction":[]}]
2024-07-18 17:53:09 [31merror[39m: ingredient list
2024-07-18 17:53:09 [32minfo[39m: [{"productType":"nutrition facts","ingredientPrefix":"ingredients:","ingredientStatement":"INGREDIENTS : VEGAN PROTEINS ( PEA PROTEIN ISOLATE , SOY PROTEIN ISOLATE ) , GLYCERIN , MALTITOL , OLIGOFRUCTOSE , CACAO FAT , SUNFLOWER OIL , UNSWEETENED CHOCOLATE , WATER , NATURAL FLAVORS , RICE FLOUR , COCOA ( PROCESSED WITH ALKALI ) , SOLUBLE MAIZE FIBER , TAPIOCA STARCH , LECITHINS , XANTHAN GUM , SALT . CONTAINS : SOY , WHEAT ( MALTITOL DERIVED FROM WHEAT ) . DISTRIBUTED BY : MISFITS HEALTH INC , LABS ATRIUM , CHALK FARM RD , LONDON NW1 8AH , UK MAY ALSO CONTAIN : MILK , GLUTEN , NUTS AND PEANUTS , DUE TO SHARED MACHINERY NOTE : EXCESSIVE CONSUMPTION MAY HAVE A LAXATIVE EFFECT ( DUE TO MALTITOL ) . STORE IN A COOL DRY PLACE AWAY FROM SUNLIGHT . PRODUCT OF CROATIA","ingredientBreakdown":"VEGAN PROTEINS ( PEA PROTEIN ISOLATE/SOY PROTEIN ISOLATE )/GLYCERIN/MALTITOL/OLIGOFRUCTOSE/CACAO FAT/SUNFLOWER OIL/UNSWEETENED CHOCOLATE/WATER/NATURAL FLAVORS/RICE FLOUR/COCOA ( PROCESSED WITH ALKALI )/SOLUBLE MAIZE FIBER/TAPIOCA STARCH/LECITHINS/XANTHAN GUM/SALT","liveAndActiveCulturesStatement":"","liveAndActiveCulturesBreakdown":""}]
2024-07-18 17:53:09 [31merror[39m: marketing
2024-07-18 17:53:09 [32minfo[39m: [{"haveQrCode":"unknown","instagram":"yes","pinterest":"no","youtube":"yes","youtubeType":"type_2","facebook":"yes","twitter":"no","socialMediaList":"facebook/instagram/youtube","website":"www.misfits.health, info@misfits.health","socialMediaText":"@misfitshealth","enlargedToShow":"unknown"}]
2024-07-18 17:53:09 [31merror[39m: instruction
2024-07-18 17:53:09 [32minfo[39m: [{"storageInstruction":["STORE IN A COOL DRY PLACE AWAY FROM SUNLIGHT ."],"cookingInstruction":[],"usageInstruction":[]}]
2024-07-18 18:13:30 [31merror[39m: ingredient list
2024-07-18 18:13:30 [32minfo[39m: [{"productType":"nutrition facts","ingredientPrefix":"ingredients:","ingredientStatement":"INGREDIENTS : VEGAN PROTEINS ( PEA PROTEIN ISOLATE , SOY PROTEIN ISOLATE ) , GLYCERIN , MALTITOL , OLIGOFRUCTOSE , CACAO FAT , SUNFLOWER OIL , UNSWEETENED CHOCOLATE , WATER , NATURAL FLAVORS , RICE FLOUR , COCOA ( PROCESSED WITH ALKALI ) , SOLUBLE MAIZE FIBER , TAPIOCA STARCH , LECITHINS , XANTHAN GUM , SALT . CONTAINS : SOY , WHEAT ( MALTITOL DERIVED FROM WHEAT ) . DISTRIBUTED BY : MISFITS HEALTH INC , LABS ATRIUM , CHALK FARM RD , LONDON NW1 8AH , UK MAY ALSO CONTAIN : MILK , GLUTEN , NUTS AND PEANUTS , DUE TO SHARED MACHINERY NOTE : EXCESSIVE CONSUMPTION MAY HAVE A LAXATIVE EFFECT ( DUE TO MALTITOL ) . STORE IN A COOL DRY PLACE AWAY FROM SUNLIGHT . PRODUCT OF CROATIA","ingredientBreakdown":"VEGAN PROTEINS ( PEA PROTEIN ISOLATE/SOY PROTEIN ISOLATE )/GLYCERIN/MALTITOL/OLIGOFRUCTOSE/CACAO FAT/SUNFLOWER OIL/UNSWEETENED CHOCOLATE/WATER/NATURAL FLAVORS/RICE FLOUR/COCOA ( PROCESSED WITH ALKALI )/SOLUBLE MAIZE FIBER/TAPIOCA STARCH/LECITHINS/XANTHAN GUM/SALT","liveAndActiveCulturesStatement":"","liveAndActiveCulturesBreakdown":""}]
2024-07-18 18:13:30 [31merror[39m: marketing
2024-07-18 18:13:30 [32minfo[39m: [{"haveQrCode":"unknown","instagram":"yes","pinterest":"no","youtube":"yes","youtubeType":"type_2","facebook":"yes","twitter":"no","socialMediaList":"facebook/instagram/youtube","website":"www.misfits.health, info@misfits.health","socialMediaText":"@misfitshealth","enlargedToShow":"unknown"}]
2024-07-18 18:13:30 [31merror[39m: instruction
2024-07-18 18:13:30 [32minfo[39m: [{"storageInstruction":["STORE IN A COOL DRY PLACE AWAY FROM SUNLIGHT ."],"cookingInstruction":[],"usageInstruction":[]}]
2024-07-18 18:27:15 [31merror[39m: ingredient list
2024-07-18 18:27:15 [32minfo[39m: [{"productType":"nutrition facts","ingredientPrefix":"ingredients:","ingredientStatement":"VEGAN PROTEINS ( PEA PROTEIN ISOLATE , SOY PROTEIN ISOLATE ) , GLYCERIN , MALTITOL , OLIGOFRUCTOSE , CACAO FAT , SUNFLOWER OIL , UNSWEETENED CHOCOLATE , WATER , NATURAL FLAVORS , RICE FLOUR , COCOA ( PROCESSED WITH ALKALI ) , SOLUBLE MAIZE FIBER , TAPIOCA STARCH , LECITHINS , XANTHAN GUM , SALT .","ingredientBreakdown":"VEGAN PROTEINS ( PEA PROTEIN ISOLATE , SOY PROTEIN ISOLATE )/GLYCERIN/MALTITOL/OLIGOFRUCTOSE/CACAO FAT/SUNFLOWER OIL/UNSWEETENED CHOCOLATE/WATER/NATURAL FLAVORS/RICE FLOUR/COCOA ( PROCESSED WITH ALKALI )/SOLUBLE MAIZE FIBER/TAPIOCA STARCH/LECITHINS/XANTHAN GUM/SALT","liveAndActiveCulturesStatement":"","liveAndActiveCulturesBreakdown":""}]
2024-07-18 18:27:15 [31merror[39m: marketing
2024-07-18 18:27:15 [32minfo[39m: [{"haveQrCode":"false","instagram":"false","pinterest":"false","youtube":"true","youtubeType":"type_2","facebook":"true","twitter":"true","socialMediaList":"facebook/twitter/youtube","website":"www.misfits.health, info@misfits.health","socialMediaText":"@misfitshealth","enlargedToShow":"false"}]
2024-07-18 18:27:15 [31merror[39m: instruction
2024-07-18 18:27:15 [32minfo[39m: [{"storageInstruction":["STORE IN A COOL DRY PLACE AWAY FROM SUNLIGHT"],"cookingInstruction":[],"usageInstruction":[]}]
