2024-07-17 10:02:56 [31merror[39m: ingredient list
2024-07-17 10:02:56 [32minfo[39m: [{"productType":"nutrition facts","ingredientPrefix":"Ingredients:","ingredientStatement":"Ultra - filtered nonfat milk , water , skim milk , allulose , contains 2 % or less of : vanilla extract , natural flavors , tapioca flour , citrus fiber , guar gum , sea salt , stevia leaf extract ( reb m ) , monk fruit extract , citric acid , enzyme , cultures . Includes a dietarily insignificant amount of sugar","ingredientBreakdown":"Ultra - filtered nonfat milk/ water/ skim milk/ allulose/ contains 2 % or less of : vanilla extract/ natural flavors/ tapioca flour/ citrus fiber/ guar gum/ sea salt/ stevia leaf extract ( reb m )/ monk fruit extract/ citric acid/ enzyme/ cultures/ Includes a dietarily insignificant amount of sugar"}]
2024-07-17 10:02:56 [31merror[39m: marketing
2024-07-17 10:02:56 [32minfo[39m: [{"haveQrCode":"false","instagram":"false","pinterest":"false","youtube":"false","youtubeType":"","facebook":"false","twitter":"false","socialMediaList":"","website":"chobani.com, chobani.com/recipes","socialMediaText":"","enlargedToShow":"false"}]
2024-07-17 10:02:56 [31merror[39m: instruction
2024-07-17 10:02:56 [32minfo[39m: [{"storageInstruction":["KEEP REFRIGERATED"],"cookingInstruction":[],"usageInstruction":[]}]
2024-07-17 10:41:58 [31merror[39m: ingredient list
2024-07-17 10:41:58 [32minfo[39m: [{"productType":"nutrition facts panel","ingredientPrefix":"Ingredients:","ingredientStatement":"Ultra-filtered nonfat milk, water, skim milk, allulose, contains 2% or less of: vanilla extract, natural flavors, tapioca flour, citrus fiber, guar gum, sea salt, stevia leaf extract (reb m), monk fruit extract, citric acid, enzyme, cultures. Includes a dietarily insignificant amount of sugar","ingredientBreakdown":"Ultra-filtered nonfat milk/ water/ skim milk/ allulose/ contains 2% or less of: vanilla extract/ natural flavors/ tapioca flour/ citrus fiber/ guar gum/ sea salt/ stevia leaf extract (reb m)/ monk fruit extract/ citric acid/ enzyme/ cultures. Includes a dietarily insignificant amount of sugar"}]
2024-07-17 10:41:58 [31merror[39m: marketing
2024-07-17 10:41:58 [32minfo[39m: [{"haveQrCode":"false","instagram":"false","pinterest":"false","youtube":"false","youtubeType":"","facebook":"false","twitter":"false","socialMediaList":"","website":"chobani.com, chobani.com/recipes","socialMediaText":"","enlargedToShow":"false"}]
2024-07-17 10:41:58 [31merror[39m: instruction
2024-07-17 10:41:58 [32minfo[39m: [{"storageInstruction":["keep refrigerated"],"cookingInstruction":[],"usageInstruction":[]}]
2024-07-17 11:02:41 [31merror[39m: ingredient list
2024-07-17 11:02:41 [32minfo[39m: [{"productType":"nutrition facts panel","ingredientPrefix":"Ingredients:","ingredientStatement":"Ultra-filtered nonfat milk, water, skim milk, allulose, contains 2% or less of: vanilla extract, natural flavors, tapioca flour, citrus fiber, guar gum, sea salt, stevia leaf extract (reb m), monk fruit extract, citric acid, enzyme, cultures. Includes a dietarily insignificant amount of sugar","ingredientBreakdown":"Ultra-filtered nonfat milk/ water/ skim milk/ allulose/ contains 2% or less of: vanilla extract/ natural flavors/ tapioca flour/ citrus fiber/ guar gum/ sea salt/ stevia leaf extract (reb m)/ monk fruit extract/ citric acid/ enzyme/ cultures. Includes a dietarily insignificant amount of sugar"}]
2024-07-17 11:02:41 [31merror[39m: marketing
2024-07-17 11:02:41 [32minfo[39m: [{"haveQrCode":"false","instagram":"false","pinterest":"false","youtube":"false","youtubeType":"","facebook":"false","twitter":"false","socialMediaList":"","website":"chobani.com, chobani.com/recipes","socialMediaText":"","enlargedToShow":"false"}]
2024-07-17 11:02:41 [31merror[39m: instruction
2024-07-17 11:02:41 [32minfo[39m: [{"storageInstruction":["keep refrigerated"],"cookingInstruction":[],"usageInstruction":[]}]
2024-07-17 11:10:42 [31merror[39m: ingredient list
2024-07-17 11:10:42 [32minfo[39m: [{"productType":"nutrition facts panel","ingredientPrefix":"Ingredients:","ingredientStatement":"Ultra-filtered nonfat milk, water, skim milk, allulose, contains 2% or less of: vanilla extract, natural flavors, tapioca flour, citrus fiber, guar gum, sea salt, stevia leaf extract (reb m), monk fruit extract, citric acid, enzyme, cultures. Includes a dietarily insignificant amount of sugar","ingredientBreakdown":"Ultra-filtered nonfat milk/ water/ skim milk/ allulose/ contains 2% or less of: vanilla extract/ natural flavors/ tapioca flour/ citrus fiber/ guar gum/ sea salt/ stevia leaf extract (reb m)/ monk fruit extract/ citric acid/ enzyme/ cultures. Includes a dietarily insignificant amount of sugar"}]
2024-07-17 11:10:42 [31merror[39m: marketing
2024-07-17 11:10:42 [32minfo[39m: [{"haveQrCode":"false","instagram":"false","pinterest":"false","youtube":"false","youtubeType":"","facebook":"false","twitter":"false","socialMediaList":"","website":"chobani.com, chobani.com/recipes","socialMediaText":"","enlargedToShow":"false"}]
2024-07-17 11:10:42 [31merror[39m: instruction
2024-07-17 11:10:42 [32minfo[39m: [{"storageInstruction":["keep refrigerated"],"cookingInstruction":[],"usageInstruction":[]}]
2024-07-17 15:52:44 [31merror[39m: ingredient list
2024-07-17 15:52:44 [32minfo[39m: [{"productType":"nutrition facts panel","ingredientPrefix":"INGREDIENTS :","ingredientStatement":"ROASTED PEANUTS, SUGAR, SALT","ingredientBreakdown":"ROASTED PEANUTS/ SUGAR/ SALT"}]
2024-07-17 15:52:44 [31merror[39m: marketing
2024-07-17 15:52:44 [32minfo[39m: [{"haveQrCode":"True","instagram":"False","pinterest":"False","youtube":"False","youtubeType":"","facebook":"False","twitter":"False","socialMediaList":"","website":"PB2Foods.com","socialMediaText":"","enlargedToShow":"False"}]
2024-07-17 15:52:44 [31merror[39m: instruction
2024-07-17 15:52:44 [32minfo[39m: [{"storageInstruction":[],"cookingInstruction":[],"usageInstruction":["Mix 2 tbsp . of PB2 with 1.5 Tbsp . of water and stir until smooth . Prepare as needed .","Shake before use . Clumps may naturally occur ."]}]
2024-07-17 16:12:41 [31merror[39m: ingredient list
2024-07-17 16:12:41 [32minfo[39m: [{"productType":"nutrition facts panel","ingredientPrefix":"Ingredients:","ingredientStatement":"Ultra-filtered nonfat milk, water, skim milk, allulose, contains 2% or less of: vanilla extract, natural flavors, tapioca flour, citrus fiber, guar gum, sea salt, stevia leaf extract (reb m), monk fruit extract, citric acid, enzyme, cultures. Includes a dietarily insignificant amount of sugar","ingredientBreakdown":"Ultra-filtered nonfat milk/ water/ skim milk/ allulose/ contains 2% or less of: vanilla extract/ natural flavors/ tapioca flour/ citrus fiber/ guar gum/ sea salt/ stevia leaf extract (reb m)/ monk fruit extract/ citric acid/ enzyme/ cultures. Includes a dietarily insignificant amount of sugar"}]
2024-07-17 16:12:41 [31merror[39m: marketing
2024-07-17 16:12:41 [32minfo[39m: [{"haveQrCode":"false","instagram":"false","pinterest":"false","youtube":"false","youtubeType":"","facebook":"false","twitter":"false","socialMediaList":"","website":"chobani.com, chobani.com/recipes","socialMediaText":"","enlargedToShow":"false"}]
2024-07-17 16:12:41 [31merror[39m: instruction
2024-07-17 16:12:41 [32minfo[39m: [{"storageInstruction":["keep refrigerated"],"cookingInstruction":[],"usageInstruction":[]}]
2024-07-17 16:17:23 [31merror[39m: ingredient list
2024-07-17 16:17:23 [32minfo[39m: [{"productType":"nutrition facts panel","ingredientPrefix":"Ingredients:","ingredientStatement":"Ultra - filtered nonfat milk, water, skim milk , allulose, contains 2 % or less of : vanilla extract, natural flavors, tapioca flour, citrus fiber, guar gum, sea salt, stevia leaf extract ( reb m ), monk fruit extract, citric acid, enzyme, cultures. Includes a dietarily insignificant amount of sugar","ingredientBreakdown":"Ultra - filtered nonfat milk/ water/ skim milk/ allulose/ contains 2 % or less of : vanilla extract/ natural flavors/ tapioca flour/ citrus fiber/ guar gum/ sea salt/ stevia leaf extract ( reb m )/ monk fruit extract/ citric acid/ enzyme/ cultures. Includes a dietarily insignificant amount of sugar"}]
2024-07-17 16:17:23 [31merror[39m: marketing
2024-07-17 16:17:23 [32minfo[39m: [{"haveQrCode":"false","instagram":"false","pinterest":"false","youtube":"false","youtubeType":"","facebook":"false","twitter":"false","socialMediaList":"","website":"chobani.com, chobani.com/recipes","socialMediaText":"","enlargedToShow":"false"}]
2024-07-17 16:17:23 [31merror[39m: instruction
2024-07-17 16:17:23 [32minfo[39m: [{"storageInstruction":["KEEP REFRIGERATED"],"cookingInstruction":[],"usageInstruction":[]}]
2024-07-17 16:24:15 [31merror[39m: ingredient list
2024-07-17 16:24:15 [32minfo[39m: [{"productType":"nutrition facts panel","ingredientPrefix":"Ingredients:","ingredientStatement":"Ultra - filtered nonfat milk, water, skim milk , allulose, contains 2 % or less of : vanilla extract, natural flavors, tapioca flour, citrus fiber, guar gum, sea salt, stevia leaf extract ( reb m ), monk fruit extract, citric acid, enzyme, cultures. Includes a dietarily insignificant amount of sugar","ingredientBreakdown":"Ultra - filtered nonfat milk/ water/ skim milk/ allulose/ contains 2 % or less of : vanilla extract/ natural flavors/ tapioca flour/ citrus fiber/ guar gum/ sea salt/ stevia leaf extract ( reb m )/ monk fruit extract/ citric acid/ enzyme/ cultures. Includes a dietarily insignificant amount of sugar"}]
2024-07-17 16:24:15 [31merror[39m: marketing
2024-07-17 16:24:15 [32minfo[39m: [{"haveQrCode":"false","instagram":"false","pinterest":"false","youtube":"false","youtubeType":"","facebook":"false","twitter":"false","socialMediaList":"","website":"chobani.com, chobani.com/recipes","socialMediaText":"","enlargedToShow":"false"}]
2024-07-17 16:24:15 [31merror[39m: instruction
2024-07-17 16:24:15 [32minfo[39m: [{"storageInstruction":["KEEP REFRIGERATED"],"cookingInstruction":[],"usageInstruction":[]}]
2024-07-17 17:10:59 [31merror[39m: ingredient list
2024-07-17 17:10:59 [32minfo[39m: [{"productType":"nutrition facts panel","ingredientPrefix":"Ingredients:","ingredientStatement":"Ultra-filtered nonfat milk, water, skim milk, allulose, contains 2% or less of: vanilla extract, natural flavors, tapioca flour, citrus fiber, guar gum, sea salt, stevia leaf extract (reb m), monk fruit extract, citric acid, enzyme, cultures. Includes a dietarily insignificant amount of sugar","ingredientBreakdown":"Ultra-filtered nonfat milk/ water/ skim milk/ allulose/ contains 2% or less of: vanilla extract/ natural flavors/ tapioca flour/ citrus fiber/ guar gum/ sea salt/ stevia leaf extract (reb m)/ monk fruit extract/ citric acid/ enzyme/ cultures/ Includes a dietarily insignificant amount of sugar","liveAndActiveCulturesStatement":"6 live and active cultures: S. Thermophilus, L. Bulgaricus, L. Acidophilus, Bifidus, L. Casei, and L. Rhamnosus."}]
2024-07-17 17:10:59 [31merror[39m: marketing
2024-07-17 17:10:59 [32minfo[39m: [{"haveQrCode":"false","instagram":"false","pinterest":"false","youtube":"false","youtubeType":"","facebook":"false","twitter":"false","socialMediaList":"","website":"chobani.com, chobani.com/recipes","socialMediaText":"","enlargedToShow":"false"}]
2024-07-17 17:10:59 [31merror[39m: instruction
2024-07-17 17:10:59 [32minfo[39m: [{"storageInstruction":["KEEP REFRIGERATED"],"cookingInstruction":[],"usageInstruction":[]}]
2024-07-17 17:20:53 [31merror[39m: ingredient list
2024-07-17 17:20:53 [32minfo[39m: [{"productType":"nutrition facts panel","ingredientPrefix":"Ingredients:","ingredientStatement":"Ultra-filtered nonfat milk, water, skim milk, allulose, contains 2% or less of: vanilla extract, natural flavors, tapioca flour, citrus fiber, guar gum, sea salt, stevia leaf extract (reb m), monk fruit extract, citric acid, enzyme, cultures. Includes a dietarily insignificant amount of sugar","ingredientBreakdown":"Ultra-filtered nonfat milk/ water/ skim milk/ allulose/ contains 2% or less of: vanilla extract/ natural flavors/ tapioca flour/ citrus fiber/ guar gum/ sea salt/ stevia leaf extract (reb m)/ monk fruit extract/ citric acid/ enzyme/ cultures/ Includes a dietarily insignificant amount of sugar","liveAndActiveCulturesStatement":"6 live and active cultures: S. Thermophilus, L. Bulgaricus, L. Acidophilus, Bifidus, L. Casei, and L. Rhamnosus."}]
2024-07-17 17:20:53 [31merror[39m: marketing
2024-07-17 17:20:53 [32minfo[39m: [{"haveQrCode":"false","instagram":"false","pinterest":"false","youtube":"false","youtubeType":"","facebook":"false","twitter":"false","socialMediaList":"","website":"chobani.com, chobani.com/recipes","socialMediaText":"","enlargedToShow":"false"}]
2024-07-17 17:20:53 [31merror[39m: instruction
2024-07-17 17:20:53 [32minfo[39m: [{"storageInstruction":["KEEP REFRIGERATED"],"cookingInstruction":[],"usageInstruction":[]}]
2024-07-17 17:23:02 [31merror[39m: ingredient list
2024-07-17 17:23:02 [32minfo[39m: [{"productType":"nutrition facts panel","ingredientPrefix":"Ingredients:","ingredientStatement":"Ultra-filtered nonfat milk, water, skim milk, allulose, contains 2% or less of: vanilla extract, natural flavors, tapioca flour, citrus fiber, guar gum, sea salt, stevia leaf extract (reb m), monk fruit extract, citric acid, enzyme, cultures. Includes a dietarily insignificant amount of sugar","ingredientBreakdown":"Ultra-filtered nonfat milk/ water/ skim milk/ allulose/ contains 2% or less of: vanilla extract/ natural flavors/ tapioca flour/ citrus fiber/ guar gum/ sea salt/ stevia leaf extract (reb m)/ monk fruit extract/ citric acid/ enzyme/ cultures/ Includes a dietarily insignificant amount of sugar","liveAndActiveCulturesStatement":"6 live and active cultures: S. Thermophilus, L. Bulgaricus, L. Acidophilus, Bifidus, L. Casei, and L. Rhamnosus."}]
2024-07-17 17:23:02 [31merror[39m: marketing
2024-07-17 17:23:02 [32minfo[39m: [{"haveQrCode":"false","instagram":"false","pinterest":"false","youtube":"false","youtubeType":"","facebook":"false","twitter":"false","socialMediaList":"","website":"chobani.com, chobani.com/recipes","socialMediaText":"","enlargedToShow":"false"}]
2024-07-17 17:23:02 [31merror[39m: instruction
2024-07-17 17:23:02 [32minfo[39m: [{"storageInstruction":["KEEP REFRIGERATED"],"cookingInstruction":[],"usageInstruction":[]}]
2024-07-17 17:33:39 [31merror[39m: ingredient list
2024-07-17 17:33:39 [32minfo[39m: [{"productType":"nutrition facts panel","ingredientPrefix":"Ingredients:","ingredientStatement":"Ultra - filtered nonfat milk, water, skim milk , allulose, contains 2 % or less of : vanilla extract, natural flavors, tapioca flour, citrus fiber, guar gum, sea salt, stevia leaf extract ( reb m ), monk fruit extract, citric acid, enzyme, cultures. Includes a dietarily insignificant amount of sugar","ingredientBreakdown":"Ultra - filtered nonfat milk/ water/ skim milk/ allulose/ contains 2 % or less of : vanilla extract/ natural flavors/ tapioca flour/ citrus fiber/ guar gum/ sea salt/ stevia leaf extract ( reb m )/ monk fruit extract/ citric acid/ enzyme/ cultures. Includes a dietarily insignificant amount of sugar","liveAndActiveCulturesStatement":"6 live and active cultures : S. Thermophilus, L. Bulgaricus, L. Acidophilus, Bifidus, L. Casei, and L. Rhamnosus.","liveAndActiveCulturesBreakdown":"S. Thermophilus/ L. Bulgaricus/ L. Acidophilus/ Bifidus/ L. Casei/ and L. Rhamnosus."}]
2024-07-17 17:33:39 [31merror[39m: marketing
2024-07-17 17:33:39 [32minfo[39m: [{"haveQrCode":"false","instagram":"false","pinterest":"false","youtube":"false","youtubeType":"","facebook":"false","twitter":"false","socialMediaList":"","website":"chobani.com, chobani.com/recipes","socialMediaText":"","enlargedToShow":"false"}]
2024-07-17 17:33:39 [31merror[39m: instruction
2024-07-17 17:33:39 [32minfo[39m: [{"storageInstruction":["KEEP REFRIGERATED"],"cookingInstruction":[],"usageInstruction":[]}]
2024-07-17 17:44:22 [31merror[39m: ingredient list
2024-07-17 17:44:23 [32minfo[39m: [{"productType":"nutrition facts panel","ingredientPrefix":"Ingredients:","ingredientStatement":"Ultra - filtered nonfat milk, water, skim milk , allulose, contains 2 % or less of : vanilla extract, natural flavors, tapioca flour, citrus fiber, guar gum, sea salt, stevia leaf extract ( reb m ), monk fruit extract, citric acid, enzyme, cultures. Includes a dietarily insignificant amount of sugar","ingredientBreakdown":"Ultra - filtered nonfat milk/ water/ skim milk/ allulose/ contains 2 % or less of : vanilla extract/ natural flavors/ tapioca flour/ citrus fiber/ guar gum/ sea salt/ stevia leaf extract ( reb m )/ monk fruit extract/ citric acid/ enzyme/ cultures. Includes a dietarily insignificant amount of sugar","liveAndActiveCulturesStatement":"6 live and active cultures : S. Thermophilus, L. Bulgaricus, L. Acidophilus, Bifidus, L. Casei, and L. Rhamnosus.","liveAndActiveCulturesBreakdown":"S. Thermophilus/ L. Bulgaricus/ L. Acidophilus/ Bifidus/ L. Casei/ and L. Rhamnosus."}]
2024-07-17 17:44:23 [31merror[39m: marketing
2024-07-17 17:44:23 [32minfo[39m: [{"haveQrCode":"false","instagram":"false","pinterest":"false","youtube":"false","youtubeType":"","facebook":"false","twitter":"false","socialMediaList":"","website":"chobani.com, chobani.com/recipes","socialMediaText":"","enlargedToShow":"false"}]
2024-07-17 17:44:23 [31merror[39m: instruction
2024-07-17 17:44:23 [32minfo[39m: [{"storageInstruction":["KEEP REFRIGERATED"],"cookingInstruction":[],"usageInstruction":[]}]
