2024-07-30 00:23:43 [31merror[39m: connect ETIMEDOUT 34.95.121.110:443
2024-07-30 00:25:58 [31merror[39m: getaddrinfo ENOTFOUND exchange.ix-one.net
2024-07-30 00:25:58 [31merror[39m: getaddrinfo ENOTFOUND exchange.ix-one.net
2024-07-30 00:32:47 [31merror[39m: sugar claim -- sugar
2024-07-30 00:52:47 [31merror[39m: sugar claim -- sugar
2024-07-30 00:55:20 [31merror[39m: sugar claim -- sugar
2024-07-30 01:01:15 [31merror[39m: sugar claim -- sugar
2024-07-30 01:04:48 [31merror[39m: sugar claim -- sugar
2024-07-30 01:06:09 [31merror[39m: sugar claim -- sugar
2024-07-30 09:55:36 [31merror[39m: sugar claim -- sugar
2024-07-30 15:59:47 [31merror[39m: sugar claim -- natural sweeteners
2024-07-30 15:59:47 [31merror[39m: sugar claim -- stevia
2024-07-30 16:02:29 [31merror[39m: sugar claim -- natural sweeteners
2024-07-30 16:02:29 [31merror[39m: sugar claim -- stevia
2024-07-30 16:02:33 [31merror[39m: sugar claim -- natural sweeteners
2024-07-30 16:02:33 [31merror[39m: sugar claim -- stevia
2024-07-30 16:02:40 [31merror[39m: sugar claim -- natural sweeteners
2024-07-30 16:02:40 [31merror[39m: sugar claim -- stevia
2024-07-30 16:17:16 [31merror[39m: sugar claim -- natural sweeteners
2024-07-30 16:17:16 [31merror[39m: sugar claim -- stevia
2024-07-30 16:26:20 [31merror[39m: sugar claim -- natural sweeteners
2024-07-30 16:26:20 [31merror[39m: sugar claim -- stevia
2024-07-30 16:28:05 [31merror[39m: sugar claim -- natural sweeteners
2024-07-30 16:28:05 [31merror[39m: sugar claim -- stevia
2024-07-30 16:32:40 [31merror[39m: sugar claim -- natural sweeteners
2024-07-30 16:32:40 [31merror[39m: sugar claim -- stevia
2024-07-30 16:32:49 [31merror[39m: sugar claim -- natural sweeteners
2024-07-30 16:32:49 [31merror[39m: sugar claim -- stevia
2024-07-30 16:32:55 [31merror[39m: sugar claim -- natural sweeteners
2024-07-30 16:32:55 [31merror[39m: sugar claim -- stevia
2024-07-30 16:35:49 [31merror[39m: sugar claim -- natural sweeteners
2024-07-30 16:35:49 [31merror[39m: sugar claim -- stevia
2024-07-30 16:36:01 [31merror[39m: sugar claim -- natural sweeteners
2024-07-30 16:36:01 [31merror[39m: sugar claim -- stevia
2024-07-30 16:36:07 [31merror[39m: sugar claim -- natural sweeteners
2024-07-30 16:36:07 [31merror[39m: sugar claim -- stevia
2024-07-30 16:38:56 [31merror[39m: sugar claim -- low sugar
2024-07-30 16:38:56 [31merror[39m: sugar claim -- lower sugar
2024-07-30 16:38:56 [31merror[39m: sugar claim -- monk fruit
2024-07-30 16:38:56 [31merror[39m: sugar claim -- sugar
2024-07-30 16:43:57 [31merror[39m: sugar claim -- low sugar
2024-07-30 16:43:57 [31merror[39m: sugar claim -- lower sugar
2024-07-30 16:43:57 [31merror[39m: sugar claim -- monk fruit
2024-07-30 16:43:57 [31merror[39m: sugar claim -- sugar
2024-07-30 16:45:07 [31merror[39m: sugar claim -- low sugar
2024-07-30 16:45:07 [31merror[39m: sugar claim -- lower sugar
2024-07-30 16:45:07 [31merror[39m: sugar claim -- monk fruit
2024-07-30 16:45:07 [31merror[39m: sugar claim -- sugar
