2024-07-16 00:23:42 [31merror[39m: ingredient list
2024-07-16 00:23:42 [32minfo[39m: [{"productType":"nutrition facts","ingredientPrefix":"INGREDIENTS:","ingredientStatement":"INGREDIENTS : ORGANIC COCONUT CREAM, ORGANIC COCONUTMILK ( WATER, ORGANIC COCONUT MEAT ), ORGANIC PEAR PUREE CONCENTRATE, ORGANIC TAPIOCA STARCH, ORGANIC PEACHES, ORGANIC MANGO, ORGANIC CORNSTARCH, PECTIN, ORGANIC FLAVOR, LIVE AND ACTIVE CULTURES . LIVE AND ACTIVE CULTURES : BIFIDOBACTERIUM, L. ACIDOPHILUS, L. BULGARICUS, L. PARACASEI, S. THERMOPHILUS .","ingredientBreakdown":"ORGANIC COCONUT CREAM, ORGANIC COCONUTMILK ( WATER, ORGANIC COCONUT MEAT ), ORGANIC PEAR PUREE CONCENTRATE, ORGANIC TAPIOCA STARCH, ORGANIC PEACHES, ORGANIC MANGO, ORGANIC CORNSTARCH, PECTIN, ORGANIC FLAVOR, LIVE AND ACTIVE CULTURES, LIVE AND ACTIVE CULTURES : BIFIDOBACTERIUM, L. ACIDOPHILUS, L. BULGARICUS, L. PARACASEI, S. THERMOPHILUS"}]
2024-07-16 00:23:42 [31merror[39m: marketing
2024-07-16 00:23:42 [32minfo[39m: [{"haveQrCode":"true","instagram":"false","pinterest":"false","youtube":"false","youtubeType":"","facebook":"false","twitter":"false","socialMediaList":"","website":"","socialMediaText":"","enlargedToShow":"false"}]
2024-07-16 00:23:42 [31merror[39m: instruction
2024-07-16 00:23:42 [32minfo[39m: [{"storageInstruction":["KEEP REFRIGERATED"],"cookingInstruction":[],"usageInstruction":[]}]
2024-07-16 00:27:36 [31merror[39m: ingredient list
2024-07-16 00:27:36 [32minfo[39m: [{"productType":"nutrition facts","ingredientPrefix":"INGREDIENTS :","ingredientStatement":"CULTURED PASTEURIZED GRADE A MILK , BROWN CANE SUGAR , CANE SUGAR , CREAM , HONEY , PECTIN .","ingredientBreakdown":"CULTURED PASTEURIZED GRADE A MILK, BROWN CANE SUGAR, CANE SUGAR, CREAM, HONEY, PECTIN."}]
2024-07-16 00:27:36 [31merror[39m: marketing
2024-07-16 00:27:36 [32minfo[39m: [{"haveQrCode":"false","instagram":"false","pinterest":"false","youtube":"false","youtubeType":"","facebook":"true","twitter":"false","socialMediaList":"facebook","website":"www.greekgodsyogurt.com","socialMediaText":"","enlargedToShow":"false"}]
2024-07-16 00:27:36 [31merror[39m: instruction
2024-07-16 00:27:36 [32minfo[39m: [{"storageInstruction":["KEEP REFRIGERATED"],"cookingInstruction":[],"usageInstruction":[]}]
2024-07-16 00:27:36 [31merror[39m: ingredient list
2024-07-16 00:27:36 [32minfo[39m: [{"productType":"nutrition facts","ingredientPrefix":"INGREDIENTS :","ingredientStatement":"CULTURED PASTEURIZED GRADE A MILK , BROWN CANE SUGAR , CANE SUGAR , CREAM , HONEY , PECTIN .","ingredientBreakdown":"CULTURED PASTEURIZED GRADE A MILK, BROWN CANE SUGAR, CANE SUGAR, CREAM, HONEY, PECTIN."}]
2024-07-16 00:27:36 [31merror[39m: marketing
2024-07-16 00:27:36 [32minfo[39m: [{"haveQrCode":"false","instagram":"false","pinterest":"false","youtube":"false","youtubeType":"","facebook":"true","twitter":"false","socialMediaList":"facebook","website":"www.greekgodsyogurt.com","socialMediaText":"","enlargedToShow":"false"}]
2024-07-16 00:27:36 [31merror[39m: instruction
2024-07-16 00:27:36 [32minfo[39m: [{"storageInstruction":["KEEP REFRIGERATED"],"cookingInstruction":[],"usageInstruction":[]}]
2024-07-16 00:28:03 [31merror[39m: ingredient list
2024-07-16 00:28:03 [32minfo[39m: [{"productType":"nutrition facts","ingredientPrefix":"INGREDIENTS:","ingredientStatement":"INGREDIENTS : CULTURED PASTEURIZED GRADE A MILK , BROWN CANE SUGAR , CANE SUGAR , CREAM , HONEY , PECTIN , NATURAL FLAVOR , VANILLA EXTRACT .","ingredientBreakdown":"CULTURED PASTEURIZED GRADE A MILK, BROWN CANE SUGAR, CANE SUGAR, CREAM, HONEY, PECTIN, NATURAL FLAVOR, VANILLA EXTRACT."}]
2024-07-16 00:28:03 [31merror[39m: marketing
2024-07-16 00:28:03 [32minfo[39m: [{"haveQrCode":"false","instagram":"false","pinterest":"false","youtube":"false","youtubeType":"","facebook":"true","twitter":"false","socialMediaList":"facebook","website":"www.greekgodsyogurt.com","socialMediaText":"","enlargedToShow":"false"}]
2024-07-16 00:28:03 [31merror[39m: instruction
2024-07-16 00:28:03 [32minfo[39m: [{"storageInstruction":["KEEP REFRIGERATED"],"cookingInstruction":[],"usageInstruction":[]}]
2024-07-16 00:30:28 [31merror[39m: ingredient list
2024-07-16 00:30:28 [32minfo[39m: [{"productType":"nutrition facts","ingredientPrefix":"INGREDIENTS:","ingredientStatement":"INGREDIENTS : PASTEURIZED SHEEP MILK, NON - GMO FRUIT ( BLACKBERRIES , CANE SUGAR , FRUIT PECTIN , CITRIC ACID ) . LIVE , ACTIVE CULTURES : S. THER- MOPHILUS , L. BULGARICUS , L. ACIDOPHILUS , BIFIDUS .","ingredientBreakdown":"PASTEURIZED SHEEP MILK, NON - GMO FRUIT ( BLACKBERRIES, CANE SUGAR, FRUIT PECTIN, CITRIC ACID ), LIVE, ACTIVE CULTURES : S. THER- MOPHILUS, L. BULGARICUS, L. ACIDOPHILUS, BIFIDUS."},{"productType":"nutrition facts","ingredientPrefix":"INGREDIENTS:","ingredientStatement":"INGREDIENTS : PASTEURIZED SHEEP MILK , NON-GMO FRUIT ( BLACKBERRIES , CANE SUGAR , FRUIT PECTIN , CITRIC ACID ) . LIVE , ACTIVE CULTURES : S. THER- MOPHILUS , L. BULGARICUS , L. ACIDOPHILUS , BIFIDUS .","ingredientBreakdown":"PASTEURIZED SHEEP MILK, NON-GMO FRUIT ( BLACKBERRIES, CANE SUGAR, FRUIT PECTIN, CITRIC ACID ), LIVE, ACTIVE CULTURES : S. THER- MOPHILUS, L. BULGARICUS, L. ACIDOPHILUS, BIFIDUS."}]
2024-07-16 00:30:28 [31merror[39m: marketing
2024-07-16 00:30:28 [32minfo[39m: [{"haveQrCode":"false","instagram":"true","pinterest":"false","youtube":"false","youtubeType":"","facebook":"true","twitter":"false","socialMediaList":"instagram, facebook","website":"www.bellwetherfarms.com","socialMediaText":"","enlargedToShow":"false"}]
2024-07-16 00:30:28 [31merror[39m: instruction
2024-07-16 00:30:28 [32minfo[39m: [{"storageInstruction":["Keep refrigerated."],"cookingInstruction":[],"usageInstruction":[]}]
2024-07-16 00:31:04 [31merror[39m: ingredient list
2024-07-16 00:31:04 [32minfo[39m: [{"productType":"nutrition facts","ingredientPrefix":"INGREDIENTS:","ingredientStatement":"INGREDIENTS: MANGO CHUNKS, CANOLA OIL, SALT, SPICES (INCLUDING PAPRIKA, GROUND RED PEPPER, MUSTARD, TURMERIC), ACETIC ACID, MUSTARD SEEDS, CONTAINS 2% OR LESS OF FENUGREEK SEEDS.","ingredientBreakdown":"MANGO CHUNKS, CANOLA OIL, SALT, SPICES (INCLUDING PAPRIKA, GROUND RED PEPPER, MUSTARD, TURMERIC), ACETIC ACID, MUSTARD SEEDS, CONTAINS 2% OR LESS OF FENUGREEK SEEDS."}]
2024-07-16 00:31:04 [31merror[39m: marketing
2024-07-16 00:31:04 [32minfo[39m: [{"haveQrCode":"false","instagram":"false","pinterest":"false","youtube":"false","youtubeType":"","facebook":"false","twitter":"false","socialMediaList":"","website":"PATAKSUSA.COM","socialMediaText":"","enlargedToShow":"false"}]
2024-07-16 00:31:04 [31merror[39m: instruction
2024-07-16 00:31:04 [32minfo[39m: [{"storageInstruction":["USE WITHIN 6 MONTHS OF OPENING, OR BEFORE THE BEST BY DATE.","SEE LID FOR BEST BY DATE."],"cookingInstruction":["In a food processor or mixing bowl, COMBINE yogurt and pickle until smooth.","CHILL 30 minutes and serve with naan bread, pappadums, crackers or veggies."],"usageInstruction":["Use this pickle to prepare a tangy dip or serve as a main meal accompaniment with naan bread or pappadums to add a tart kick to your meal."]}]
2024-07-16 00:31:04 [31merror[39m: ingredient list
2024-07-16 00:31:04 [32minfo[39m: [{"productType":"nutrition facts","ingredientPrefix":"INGREDIENTS:","ingredientStatement":"INGREDIENTS: MANGO CHUNKS, CANOLA OIL, SALT, SPICES (INCLUDING PAPRIKA, GROUND RED PEPPER, MUSTARD, TURMERIC), ACETIC ACID, MUSTARD SEEDS, CONTAINS 2% OR LESS OF FENUGREEK SEEDS.","ingredientBreakdown":"MANGO CHUNKS, CANOLA OIL, SALT, SPICES (INCLUDING PAPRIKA, GROUND RED PEPPER, MUSTARD, TURMERIC), ACETIC ACID, MUSTARD SEEDS, CONTAINS 2% OR LESS OF FENUGREEK SEEDS."}]
2024-07-16 00:31:04 [31merror[39m: marketing
2024-07-16 00:31:04 [32minfo[39m: [{"haveQrCode":"false","instagram":"false","pinterest":"false","youtube":"false","youtubeType":"","facebook":"false","twitter":"false","socialMediaList":"","website":"PATAKSUSA.COM","socialMediaText":"","enlargedToShow":"false"}]
2024-07-16 00:31:04 [31merror[39m: instruction
2024-07-16 00:31:04 [32minfo[39m: [{"storageInstruction":["USE WITHIN 6 MONTHS OF OPENING, OR BEFORE THE BEST BY DATE.","SEE LID FOR BEST BY DATE."],"cookingInstruction":["In a food processor or mixing bowl, COMBINE yogurt and pickle until smooth.","CHILL 30 minutes and serve with naan bread, pappadums, crackers or veggies."],"usageInstruction":["Use this pickle to prepare a tangy dip or serve as a main meal accompaniment with naan bread or pappadums to add a tart kick to your meal."]}]
2024-07-16 00:34:02 [31merror[39m: ingredient list
2024-07-16 00:34:02 [32minfo[39m: [{"productType":"nutrition facts","ingredientPrefix":"Ingredients:","ingredientStatement":"Ingredients : Filtered water , cashews corn starch , coconut locust bean gum , agar , live active cultures .","ingredientBreakdown":"Filtered water, cashews corn starch, coconut locust bean gum, agar, live active cultures."}]
2024-07-16 00:34:02 [31merror[39m: marketing
2024-07-16 00:34:02 [32minfo[39m: [{"haveQrCode":"false","instagram":"false","pinterest":"false","youtube":"false","youtubeType":"","facebook":"false","twitter":"false","socialMediaList":"","website":"foragerproject.com","socialMediaText":"","enlargedToShow":"false"}]
2024-07-16 00:34:02 [31merror[39m: instruction
2024-07-16 00:34:02 [32minfo[39m: [{"storageInstruction":["Perishable , keep refrigerated","Enjoy within seven days of opening"],"cookingInstruction":[],"usageInstruction":[]}]
2024-07-16 00:34:02 [31merror[39m: ingredient list
2024-07-16 00:34:02 [32minfo[39m: [{"productType":"nutrition facts","ingredientPrefix":"Ingredients:","ingredientStatement":"Ingredients : Filtered water , cashews corn starch , coconut locust bean gum , agar , live active cultures .","ingredientBreakdown":"Filtered water, cashews corn starch, coconut locust bean gum, agar, live active cultures."}]
2024-07-16 00:34:02 [31merror[39m: marketing
2024-07-16 00:34:02 [32minfo[39m: [{"haveQrCode":"false","instagram":"false","pinterest":"false","youtube":"false","youtubeType":"","facebook":"false","twitter":"false","socialMediaList":"","website":"foragerproject.com","socialMediaText":"","enlargedToShow":"false"}]
2024-07-16 00:34:02 [31merror[39m: instruction
2024-07-16 00:34:02 [32minfo[39m: [{"storageInstruction":["Perishable , keep refrigerated","Enjoy within seven days of opening"],"cookingInstruction":[],"usageInstruction":[]}]
2024-07-16 00:34:16 [31merror[39m: ingredient list
2024-07-16 00:34:16 [32minfo[39m: [{"productType":"nutrition facts","ingredientPrefix":"INGREDIENTS:","ingredientStatement":"INGREDIENTS : WATER , TOMATO , YOGURT ( MILK , SKIM MILK CREAM , BACTERIAL CULTURE ) , TOMATO PASTE , FOOD STARCH - MODIFIED , CREAM , SPICES ( INCLUDING PAPRIKA , TURMERIC AND SMOKED PAPRIKA ) , CONTAINS 2 % OR LESS OF CANOLA OIL , DRIED ONION , SUGAR , GARLIC , GINGER , SALT , WHEY PROTEIN CONCENTRATE , LACTIC ACID , PAPRIKA OLEORESIN ( COLOR ) , CUMIN SEED , DRIED CILANTRO LEAF . CONTAINS : MILK .","ingredientBreakdown":"WATER, TOMATO, YOGURT ( MILK, SKIM MILK CREAM, BACTERIAL CULTURE ), TOMATO PASTE, FOOD STARCH - MODIFIED, CREAM, SPICES ( INCLUDING PAPRIKA, TURMERIC AND SMOKED PAPRIKA ), CONTAINS 2 % OR LESS OF CANOLA OIL, DRIED ONION, SUGAR, GARLIC, GINGER, SALT, WHEY PROTEIN CONCENTRATE, LACTIC ACID, PAPRIKA OLEORESIN ( COLOR ), CUMIN SEED, DRIED CILANTRO LEAF, CONTAINS : MILK."}]
2024-07-16 00:34:16 [31merror[39m: marketing
2024-07-16 00:34:16 [32minfo[39m: [{"haveQrCode":"false","instagram":"false","pinterest":"false","youtube":"false","youtubeType":"","facebook":"false","twitter":"false","socialMediaList":"","website":"www.pataksusa.com","socialMediaText":"","enlargedToShow":"false"}]
2024-07-16 00:34:16 [31merror[39m: instruction
2024-07-16 00:34:16 [32minfo[39m: [{"storageInstruction":["ONCE OPENED, USE IMMEDIATELY.","SHAKE WELL BEFORE USING.","SEE LID FOR BEST BY DATE"],"cookingInstruction":["FRY diced chicken in a little oil in a deep sided frying pan for 5 MINS or until golden .","ADD the jar of sauce and simmer for 15 MINS or until the chicken is cooked through , stirring occasionally . Serve over rice ."],"usageInstruction":[]}]
2024-07-16 00:34:16 [31merror[39m: ingredient list
2024-07-16 00:34:16 [32minfo[39m: [{"productType":"nutrition facts","ingredientPrefix":"INGREDIENTS:","ingredientStatement":"INGREDIENTS : WATER , TOMATO , YOGURT ( MILK , SKIM MILK CREAM , BACTERIAL CULTURE ) , TOMATO PASTE , FOOD STARCH - MODIFIED , CREAM , SPICES ( INCLUDING PAPRIKA , TURMERIC AND SMOKED PAPRIKA ) , CONTAINS 2 % OR LESS OF CANOLA OIL , DRIED ONION , SUGAR , GARLIC , GINGER , SALT , WHEY PROTEIN CONCENTRATE , LACTIC ACID , PAPRIKA OLEORESIN ( COLOR ) , CUMIN SEED , DRIED CILANTRO LEAF . CONTAINS : MILK .","ingredientBreakdown":"WATER, TOMATO, YOGURT ( MILK, SKIM MILK CREAM, BACTERIAL CULTURE ), TOMATO PASTE, FOOD STARCH - MODIFIED, CREAM, SPICES ( INCLUDING PAPRIKA, TURMERIC AND SMOKED PAPRIKA ), CONTAINS 2 % OR LESS OF CANOLA OIL, DRIED ONION, SUGAR, GARLIC, GINGER, SALT, WHEY PROTEIN CONCENTRATE, LACTIC ACID, PAPRIKA OLEORESIN ( COLOR ), CUMIN SEED, DRIED CILANTRO LEAF, CONTAINS : MILK."}]
2024-07-16 00:34:16 [31merror[39m: marketing
2024-07-16 00:34:16 [32minfo[39m: [{"haveQrCode":"false","instagram":"false","pinterest":"false","youtube":"false","youtubeType":"","facebook":"false","twitter":"false","socialMediaList":"","website":"www.pataksusa.com","socialMediaText":"","enlargedToShow":"false"}]
2024-07-16 00:34:16 [31merror[39m: instruction
2024-07-16 00:34:16 [32minfo[39m: [{"storageInstruction":["ONCE OPENED, USE IMMEDIATELY.","SHAKE WELL BEFORE USING.","SEE LID FOR BEST BY DATE"],"cookingInstruction":["FRY diced chicken in a little oil in a deep sided frying pan for 5 MINS or until golden .","ADD the jar of sauce and simmer for 15 MINS or until the chicken is cooked through , stirring occasionally . Serve over rice ."],"usageInstruction":[]}]
2024-07-16 00:37:00 [31merror[39m: ingredient list
2024-07-16 00:37:00 [32minfo[39m: [{"productType":"nutrition facts","ingredientPrefix":"INGREDIENTS:","ingredientStatement":"ORGANIC 100 % PURE MAPLE SYRUP","ingredientBreakdown":"ORGANIC 100 % PURE MAPLE SYRUP"}]
2024-07-16 00:37:00 [31merror[39m: marketing
2024-07-16 00:37:00 [32minfo[39m: [{"haveQrCode":"false","instagram":"false","pinterest":"false","youtube":"false","youtubeType":"","facebook":"false","twitter":"false","socialMediaList":"","website":"www.CROWNMAPLE.COM","socialMediaText":"","enlargedToShow":"false"}]
2024-07-16 00:37:00 [31merror[39m: instruction
2024-07-16 00:37:00 [32minfo[39m: [{"storageInstruction":["REFRIGERATE AFTER OPENING"],"cookingInstruction":[],"usageInstruction":["Ideal for breakfast , maple also adds flavor to yogurt , oatmeal , and coffee .","Use as a glaze & marinade for proteins and vegetables .","Ideal for vinaigrettes and mixology ."]}]
2024-07-16 00:37:17 [31merror[39m: ingredient list
2024-07-16 00:37:17 [32minfo[39m: [{"productType":"nutrition facts","ingredientPrefix":"Ingredients:","ingredientStatement":"Filtered water , cashews , cane sugar , corn starch , coconut cream , organic flavor , locust bean gum , agar , vanilla beans , lemon juice concentrate , live active cultures .","ingredientBreakdown":"Filtered water, cashews, cane sugar, corn starch, coconut cream, organic flavor, locust bean gum, agar, vanilla beans, lemon juice concentrate, live active cultures."},{"productType":"nutrition facts","ingredientPrefix":"Ingredients:","ingredientStatement":"Filtered water , cashews cane sugar , corn conut cream , organic flavor , locust bean gum beans , lemon juice concentrate live active","ingredientBreakdown":"Filtered water, cashews cane sugar, corn conut cream, organic flavor, locust bean gum beans, lemon juice concentrate live active"}]
2024-07-16 00:37:17 [31merror[39m: marketing
2024-07-16 00:37:17 [32minfo[39m: [{"haveQrCode":"false","instagram":"false","pinterest":"false","youtube":"false","youtubeType":"","facebook":"false","twitter":"false","socialMediaList":"","website":"foragerproject.com","socialMediaText":"","enlargedToShow":"false"}]
2024-07-16 00:37:17 [31merror[39m: instruction
2024-07-16 00:37:17 [32minfo[39m: [{"storageInstruction":["keep refrigerated","Enjoy within seven days of opening"],"cookingInstruction":[],"usageInstruction":[]}]
2024-07-16 00:37:18 [31merror[39m: ingredient list
2024-07-16 00:37:18 [32minfo[39m: [{"productType":"nutrition facts","ingredientPrefix":"Ingredients:","ingredientStatement":"Filtered water, cashews: cane sugar, strawberries: coconut cream: tapioca starch, pectin, natural flavor, fruit & vegetable juice * ( for color ), fruit juice * ( for color ), lemon juice concentrate, live active cultures.","ingredientBreakdown":"Filtered water, cashews, cane sugar, strawberries, coconut cream, tapioca starch, pectin, natural flavor, fruit & vegetable juice *, fruit juice *, lemon juice concentrate, live active cultures."}]
2024-07-16 00:37:18 [31merror[39m: marketing
2024-07-16 00:37:18 [32minfo[39m: [{"haveQrCode":"false","instagram":"false","pinterest":"false","youtube":"false","youtubeType":"","facebook":"false","twitter":"false","socialMediaList":"","website":"foragerproject.com","socialMediaText":"","enlargedToShow":"false"}]
2024-07-16 00:37:18 [31merror[39m: instruction
2024-07-16 00:37:18 [32minfo[39m: [{"storageInstruction":["Perishable, keep refrigerated"],"cookingInstruction":[],"usageInstruction":["Shake well, separation is natural","Enjoy within seven days of opening"]}]
2024-07-16 00:40:41 [31merror[39m: ingredient list
2024-07-16 00:40:41 [32minfo[39m: [{"productType":"nutrition facts","ingredientPrefix":"Ingredients:","ingredientStatement":"Filtered water, cashews, cane sugar, blueberries, coconut cream, tapioca starch pectin, natural flavor, fruit & vegetable juice * (for color), lemon juice concentrate live active cultures.","ingredientBreakdown":"Filtered water, cashews, cane sugar, blueberries, coconut cream, tapioca starch pectin, natural flavor, fruit & vegetable juice *, lemon juice concentrate live active cultures."}]
2024-07-16 00:40:41 [31merror[39m: marketing
2024-07-16 00:40:41 [32minfo[39m: [{"haveQrCode":"false","instagram":"false","pinterest":"false","youtube":"false","youtubeType":"","facebook":"false","twitter":"false","socialMediaList":"","website":"foragerproject.com","socialMediaText":"","enlargedToShow":"false"}]
2024-07-16 00:40:41 [31merror[39m: instruction
2024-07-16 00:40:41 [32minfo[39m: [{"storageInstruction":["Perishable, keep refrigerated"],"cookingInstruction":[],"usageInstruction":["Shake well, separation is natural","Enjoy within seven days of opening"]}]
2024-07-16 00:40:41 [31merror[39m: ingredient list
2024-07-16 00:40:41 [32minfo[39m: [{"productType":"nutrition facts","ingredientPrefix":"Ingredients:","ingredientStatement":"Filtered water, cashews, cane sugar, blueberries, coconut cream, tapioca starch pectin, natural flavor, fruit & vegetable juice * (for color), lemon juice concentrate live active cultures.","ingredientBreakdown":"Filtered water, cashews, cane sugar, blueberries, coconut cream, tapioca starch pectin, natural flavor, fruit & vegetable juice *, lemon juice concentrate live active cultures."}]
2024-07-16 00:40:41 [31merror[39m: marketing
2024-07-16 00:40:41 [32minfo[39m: [{"haveQrCode":"false","instagram":"false","pinterest":"false","youtube":"false","youtubeType":"","facebook":"false","twitter":"false","socialMediaList":"","website":"foragerproject.com","socialMediaText":"","enlargedToShow":"false"}]
2024-07-16 00:40:41 [31merror[39m: instruction
2024-07-16 00:40:41 [32minfo[39m: [{"storageInstruction":["Perishable, keep refrigerated"],"cookingInstruction":[],"usageInstruction":["Shake well, separation is natural","Enjoy within seven days of opening"]}]
2024-07-16 00:41:06 [31merror[39m: ingredient list
2024-07-16 00:41:06 [32minfo[39m: [{"productType":"nutrition facts","ingredientPrefix":"INGREDIENTS:","ingredientStatement":"ORGANIC PITTED DATES","ingredientBreakdown":"ORGANIC PITTED DATES"}]
2024-07-16 00:41:06 [31merror[39m: marketing
2024-07-16 00:41:06 [32minfo[39m: [{"haveQrCode":"false","instagram":"false","pinterest":"false","youtube":"false","youtubeType":"","facebook":"true","twitter":"false","socialMediaList":"facebook","website":"www.sunnyfruit.com","socialMediaText":"","enlargedToShow":"false"}]
2024-07-16 00:41:06 [31merror[39m: instruction
2024-07-16 00:41:06 [32minfo[39m: [{"storageInstruction":[],"cookingInstruction":[],"usageInstruction":[]}]
2024-07-16 00:41:06 [31merror[39m: ingredient list
2024-07-16 00:41:06 [32minfo[39m: [{"productType":"nutrition facts","ingredientPrefix":"INGREDIENTS:","ingredientStatement":"ORGANIC PITTED DATES","ingredientBreakdown":"ORGANIC PITTED DATES"}]
2024-07-16 00:41:06 [31merror[39m: marketing
2024-07-16 00:41:06 [32minfo[39m: [{"haveQrCode":"false","instagram":"false","pinterest":"false","youtube":"false","youtubeType":"","facebook":"true","twitter":"false","socialMediaList":"facebook","website":"www.sunnyfruit.com","socialMediaText":"","enlargedToShow":"false"}]
2024-07-16 00:41:06 [31merror[39m: instruction
2024-07-16 00:41:06 [32minfo[39m: [{"storageInstruction":[],"cookingInstruction":[],"usageInstruction":[]}]
2024-07-16 00:41:23 [31merror[39m: ingredient list
2024-07-16 00:41:23 [32minfo[39m: [{"productType":"nutrition facts","ingredientPrefix":"Ingredients:","ingredientStatement":"Organic Dates","ingredientBreakdown":"Organic Dates"}]
2024-07-16 00:41:23 [31merror[39m: marketing
2024-07-16 00:41:23 [32minfo[39m: [{"haveQrCode":"false","instagram":"false","pinterest":"false","youtube":"false","youtubeType":"","facebook":"false","twitter":"false","socialMediaList":"","website":"","socialMediaText":"","enlargedToShow":"false"}]
2024-07-16 00:41:23 [31merror[39m: instruction
2024-07-16 00:41:23 [32minfo[39m: [{"storageInstruction":["REFRIGERATE AFTER OPENING"],"cookingInstruction":[],"usageInstruction":["perfect for sweetening tea or coffee","baking delicious desserts","drizzling on pancakes or yogurt"]}]
2024-07-16 00:41:23 [31merror[39m: ingredient list
2024-07-16 00:41:23 [32minfo[39m: [{"productType":"nutrition facts","ingredientPrefix":"Ingredients:","ingredientStatement":"Organic Dates","ingredientBreakdown":"Organic Dates"}]
2024-07-16 00:41:23 [31merror[39m: marketing
2024-07-16 00:41:23 [32minfo[39m: [{"haveQrCode":"false","instagram":"false","pinterest":"false","youtube":"false","youtubeType":"","facebook":"false","twitter":"false","socialMediaList":"","website":"","socialMediaText":"","enlargedToShow":"false"}]
2024-07-16 00:41:23 [31merror[39m: instruction
2024-07-16 00:41:23 [32minfo[39m: [{"storageInstruction":["REFRIGERATE AFTER OPENING"],"cookingInstruction":[],"usageInstruction":["perfect for sweetening tea or coffee","baking delicious desserts","drizzling on pancakes or yogurt"]}]
2024-07-16 00:43:59 [31merror[39m: ingredient list
2024-07-16 00:43:59 [32minfo[39m: [{"productType":"nutrition facts","ingredientPrefix":"Ingredients:","ingredientStatement":"Ingredients : Filtered water, cashews, mango, cane sugar, coconut cream tapioca starch, pectin, natural flavor, turmeric extract * ( for color ), lemon juice concentrate live active cultures.","ingredientBreakdown":"Filtered water, cashews, mango, cane sugar, coconut cream tapioca starch, pectin, natural flavor, turmeric extract * ( for color ), lemon juice concentrate live active cultures."}]
2024-07-16 00:43:59 [31merror[39m: marketing
2024-07-16 00:43:59 [32minfo[39m: [{"haveQrCode":"false","instagram":"false","pinterest":"false","youtube":"false","youtubeType":"","facebook":"false","twitter":"false","socialMediaList":"","website":"foragerproject.com","socialMediaText":"","enlargedToShow":"false"}]
2024-07-16 00:43:59 [31merror[39m: instruction
2024-07-16 00:43:59 [32minfo[39m: [{"storageInstruction":["Perishable, keep refrigerated"],"cookingInstruction":[],"usageInstruction":["Shake well, separation is natural","Enjoy within seven days of opening"]}]
2024-07-16 00:43:59 [31merror[39m: ingredient list
2024-07-16 00:43:59 [32minfo[39m: [{"productType":"nutrition facts","ingredientPrefix":"Ingredients:","ingredientStatement":"Ingredients : Filtered water, cashews, mango, cane sugar, coconut cream tapioca starch, pectin, natural flavor, turmeric extract * ( for color ), lemon juice concentrate live active cultures.","ingredientBreakdown":"Filtered water, cashews, mango, cane sugar, coconut cream tapioca starch, pectin, natural flavor, turmeric extract * ( for color ), lemon juice concentrate live active cultures."}]
2024-07-16 00:43:59 [31merror[39m: marketing
2024-07-16 00:43:59 [32minfo[39m: [{"haveQrCode":"false","instagram":"false","pinterest":"false","youtube":"false","youtubeType":"","facebook":"false","twitter":"false","socialMediaList":"","website":"foragerproject.com","socialMediaText":"","enlargedToShow":"false"}]
2024-07-16 00:43:59 [31merror[39m: instruction
2024-07-16 00:43:59 [32minfo[39m: [{"storageInstruction":["Perishable, keep refrigerated"],"cookingInstruction":[],"usageInstruction":["Shake well, separation is natural","Enjoy within seven days of opening"]}]
2024-07-16 00:44:23 [31merror[39m: ingredient list
2024-07-16 00:44:23 [32minfo[39m: [{"productType":"nutrition facts","ingredientPrefix":"Ingredients:","ingredientStatement":"Filtered water, cashews, blueberries, cane sugar* corn starch*, coconut cream carrot - black currant juice * (for color), organic flavor, locust bean gum, agar, lemon juice concentrate, live active cultures.","ingredientBreakdown":"Filtered water, cashews, blueberries, cane sugar*, corn starch*, coconut cream, carrot - black currant juice *, organic flavor, locust bean gum, agar, lemon juice concentrate, live active cultures."},{"productType":"nutrition facts","ingredientPrefix":"","ingredientStatement":"Live Active Cultures: S. Thermophilus, L. Plantarum, L. Acidophilus, Bifidus, L. Lactis.","ingredientBreakdown":"S. Thermophilus, L. Plantarum, L. Acidophilus, Bifidus, L. Lactis."}]
2024-07-16 00:44:23 [31merror[39m: marketing
2024-07-16 00:44:23 [32minfo[39m: [{"haveQrCode":"false","instagram":"false","pinterest":"false","youtube":"false","youtubeType":"","facebook":"false","twitter":"false","socialMediaList":"","website":"foragerproject.com","socialMediaText":"","enlargedToShow":"false"}]
2024-07-16 00:44:23 [31merror[39m: instruction
2024-07-16 00:44:23 [32minfo[39m: [{"storageInstruction":["Keep refrigerated"],"cookingInstruction":[],"usageInstruction":[]}]
2024-07-16 00:44:23 [31merror[39m: ingredient list
2024-07-16 00:44:23 [32minfo[39m: [{"productType":"nutrition facts","ingredientPrefix":"Ingredients:","ingredientStatement":"Filtered water, cashews, blueberries, cane sugar* corn starch*, coconut cream carrot - black currant juice * (for color), organic flavor, locust bean gum, agar, lemon juice concentrate, live active cultures.","ingredientBreakdown":"Filtered water, cashews, blueberries, cane sugar*, corn starch*, coconut cream, carrot - black currant juice *, organic flavor, locust bean gum, agar, lemon juice concentrate, live active cultures."},{"productType":"nutrition facts","ingredientPrefix":"","ingredientStatement":"Live Active Cultures: S. Thermophilus, L. Plantarum, L. Acidophilus, Bifidus, L. Lactis.","ingredientBreakdown":"S. Thermophilus, L. Plantarum, L. Acidophilus, Bifidus, L. Lactis."}]
2024-07-16 00:44:23 [31merror[39m: marketing
2024-07-16 00:44:23 [32minfo[39m: [{"haveQrCode":"false","instagram":"false","pinterest":"false","youtube":"false","youtubeType":"","facebook":"false","twitter":"false","socialMediaList":"","website":"foragerproject.com","socialMediaText":"","enlargedToShow":"false"}]
2024-07-16 00:44:23 [31merror[39m: instruction
2024-07-16 00:44:23 [32minfo[39m: [{"storageInstruction":["Keep refrigerated"],"cookingInstruction":[],"usageInstruction":[]}]
2024-07-16 00:47:25 [31merror[39m: ingredient list
2024-07-16 00:47:25 [32minfo[39m: [{"productType":"nutrition facts","ingredientPrefix":"Ingredients:","ingredientStatement":"Filtered water , cashews ; cane sugarste,corn starch coconut cream , carrot - apple - pumpkin - black,juice * ( for color ) , organic flavor , locust bean gumaga,juice concentrate,live active cultures .","ingredientBreakdown":"Filtered water, cashews, cane sugarste, corn starch coconut cream, carrot - apple - pumpkin - black, juice * ( for color ), organic flavor, locust bean gumaga, juice concentrate, live active cultures"}]
2024-07-16 00:47:25 [31merror[39m: marketing
2024-07-16 00:47:25 [32minfo[39m: [{"haveQrCode":"false","instagram":"false","pinterest":"false","youtube":"false","youtubeType":"","facebook":"false","twitter":"false","socialMediaList":"","website":"foragerproject.com","socialMediaText":"","enlargedToShow":"false"}]
2024-07-16 00:47:25 [31merror[39m: instruction
2024-07-16 00:47:25 [32minfo[39m: [{"storageInstruction":["Keep refrigerated"],"cookingInstruction":[],"usageInstruction":[]}]
2024-07-16 00:47:36 [31merror[39m: ingredient list
2024-07-16 00:47:36 [32minfo[39m: [{"productType":"nutrition facts","ingredientPrefix":"Ingredients:","ingredientStatement":"Ingredients : Filtered water , cashews ; cane sugar , coconut cream , organic flavor , locust bean gum , agar , vanilla beans , lemon juice concentrate , live active cultures .","ingredientBreakdown":"Filtered water, cashews, cane sugar, coconut cream, organic flavor, locust bean gum, agar, vanilla beans, lemon juice concentrate, live active cultures."}]
2024-07-16 00:47:36 [31merror[39m: marketing
2024-07-16 00:47:36 [32minfo[39m: [{"haveQrCode":"false","instagram":"false","pinterest":"false","youtube":"false","youtubeType":"","facebook":"false","twitter":"false","socialMediaList":"","website":"foragerproject.com","socialMediaText":"","enlargedToShow":"false"}]
2024-07-16 00:47:36 [31merror[39m: instruction
2024-07-16 00:47:36 [32minfo[39m: [{"storageInstruction":["Keep refrigerated"],"cookingInstruction":[],"usageInstruction":[]}]
2024-07-16 00:51:00 [31merror[39m: ingredient list
2024-07-16 00:51:00 [32minfo[39m: [{"productType":"nutrition facts","ingredientPrefix":"Ingredients:","ingredientStatement":"Filtered water, cashews, coconut cream, tapioca starch, organic flavor, locust bean gum, agar, vanilla beans*, live active cultures.","ingredientBreakdown":"Filtered water, cashews, coconut cream, tapioca starch, organic flavor, locust bean gum, agar, vanilla beans*, live active cultures."}]
2024-07-16 00:51:00 [31merror[39m: marketing
2024-07-16 00:51:00 [32minfo[39m: [{"haveQrCode":"false","instagram":"false","pinterest":"false","youtube":"false","youtubeType":"","facebook":"false","twitter":"false","socialMediaList":"","website":"foragerproject.com","socialMediaText":"","enlargedToShow":"false"}]
2024-07-16 00:51:00 [31merror[39m: instruction
2024-07-16 00:51:00 [32minfo[39m: [{"storageInstruction":["keep refrigerated","Perishable"],"cookingInstruction":[],"usageInstruction":["Enjoy within seven days of opening"]}]
2024-07-16 00:51:10 [31merror[39m: ingredient list
2024-07-16 00:51:10 [32minfo[39m: [{"productType":"nutrition facts","ingredientPrefix":"Ingredients:","ingredientStatement":"Filtered water, cashews, mango, cane sugar, coconut cream*, tapioca starch pectin, natural flavor, turmeric extract* (for color), lemon juice concentrate live active cultures.","ingredientBreakdown":"Filtered water, cashews, mango, cane sugar, coconut cream*, tapioca starch pectin, natural flavor, turmeric extract*, (for color), lemon juice concentrate live active cultures."}]
2024-07-16 00:51:10 [31merror[39m: marketing
2024-07-16 00:51:10 [32minfo[39m: [{"haveQrCode":"false","instagram":"false","pinterest":"false","youtube":"false","youtubeType":"","facebook":"false","twitter":"false","socialMediaList":"","website":"foragerproject.com","socialMediaText":"","enlargedToShow":"false"}]
2024-07-16 00:51:10 [31merror[39m: instruction
2024-07-16 00:51:10 [32minfo[39m: [{"storageInstruction":["Keep refrigerated"],"cookingInstruction":[],"usageInstruction":["Shake Well"]}]
2024-07-16 00:52:09 [31merror[39m: ingredient list
2024-07-16 00:52:09 [32minfo[39m: [{"productType":"nutrition facts","ingredientPrefix":"INGREDIENTS :","ingredientStatement":"WATER, POTATOES, PUMPKIN, ONIONS, TOMATOES, BLACK GRAMS, RED SWEET PEPPERS, CARROTS, TOMATO PASTE, SWEET POTATOES, RED KIDNEY BEANS, CREAM, SUNFLOWER OIL, GARLIC PASTE, GINGER PASTE, YOGURT (PASTEURIZED MILK, SKIMMED MILK POWDER, CULTURE), SALT, GARAM MASALA, CORIANDER LEAVES, CHILLI PASTE, CORIANDER POWDER, TURMERIC POWDER, CUMIN SEEDS. CONTAINS: MILK","ingredientBreakdown":"WATER, POTATOES, PUMPKIN, ONIONS, TOMATOES, BLACK GRAMS, RED SWEET PEPPERS, CARROTS, TOMATO PASTE, SWEET POTATOES, RED KIDNEY BEANS, CREAM, SUNFLOWER OIL, GARLIC PASTE, GINGER PASTE, YOGURT (PASTEURIZED MILK, SKIMMED MILK POWDER, CULTURE), SALT, GARAM MASALA, CORIANDER LEAVES, CHILLI PASTE, CORIANDER POWDER, TURMERIC POWDER, CUMIN SEEDS., CONTAINS: MILK"}]
2024-07-16 00:52:09 [31merror[39m: marketing
2024-07-16 00:52:09 [32minfo[39m: [{"haveQrCode":"false","instagram":"false","pinterest":"false","youtube":"false","youtubeType":"","facebook":"false","twitter":"false","socialMediaList":"","website":"PATAKSUSA.COM","socialMediaText":"","enlargedToShow":"false"}]
2024-07-16 00:52:09 [31merror[39m: instruction
2024-07-16 00:52:09 [32minfo[39m: [{"storageInstruction":["Once opened, keep refrigerated and use within 1 day."],"cookingInstruction":["Tear pouch 2 \" to vent","Heat on high for 90 seconds","Carefully remove & let standi 1 minute","Empty contents into saucepan","Gently heat 3-5 minutes - do not boil","Stir to heat through.","Serve in a bowl & enjoy!"],"usageInstruction":["SERVE in a bowl and enjoy on its own, or with naan bread, rice or a protein of your choice."]}]
2024-07-16 00:57:06 [31merror[39m: ingredient list
2024-07-16 00:57:06 [32minfo[39m: [{"productType":"nutrition facts","ingredientPrefix":"INGREDIENTS:","ingredientStatement":"Pumpkin seeds * , sunflower seeds * . erythritol , dried coconut * . pecans * . coconut oil * , chia seeds * , almond flour * , coconut flour * , freeze - dried blueberries * sea salt , rice starch * . blueberry flavor * , cinnamon * . tocopherols ( vitamin E ) , monk fruit extract * . * Organic .","ingredientBreakdown":"Pumpkin seeds *, sunflower seeds *, erythritol, dried coconut *, pecans *, coconut oil *, chia seeds *, almond flour *, coconut flour *, freeze - dried blueberries *, sea salt, rice starch *, blueberry flavor *, cinnamon *, tocopherols ( vitamin E ), monk fruit extract *, * Organic"}]
2024-07-16 00:57:06 [31merror[39m: marketing
2024-07-16 00:57:06 [32minfo[39m: [{"haveQrCode":"false","instagram":"false","pinterest":"false","youtube":"true","youtubeType":"type_2","facebook":"true","twitter":"false","socialMediaList":"facebook","website":"www.naturespath.com/contact-us, www.naturespath.com","socialMediaText":"","enlargedToShow":"false"}]
2024-07-16 00:57:06 [31merror[39m: instruction
2024-07-16 00:57:06 [32minfo[39m: [{"storageInstruction":[],"cookingInstruction":[],"usageInstruction":[]}]
2024-07-16 00:57:21 [31merror[39m: ingredient list
2024-07-16 00:57:21 [32minfo[39m: [{"productType":"nutrition facts","ingredientPrefix":"INGREDIENTS:","ingredientStatement":"INGREDIENTS : WATER, TOMATO, YOGURT (MILK, SKIM MILK CREAM, BACTERIAL CULTURE), TOMATO PASTE, FOOD STARCH - MODIFIED, CREAM, SPICES (INCLUDING PAPRIKA, TURMERIC AND SMOKED PAPRIKA), CONTAINS 2% OR LESS OF CANOLA OIL, DRIED ONION, SUGAR, GARLIC, GINGER, SALT, CRUSHED RED PEPPER FLAKES, WHEY PROTEIN CONCENTRATE, LACTIC ACID, PAPRIKA OLEORESIN (COLOR), CUMIN SEED, DRIED CILANTRO LEAF. CONTAINS: MILK.","ingredientBreakdown":"WATER, TOMATO, YOGURT (MILK, SKIM MILK CREAM, BACTERIAL CULTURE), TOMATO PASTE, FOOD STARCH - MODIFIED, CREAM, SPICES (INCLUDING PAPRIKA, TURMERIC AND SMOKED PAPRIKA), CONTAINS 2% OR LESS OF CANOLA OIL, DRIED ONION, SUGAR, GARLIC, GINGER, SALT, CRUSHED RED PEPPER FLAKES, WHEY PROTEIN CONCENTRATE, LACTIC ACID, PAPRIKA OLEORESIN (COLOR), CUMIN SEED, DRIED CILANTRO LEAF. CONTAINS: MILK."}]
2024-07-16 00:57:21 [31merror[39m: marketing
2024-07-16 00:57:21 [32minfo[39m: [{"haveQrCode":"true","instagram":"false","pinterest":"false","youtube":"false","youtubeType":"","facebook":"false","twitter":"false","socialMediaList":"","website":"PATAKSUSA.COM","socialMediaText":"","enlargedToShow":"false"}]
2024-07-16 00:57:21 [31merror[39m: instruction
2024-07-16 00:57:21 [32minfo[39m: [{"storageInstruction":["ONCE OPENED, USE IMMEDIATELY.","SHAKE WELL BEFORE USING.","SEE LID FOR BEST BY DATE"],"cookingInstruction":["FRY diced chicken in a little oil in a deep sided frying pan for 5 MINS or until golden.","ADD the jar of sauce and simmer for 15 MINS or until the chicken is cooked through, stirring occasionally. Serve over rice."],"usageInstruction":["ALSO DELICIOUS with mixed vegetables, shrimp or protein of your choice. Adjust simmer time accordingly."]}]
2024-07-16 00:57:27 [31merror[39m: ingredient list
2024-07-16 00:57:27 [32minfo[39m: [{"productType":"nutrition facts","ingredientPrefix":"Ingredients:","ingredientStatement":"Ultra-filtered nonfat milk**, water, skim milk, alluloset, contains 2% or less of: natural flavors, tapioca flour, citrus fiber, vegetable juice concentrate (for color), guar gum, sea salt, stevia leaf extract (reb m), monk fruit extract, citric acid, cultures. **Ingredient not found in regular yogurt. Includes a dietarily insignificant amount of sugar.","ingredientBreakdown":"Ultra-filtered nonfat milk**, water, skim milk, alluloset, contains 2% or less of: natural flavors, tapioca flour, citrus fiber, vegetable juice concentrate (for color), guar gum, sea salt, stevia leaf extract (reb m), monk fruit extract, citric acid, cultures., **Ingredient not found in regular yogurt., Includes a dietarily insignificant amount of sugar."}]
2024-07-16 00:57:27 [31merror[39m: marketing
2024-07-16 00:57:27 [32minfo[39m: [{"haveQrCode":"false","instagram":"false","pinterest":"false","youtube":"false","youtubeType":"","facebook":"false","twitter":"false","socialMediaList":"","website":"chobani.com","socialMediaText":"","enlargedToShow":"false"}]
2024-07-16 00:57:27 [31merror[39m: instruction
2024-07-16 00:57:27 [32minfo[39m: [{"storageInstruction":["KEEP REFRIGERATED"],"cookingInstruction":[],"usageInstruction":[]}]
2024-07-16 01:00:53 [31merror[39m: ingredient list
2024-07-16 01:00:53 [32minfo[39m: [{"productType":"nutrition facts","ingredientPrefix":"Ingredients:","ingredientStatement":"Ultra-filtered nonfat milk**, water, skim milk†, allulose†, contains 2% or less of: vanilla extract, natural flavors, tapioca flour, citrus fiber, guar gum, sea salt, stevia leaf extract (reb m), monk fruit extract, citric acid, cultures. *Ingredient not found in regular yogurt. *Includes a dietarily insignificant amount of sugar.","ingredientBreakdown":"Ultra-filtered nonfat milk**, water, skim milk†, allulose†, contains 2% or less of: vanilla extract, natural flavors, tapioca flour, citrus fiber, guar gum, sea salt, stevia leaf extract (reb m), monk fruit extract, citric acid, cultures., *Ingredient not found in regular yogurt., *Includes a dietarily insignificant amount of sugar."}]
2024-07-16 01:00:53 [31merror[39m: marketing
2024-07-16 01:00:53 [32minfo[39m: [{"haveQrCode":"false","instagram":"false","pinterest":"false","youtube":"false","youtubeType":"","facebook":"false","twitter":"false","socialMediaList":"","website":"chobani.com","socialMediaText":"","enlargedToShow":"false"}]
2024-07-16 01:00:53 [31merror[39m: instruction
2024-07-16 01:00:53 [32minfo[39m: [{"storageInstruction":["KEEP REFRIGERATED"],"cookingInstruction":[],"usageInstruction":[]}]
2024-07-16 01:00:53 [31merror[39m: sugar claim -- sugar free
2024-07-16 01:01:21 [31merror[39m: ingredient list
2024-07-16 01:01:21 [32minfo[39m: [{"productType":"nutrition facts","ingredientPrefix":"Ingredients:","ingredientStatement":"Ultra - filtered nonfat milk ** , water , skim milk , allulose contains 2 % or less of : natural fa tapioca flour , citrus fiber garga salt , stevia leaf extract ( reb ) no fruit extract , vanilla extract , cute ** Ingredient not found in reguar * Includes a dietarily insignificant amount of sugar .","ingredientBreakdown":"Ultra - filtered nonfat milk **, water, skim milk, allulose contains 2 % or less of : natural fa tapioca flour, citrus fiber garga salt, stevia leaf extract ( reb ) no fruit extract, vanilla extract, cute ** Ingredient not found in reguar *, Includes a dietarily insignificant amount of sugar ."}]
2024-07-16 01:01:21 [31merror[39m: marketing
2024-07-16 01:01:21 [32minfo[39m: [{"haveQrCode":"False","instagram":"False","pinterest":"False","youtube":"False","youtubeType":"","facebook":"False","twitter":"False","socialMediaList":"","website":"chobani.com/recipes, chobani.com","socialMediaText":"","enlargedToShow":"False"}]
2024-07-16 01:01:21 [31merror[39m: instruction
2024-07-16 01:01:21 [32minfo[39m: [{"storageInstruction":["KEEP REFRIGERATED"],"cookingInstruction":[],"usageInstruction":[]}]
2024-07-16 01:01:24 [31merror[39m: ingredient list
2024-07-16 01:01:24 [32minfo[39m: [{"productType":"nutrition facts","ingredientPrefix":"INGREDIENTS:","ingredientStatement":"INGREDIENTS : COCONUTMILK ( FILTERED WATER , COCONUT CREAM ) , WATER PEA PROTEIN , CANE SUGAR , CONTAINS 2 % OR LESS OF : NATURAL FLAVORS , PECTIN , CALCIUM PHOSPHATE , CINNAMON , SALT , LIVE AND ACTIVE CULTURES , VITAMIN CONTAINS COCONUT .","ingredientBreakdown":"COCONUTMILK ( FILTERED WATER , COCONUT CREAM ) , WATER PEA PROTEIN , CANE SUGAR , CONTAINS 2 % OR LESS OF : NATURAL FLAVORS , PECTIN , CALCIUM PHOSPHATE , CINNAMON , SALT , LIVE AND ACTIVE CULTURES , VITAMIN CONTAINS COCONUT."},{"productType":"nutrition facts","ingredientPrefix":"INGREDIENTS:","ingredientStatement":"LK FILTERED WATER , COCONUT CREAM ) , WATER , PEA TAINS 2 % OR LESS OF : NATURAL FLAVORS , PECTIN , NAMON , SALT , LIVE AND ACTIVE CULTURES , VITAMIN D2 .","ingredientBreakdown":"LK FILTERED WATER , COCONUT CREAM ) , WATER , PEA TAINS 2 % OR LESS OF : NATURAL FLAVORS , PECTIN , NAMON , SALT , LIVE AND ACTIVE CULTURES , VITAMIN D2."}]
2024-07-16 01:01:24 [31merror[39m: marketing
2024-07-16 01:01:24 [32minfo[39m: [{"haveQrCode":"true","instagram":"false","pinterest":"false","youtube":"false","youtubeType":"","facebook":"false","twitter":"false","socialMediaList":"","website":"SILK.COM/SUSTAINABILITY, SILK.COM","socialMediaText":"","enlargedToShow":"false"}]
2024-07-16 01:01:24 [31merror[39m: instruction
2024-07-16 01:01:24 [32minfo[39m: [{"storageInstruction":["KEEP REFRIGERATED"],"cookingInstruction":[],"usageInstruction":[]}]
2024-07-16 01:05:00 [31merror[39m: ingredient list
2024-07-16 01:05:00 [32minfo[39m: [{"productType":"nutrition facts","ingredientPrefix":"Ingredients:","ingredientStatement":"Ingredients: Ultra-filtered nonfat milk** water, skim milk, allulose, contains 2% or less of: natural flavors, tapioca flour, citrus fiber, sea salt, guar gum, vegetable juice concentrate (for color), stevia leaf extract (reb m), monk fruit extract, cultures. **Ingredient not found in regular yogurt. *Includes a dietarily insignificant amount of sugar.","ingredientBreakdown":"Ultra-filtered nonfat milk** , water , skim milk , allulose , contains 2% or less of: natural flavors , tapioca flour , citrus fiber , sea salt , guar gum , vegetable juice concentrate (for color) , stevia leaf extract (reb m) , monk fruit extract , cultures. **Ingredient not found in regular yogurt. , *Includes a dietarily insignificant amount of sugar."},{"productType":"nutrition facts","ingredientPrefix":"Ingredients:","ingredientStatement":"Ingredients: Ultra-filtered nonfat milk^^, water, skim milkt, alluloset, contains 2 % or less of natural flavors, tapioca flour, citrus fiber, sea salt, guar gum, vegetable juice concentrate (for color), stevia leaf extract (reb m), monk fruit extract, act, cultures. **Ingredient not found in regular yogurt. *Includes a dietarily insignificant amount of sugar.","ingredientBreakdown":"Ultra-filtered nonfat milk^^ , water , skim milkt , alluloset , contains 2 % or less of natural flavors , tapioca flour , citrus fiber , sea salt , guar gum , vegetable juice concentrate (for color) , stevia leaf extract (reb m) , monk fruit extract , act , cultures. **Ingredient not found in regular yogurt. , *Includes a dietarily insignificant amount of sugar."}]
2024-07-16 01:05:00 [31merror[39m: marketing
2024-07-16 01:05:00 [32minfo[39m: [{"haveQrCode":"false","instagram":"false","pinterest":"false","youtube":"false","youtubeType":"","facebook":"false","twitter":"false","socialMediaList":"","website":"chobani.com","socialMediaText":"","enlargedToShow":"false"}]
2024-07-16 01:05:00 [31merror[39m: instruction
2024-07-16 01:05:00 [32minfo[39m: [{"storageInstruction":["KEEP REFRIGERATED"],"cookingInstruction":[],"usageInstruction":[]}]
2024-07-16 01:05:00 [31merror[39m: sugar claim -- sugar free
2024-07-16 01:05:17 [31merror[39m: ingredient list
2024-07-16 01:05:17 [32minfo[39m: [{"productType":"nutrition facts","ingredientPrefix":"Ingredients:","ingredientStatement":"Ultra - filtered milk **, water, skim milkt, alluloset, contains 2 % or less of: natural flavors, tapioca flour, citrus fiber, guar gum, sea salt, stevia leaf extract ( reb m ), vegetable juice concentrate ( for color ), monk fruit extract, cultures. **","ingredientBreakdown":"Ultra - filtered milk **, water, skim milkt, alluloset, contains 2 % or less of: natural flavors, tapioca flour, citrus fiber, guar gum, sea salt, stevia leaf extract ( reb m ), vegetable juice concentrate ( for color ), monk fruit extract, cultures. **"},{"productType":"nutrition facts","ingredientPrefix":"Ingredients:","ingredientStatement":"Ultra - filtered milk skim milkt, allulose, contains 2 % of: natural flavors, tapioca flour, fiber, guar gum, sea salt, stevia ( reb m ), vegetable juice concert color ), monk fruit extract, cultures ** * Ingredient not found in regular * Includes a dietarily insignificanta of sugar.","ingredientBreakdown":"Ultra - filtered milk, skim milkt, allulose, contains 2 % of: natural flavors, tapioca flour, fiber, guar gum, sea salt, stevia ( reb m ), vegetable juice concert color ), monk fruit extract, cultures **, * Ingredient not found in regular *, * Includes a dietarily insignificanta of sugar."}]
2024-07-16 01:05:17 [31merror[39m: marketing
2024-07-16 01:05:17 [32minfo[39m: [{"haveQrCode":"false","instagram":"false","pinterest":"false","youtube":"false","youtubeType":"","facebook":"false","twitter":"false","socialMediaList":"","website":"chobani.com, chobani.com/recipes","socialMediaText":"","enlargedToShow":"false"}]
2024-07-16 01:05:17 [31merror[39m: instruction
2024-07-16 01:05:17 [32minfo[39m: [{"storageInstruction":["KEEP REFRIGERATED"],"cookingInstruction":[],"usageInstruction":[]}]
2024-07-16 01:05:25 [31merror[39m: ingredient list
2024-07-16 01:05:25 [32minfo[39m: [{"productType":"nutrition facts","ingredientPrefix":"Ingredients:","ingredientStatement":"Pasteurized Organic Whole Milk , Water , Live & Active Yogurt Cultures : ( L. Bulgaricus , S. Thermophilus , L. Acidophilus & Bifidobacterium , Lactobacillus rhamnosus , Lactobacillus paracasei ) .","ingredientBreakdown":"Pasteurized Organic Whole Milk, Water, Live & Active Yogurt Cultures : ( L. Bulgaricus, S. Thermophilus, L. Acidophilus & Bifidobacterium, Lactobacillus rhamnosus, Lactobacillus paracasei ) ."}]
2024-07-16 01:05:25 [31merror[39m: marketing
2024-07-16 01:05:25 [32minfo[39m: [{"haveQrCode":"false","instagram":"false","pinterest":"false","youtube":"false","youtubeType":"","facebook":"false","twitter":"false","socialMediaList":"","website":"TRIMONAYOGURT.COM","socialMediaText":"","enlargedToShow":"false"}]
2024-07-16 01:05:25 [31merror[39m: instruction
2024-07-16 01:05:25 [32minfo[39m: [{"storageInstruction":["KEEP REFRIGERATED"],"cookingInstruction":[],"usageInstruction":["SHAKE WELL BEFORE OPENING"]}]
2024-07-16 01:08:31 [31merror[39m: ingredient list
2024-07-16 01:08:31 [32minfo[39m: [{"productType":"nutrition facts","ingredientPrefix":"Ingredients:","ingredientStatement":"Ultra - filtered nonfat milk ** , water , skim milkt , alluloset , contains 2 % or less of : natural flavors , tapioca flour , citrus fiber , sea salt , guar gum , stevia leaf extract ( reb m ) , vegetable juice ( for color ) , monk fruit extract , cultures . ** Ingredient not found in regular yogurt . * Includes a dietarily insignificant amount of sugar .","ingredientBreakdown":"Ultra - filtered nonfat milk **, water, skim milkt, alluloset, contains 2 % or less of : natural flavors, tapioca flour, citrus fiber, sea salt, guar gum, stevia leaf extract ( reb m ), vegetable juice ( for color ), monk fruit extract, cultures, ** Ingredient not found in regular yogurt, * Includes a dietarily insignificant amount of sugar"}]
2024-07-16 01:08:31 [31merror[39m: marketing
2024-07-16 01:08:31 [32minfo[39m: [{"haveQrCode":"false","instagram":"false","pinterest":"false","youtube":"false","youtubeType":"","facebook":"false","twitter":"false","socialMediaList":"","website":"chobani.com","socialMediaText":"","enlargedToShow":"false"}]
2024-07-16 01:08:31 [31merror[39m: instruction
2024-07-16 01:08:31 [32minfo[39m: [{"storageInstruction":["KEEP REFRIGERATED"],"cookingInstruction":[],"usageInstruction":[]}]
2024-07-16 01:08:38 [31merror[39m: ingredient list
2024-07-16 01:08:38 [32minfo[39m: [{"productType":"nutrition facts","ingredientPrefix":"INGREDIENTS:","ingredientStatement":"ORGANIC COCONUT CREAM, ORGANIC COCONUTMILK ( WATER, ORGANIC COCONUT MEAT ), ORGANIC TAPIOCA STARCH, ORGANIC CORNSTARCH, ORGANIC FLAVOR. PECTIN, ORGANIC VANILLA BEANS, LIVE AND ACTIVE CULTURES.","ingredientBreakdown":"ORGANIC COCONUT CREAM, ORGANIC COCONUTMILK, WATER, ORGANIC COCONUT MEAT, ORGANIC TAPIOCA STARCH, ORGANIC CORNSTARCH, ORGANIC FLAVOR, PECTIN, ORGANIC VANILLA BEANS, LIVE AND ACTIVE CULTURES"}]
2024-07-16 01:08:38 [31merror[39m: marketing
2024-07-16 01:08:38 [32minfo[39m: [{"haveQrCode":"true","instagram":"false","pinterest":"false","youtube":"false","youtubeType":"","facebook":"false","twitter":"false","socialMediaList":"","website":"harmlessharvest.com","socialMediaText":"","enlargedToShow":"false"}]
2024-07-16 01:08:38 [31merror[39m: instruction
2024-07-16 01:08:38 [32minfo[39m: [{"storageInstruction":["PERISHABLE. KEEP REFRIGERATED"],"cookingInstruction":[],"usageInstruction":[]}]
2024-07-16 01:08:38 [31merror[39m: sugar claim -- unsweetened
2024-07-16 01:09:25 [31merror[39m: ingredient list
2024-07-16 01:09:25 [32minfo[39m: [{"productType":"nutrition facts","ingredientPrefix":"INGREDIENTS:","ingredientStatement":"BLUEBERRY GREEK STYLE FROZEN YOGURT [ WHOLE MILK , SUGAR , BLUEBERRY SAUCE ( BLUEBERRIES , SUGAR , CITRIC ACID , THICKENER ( PECTIN ) ) , DOUBLE CREAM ( MILK ) , GLUCOSE SYRUP , SKIMMED MILK POWDER , YOGURT ( MILK , CULTURES ) , YOGURT FLAVOUR PASTE ( SUGAR , WATER , GLUCOSE SYRUP , LACTIC ACID , CITRIC ACID , MODIFIED STARCH , NATURAL FLAVOUR , POTASSIUM SORBATE ( PRESERVATIVE ) ) , DEXTROSE , NON - HYDROGENATED VEGETABLE PALM RSPO FAT , LOCUST BEAN GUM , CELLULOSE GUM , GUAR GUM , NATURAL FLAVOURING , CITRIC ACID ] , GLUTEN - FREE OAT FLOUR , SHEA NUT SPREAD [ SHEA BUTTER , WATER , COCONUT OIL , RAPESEED OIL , SALT , CARROT JUICE , SUNFLOWER LECITHIN , LEMON JUICE CONCENTRATE , NATURAL FLAVOURING ] , GLUTEN - FREE OAT DRINK [ WATER , GLUTEN FREE OATS , SUNFLOWER OIL , SALT ] , CANE SUGAR , RICE FLOUR , COLOUR ( BEET ROOT CONCENTRATE , BLUEBERRY CONCENTRATE , CARROT CONCENTRATE ) , SOY LECITHIN , NATURAL BLUEBERRY FLAVOURING , SALT , VANILLA .","ingredientBreakdown":"BLUEBERRY GREEK STYLE FROZEN YOGURT [ WHOLE MILK, SUGAR, BLUEBERRY SAUCE ( BLUEBERRIES, SUGAR, CITRIC ACID, THICKENER ( PECTIN ) ), DOUBLE CREAM ( MILK ), GLUCOSE SYRUP, SKIMMED MILK POWDER, YOGURT ( MILK, CULTURES ), YOGURT FLAVOUR PASTE ( SUGAR, WATER, GLUCOSE SYRUP, LACTIC ACID, CITRIC ACID, MODIFIED STARCH, NATURAL FLAVOUR, POTASSIUM SORBATE ( PRESERVATIVE ) ), DEXTROSE, NON - HYDROGENATED VEGETABLE PALM RSPO FAT, LOCUST BEAN GUM, CELLULOSE GUM, GUAR GUM, NATURAL FLAVOURING, CITRIC ACID ], GLUTEN - FREE OAT FLOUR, SHEA NUT SPREAD [ SHEA BUTTER, WATER, COCONUT OIL, RAPESEED OIL, SALT, CARROT JUICE, SUNFLOWER LECITHIN, LEMON JUICE CONCENTRATE, NATURAL FLAVOURING ], GLUTEN - FREE OAT DRINK [ WATER, GLUTEN FREE OATS, SUNFLOWER OIL, SALT ], CANE SUGAR, RICE FLOUR, COLOUR ( BEET ROOT CONCENTRATE, BLUEBERRY CONCENTRATE, CARROT CONCENTRATE ), SOY LECITHIN, NATURAL BLUEBERRY FLAVOURING, SALT, VANILLA."}]
2024-07-16 01:09:25 [31merror[39m: marketing
2024-07-16 01:09:25 [32minfo[39m: [{"haveQrCode":"true","instagram":"true","pinterest":"no","youtube":"true","youtubeType":"type_2","facebook":"no","twitter":"no","socialMediaList":"instagram, youtube","website":"doughlicious.co.uk","socialMediaText":"@doughlicious_dough","enlargedToShow":"true"}]
2024-07-16 01:09:25 [31merror[39m: instruction
2024-07-16 01:09:25 [32minfo[39m: [{"storageInstruction":["Keep frozen until ready to serve .","Once thawed do not refreeze ."],"cookingInstruction":[],"usageInstruction":["The cookie dough may be hard when frozen . We recommend you let it thaw for 1-2 minutes to soften before consuming ."]}]
2024-07-16 01:13:11 [31merror[39m: ingredient list
2024-07-16 01:13:11 [32minfo[39m: [{"productType":"nutrition facts","ingredientPrefix":"Ingredients:","ingredientStatement":"Water , nonfat greek yogurt ( ultra - filtered , nonfat milktt , skim milk , cultures ) , alluloset , contains 2 % or less of : natural flavors , citrus fiber , sea salt , vegetable juice concentrate ( for color ) * , fruit pectin , guar gum , stevia leaf extract ( reb m ) , xanthan gum , monk fruit extract . ** Ingredient not found in regular yogurt . * Includes a dietarily insignificant amount of sugar .","ingredientBreakdown":"Water , nonfat greek yogurt ( ultra - filtered , nonfat milktt , skim milk , cultures ) , alluloset , contains 2 % or less of : natural flavors , citrus fiber , sea salt , vegetable juice concentrate ( for color ) * , fruit pectin , guar gum , stevia leaf extract ( reb m ) , xanthan gum , monk fruit extract . ** Ingredient not found in regular yogurt . * Includes a dietarily insignificant amount of sugar ."}]
2024-07-16 01:13:11 [31merror[39m: marketing
2024-07-16 01:13:11 [32minfo[39m: [{"haveQrCode":"false","instagram":"false","pinterest":"false","youtube":"false","youtubeType":"","facebook":"false","twitter":"false","socialMediaList":"","website":"chobani.com","socialMediaText":"","enlargedToShow":"false"}]
2024-07-16 01:13:11 [31merror[39m: instruction
2024-07-16 01:13:11 [32minfo[39m: [{"storageInstruction":["KEEP REFRIGERATED"],"cookingInstruction":[],"usageInstruction":["SHAKE WELL"]}]
2024-07-16 01:13:11 [31merror[39m: sugar claim -- sugar free
2024-07-16 01:13:14 [31merror[39m: ingredient list
2024-07-16 01:13:14 [32minfo[39m: [{"productType":"unknown","ingredientPrefix":"","ingredientStatement":"Grain Neutral Spirits and Natural Flavors","ingredientBreakdown":"Grain Neutral Spirits, Natural Flavors"}]
2024-07-16 01:13:14 [31merror[39m: marketing
2024-07-16 01:13:14 [32minfo[39m: [{"haveQrCode":"false","instagram":"true","pinterest":"false","youtube":"false","youtubeType":"","facebook":"false","twitter":"false","socialMediaList":"instagram","website":"","socialMediaText":"@SIPYOJU","enlargedToShow":"false"}]
2024-07-16 01:13:14 [31merror[39m: instruction
2024-07-16 01:13:14 [32minfo[39m: [{"storageInstruction":[],"cookingInstruction":[],"usageInstruction":[]}]
2024-07-16 01:13:25 [31merror[39m: ingredient list
2024-07-16 01:13:25 [32minfo[39m: [{"productType":"nutrition facts","ingredientPrefix":"INGREDIENTS:","ingredientStatement":"Cultured Greek Yogurt ( Grade A Pasteurized Skim Milk , Cream , Milk Protein Concentrate , Tapioca Starch , Pectin , Enzymes ) , Fresh Parsley , Water , Sunflower and Olive Oil , Contains Less Than 2 % Of Lemon Juice , Garlic , Spices , Scallions , Onion Powder . CONTAINS MILK","ingredientBreakdown":"Cultured Greek Yogurt ( Grade A Pasteurized Skim Milk , Cream , Milk Protein Concentrate , Tapioca Starch , Pectin , Enzymes ) , Fresh Parsley , Water , Sunflower and Olive Oil , Contains Less Than 2 % Of Lemon Juice , Garlic , Spices , Scallions , Onion Powder . , CONTAINS MILK"}]
2024-07-16 01:13:25 [31merror[39m: marketing
2024-07-16 01:13:25 [32minfo[39m: [{"haveQrCode":"false","instagram":"false","pinterest":"false","youtube":"false","youtubeType":"","facebook":"false","twitter":"false","socialMediaList":"","website":"gf-finder.com, CAVA.COM","socialMediaText":"@CAVA","enlargedToShow":"false"}]
2024-07-16 01:13:25 [31merror[39m: instruction
2024-07-16 01:13:25 [32minfo[39m: [{"storageInstruction":["KEEP REFRIGERATED"],"cookingInstruction":[],"usageInstruction":[]}]
2024-07-16 01:17:20 [31merror[39m: ingredient list
2024-07-16 01:17:20 [32minfo[39m: [{"productType":"nutrition facts","ingredientPrefix":"INGREDIENTS:","ingredientStatement":"ORGANIC ONION, ORGANIC GARLIC, SEA SALT, ORGANIC LEMON PEEL, ORGANIC MARJORAM, ORGANIC TOMATO, ORGANIC BLACK PEPPER, ORGANIC CORIANDER, ORGANIC SAGE, ORGANIC RICE CONCENTRATE, ORGANIC ROSEMARY, ORGANIC DILL WEED, ORGANIC LEMON ESSENTIAL OIL.","ingredientBreakdown":"ORGANIC ONION, ORGANIC GARLIC, SEA SALT, ORGANIC LEMON PEEL, ORGANIC MARJORAM, ORGANIC TOMATO, ORGANIC BLACK PEPPER, ORGANIC CORIANDER, ORGANIC SAGE, ORGANIC RICE CONCENTRATE, ORGANIC ROSEMARY, ORGANIC DILL WEED, ORGANIC LEMON ESSENTIAL OIL."}]
2024-07-16 01:17:20 [31merror[39m: marketing
2024-07-16 01:17:20 [32minfo[39m: [{"haveQrCode":"true","instagram":"false","pinterest":"false","youtube":"false","youtubeType":"","facebook":"false","twitter":"false","socialMediaList":"","website":"simplyorganic.com","socialMediaText":"","enlargedToShow":"false"}]
2024-07-16 01:17:20 [31merror[39m: instruction
2024-07-16 01:17:20 [32minfo[39m: [{"storageInstruction":[],"cookingInstruction":["Preheat oven to 400 °.","Bake on sheet pan for 8 to 12 minutes, until shrimp is cooked through.","Cook seasoned shrimp and veggies in a 4-6 quart air fryer at 400 ° for 6 to 10 minutes, per air fryer directions. Follow preparation and seasoning directions from Oven method."],"usageInstruction":["Reserve 2 tsp. Mediterranean Lemon Seasoning from packet for Lemon Herb Yogurt Sauce (see below).","In a bowl, toss shrimp and veggies with oil and seasoning.","While shrimp is cooking, make sauce and refrigerate until ready to serve.","Mix 2 tsp. Mediterranean Lemon Seasoning with plain yogurt and honey. Drizzle sauce over meal."]}]
2024-07-16 01:17:25 [31merror[39m: ingredient list
2024-07-16 01:17:25 [32minfo[39m: [{"productType":"nutrition facts","ingredientPrefix":"INGREDIENTS:","ingredientStatement":"INGREDIENTS : FILTERED WATER , CANE SUGAR , CARBON DIOXIDE POWDERED SKIM MILK , CITRIC ACID , STRAWBERRY FLAVOR , YOGURT FLAVOR , SOYBEAN POLYSACCHE PHOSPHORIC ACID , FD & C RED # 40 , YELLOW # 6","ingredientBreakdown":"FILTERED WATER, CANE SUGAR, CARBON DIOXIDE POWDERED SKIM MILK, CITRIC ACID, STRAWBERRY FLAVOR, YOGURT FLAVOR, SOYBEAN POLYSACCHE PHOSPHORIC ACID, FD & C RED # 40, YELLOW # 6"}]
2024-07-16 01:17:25 [31merror[39m: marketing
2024-07-16 01:17:25 [32minfo[39m: [{"haveQrCode":"false","instagram":"false","pinterest":"false","youtube":"false","youtubeType":"","facebook":"false","twitter":"false","socialMediaList":"","website":"http://company.lottechilsung.co.kr/eng","socialMediaText":"","enlargedToShow":"false"}]
2024-07-16 01:17:25 [31merror[39m: instruction
2024-07-16 01:17:25 [32minfo[39m: [{"storageInstruction":[],"cookingInstruction":[],"usageInstruction":[]}]
2024-07-16 01:18:25 [31merror[39m: ingredient list
2024-07-16 01:18:25 [32minfo[39m: [{"productType":"nutrition facts","ingredientPrefix":"INGREDIENTS :","ingredientStatement":"INGREDIENTS : GLUCOSE SYRUP , SUGAR , VEGETABLE OIL ( PALM OIL , HYDROGENATED PALM OIL ) , LESS THAN 2 % OF GELATIN , NATURAL AND ARTIFICIAL FLAVORS , LACTIC ACID , MALIC ACID , SUCROSE FATTY ACID ESTERS , STRAWBERRY JUICE CONCENTRATE , FRUIT JUICE CONCENTRATE ( COLOR ) , VEGETABLE JUICE CONCENTRATE ( COLOR ) , SOY LECITHIN .","ingredientBreakdown":"GLUCOSE SYRUP, SUGAR, VEGETABLE OIL ( PALM OIL, HYDROGENATED PALM OIL ), LESS THAN 2 % OF GELATIN, NATURAL AND ARTIFICIAL FLAVORS, LACTIC ACID, MALIC ACID, SUCROSE FATTY ACID ESTERS, STRAWBERRY JUICE CONCENTRATE, FRUIT JUICE CONCENTRATE ( COLOR ), VEGETABLE JUICE CONCENTRATE ( COLOR ), SOY LECITHIN ."}]
2024-07-16 01:18:25 [31merror[39m: marketing
2024-07-16 01:18:25 [32minfo[39m: [{"haveQrCode":"false","instagram":"true","pinterest":"false","youtube":"true","youtubeType":"type_2","facebook":"true","twitter":"true","socialMediaList":"facebook, twitter, instagram, youtube","website":"hi-chew.com","socialMediaText":"#hiz","enlargedToShow":"false"}]
2024-07-16 01:18:25 [31merror[39m: instruction
2024-07-16 01:18:25 [32minfo[39m: [{"storageInstruction":[],"cookingInstruction":[],"usageInstruction":[]}]
2024-07-16 01:22:25 [31merror[39m: ingredient list
2024-07-16 01:22:25 [32minfo[39m: [{"productType":"nutrition facts","ingredientPrefix":"INGREDIENTS :","ingredientStatement":"ROASTED PEANUTS, SUGAR, SALT","ingredientBreakdown":"ROASTED PEANUTS, SUGAR, SALT"}]
2024-07-16 01:22:25 [31merror[39m: marketing
2024-07-16 01:22:25 [32minfo[39m: [{"haveQrCode":"true","instagram":"false","pinterest":"false","youtube":"false","youtubeType":"","facebook":"false","twitter":"false","socialMediaList":"","website":"PB2Foods.com","socialMediaText":"","enlargedToShow":"false"}]
2024-07-16 01:22:25 [31merror[39m: instruction
2024-07-16 01:22:25 [32minfo[39m: [{"storageInstruction":[],"cookingInstruction":[],"usageInstruction":["Mix 2 tbsp . of PB2 with 1.5 Tbsp . of water and stir until smooth . Prepare as needed .","Shake before use . Clumps may naturally occur ."]}]
2024-07-16 01:22:38 [31merror[39m: ingredient list
2024-07-16 01:22:38 [32minfo[39m: [{"productType":"nutrition facts","ingredientPrefix":"INGREDIENTS :","ingredientStatement":"LAMB , ONION , WATER , YO- GURT ( CULTURED PASTEURIZED GRADE A LOW FAT MILK , NATAMYCIN ( NATURAL MOLD INHIBITOR ) ) , SPICES , TEXTURED SOY PRO- TEIN , GREEN ONION , SALT , CILANTRO , GIN- GER , GARLIC , MINT , GREEN CHILI , LESS THAN 0.5 % OF : RICE FLOUR , GARLIC POW- DER , ONION POWDER , BAKING SODA ( LEA- VENING ) , NATURALLY DERIVED CITRIC ACID , BLACK SALT .","ingredientBreakdown":"LAMB, ONION, WATER, YO- GURT ( CULTURED PASTEURIZED GRADE A LOW FAT MILK, NATAMYCIN ( NATURAL MOLD INHIBITOR ) ), SPICES, TEXTURED SOY PRO- TEIN, GREEN ONION, SALT, CILANTRO, GIN- GER, GARLIC, MINT, GREEN CHILI, LESS THAN 0.5 % OF : RICE FLOUR, GARLIC POW- DER, ONION POWDER, BAKING SODA ( LEA- VENING ), NATURALLY DERIVED CITRIC ACID, BLACK SALT."}]
2024-07-16 01:22:38 [31merror[39m: marketing
2024-07-16 01:22:38 [32minfo[39m: [{"haveQrCode":"true","instagram":"no","pinterest":"no","youtube":"no","youtubeType":"","facebook":"no","twitter":"no","socialMediaList":"","website":"www.kaiserfoodline.com, feedback@kaiserfoodline.com","socialMediaText":"","enlargedToShow":"no"}]
2024-07-16 01:22:38 [31merror[39m: instruction
2024-07-16 01:22:38 [32minfo[39m: [{"storageInstruction":["KEEP FROZEN"],"cookingInstruction":["Shallow fry in non - stick skillet on medium heat for 5-8 minutes or until heated thoroughly . Rotate kababs to ensure even heating .","Preheat oven to 400 ° F . Bake kababs on oven - safe sheet on middle rack for 8-10 minutes or until heated thoroughly . Tip : Sprinkle some water or vegetable oil on kababs before baking for an enhanced look and taste !","Remove kabab from pouch . Defrost for 1 minute then rotate and microwave on high for 15-20 seconds or until heated thoroughly ."]}]
2024-07-16 01:22:43 [31merror[39m: ingredient list
2024-07-16 01:22:43 [32minfo[39m: [{"productType":"nutrition facts","ingredientPrefix":"INGREDIENTS :","ingredientStatement":"LAMB , ONION , WATER , YO- GURT ( CULTURED PASTEURIZED GRADE A LOW FAT MILK , NATAMYCIN ( NATURAL MOLD INHIBITOR ) ) , SPICES , TEXTURED SOY PRO- TEIN , GREEN ONION , SALT , CILANTRO , GIN- GER , GARLIC , MINT , GREEN CHILI , LESS THAN 0.5 % OF : RICE FLOUR , GARLIC POW- DER , ONION POWDER , BAKING SODA ( LEA- VENING ) , NATURALLY DERIVED CITRIC ACID , BLACK SALT .","ingredientBreakdown":"LAMB, ONION, WATER, YO- GURT ( CULTURED PASTEURIZED GRADE A LOW FAT MILK, NATAMYCIN ( NATURAL MOLD INHIBITOR ) ), SPICES, TEXTURED SOY PRO- TEIN, GREEN ONION, SALT, CILANTRO, GIN- GER, GARLIC, MINT, GREEN CHILI, LESS THAN 0.5 % OF : RICE FLOUR, GARLIC POW- DER, ONION POWDER, BAKING SODA ( LEA- VENING ), NATURALLY DERIVED CITRIC ACID, BLACK SALT."}]
2024-07-16 01:22:43 [31merror[39m: marketing
2024-07-16 01:22:43 [32minfo[39m: [{"haveQrCode":"true","instagram":"no","pinterest":"no","youtube":"no","youtubeType":"","facebook":"no","twitter":"no","socialMediaList":"","website":"www.kaiserfoodline.com, feedback@kaiserfoodline.com","socialMediaText":"","enlargedToShow":"no"}]
2024-07-16 01:22:43 [31merror[39m: instruction
2024-07-16 01:22:43 [32minfo[39m: [{"storageInstruction":["KEEP FROZEN"],"cookingInstruction":["Shallow fry in non - stick skillet on medium heat for 5-8 minutes or until heated thoroughly . Rotate kababs to ensure even heating .","Preheat oven to 400 ° F . Bake kababs on oven - safe sheet on middle rack for 8-10 minutes or until heated thoroughly . Tip : Sprinkle some water or vegetable oil on kababs before baking for an enhanced look and taste !","Remove kabab from pouch . Defrost for 1 minute then rotate and microwave on high for 15-20 seconds or until heated thoroughly ."]}]
2024-07-16 01:23:00 [31merror[39m: ingredient list
2024-07-16 01:23:00 [32minfo[39m: [{"productType":"nutrition facts","ingredientPrefix":"ingredients:","ingredientStatement":"GREEK NONFAT YOGURT, HOT SMOKED ATLANTIC SALMON ( SEA SALT, BROWN SUGAR ), CREAM CHEESE ( PASTEURIZED MILK AND CREAM, CHEESE CULTURE, SALT, GUAR GUM, CAROB BEAN GUM, XANTHAN GUM ), MAYON- NAISE ( EGG YOLK, VEGETABLE OIL, MUSTARD, LEMON JUICE ), PICKLED SWEET PEPPERS AND ONIONS ( APPLE CIDER VINEGAR, WHITE WINE VINEGAR, SUGAR, SPICES ), DIJON MUSTARD, DILL, LEMON ZEST, PAPRIKA, SPICES","ingredientBreakdown":"GREEK NONFAT YOGURT, HOT SMOKED ATLANTIC SALMON ( SEA SALT, BROWN SUGAR ), CREAM CHEESE ( PASTEURIZED MILK AND CREAM, CHEESE CULTURE, SALT, GUAR GUM, CAROB BEAN GUM, XANTHAN GUM ), MAYON- NAISE ( EGG YOLK, VEGETABLE OIL, MUSTARD, LEMON JUICE ), PICKLED SWEET PEPPERS AND ONIONS ( APPLE CIDER VINEGAR, WHITE WINE VINEGAR, SUGAR, SPICES ), DIJON MUSTARD, DILL, LEMON ZEST, PAPRIKA, SPICES"}]
2024-07-16 01:23:00 [31merror[39m: marketing
2024-07-16 01:23:00 [32minfo[39m: [{"haveQrCode":"false","instagram":"false","pinterest":"false","youtube":"false","youtubeType":"","facebook":"false","twitter":"false","socialMediaList":"","website":"tsarnicoulai.com","socialMediaText":"","enlargedToShow":"false"}]
2024-07-16 01:23:00 [31merror[39m: instruction
2024-07-16 01:23:00 [32minfo[39m: [{"storageInstruction":["KEEP REFRIGERATED"],"cookingInstruction":[],"usageInstruction":["Serve cold with your favorite base.","We recommend crackers, toast, blini, puff pastry cups or veggies.","Top with caviar for an added treat"]}]
2024-07-16 01:25:03 [31merror[39m: ingredient list
2024-07-16 01:25:03 [32minfo[39m: [{"productType":"nutrition facts","ingredientPrefix":"INGREDIENTS:","ingredientStatement":"LAMB, ONION, WATER, YO-GURT (CULTURED PASTEURIZED GRADE A LOW FAT MILK, NATAMYCIN (NATURAL MOLD INHIBITOR)), SPICES, TEXTURED SOY PROTEIN, GREEN ONION, SALT, CILANTRO, GINGER, GARLIC, MINT, GREEN CHILI, LESS THAN 0.5% OF: RICE FLOUR, GARLIC POWDER, ONION POWDER, BAKING SODA (LEAVENING), NATURALLY DERIVED CITRIC ACID, BLACK SALT. CONTAINS: MILK, SOY.","ingredientBreakdown":"LAMB, ONION, WATER, YO-GURT (CULTURED PASTEURIZED GRADE A LOW FAT MILK, NATAMYCIN (NATURAL MOLD INHIBITOR)), SPICES, TEXTURED SOY PROTEIN, GREEN ONION, SALT, CILANTRO, GINGER, GARLIC, MINT, GREEN CHILI, LESS THAN 0.5% OF: RICE FLOUR, GARLIC POWDER, ONION POWDER, BAKING SODA (LEAVENING), NATURALLY DERIVED CITRIC ACID, BLACK SALT, CONTAINS: MILK, SOY."}]
2024-07-16 01:25:03 [31merror[39m: marketing
2024-07-16 01:25:03 [32minfo[39m: [{"haveQrCode":"true","instagram":"no","pinterest":"no","youtube":"no","youtubeType":"","facebook":"no","twitter":"no","socialMediaList":"","website":"www.kaiserfoodline.com, feedback@kaiserfoodline.com","socialMediaText":"","enlargedToShow":"false"}]
2024-07-16 01:25:03 [31merror[39m: instruction
2024-07-16 01:25:03 [32minfo[39m: [{"storageInstruction":["KEEP FROZEN"],"cookingInstruction":["Shallow fry in non - stick skillet on medium heat for 5-8 minutes or until heated thoroughly. Rotate kababs to ensure even heating.","Preheat oven to 400 ° F . Bake kababs on oven - safe sheet on middle rack for 8-10 minutes or until heated thoroughly. Tip : Sprinkle some water or vegetable oil on kababs before baking for an enhanced look and taste !","Remove kabab from pouch . Defrost for 1 minute then rotate and microwave on high for 15-20 seconds or until heated thoroughly ."]}]
2024-07-16 01:25:48 [31merror[39m: ingredient list
2024-07-16 01:25:48 [32minfo[39m: [{"productType":"nutrition facts","ingredientPrefix":"INGREDIENTS :","ingredientStatement":"ORGANIC BLACK CHIA SEEDS . MAY CONTAIN PEANUTS , TREE NUTS , SOY , WHEAT , SESAME AND MILK PRODUCTS .","ingredientBreakdown":"ORGANIC BLACK CHIA SEEDS ., MAY CONTAIN PEANUTS , TREE NUTS , SOY , WHEAT , SESAME AND MILK PRODUCTS ."}]
2024-07-16 01:25:48 [31merror[39m: marketing
2024-07-16 01:25:48 [32minfo[39m: [{"haveQrCode":"false","instagram":"false","pinterest":"false","youtube":"false","youtubeType":"","facebook":"false","twitter":"false","socialMediaList":"","website":"fielddayproducts.com","socialMediaText":"","enlargedToShow":"false"}]
2024-07-16 01:25:48 [31merror[39m: instruction
2024-07-16 01:25:48 [32minfo[39m: [{"storageInstruction":["STORE IN COOL, DRY PLACE ."],"cookingInstruction":[],"usageInstruction":[]}]
2024-07-16 01:25:52 [31merror[39m: ingredient list
2024-07-16 01:25:52 [32minfo[39m: [{"productType":"supplement facts","ingredientPrefix":"OTHER INGREDIENTS :","ingredientStatement":"Water , Honey ' , Lemon Juicet * Organic","ingredientBreakdown":"Water, Honey ', Lemon Juicet * Organic"}]
2024-07-16 01:25:52 [31merror[39m: marketing
2024-07-16 01:25:52 [32minfo[39m: [{"haveQrCode":"false","instagram":"false","pinterest":"false","youtube":"false","youtubeType":"","facebook":"false","twitter":"false","socialMediaList":"","website":"WHOLEHARMONY.COM","socialMediaText":"","enlargedToShow":"false"}]
2024-07-16 01:25:52 [31merror[39m: instruction
2024-07-16 01:25:52 [32minfo[39m: [{"storageInstruction":["Refrigerate after opening."],"cookingInstruction":[],"usageInstruction":["Daily Use : 1tsp","day, Intensive use : 1tsp","4x day, Shake well . Can be taken alone or added to seltzer , smoothies , yogurt , cocktails or mocktails . Be creative ."]}]
2024-07-16 01:28:11 [31merror[39m: ingredient list
2024-07-16 01:28:11 [32minfo[39m: [{"productType":"nutrition facts","ingredientPrefix":"INGREDIENTS:","ingredientStatement":"LAMB, ONION, WATER, YOGURT (CULTURED PASTEURIZED GRADE A LOW FAT MILK, NATAMYCIN (NATURAL MOLD INHIBITOR)), SPICES, TEXTURED SOY PROTEIN, GREEN ONION, SALT, CILANTRO, GINGER, GARLIC, MINT, GREEN CHILI, LESS THAN 0.5% OF: RICE FLOUR, GARLIC POWDER, ONION POWDER, BAKING SODA (LEAVENING), NATURALLY DERIVED CITRIC ACID, BLACK SALT.","ingredientBreakdown":"LAMB, ONION, WATER, YOGURT (CULTURED PASTEURIZED GRADE A LOW FAT MILK, NATAMYCIN (NATURAL MOLD INHIBITOR)), SPICES, TEXTURED SOY PROTEIN, GREEN ONION, SALT, CILANTRO, GINGER, GARLIC, MINT, GREEN CHILI, LESS THAN 0.5% OF: RICE FLOUR, GARLIC POWDER, ONION POWDER, BAKING SODA (LEAVENING), NATURALLY DERIVED CITRIC ACID, BLACK SALT."}]
2024-07-16 01:28:11 [31merror[39m: marketing
2024-07-16 01:28:11 [32minfo[39m: [{"haveQrCode":"true","instagram":"no","pinterest":"no","youtube":"no","youtubeType":"","facebook":"no","twitter":"no","socialMediaList":"","website":"www.kaiserfoodline.com, feedback@kaiserfoodline.com","socialMediaText":"","enlargedToShow":"no"}]
2024-07-16 01:28:11 [31merror[39m: instruction
2024-07-16 01:28:11 [32minfo[39m: [{"storageInstruction":["KEEP FROZEN"],"cookingInstruction":["Shallow fry in non - stick skillet on medium heat for 5-8 minutes or until heated thoroughly . Rotate kababs to ensure even heating .","Preheat oven to 400 ° F . Bake kababs on oven - safe sheet on middle rack for 8-10 minutes or until heated thoroughly . Tip : Sprinkle some water or vegetable oil on kababs before baking for an enhanced look and taste !","Remove kabab from pouch . Defrost for 1 minute then rotate and microwave on high for 15-20 seconds or until heated thoroughly ."]}]
2024-07-16 01:28:12 [31merror[39m: ingredient list
2024-07-16 01:28:12 [32minfo[39m: [{"productType":"nutrition facts","ingredientPrefix":"INGREDIENTS:","ingredientStatement":"LAMB, ONION, WATER, YOGURT (CULTURED PASTEURIZED GRADE A LOW FAT MILK, NATAMYCIN (NATURAL MOLD INHIBITOR)), SPICES, TEXTURED SOY PROTEIN, GREEN ONION, SALT, CILANTRO, GINGER, GARLIC, MINT, GREEN CHILI, LESS THAN 0.5% OF: RICE FLOUR, GARLIC POWDER, ONION POWDER, BAKING SODA (LEAVENING), NATURALLY DERIVED CITRIC ACID, BLACK SALT.","ingredientBreakdown":"LAMB, ONION, WATER, YOGURT (CULTURED PASTEURIZED GRADE A LOW FAT MILK, NATAMYCIN (NATURAL MOLD INHIBITOR)), SPICES, TEXTURED SOY PROTEIN, GREEN ONION, SALT, CILANTRO, GINGER, GARLIC, MINT, GREEN CHILI, LESS THAN 0.5% OF: RICE FLOUR, GARLIC POWDER, ONION POWDER, BAKING SODA (LEAVENING), NATURALLY DERIVED CITRIC ACID, BLACK SALT."}]
2024-07-16 01:28:12 [31merror[39m: marketing
2024-07-16 01:28:12 [32minfo[39m: [{"haveQrCode":"true","instagram":"no","pinterest":"no","youtube":"no","youtubeType":"","facebook":"no","twitter":"no","socialMediaList":"","website":"www.kaiserfoodline.com, feedback@kaiserfoodline.com","socialMediaText":"","enlargedToShow":"no"}]
2024-07-16 01:28:12 [31merror[39m: instruction
2024-07-16 01:28:12 [32minfo[39m: [{"storageInstruction":["KEEP FROZEN"],"cookingInstruction":["Shallow fry in non - stick skillet on medium heat for 5-8 minutes or until heated thoroughly . Rotate kababs to ensure even heating .","Preheat oven to 400 ° F . Bake kababs on oven - safe sheet on middle rack for 8-10 minutes or until heated thoroughly . Tip : Sprinkle some water or vegetable oil on kababs before baking for an enhanced look and taste !","Remove kabab from pouch . Defrost for 1 minute then rotate and microwave on high for 15-20 seconds or until heated thoroughly ."]}]
2024-07-16 01:28:12 [31merror[39m: ingredient list
2024-07-16 01:28:12 [32minfo[39m: [{"productType":"nutrition facts","ingredientPrefix":"INGREDIENTS:","ingredientStatement":"LAMB, ONION, WATER, YOGURT (CULTURED PASTEURIZED GRADE A LOW FAT MILK, NATAMYCIN (NATURAL MOLD INHIBITOR)), SPICES, TEXTURED SOY PROTEIN, GREEN ONION, SALT, CILANTRO, GINGER, GARLIC, MINT, GREEN CHILI, LESS THAN 0.5% OF: RICE FLOUR, GARLIC POWDER, ONION POWDER, BAKING SODA (LEAVENING), NATURALLY DERIVED CITRIC ACID, BLACK SALT.","ingredientBreakdown":"LAMB, ONION, WATER, YOGURT (CULTURED PASTEURIZED GRADE A LOW FAT MILK, NATAMYCIN (NATURAL MOLD INHIBITOR)), SPICES, TEXTURED SOY PROTEIN, GREEN ONION, SALT, CILANTRO, GINGER, GARLIC, MINT, GREEN CHILI, LESS THAN 0.5% OF: RICE FLOUR, GARLIC POWDER, ONION POWDER, BAKING SODA (LEAVENING), NATURALLY DERIVED CITRIC ACID, BLACK SALT."}]
2024-07-16 01:28:12 [31merror[39m: marketing
2024-07-16 01:28:12 [32minfo[39m: [{"haveQrCode":"true","instagram":"no","pinterest":"no","youtube":"no","youtubeType":"","facebook":"no","twitter":"no","socialMediaList":"","website":"www.kaiserfoodline.com, feedback@kaiserfoodline.com","socialMediaText":"","enlargedToShow":"no"}]
2024-07-16 01:28:12 [31merror[39m: instruction
2024-07-16 01:28:12 [32minfo[39m: [{"storageInstruction":["KEEP FROZEN"],"cookingInstruction":["Shallow fry in non - stick skillet on medium heat for 5-8 minutes or until heated thoroughly . Rotate kababs to ensure even heating .","Preheat oven to 400 ° F . Bake kababs on oven - safe sheet on middle rack for 8-10 minutes or until heated thoroughly . Tip : Sprinkle some water or vegetable oil on kababs before baking for an enhanced look and taste !","Remove kabab from pouch . Defrost for 1 minute then rotate and microwave on high for 15-20 seconds or until heated thoroughly ."]}]
2024-07-16 01:28:14 [31merror[39m: ingredient list
2024-07-16 01:28:14 [32minfo[39m: [{"productType":"nutrition facts","ingredientPrefix":"INGREDIENTS:","ingredientStatement":"LAMB, ONION, WATER, YOGURT (CULTURED PASTEURIZED GRADE A LOW FAT MILK, NATAMYCIN (NATURAL MOLD INHIBITOR)), SPICES, TEXTURED SOY PROTEIN, GREEN ONION, SALT, CILANTRO, GINGER, GARLIC, MINT, GREEN CHILI, LESS THAN 0.5% OF: RICE FLOUR, GARLIC POWDER, ONION POWDER, BAKING SODA (LEAVENING), NATURALLY DERIVED CITRIC ACID, BLACK SALT.","ingredientBreakdown":"LAMB, ONION, WATER, YOGURT (CULTURED PASTEURIZED GRADE A LOW FAT MILK, NATAMYCIN (NATURAL MOLD INHIBITOR)), SPICES, TEXTURED SOY PROTEIN, GREEN ONION, SALT, CILANTRO, GINGER, GARLIC, MINT, GREEN CHILI, LESS THAN 0.5% OF: RICE FLOUR, GARLIC POWDER, ONION POWDER, BAKING SODA (LEAVENING), NATURALLY DERIVED CITRIC ACID, BLACK SALT."}]
2024-07-16 01:28:14 [31merror[39m: marketing
2024-07-16 01:28:14 [32minfo[39m: [{"haveQrCode":"true","instagram":"no","pinterest":"no","youtube":"no","youtubeType":"","facebook":"no","twitter":"no","socialMediaList":"","website":"www.kaiserfoodline.com, feedback@kaiserfoodline.com","socialMediaText":"","enlargedToShow":"no"}]
2024-07-16 01:28:14 [31merror[39m: instruction
2024-07-16 01:28:14 [32minfo[39m: [{"storageInstruction":["KEEP FROZEN"],"cookingInstruction":["Shallow fry in non - stick skillet on medium heat for 5-8 minutes or until heated thoroughly . Rotate kababs to ensure even heating .","Preheat oven to 400 ° F . Bake kababs on oven - safe sheet on middle rack for 8-10 minutes or until heated thoroughly . Tip : Sprinkle some water or vegetable oil on kababs before baking for an enhanced look and taste !","Remove kabab from pouch . Defrost for 1 minute then rotate and microwave on high for 15-20 seconds or until heated thoroughly ."]}]
2024-07-16 01:28:18 [31merror[39m: ingredient list
2024-07-16 01:28:18 [32minfo[39m: [{"productType":"nutrition facts","ingredientPrefix":"INGREDIENTS:","ingredientStatement":"LAMB, ONION, WATER, YOGURT (CULTURED PASTEURIZED GRADE A LOW FAT MILK, NATAMYCIN (NATURAL MOLD INHIBITOR)), SPICES, TEXTURED SOY PROTEIN, GREEN ONION, SALT, CILANTRO, GINGER, GARLIC, MINT, GREEN CHILI, LESS THAN 0.5% OF: RICE FLOUR, GARLIC POWDER, ONION POWDER, BAKING SODA (LEAVENING), NATURALLY DERIVED CITRIC ACID, BLACK SALT.","ingredientBreakdown":"LAMB, ONION, WATER, YOGURT (CULTURED PASTEURIZED GRADE A LOW FAT MILK, NATAMYCIN (NATURAL MOLD INHIBITOR)), SPICES, TEXTURED SOY PROTEIN, GREEN ONION, SALT, CILANTRO, GINGER, GARLIC, MINT, GREEN CHILI, LESS THAN 0.5% OF: RICE FLOUR, GARLIC POWDER, ONION POWDER, BAKING SODA (LEAVENING), NATURALLY DERIVED CITRIC ACID, BLACK SALT."}]
2024-07-16 01:28:18 [31merror[39m: marketing
2024-07-16 01:28:18 [32minfo[39m: [{"haveQrCode":"true","instagram":"no","pinterest":"no","youtube":"no","youtubeType":"","facebook":"no","twitter":"no","socialMediaList":"","website":"www.kaiserfoodline.com, feedback@kaiserfoodline.com","socialMediaText":"","enlargedToShow":"no"}]
2024-07-16 01:28:18 [31merror[39m: instruction
2024-07-16 01:28:18 [32minfo[39m: [{"storageInstruction":["KEEP FROZEN"],"cookingInstruction":["Shallow fry in non - stick skillet on medium heat for 5-8 minutes or until heated thoroughly . Rotate kababs to ensure even heating .","Preheat oven to 400 ° F . Bake kababs on oven - safe sheet on middle rack for 8-10 minutes or until heated thoroughly . Tip : Sprinkle some water or vegetable oil on kababs before baking for an enhanced look and taste !","Remove kabab from pouch . Defrost for 1 minute then rotate and microwave on high for 15-20 seconds or until heated thoroughly ."]}]
2024-07-16 01:30:25 [31merror[39m: ingredient list
2024-07-16 01:30:25 [32minfo[39m: [{"productType":"nutrition facts","ingredientPrefix":"INGREDIENTS:","ingredientStatement":"ORGANIC HULLED HEMP SEEDS.","ingredientBreakdown":"ORGANIC HULLED HEMP SEEDS"}]
2024-07-16 01:30:25 [31merror[39m: marketing
2024-07-16 01:30:25 [32minfo[39m: [{"haveQrCode":"false","instagram":"false","pinterest":"false","youtube":"false","youtubeType":"","facebook":"false","twitter":"false","socialMediaList":"","website":"fielddayproducts.com","socialMediaText":"","enlargedToShow":"false"}]
2024-07-16 01:30:25 [31merror[39m: instruction
2024-07-16 01:30:25 [32minfo[39m: [{"storageInstruction":[],"cookingInstruction":[],"usageInstruction":[]}]
2024-07-16 01:30:51 [31merror[39m: ingredient list
2024-07-16 01:30:51 [32minfo[39m: [{"productType":"nutrition facts","ingredientPrefix":"INGREDIENTS:","ingredientStatement":"LAMB , ONION , WATER , YO- GURT ( CULTURED PASTEURIZED GRADE A LOW FAT MILK , NATAMYCIN ( NATURAL MOLD INHIBITOR ) ) , SPICES , TEXTURED SOY PRO- TEIN , GREEN ONION , SALT , CILANTRO , GIN- GER , GARLIC , MINT , GREEN CHILI , LESS THAN 0.5 % OF : RICE FLOUR , GARLIC POW- DER , ONION POWDER , BAKING SODA ( LEA- VENING ) , NATURALLY DERIVED CITRIC ACID , BLACK SALT . CONTAINS : MILK , SOY .","ingredientBreakdown":"LAMB, ONION, WATER, YO- GURT ( CULTURED PASTEURIZED GRADE A LOW FAT MILK, NATAMYCIN ( NATURAL MOLD INHIBITOR ) ), SPICES, TEXTURED SOY PRO- TEIN, GREEN ONION, SALT, CILANTRO, GIN- GER, GARLIC, MINT, GREEN CHILI, LESS THAN 0.5 % OF : RICE FLOUR, GARLIC POW- DER, ONION POWDER, BAKING SODA ( LEA- VENING ), NATURALLY DERIVED CITRIC ACID, BLACK SALT"}]
2024-07-16 01:30:51 [31merror[39m: marketing
2024-07-16 01:30:51 [32minfo[39m: [{"haveQrCode":"true","instagram":"no","pinterest":"no","youtube":"no","youtubeType":"","facebook":"no","twitter":"no","socialMediaList":"","website":"www.kaiserfoodline.com, feedback@kaiserfoodline.com","socialMediaText":"","enlargedToShow":"no"}]
2024-07-16 01:30:51 [31merror[39m: instruction
2024-07-16 01:30:51 [32minfo[39m: [{"storageInstruction":["KEEP FROZEN"],"cookingInstruction":["Shallow fry in non - stick skillet on medium heat for 5-8 minutes or until heated thoroughly . Rotate kababs to ensure even heating .","Preheat oven to 400 ° F . Bake kababs on oven - safe sheet on middle rack for 8-10 minutes or until heated thoroughly . Tip : Sprinkle some water or vegetable oil on kababs before baking for an enhanced look and taste !","Remove kabab from pouch . Defrost for 1 minute then rotate and microwave on high for 15-20 seconds or until heated thoroughly ."],"usageInstruction":[]}]
