2024-08-06 01:17:57 [31merror[39m: {}
2024-08-06 01:37:25 [31merror[39m: {}
2024-08-06 01:41:52 [31merror[39m: {}
2024-08-06 01:43:29 [31merror[39m: {}
2024-08-06 01:43:37 [31merror[39m: {}
2024-08-06 01:45:21 [31merror[39m: {}
2024-08-06 01:45:42 [31merror[39m: {}
2024-08-06 01:45:50 [31merror[39m: {}
2024-08-06 01:51:57 [31merror[39m: {}
2024-08-06 01:54:06 [31merror[39m: {}
2024-08-06 01:59:26 [31merror[39m: {}
2024-08-06 02:06:35 [31merror[39m: {}
2024-08-06 02:11:37 [31merror[39m: {}
2024-08-06 02:11:56 [31merror[39m: {}
2024-08-06 02:13:39 [31merror[39m: {}
2024-08-06 02:13:40 [31merror[39m: {}
2024-08-06 02:32:41 [31merror[39m: {}
2024-08-06 02:32:43 [31merror[39m: {}
2024-08-06 02:38:00 [31merror[39m: {}
2024-08-06 02:38:10 [31merror[39m: {}
2024-08-06 02:41:44 [31merror[39m: {}
2024-08-06 02:42:37 [31merror[39m: {}
2024-08-06 02:45:37 [31merror[39m: {}
2024-08-06 02:45:52 [31merror[39m: {}
2024-08-06 02:45:57 [31merror[39m: {}
2024-08-06 02:46:07 [31merror[39m: {}
2024-08-06 02:46:18 [31merror[39m: {}
2024-08-06 02:46:29 [31merror[39m: {}
2024-08-06 02:47:19 [31merror[39m: {}
2024-08-06 02:47:30 [31merror[39m: {}
2024-08-06 02:49:07 [31merror[39m: {}
2024-08-06 02:49:20 [31merror[39m: {}
2024-08-06 02:51:40 [31merror[39m: sugar claim -- artificial sweetener
2024-08-06 02:51:40 [31merror[39m: sugar claim -- natural sweeteners
2024-08-06 02:51:40 [31merror[39m: sugar claim -- refined sugars
2024-08-06 02:51:40 [31merror[39m: sugar claim -- sugar
2024-08-06 02:51:56 [31merror[39m: {}
2024-08-06 02:53:47 [31merror[39m: {}
2024-08-06 02:53:54 [31merror[39m: sugar claim -- refined sugars
2024-08-06 02:53:54 [31merror[39m: sugar claim -- sugar
2024-08-06 02:53:54 [31merror[39m: {}
2024-08-06 02:54:00 [31merror[39m: sugar claim -- artificial sweetener
2024-08-06 02:54:00 [31merror[39m: sugar claim -- natural sweeteners
2024-08-06 02:54:00 [31merror[39m: sugar claim -- refined sugars
2024-08-06 02:54:00 [31merror[39m: sugar claim -- sugar
2024-08-06 02:54:11 [31merror[39m: {}
2024-08-06 02:55:33 [31merror[39m: sugar claim -- refined sugars
2024-08-06 02:55:33 [31merror[39m: sugar claim -- sugar
2024-08-06 02:55:38 [31merror[39m: {}
2024-08-06 02:56:00 [31merror[39m: {}
2024-08-06 02:58:34 [31merror[39m: sugar claim -- sugar
2024-08-06 02:58:38 [31merror[39m: sugar claim -- sugar
2024-08-06 02:58:44 [31merror[39m: sugar claim -- sugar
2024-08-06 02:58:48 [31merror[39m: {}
2024-08-06 02:58:53 [31merror[39m: {}
2024-08-06 02:59:00 [31merror[39m: sugar claim -- sugar
2024-08-06 03:00:55 [31merror[39m: sugar claim -- sugar
2024-08-06 03:00:59 [31merror[39m: {}
2024-08-06 03:01:06 [31merror[39m: {}
2024-08-06 03:02:39 [31merror[39m: {}
2024-08-06 03:04:14 [31merror[39m: {}
2024-08-06 07:22:21 [31merror[39m: {}
2024-08-06 07:22:30 [31merror[39m: {}
2024-08-06 07:23:43 [31merror[39m: {}
2024-08-06 07:23:49 [31merror[39m: {}
2024-08-06 07:27:02 [31merror[39m: sugar claim -- sugar
2024-08-06 07:27:08 [31merror[39m: sugar claim -- sugar
2024-08-06 07:27:25 [31merror[39m: {}
2024-08-06 07:27:38 [31merror[39m: {}
2024-08-06 07:27:58 [31merror[39m: {}
2024-08-06 07:30:06 [31merror[39m: {}
2024-08-06 07:31:02 [31merror[39m: {}
2024-08-06 07:31:26 [31merror[39m: {}
2024-08-06 07:31:35 [31merror[39m: {}
2024-08-06 07:52:26 [31merror[39m: {}
2024-08-06 07:57:43 [31merror[39m: {}
2024-08-06 07:58:01 [31merror[39m: {}
2024-08-06 08:09:35 [31merror[39m: {}
2024-08-06 08:09:54 [31merror[39m: {}
2024-08-06 08:18:33 [31merror[39m: {}
2024-08-06 08:18:54 [31merror[39m: {}
2024-08-06 08:33:39 [31merror[39m: {}
2024-08-06 08:33:52 [31merror[39m: {}
2024-08-06 08:39:57 [31merror[39m: {}
2024-08-06 08:40:07 [31merror[39m: {}
2024-08-06 08:43:03 [31merror[39m: {}
2024-08-06 08:43:16 [31merror[39m: {}
2024-08-06 08:44:53 [31merror[39m: {}
2024-08-06 08:47:40 [31merror[39m: {}
2024-08-06 08:49:53 [31merror[39m: {}
2024-08-06 08:52:54 [31merror[39m: {}
2024-08-06 08:55:51 [31merror[39m: {}
2024-08-06 09:02:01 [31merror[39m: {}
2024-08-06 09:03:53 [31merror[39m: sugar claim -- sugar
2024-08-06 09:04:53 [31merror[39m: sugar claim -- sugar
2024-08-06 09:06:05 [31merror[39m: sugar claim -- sugar
2024-08-06 09:06:19 [31merror[39m: {}
2024-08-06 09:08:58 [31merror[39m: {}
2024-08-06 09:09:08 [31merror[39m: {}
2024-08-06 09:10:53 [31merror[39m: sugar claim -- sugar
2024-08-06 09:11:53 [31merror[39m: sugar claim -- sugar
2024-08-06 09:16:56 [31merror[39m: sugar claim -- sugar
2024-08-06 09:17:16 [31merror[39m: {}
2024-08-06 09:17:35 [31merror[39m: {}
2024-08-06 09:20:26 [31merror[39m: {}
2024-08-06 09:20:36 [31merror[39m: {}
2024-08-06 09:22:18 [31merror[39m: {}
2024-08-06 09:22:27 [31merror[39m: {}
2024-08-06 09:24:12 [31merror[39m: {}
2024-08-06 09:24:21 [31merror[39m: {}
2024-08-06 09:26:11 [31merror[39m: {}
2024-08-06 09:26:26 [31merror[39m: {}
2024-08-06 09:29:07 [31merror[39m: {}
2024-08-06 09:29:19 [31merror[39m: {}
2024-08-06 09:31:29 [31merror[39m: {}
2024-08-06 09:31:44 [31merror[39m: {}
2024-08-06 09:33:51 [31merror[39m: {}
2024-08-06 09:34:04 [31merror[39m: {}
2024-08-06 09:36:15 [31merror[39m: {}
2024-08-06 09:36:35 [31merror[39m: {}
2024-08-06 09:38:37 [31merror[39m: {}
2024-08-06 09:38:52 [31merror[39m: {}
2024-08-06 09:45:11 [31merror[39m: {}
2024-08-06 09:45:28 [31merror[39m: {}
2024-08-06 09:49:29 [31merror[39m: {}
2024-08-06 09:49:43 [31merror[39m: {}
2024-08-06 09:52:04 [31merror[39m: {}
2024-08-06 09:52:11 [31merror[39m: {}
2024-08-06 09:52:16 [31merror[39m: {}
2024-08-06 09:52:31 [31merror[39m: {}
2024-08-06 09:54:40 [31merror[39m: {}
2024-08-06 09:54:50 [31merror[39m: {}
2024-08-06 09:56:32 [31merror[39m: sugar claim -- sugar
2024-08-06 09:56:38 [31merror[39m: sugar claim -- sugar
2024-08-06 09:56:53 [31merror[39m: {}
2024-08-06 09:57:02 [31merror[39m: {}
2024-08-06 09:58:58 [31merror[39m: {}
2024-08-06 09:59:08 [31merror[39m: {}
2024-08-06 10:22:16 [31merror[39m: {}
2024-08-06 10:36:55 [31merror[39m: {}
2024-08-06 10:40:25 [31merror[39m: {}
2024-08-06 10:40:44 [31merror[39m: {}
2024-08-06 11:39:05 [31merror[39m: {}
2024-08-06 11:39:05 [31merror[39m: {}
2024-08-06 11:49:15 [31merror[39m: {}
2024-08-06 11:49:15 [31merror[39m: {}
2024-08-06 11:59:19 [31merror[39m: {}
2024-08-06 12:00:38 [31merror[39m: {}
2024-08-06 13:51:41 [31merror[39m: {}
2024-08-06 14:14:25 [31merror[39m: {}
2024-08-06 14:35:36 [31merror[39m: {}
2024-08-06 17:32:18 [31merror[39m: {}
2024-08-06 17:36:15 [31merror[39m: {}
2024-08-06 17:59:56 [31merror[39m: sugar claim -- artificial sweetener
2024-08-06 17:59:56 [31merror[39m: sugar claim -- natural sweeteners
2024-08-06 17:59:56 [31merror[39m: sugar claim -- refined sugars
2024-08-06 17:59:56 [31merror[39m: sugar claim -- sugar
2024-08-06 18:00:07 [31merror[39m: sugar claim -- sugar
2024-08-06 18:00:20 [31merror[39m: {}
2024-08-06 18:22:02 [31merror[39m: {}
2024-08-06 18:23:32 [31merror[39m: sugar claim -- sugar
2024-08-06 18:23:38 [31merror[39m: sugar claim -- sugar
2024-08-06 18:25:32 [31merror[39m: {}
2024-08-06 18:28:20 [31merror[39m: {}
2024-08-06 23:15:29 [31merror[39m: {}
2024-08-06 23:18:57 [31merror[39m: {}
2024-08-06 23:19:16 [31merror[39m: {}
2024-08-06 23:20:58 [31merror[39m: sugar claim -- added sugar
2024-08-06 23:21:04 [31merror[39m: sugar claim -- added sugar
2024-08-06 23:30:33 [31merror[39m: sugar claim -- added sugar
2024-08-06 23:30:39 [31merror[39m: sugar claim -- added sugar
2024-08-06 23:33:33 [31merror[39m: sugar claim -- added sugar
2024-08-06 23:33:39 [31merror[39m: sugar claim -- added sugar
2024-08-06 23:36:57 [31merror[39m: sugar claim -- added sugar
2024-08-06 23:37:04 [31merror[39m: sugar claim -- added sugar
2024-08-06 23:37:10 [31merror[39m: sugar claim -- added sugar
2024-08-06 23:37:16 [31merror[39m: sugar claim -- added sugar
