2024-07-22 10:23:48 [31merror[39m: ingredient list
2024-07-22 10:23:48 [32minfo[39m: [{"productType":"nutrition facts","ingredientPrefix":"Ingredients:","ingredientStatement":"RICE, STARCH ( TAPIOCA , POTATO , CORN ) , SOY SAUCE ( WATER , SOYBEANS , WHEAT , SALT ) , SALT , KELP EXTRACT , MONOSODIUM GLUTAMATE , FISH EXTRACT ( MALTODEXTRIN , BONITO EXTRACT , SALT , FISH EXTRACT POWDER ( EASTERN LITTLE TUNA , FRIGATE MACKEREL , SKIPJACK TUNA , YELLOWFIN TUNA ) , YEAST EXTRACT ) , SUGAR , GINGER PASTE , MONO - AND DIGLYCERIDES OF FATTY ACIDS , SODIUM METAPHOSPHATE , SODIUM TRIPOLYPHOSPHATE , TETRASODIUM PYROPHOSPHATE , CARBOXYMETHYL CELLULOSE , GARLIC POWDER , ONION POWDER , DISODIUM 5 ' - RIBONUCLEOTIDE , CARAMEL COLOR , YEAST EXTRACT , PEPPER , SUCROSE ESTERS OF FATTY ACIDS , COLOR ( RIBOFLAVIN ) , ROSEMARY EXTRACT .","ingredientBreakdown":"RICE/STARCH ( TAPIOCA , POTATO , CORN )/SOY SAUCE ( WATER , SOYBEANS , WHEAT , SALT )/SALT/KELP EXTRACT/MONOSODIUM GLUTAMATE/FISH EXTRACT ( MALTODEXTRIN , BONITO EXTRACT , SALT , FISH EXTRACT POWDER ( EASTERN LITTLE TUNA , FRIGATE MACKEREL , SKIPJACK TUNA , YELLOWFIN TUNA ) , YEAST EXTRACT )/SUGAR/GINGER PASTE/MONO - AND DIGLYCERIDES OF FATTY ACIDS/SODIUM METAPHOSPHATE/SODIUM TRIPOLYPHOSPHATE/TETRASODIUM PYROPHOSPHATE/CARBOXYMETHYL CELLULOSE/GARLIC POWDER/ONION POWDER/DISODIUM 5 ' - RIBONUCLEOTIDE/CARAMEL COLOR/YEAST EXTRACT/PEPPER/SUCROSE ESTERS OF FATTY ACIDS/COLOR ( RIBOFLAVIN )/ROSEMARY EXTRACT .","liveAndActiveCulturesStatement":"","liveAndActiveCulturesBreakdown":""}]
2024-07-22 10:23:48 [31merror[39m: marketing
2024-07-22 10:23:48 [32minfo[39m: [{"haveQrCode":"false","instagram":"false","pinterest":"false","youtube":"false","youtubeType":"","facebook":"false","twitter":"false","socialMediaList":"","website":"www.kenmin.co.jp","socialMediaText":"","enlargedToShow":"false"}]
2024-07-22 10:23:48 [31merror[39m: instruction
2024-07-22 10:23:48 [32minfo[39m: [{"storageInstruction":[],"cookingInstruction":["Heat frying pan and add one and half table spoon of cooking oil . Lay down pork belly strips and layer with Yaki - Befun noodles , and vegetables in this particular order .","Add 6.7 ounces of water , seal with a lid and heat on high heat for 3 mins .","After 3 minutes , remove the lid and lightly mix the ingredients around and let the remaining water evaporate . Serve hot ."],"usageInstruction":[],"otherInstruction":[]}]
2024-07-22 10:26:53 [31merror[39m: ingredient list
2024-07-22 10:26:53 [32minfo[39m: [{"productType":"nutrition facts","ingredientPrefix":"INGREDIENTS :","ingredientStatement":"WHEAT FLOUR ( WHEAT FLOUR , MALTED BARLEY FLOUR ) , EGGS , SUGAR , ALMONDS , SEMI - SWEET CHOCOLATE ( SUGAR , CHOCOLATE LIQUOR , COCOA BUTTER , SUNFLOWER LECITHIN , VANILLA EXTRACT ) , NATURAL FLAVOR ( NATURAL FLAVOR , NATURAL MALTOL , LACTIC ACID ) , SALT , SUNFLOWER OIL , TAPIOCA STARCH .","ingredientBreakdown":"wheat flour/wheat flour/malted barley flour/eggs/sugar/almonds/semi - sweet chocolate/sugar/chocolate liquor/cocoa butter/sunflower lecithin/vanilla extract/natural flavor/natural flavor/natural maltol/lactic acid/salt/sunflower oil/tapioca starch","liveAndActiveCulturesStatement":"","liveAndActiveCulturesBreakdown":""}]
2024-07-22 10:26:53 [31merror[39m: marketing
2024-07-22 10:26:53 [32minfo[39m: [{"haveQrCode":"true","instagram":"false","pinterest":"false","youtube":"false","youtubeType":"","facebook":"true","twitter":"false","socialMediaList":"facebook","website":"www.nonnis.com","socialMediaText":"@nonnisfoods","enlargedToShow":"true"}]
2024-07-22 10:26:53 [31merror[39m: instruction
2024-07-22 10:26:53 [32minfo[39m: [{"storageInstruction":["Resealable for freshness"],"cookingInstruction":[],"usageInstruction":[],"otherInstruction":[]}]
2024-07-22 11:30:33 [31merror[39m: ingredient list
2024-07-22 11:30:33 [32minfo[39m: [{"productType":"nutrition facts","ingredientPrefix":"INGREDIENTS:","ingredientStatement":"Almonds , Cashews * , Maple Syrup * , Sunflower Seeds , Macadamia Nuts , Pumpkin Seeds * , Coconut Butter * , Pecans , Coconut Nectar * , Sesame Seed Butter , Ground Flax Seeds * , Sea Salt .","ingredientBreakdown":"Almonds/Cashews */Maple Syrup */Sunflower Seeds/Macadamia Nuts/Pumpkin Seeds */Coconut Butter */Pecans/Coconut Nectar */Sesame Seed Butter/Ground Flax Seeds */Sea Salt .","liveAndActiveCulturesStatement":"","liveAndActiveCulturesBreakdown":""}]
2024-07-22 11:30:33 [31merror[39m: marketing
2024-07-22 11:30:33 [32minfo[39m: [{"haveQrCode":"false","instagram":"false","pinterest":"false","youtube":"false","youtubeType":"","facebook":"false","twitter":"true","socialMediaList":"twitter","website":"TheYesBar.com","socialMediaText":"@TheYesBar,#SayYesToThis","enlargedToShow":"false"}]
2024-07-22 11:30:33 [31merror[39m: instruction
2024-07-22 11:30:33 [32minfo[39m: [{"storageInstruction":[],"cookingInstruction":[],"usageInstruction":[],"otherInstruction":[]}]
2024-07-22 11:44:46 [31merror[39m: ingredient list
2024-07-22 11:44:46 [32minfo[39m: [{"productType":"nutrition facts","ingredientPrefix":"INGREDIENTS:","ingredientStatement":"Cookies ( Gluten Free Oat Flour , Organic Coconut Sugar , Sustainable Palm Oil , Dates , Coconut Oil , Water , Prebiotic Acacia Fiber , Flaxseed Meal , Molasses , Sunflower Lecithin , Vanilla Extract , Cinnamon , Mushroom Extract , Baking Powder , Sea Salt , Baking Soda ) , Creme Filling ( Sustainable Palm Oil , Powdered Sugar , Organic Coconut Nectar , Tapioca Starch , Prebiotic Acacia Fiber , Natural Flavors , Salt ) .","ingredientBreakdown":"Cookies ( Gluten Free Oat Flour/Organic Coconut Sugar/Sustainable Palm Oil/Dates/Coconut Oil/Water/Prebiotic Acacia Fiber/Flaxseed Meal/Molasses/Sunflower Lecithin/Vanilla Extract/Cinnamon/Mushroom Extract/Baking Powder/Sea Salt/Baking Soda )/Creme Filling ( Sustainable Palm Oil/Powdered Sugar/Organic Coconut Nectar/Tapioca Starch/Prebiotic Acacia Fiber/Natural Flavors/Salt )","liveAndActiveCulturesStatement":"","liveAndActiveCulturesBreakdown":""}]
2024-07-22 11:44:46 [31merror[39m: marketing
2024-07-22 11:44:46 [32minfo[39m: [{"haveQrCode":"true","instagram":"false","pinterest":"false","youtube":"false","youtubeType":"","facebook":"false","twitter":"false","socialMediaList":"","website":"","socialMediaText":"@maxinesheavenly","enlargedToShow":"false"}]
2024-07-22 11:44:46 [31merror[39m: instruction
2024-07-22 11:44:46 [32minfo[39m: [{"storageInstruction":[],"cookingInstruction":[],"usageInstruction":[],"otherInstruction":[]}]
2024-07-22 11:44:46 [31merror[39m: sugar claim -- artificial sweetener
2024-07-22 11:44:46 [31merror[39m: sugar claim -- refined sugars
2024-07-22 11:44:46 [31merror[39m: sugar claim -- sugar
2024-07-22 11:54:43 [31merror[39m: ingredient list
2024-07-22 11:54:43 [32minfo[39m: [{"productType":"nutrition facts","ingredientPrefix":"INGREDIENTS:","ingredientStatement":"Cookies ( Gluten Free Oat Flour , Organic Coconut Sugar , Sustainable Palm Oil , Dates , Coconut Oil , Water , Prebiotic Acacia Fiber , Flaxseed Meal , Molasses , Sunflower Lecithin , Vanilla Extract , Cinnamon , Mushroom Extract , Baking Powder , Sea Salt , Baking Soda ) , Creme Filling ( Sustainable Palm Oil , Powdered Sugar , Organic Coconut Nectar , Tapioca Starch , Prebiotic Acacia Fiber , Natural Flavors , Salt ) .","ingredientBreakdown":"Cookies ( Gluten Free Oat Flour , Organic Coconut Sugar , Sustainable Palm Oil , Dates , Coconut Oil , Water , Prebiotic Acacia Fiber , Flaxseed Meal , Molasses , Sunflower Lecithin , Vanilla Extract , Cinnamon , Mushroom Extract , Baking Powder , Sea Salt , Baking Soda )/Creme Filling ( Sustainable Palm Oil , Powdered Sugar , Organic Coconut Nectar , Tapioca Starch , Prebiotic Acacia Fiber , Natural Flavors , Salt ) .","liveAndActiveCulturesStatement":"","liveAndActiveCulturesBreakdown":""}]
2024-07-22 11:54:43 [31merror[39m: marketing
2024-07-22 11:54:43 [32minfo[39m: [{"haveQrCode":"true","instagram":"false","pinterest":"false","youtube":"false","youtubeType":"","facebook":"false","twitter":"false","socialMediaList":"","website":"","socialMediaText":"@maxinesheavenly","enlargedToShow":"false"}]
2024-07-22 11:54:43 [31merror[39m: instruction
2024-07-22 11:54:43 [32minfo[39m: [{"storageInstruction":[],"cookingInstruction":[],"usageInstruction":[],"otherInstruction":[]}]
2024-07-22 11:54:43 [31merror[39m: sugar claim -- artificial sweetener
2024-07-22 11:54:43 [31merror[39m: sugar claim -- refined sugars
2024-07-22 11:54:43 [31merror[39m: sugar claim -- sugar
2024-07-22 12:40:54 [31merror[39m: ingredient list
2024-07-22 12:40:54 [32minfo[39m: [{"productType":"nutrition facts","ingredientPrefix":"INGREDIENTS:","ingredientStatement":"PROTEIN BLEND ( SOY PROTEIN ISOLATE, WHEY PROTEIN ISOLATE, CALCIUM CASEINATE ), BROWN RICE SYRUP, CHICORY ROOT FIBER, VEGETABLE GLYCERIN, SUGAR, PEANUT BUTTER, PALM KERNEL AND PALM OIL, NONFAT DRY MILK, PEANUT FLOUR, WATER, HIGH OLEIC SUNFLOWER OIL, COCOA POWDER, NATURAL FLAVOR, SALT, SUNFLOWER LECITHIN AND/OR SOY LECITHIN, PEANUT OIL, TAPIOCA STARCH.","ingredientBreakdown":"PROTEIN BLEND ( SOY PROTEIN ISOLATE/ WHEY PROTEIN ISOLATE/ CALCIUM CASEINATE )/ BROWN RICE SYRUP/ CHICORY ROOT FIBER/ VEGETABLE GLYCERIN/ SUGAR/ PEANUT BUTTER/ PALM KERNEL AND PALM OIL/ NONFAT DRY MILK/ PEANUT FLOUR/ WATER/ HIGH OLEIC SUNFLOWER OIL/ COCOA POWDER/ NATURAL FLAVOR/ SALT/ SUNFLOWER LECITHIN AND/OR SOY LECITHIN/ PEANUT OIL/ TAPIOCA STARCH.","liveAndActiveCulturesStatement":"","liveAndActiveCulturesBreakdown":""}]
2024-07-22 12:40:54 [31merror[39m: marketing
2024-07-22 12:40:54 [32minfo[39m: [{"haveQrCode":"true","instagram":"false","pinterest":"false","youtube":"false","youtubeType":"","facebook":"false","twitter":"false","socialMediaList":"","website":"www.thinkproducts.com, GIRLSCOUTS.ORG.","socialMediaText":"","enlargedToShow":"false"}]
2024-07-22 12:40:54 [31merror[39m: instruction
2024-07-22 12:40:54 [32minfo[39m: [{"storageInstruction":["STORE IN A COOL DRY PLACE ."],"cookingInstruction":[],"usageInstruction":[],"otherInstruction":["KEEP OUT OF DIRECT SUNLIGHT ."]}]
2024-07-22 12:40:55 [31merror[39m: ingredient list
2024-07-22 12:40:55 [32minfo[39m: [{"productType":"nutrition facts","ingredientPrefix":"INGREDIENTS:","ingredientStatement":"PROTEIN BLEND ( SOY PROTEIN ISOLATE, WHEY PROTEIN ISOLATE, CALCIUM CASEINATE ), BROWN RICE SYRUP, CHICORY ROOT FIBER, VEGETABLE GLYCERIN, SUGAR, PEANUT BUTTER, PALM KERNEL AND PALM OIL, NONFAT DRY MILK, PEANUT FLOUR, WATER, HIGH OLEIC SUNFLOWER OIL, COCOA POWDER, NATURAL FLAVOR, SALT, SUNFLOWER LECITHIN AND/OR SOY LECITHIN, PEANUT OIL, TAPIOCA STARCH.","ingredientBreakdown":"PROTEIN BLEND ( SOY PROTEIN ISOLATE/ WHEY PROTEIN ISOLATE/ CALCIUM CASEINATE )/ BROWN RICE SYRUP/ CHICORY ROOT FIBER/ VEGETABLE GLYCERIN/ SUGAR/ PEANUT BUTTER/ PALM KERNEL AND PALM OIL/ NONFAT DRY MILK/ PEANUT FLOUR/ WATER/ HIGH OLEIC SUNFLOWER OIL/ COCOA POWDER/ NATURAL FLAVOR/ SALT/ SUNFLOWER LECITHIN AND/OR SOY LECITHIN/ PEANUT OIL/ TAPIOCA STARCH.","liveAndActiveCulturesStatement":"","liveAndActiveCulturesBreakdown":""}]
2024-07-22 12:40:55 [31merror[39m: marketing
2024-07-22 12:40:55 [32minfo[39m: [{"haveQrCode":"true","instagram":"false","pinterest":"false","youtube":"false","youtubeType":"","facebook":"false","twitter":"false","socialMediaList":"","website":"www.thinkproducts.com, GIRLSCOUTS.ORG.","socialMediaText":"","enlargedToShow":"false"}]
2024-07-22 12:40:55 [31merror[39m: instruction
2024-07-22 12:40:55 [32minfo[39m: [{"storageInstruction":["STORE IN A COOL DRY PLACE ."],"cookingInstruction":[],"usageInstruction":[],"otherInstruction":["KEEP OUT OF DIRECT SUNLIGHT ."]}]
2024-07-22 13:58:58 [31merror[39m: ingredient list
2024-07-22 13:58:58 [32minfo[39m: [{"productType":"nutrition facts","ingredientPrefix":"INGREDIENTS:","ingredientStatement":"PROTEIN BLEND ( SOY PROTEIN ISOLATE, WHEY PROTEIN ISOLATE, CALCIUM CASEINATE ), BROWN RICE SYRUP, CHICORY ROOT FIBER, VEGETABLE GLYCERIN, SUGAR, PEANUT BUTTER, PALM KERNEL AND PALM OIL, NONFAT DRY MILK, PEANUT FLOUR, WATER, HIGH OLEIC SUNFLOWER OIL, COCOA POWDER, NATURAL FLAVOR, SALT, SUNFLOWER LECITHIN AND/OR SOY LECITHIN, PEANUT OIL, TAPIOCA STARCH.","ingredientBreakdown":"PROTEIN BLEND ( SOY PROTEIN ISOLATE/ WHEY PROTEIN ISOLATE/ CALCIUM CASEINATE )/ BROWN RICE SYRUP/ CHICORY ROOT FIBER/ VEGETABLE GLYCERIN/ SUGAR/ PEANUT BUTTER/ PALM KERNEL AND PALM OIL/ NONFAT DRY MILK/ PEANUT FLOUR/ WATER/ HIGH OLEIC SUNFLOWER OIL/ COCOA POWDER/ NATURAL FLAVOR/ SALT/ SUNFLOWER LECITHIN AND/OR SOY LECITHIN/ PEANUT OIL/ TAPIOCA STARCH.","liveAndActiveCulturesStatement":"","liveAndActiveCulturesBreakdown":""}]
2024-07-22 13:58:58 [31merror[39m: marketing
2024-07-22 13:58:58 [32minfo[39m: [{"haveQrCode":"true","instagram":"false","pinterest":"false","youtube":"false","youtubeType":"","facebook":"false","twitter":"false","socialMediaList":"","website":"www.thinkproducts.com, GIRLSCOUTS.ORG","socialMediaText":"","enlargedToShow":"false"}]
2024-07-22 13:58:58 [31merror[39m: instruction
2024-07-22 13:58:58 [32minfo[39m: [{"storageInstruction":["STORE IN A COOL DRY PLACE ."],"cookingInstruction":[],"usageInstruction":[],"otherInstruction":["KEEP OUT OF DIRECT SUNLIGHT ."]}]
2024-07-22 14:12:47 [31merror[39m: ingredient list
2024-07-22 14:12:47 [32minfo[39m: [{"productType":"nutrition facts","ingredientPrefix":"INGREDIENTS:","ingredientStatement":"PROTEIN BLEND ( SOY PROTEIN ISOLATE, WHEY PROTEIN ISOLATE, CALCIUM CASEINATE ), BROWN RICE SYRUP, CHICORY ROOT FIBER, VEGETABLE GLYCERIN, SUGAR, PEANUT BUTTER, PALM KERNEL AND PALM OIL, NONFAT DRY MILK, PEANUT FLOUR, WATER, HIGH OLEIC SUNFLOWER OIL, COCOA POWDER, NATURAL FLAVOR, SALT, SUNFLOWER LECITHIN AND/OR SOY LECITHIN, PEANUT OIL, TAPIOCA STARCH.","ingredientBreakdown":"PROTEIN BLEND ( SOY PROTEIN ISOLATE/ WHEY PROTEIN ISOLATE/ CALCIUM CASEINATE )/ BROWN RICE SYRUP/ CHICORY ROOT FIBER/ VEGETABLE GLYCERIN/ SUGAR/ PEANUT BUTTER/ PALM KERNEL AND PALM OIL/ NONFAT DRY MILK/ PEANUT FLOUR/ WATER/ HIGH OLEIC SUNFLOWER OIL/ COCOA POWDER/ NATURAL FLAVOR/ SALT/ SUNFLOWER LECITHIN AND/OR SOY LECITHIN/ PEANUT OIL/ TAPIOCA STARCH.","liveAndActiveCulturesStatement":"","liveAndActiveCulturesBreakdown":""}]
2024-07-22 14:12:47 [31merror[39m: marketing
2024-07-22 14:12:47 [32minfo[39m: [{"haveQrCode":"true","instagram":"false","pinterest":"false","youtube":"false","youtubeType":"","facebook":"false","twitter":"false","socialMediaList":"","website":"www.thinkproducts.com, GIRLSCOUTS.ORG","socialMediaText":"","enlargedToShow":"false"}]
2024-07-22 14:12:47 [31merror[39m: instruction
2024-07-22 14:12:47 [32minfo[39m: [{"storageInstruction":["STORE IN A COOL DRY PLACE ."],"cookingInstruction":[],"usageInstruction":[],"otherInstruction":["KEEP OUT OF DIRECT SUNLIGHT ."]}]
2024-07-22 14:13:05 [31merror[39m: ingredient list
2024-07-22 14:13:05 [32minfo[39m: [{"productType":"nutrition facts","ingredientPrefix":"INGREDIENTS:","ingredientStatement":"PROTEIN BLEND ( SOY PROTEIN ISOLATE, WHEY PROTEIN ISOLATE, CALCIUM CASEINATE ), BROWN RICE SYRUP, CHICORY ROOT FIBER, VEGETABLE GLYCERIN, SUGAR, PEANUT BUTTER, PALM KERNEL AND PALM OIL, NONFAT DRY MILK, PEANUT FLOUR, WATER, HIGH OLEIC SUNFLOWER OIL, COCOA POWDER, NATURAL FLAVOR, SALT, SUNFLOWER LECITHIN AND/OR SOY LECITHIN, PEANUT OIL, TAPIOCA STARCH.","ingredientBreakdown":"PROTEIN BLEND ( SOY PROTEIN ISOLATE/ WHEY PROTEIN ISOLATE/ CALCIUM CASEINATE )/ BROWN RICE SYRUP/ CHICORY ROOT FIBER/ VEGETABLE GLYCERIN/ SUGAR/ PEANUT BUTTER/ PALM KERNEL AND PALM OIL/ NONFAT DRY MILK/ PEANUT FLOUR/ WATER/ HIGH OLEIC SUNFLOWER OIL/ COCOA POWDER/ NATURAL FLAVOR/ SALT/ SUNFLOWER LECITHIN AND/OR SOY LECITHIN/ PEANUT OIL/ TAPIOCA STARCH.","liveAndActiveCulturesStatement":"","liveAndActiveCulturesBreakdown":""}]
2024-07-22 14:13:05 [31merror[39m: marketing
2024-07-22 14:13:05 [32minfo[39m: [{"haveQrCode":"true","instagram":"false","pinterest":"false","youtube":"false","youtubeType":"","facebook":"false","twitter":"false","socialMediaList":"","website":"www.thinkproducts.com, GIRLSCOUTS.ORG","socialMediaText":"","enlargedToShow":"false"}]
2024-07-22 14:13:05 [31merror[39m: instruction
2024-07-22 14:13:05 [32minfo[39m: [{"storageInstruction":["STORE IN A COOL DRY PLACE ."],"cookingInstruction":[],"usageInstruction":[],"otherInstruction":["KEEP OUT OF DIRECT SUNLIGHT ."]}]
2024-07-22 14:13:11 [31merror[39m: ingredient list
2024-07-22 14:13:11 [32minfo[39m: [{"productType":"nutrition facts","ingredientPrefix":"INGREDIENTS:","ingredientStatement":"PROTEIN BLEND ( SOY PROTEIN ISOLATE, WHEY PROTEIN ISOLATE, CALCIUM CASEINATE ), BROWN RICE SYRUP, CHICORY ROOT FIBER, VEGETABLE GLYCERIN, SUGAR, PEANUT BUTTER, PALM KERNEL AND PALM OIL, NONFAT DRY MILK, PEANUT FLOUR, WATER, HIGH OLEIC SUNFLOWER OIL, COCOA POWDER, NATURAL FLAVOR, SALT, SUNFLOWER LECITHIN AND/OR SOY LECITHIN, PEANUT OIL, TAPIOCA STARCH.","ingredientBreakdown":"PROTEIN BLEND ( SOY PROTEIN ISOLATE/ WHEY PROTEIN ISOLATE/ CALCIUM CASEINATE )/ BROWN RICE SYRUP/ CHICORY ROOT FIBER/ VEGETABLE GLYCERIN/ SUGAR/ PEANUT BUTTER/ PALM KERNEL AND PALM OIL/ NONFAT DRY MILK/ PEANUT FLOUR/ WATER/ HIGH OLEIC SUNFLOWER OIL/ COCOA POWDER/ NATURAL FLAVOR/ SALT/ SUNFLOWER LECITHIN AND/OR SOY LECITHIN/ PEANUT OIL/ TAPIOCA STARCH.","liveAndActiveCulturesStatement":"","liveAndActiveCulturesBreakdown":""}]
2024-07-22 14:13:11 [31merror[39m: marketing
2024-07-22 14:13:11 [32minfo[39m: [{"haveQrCode":"true","instagram":"false","pinterest":"false","youtube":"false","youtubeType":"","facebook":"false","twitter":"false","socialMediaList":"","website":"www.thinkproducts.com, GIRLSCOUTS.ORG","socialMediaText":"","enlargedToShow":"false"}]
2024-07-22 14:13:11 [31merror[39m: instruction
2024-07-22 14:13:11 [32minfo[39m: [{"storageInstruction":["STORE IN A COOL DRY PLACE ."],"cookingInstruction":[],"usageInstruction":[],"otherInstruction":["KEEP OUT OF DIRECT SUNLIGHT ."]}]
2024-07-22 14:17:09 [31merror[39m: ingredient list
2024-07-22 14:17:09 [32minfo[39m: [{"productType":"nutrition facts","ingredientPrefix":"Ingredients:","ingredientStatement":"Brown Rice Flour , Tapioca Starch , White Rice Flour , Potato Starch , Sorghum Flour , Arrowroot Starch , Guar Gum , Sweet Rice Flour , Rice Bran .","ingredientBreakdown":"Brown Rice Flour/Tapioca Starch/White Rice Flour/Potato Starch/Sorghum Flour/Arrowroot Starch/Guar Gum/Sweet Rice Flour/Rice Bran .","liveAndActiveCulturesStatement":"","liveAndActiveCulturesBreakdown":""}]
2024-07-22 14:17:09 [31merror[39m: marketing
2024-07-22 14:17:09 [32minfo[39m: [{"haveQrCode":"false","instagram":"true","pinterest":"false","youtube":"false","youtubeType":"","facebook":"true","twitter":"true","socialMediaList":"instagram/facebook/twitter","website":"www.pamelasproducts.com","socialMediaText":"@pamelasproducts","enlargedToShow":"false"}]
2024-07-22 14:17:09 [31merror[39m: instruction
2024-07-22 14:17:09 [32minfo[39m: [{"storageInstruction":[],"cookingInstruction":["Preheat oven to 350 ° .","Preheat oven to 425 ° .","Preheat oven to 350 ° ."],"usageInstruction":["Whisk 2 TBSP All - Purpose Flour Artisan Blend into 1 cup hot liquid to thicken gravies , sauces or soups .","Al - Purpose Flour Artisan Blend can be used for simple dredging or coating of meat or poultry ."],"otherInstruction":[]}]
2024-07-22 14:26:25 [31merror[39m: ingredient list
2024-07-22 14:26:25 [32minfo[39m: [{"productType":"nutrition facts","ingredientPrefix":"Ingredients","ingredientStatement":"Brown Rice Flour , Tapioca Starch , White Rice Flour , Potato Starch , Sorghum Flour , Arrowroot Starch , Guar Gum , Sweet Rice Flour , Rice Bran .","ingredientBreakdown":"Brown Rice Flour/Tapioca Starch/White Rice Flour/Potato Starch/Sorghum Flour/Arrowroot Starch/Guar Gum/Sweet Rice Flour/Rice Bran .","liveAndActiveCulturesStatement":"","liveAndActiveCulturesBreakdown":""}]
2024-07-22 14:26:25 [31merror[39m: marketing
2024-07-22 14:26:25 [32minfo[39m: [{"haveQrCode":"false","instagram":"false","pinterest":"false","youtube":"false","youtubeType":"","facebook":"true","twitter":"true","socialMediaList":"facebook/twitter","website":"www.pamelasproducts.com","socialMediaText":"@pamelasproducts","enlargedToShow":"false"}]
2024-07-22 14:26:25 [31merror[39m: instruction
2024-07-22 14:26:25 [32minfo[39m: [{"storageInstruction":[],"cookingInstruction":["Preheat oven to 350 ° .","Grease baking sheets or line with parchment paper .","In a large bowl cream the butter , white and brown sugar , and vanilla until smooth .","..."],"usageInstruction":["Whisk 2 TBSP All - Purpose Flour Artisan Blend into 1 cup hot liquid to thicken gravies , sauces or soups ./Al - Purpose Flour Artisan Blend can be used for simple dredging or coating of meat or poultry ."],"otherInstruction":[]}]
2024-07-22 14:39:29 [31merror[39m: ingredient list
2024-07-22 14:39:29 [32minfo[39m: [{"productType":"nutrition facts","ingredientPrefix":"Ingredients:","ingredientStatement":"Wheat flour ( niacin , reduced iron , thiamine mononitrate , riboflavin , folic acid ) , Semi - Sweet Chocolate Chips ( Sugar , Unsweetened Chocolate , Cocoa Butter , Soy Lecithin , Natural Vanilla Extract ) , Butter , Brown Sugar , Cane Sugar , Whole Eggs , Natural Flavour , Salt , Baking Soda .","ingredientBreakdown":"Wheat flour ( niacin , reduced iron , thiamine mononitrate , riboflavin , folic acid )/Semi - Sweet Chocolate Chips ( Sugar , Unsweetened Chocolate , Cocoa Butter , Soy Lecithin , Natural Vanilla Extract )/Butter/Brown Sugar/Cane Sugar/Whole Eggs/Natural Flavour/Salt/Baking Soda .","liveAndActiveCulturesStatement":"","liveAndActiveCulturesBreakdown":""}]
2024-07-22 14:39:29 [31merror[39m: marketing
2024-07-22 14:39:29 [32minfo[39m: [{"haveQrCode":"true","instagram":"false","pinterest":"true","youtube":"false","youtubeType":"","facebook":"true","twitter":"false","socialMediaList":"facebook/pinterest","website":"elenis.com,elenis.com/personalized-cookies","socialMediaText":"@ELENISNY","enlargedToShow":"false"}]
2024-07-22 14:39:29 [31merror[39m: instruction
2024-07-22 14:39:29 [32minfo[39m: [{"storageInstruction":[],"cookingInstruction":[],"usageInstruction":[],"otherInstruction":[]}]
2024-07-22 14:55:01 [31merror[39m: ingredient list
2024-07-22 14:55:01 [32minfo[39m: [{"productType":"nutrition facts","ingredientPrefix":"Ingredients:","ingredientStatement":"Wheat flour ( niacin , reduced iron , thiamine mononitrate , riboflavin , folic acid ) , Semi - Sweet Chocolate Chips ( Sugar , Unsweetened Chocolate , Cocoa Butter , Soy Lecithin , Natural Vanilla Extract ) , Butter , Brown Sugar , Cane Sugar , Whole Eggs , Natural Flavour , Salt , Baking Soda .","ingredientBreakdown":"Wheat flour ( niacin , reduced iron , thiamine mononitrate , riboflavin , folic acid )/Semi - Sweet Chocolate Chips ( Sugar , Unsweetened Chocolate , Cocoa Butter , Soy Lecithin , Natural Vanilla Extract )/Butter/Brown Sugar/Cane Sugar/Whole Eggs/Natural Flavour/Salt/Baking Soda .","liveAndActiveCulturesStatement":"","liveAndActiveCulturesBreakdown":""}]
2024-07-22 14:55:01 [31merror[39m: marketing
2024-07-22 14:55:01 [32minfo[39m: [{"haveQrCode":"true","instagram":"false","pinterest":"true","youtube":"false","youtubeType":"","facebook":"true","twitter":"false","socialMediaList":"pinterest/facebook","website":"elenis.com, elenis.com/personalized-cookies","socialMediaText":"@ELENISNY","enlargedToShow":"false"}]
2024-07-22 14:55:01 [31merror[39m: instruction
2024-07-22 14:55:01 [32minfo[39m: [{"storageInstruction":[],"cookingInstruction":[],"usageInstruction":[],"otherInstruction":[]}]
2024-07-22 15:14:28 [31merror[39m: ingredient list
2024-07-22 15:14:28 [32minfo[39m: [{"productType":"nutrition facts","ingredientPrefix":"INGREDIENTS:","ingredientStatement":"RICE CRISP ( WHITE RICE FLOUR , COCOA PROCEESSED WITH ALKALI ) , CANE SUGAR , FLAX , WHOLE QUINOA , CHIA , SALT ) , FLAVORED COATING ( CANE SUGAR , PALM KERNEL OIL , NATURAL FLAVOR , SALT ) , SUNFLOWER OIL , CANE SUGAR , NATURAL FLAVORS , SALT","ingredientBreakdown":"RICE CRISP ( WHITE RICE FLOUR , COCOA PROCEESSED WITH ALKALI ) , CANE SUGAR , FLAX , WHOLE QUINOA , CHIA , SALT )/FLAVORED COATING ( CANE SUGAR , PALM KERNEL OIL , NATURAL FLAVOR , SALT )/SUNFLOWER OIL/CANE SUGAR/NATURAL FLAVORS/SALT","liveAndActiveCulturesStatement":"","liveAndActiveCulturesBreakdown":""}]
2024-07-22 15:14:28 [31merror[39m: marketing
2024-07-22 15:14:28 [32minfo[39m: [{"haveQrCode":"false","instagram":"true","pinterest":"true","youtube":"true","youtubeType":"type_2","facebook":"true","twitter":"false","socialMediaList":"facebook/instagram/pinterest/youtube","website":"www.Drizzilicious.com","socialMediaText":"@drizzilicious,#drizzilicious","enlargedToShow":"true"}]
2024-07-22 15:14:28 [31merror[39m: instruction
2024-07-22 15:14:28 [32minfo[39m: [{"storageInstruction":[],"cookingInstruction":[],"usageInstruction":[],"otherInstruction":[]}]
2024-07-22 15:24:34 [31merror[39m: ingredient list
2024-07-22 15:24:34 [32minfo[39m: [{"productType":"nutrition facts","ingredientPrefix":"INGREDIENTS:","ingredientStatement":"RICE CRISP ( WHITE RICE FLOUR , COCOA PROCEESSED WITH ALKALI ) , CANE SUGAR , FLAX , WHOLE QUINOA , CHIA , SALT ) , FLAVORED COATING ( CANE SUGAR , PALM KERNEL OIL , NATURAL FLAVOR , SALT ) , SUNFLOWER OIL , CANE SUGAR , NATURAL FLAVORS , SALT","ingredientBreakdown":"RICE CRISP ( WHITE RICE FLOUR , COCOA PROCEESSED WITH ALKALI ) , CANE SUGAR , FLAX , WHOLE QUINOA , CHIA , SALT )/FLAVORED COATING ( CANE SUGAR , PALM KERNEL OIL , NATURAL FLAVOR , SALT )/SUNFLOWER OIL/CANE SUGAR/NATURAL FLAVORS/SALT","liveAndActiveCulturesStatement":"","liveAndActiveCulturesBreakdown":""}]
2024-07-22 15:24:34 [31merror[39m: marketing
2024-07-22 15:24:34 [32minfo[39m: [{"haveQrCode":"false","instagram":"true","pinterest":"true","youtube":"true","youtubeType":"type_2","facebook":"true","twitter":"false","socialMediaList":"facebook/instagram/pinterest/youtube","website":"www.Drizzilicious.com","socialMediaText":"@drizzilicious,#drizzilicious","enlargedToShow":"true"}]
2024-07-22 15:24:34 [31merror[39m: instruction
2024-07-22 15:24:34 [32minfo[39m: [{"storageInstruction":[],"cookingInstruction":[],"usageInstruction":[],"otherInstruction":[]}]
2024-07-22 15:26:45 [31merror[39m: ingredient list
2024-07-22 15:26:45 [32minfo[39m: [{"productType":"nutrition facts","ingredientPrefix":"INGREDIENTS:","ingredientStatement":"RICE CRISP ( WHITE RICE FLOUR , COCOA PROCEESSED WITH ALKALI ) , CANE SUGAR , FLAX , WHOLE QUINOA , CHIA , SALT ) , FLAVORED COATING ( CANE SUGAR , PALM KERNEL OIL , NATURAL FLAVOR , SALT ) , SUNFLOWER OIL , CANE SUGAR , NATURAL FLAVORS , SALT","ingredientBreakdown":"RICE CRISP ( WHITE RICE FLOUR , COCOA PROCEESSED WITH ALKALI ) , CANE SUGAR , FLAX , WHOLE QUINOA , CHIA , SALT )/FLAVORED COATING ( CANE SUGAR , PALM KERNEL OIL , NATURAL FLAVOR , SALT )/SUNFLOWER OIL/CANE SUGAR/NATURAL FLAVORS/SALT","liveAndActiveCulturesStatement":"","liveAndActiveCulturesBreakdown":""}]
2024-07-22 15:26:45 [31merror[39m: marketing
2024-07-22 15:26:45 [32minfo[39m: [{"haveQrCode":"false","instagram":"true","pinterest":"true","youtube":"true","youtubeType":"type_2","facebook":"true","twitter":"false","socialMediaList":"facebook/instagram/pinterest/youtube","website":"www.Drizzilicious.com","socialMediaText":"@drizzilicious,#drizzilicious","enlargedToShow":"true"}]
2024-07-22 15:26:45 [31merror[39m: instruction
2024-07-22 15:26:45 [32minfo[39m: [{"storageInstruction":[],"cookingInstruction":[],"usageInstruction":[],"otherInstruction":[]}]
2024-07-22 15:49:58 [31merror[39m: ingredient list
2024-07-22 15:49:58 [32minfo[39m: [{"productType":"nutrition facts","ingredientPrefix":"INGREDIENTS:","ingredientStatement":"RICE CRISP ( WHITE RICE FLOUR , COCOA PROCEESSED WITH ALKALI ) , CANE SUGAR , FLAX , WHOLE QUINOA , CHIA , SALT ) , FLAVORED COATING ( CANE SUGAR , PALM KERNEL OIL , NATURAL FLAVOR , SALT ) , SUNFLOWER OIL , CANE SUGAR , NATURAL FLAVORS , SALT","ingredientBreakdown":"RICE CRISP ( WHITE RICE FLOUR , COCOA PROCEESSED WITH ALKALI ) , CANE SUGAR , FLAX , WHOLE QUINOA , CHIA , SALT )/FLAVORED COATING ( CANE SUGAR , PALM KERNEL OIL , NATURAL FLAVOR , SALT )/SUNFLOWER OIL/CANE SUGAR/NATURAL FLAVORS/SALT","liveAndActiveCulturesStatement":"","liveAndActiveCulturesBreakdown":""}]
2024-07-22 15:49:58 [31merror[39m: marketing
2024-07-22 15:49:58 [32minfo[39m: [{"haveQrCode":"false","instagram":"true","pinterest":"true","youtube":"true","youtubeType":"type_2","facebook":"true","twitter":"false","socialMediaList":"facebook/instagram/pinterest/youtube","website":"www.Drizzilicious.com","socialMediaText":"@drizzilicious,#drizzilicious","enlargedToShow":"true"}]
2024-07-22 15:49:58 [31merror[39m: instruction
2024-07-22 15:49:58 [32minfo[39m: [{"storageInstruction":[],"cookingInstruction":[],"usageInstruction":[],"otherInstruction":[]}]
2024-07-22 15:51:10 [31merror[39m: ingredient list
2024-07-22 15:51:10 [32minfo[39m: [{"productType":"nutrition facts","ingredientPrefix":"INGREDIENTS:","ingredientStatement":"RICE CRISP ( WHITE RICE FLOUR , COCOA PROCEESSED WITH ALKALI ) , CANE SUGAR , FLAX , WHOLE QUINOA , CHIA , SALT ) , FLAVORED COATING ( CANE SUGAR , PALM KERNEL OIL , NATURAL FLAVOR , SALT ) , SUNFLOWER OIL , CANE SUGAR , NATURAL FLAVORS , SALT","ingredientBreakdown":"RICE CRISP ( WHITE RICE FLOUR , COCOA PROCEESSED WITH ALKALI ) , CANE SUGAR , FLAX , WHOLE QUINOA , CHIA , SALT )/FLAVORED COATING ( CANE SUGAR , PALM KERNEL OIL , NATURAL FLAVOR , SALT )/SUNFLOWER OIL/CANE SUGAR/NATURAL FLAVORS/SALT","liveAndActiveCulturesStatement":"","liveAndActiveCulturesBreakdown":""}]
2024-07-22 15:51:10 [31merror[39m: marketing
2024-07-22 15:51:10 [32minfo[39m: [{"haveQrCode":"false","instagram":"true","pinterest":"true","youtube":"true","youtubeType":"type_2","facebook":"true","twitter":"false","socialMediaList":"facebook/instagram/pinterest/youtube","website":"www.Drizzilicious.com","socialMediaText":"@drizzilicious,#drizzilicious","enlargedToShow":"true"}]
2024-07-22 15:51:10 [31merror[39m: instruction
2024-07-22 15:51:10 [32minfo[39m: [{"storageInstruction":[],"cookingInstruction":[],"usageInstruction":[],"otherInstruction":[]}]
2024-07-22 15:58:29 [31merror[39m: ingredient list
2024-07-22 15:58:29 [32minfo[39m: [{"productType":"nutrition facts","ingredientPrefix":"INGREDIENTS:","ingredientStatement":"RICE CRISP ( WHITE RICE FLOUR , COCOA PROCEESSED WITH ALKALI ) , CANE SUGAR , FLAX , WHOLE QUINOA , CHIA , SALT ) , FLAVORED COATING ( CANE SUGAR , PALM KERNEL OIL , NATURAL FLAVOR , SALT ) , SUNFLOWER OIL , CANE SUGAR , NATURAL FLAVORS , SALT","ingredientBreakdown":"RICE CRISP ( WHITE RICE FLOUR , COCOA PROCEESSED WITH ALKALI )/CANE SUGAR/FLAX/WHOLE QUINOA/CHIA/SALT )/FLAVORED COATING ( CANE SUGAR , PALM KERNEL OIL , NATURAL FLAVOR , SALT )/SUNFLOWER OIL/CANE SUGAR/NATURAL FLAVORS/SALT","liveAndActiveCulturesStatement":"","liveAndActiveCulturesBreakdown":""}]
2024-07-22 15:58:29 [31merror[39m: marketing
2024-07-22 15:58:29 [32minfo[39m: [{"haveQrCode":"false","instagram":"yes","pinterest":"yes","youtube":"yes","youtubeType":"type_2","facebook":"yes","twitter":"no","socialMediaList":"instagram/pinterest/youtube/facebook","website":"www.Drizzilicious.com","socialMediaText":"@drizzilicious/#drizzilicious","enlargedToShow":"true"}]
2024-07-22 15:58:29 [31merror[39m: instruction
2024-07-22 15:58:29 [32minfo[39m: [{"storageInstruction":[],"cookingInstruction":[],"usageInstruction":[],"otherInstruction":[]}]
2024-07-22 16:13:32 [31merror[39m: ingredient list
2024-07-22 16:13:32 [32minfo[39m: []
2024-07-22 16:13:32 [31merror[39m: marketing
2024-07-22 16:13:32 [32minfo[39m: []
2024-07-22 16:13:32 [31merror[39m: instruction
2024-07-22 16:13:32 [32minfo[39m: []
2024-07-22 16:16:55 [31merror[39m: ingredient list
2024-07-22 16:16:55 [32minfo[39m: []
2024-07-22 16:16:55 [31merror[39m: marketing
2024-07-22 16:16:55 [32minfo[39m: []
2024-07-22 16:16:55 [31merror[39m: instruction
2024-07-22 16:16:55 [32minfo[39m: []
2024-07-22 16:16:55 [31merror[39m: sugar claim -- sugar
2024-07-22 16:25:24 [31merror[39m: ingredient list
2024-07-22 16:25:24 [32minfo[39m: [{"productType":"nutrition facts","ingredientPrefix":"INGREDIENTS:","ingredientStatement":"RICE CRISP ( WHITE RICE FLOUR , COCOA PROCEESSED WITH ALKALI ) , CANE SUGAR , FLAX , WHOLE QUINOA , CHIA , SALT ) , FLAVORED COATING ( CANE SUGAR , PALM KERNEL OIL , NATURAL FLAVOR , SALT ) , SUNFLOWER OIL , CANE SUGAR , NATURAL FLAVORS , SALT","ingredientBreakdown":"RICE CRISP ( WHITE RICE FLOUR , COCOA PROCEESSED WITH ALKALI )/CANE SUGAR/FLAX/WHOLE QUINOA/CHIA/SALT)/FLAVORED COATING ( CANE SUGAR/PALM KERNEL OIL/NATURAL FLAVOR/SALT)/SUNFLOWER OIL/CANE SUGAR/NATURAL FLAVORS/SALT","liveAndActiveCulturesStatement":"","liveAndActiveCulturesBreakdown":""}]
2024-07-22 16:25:24 [31merror[39m: marketing
2024-07-22 16:25:24 [32minfo[39m: [{"haveQrCode":"false","instagram":"true","pinterest":"true","youtube":"false","youtubeType":"","facebook":"true","twitter":"false","socialMediaList":"instagram/pinterest/facebook","website":"www.Drizzilicious.com","socialMediaText":"@drizzilicious,#drizzilicious","enlargedToShow":"true"}]
2024-07-22 16:25:24 [31merror[39m: instruction
2024-07-22 16:25:24 [32minfo[39m: [{"storageInstruction":[],"cookingInstruction":[],"usageInstruction":[],"otherInstruction":[]}]
2024-07-22 16:39:56 [31merror[39m: ingredient list
2024-07-22 16:39:56 [32minfo[39m: [{"productType":"nutrition facts","ingredientPrefix":"INGREDIENTS :","ingredientStatement":"Cashew Butter , Protein Blend ( Pea Protein , Almond Protein ) , Chicory Root Fiber , Almond Butter , Cocoa Butter , Water , Organic Cinnamon , Organic Maca Powder , Organic Vanilla Extract , Sea Salt , MCT Oil ( from Coconut ) , Organic Cordyceps sinensis Mushroom Powder , Organic Rosemary Extract , Monk Fruit Extract .","ingredientBreakdown":"Cashew Butter/Protein Blend ( Pea Protein/Almond Protein )/Chicory Root Fiber/Almond Butter/Cocoa Butter/Water/Organic Cinnamon/Organic Maca Powder/Organic Vanilla Extract/Sea Salt/MCT Oil ( from Coconut )/Organic Cordyceps sinensis Mushroom Powder/Organic Rosemary Extract/Monk Fruit Extract .","liveAndActiveCulturesStatement":"","liveAndActiveCulturesBreakdown":""}]
2024-07-22 16:39:56 [31merror[39m: marketing
2024-07-22 16:39:56 [32minfo[39m: [{"haveQrCode":"false","instagram":"false","pinterest":"false","youtube":"false","youtubeType":"","facebook":"false","twitter":"false","socialMediaList":"","website":"WWW.BTRNATION.COM","socialMediaText":"@ BTR.NATION","enlargedToShow":"false"}]
2024-07-22 16:39:56 [31merror[39m: instruction
2024-07-22 16:39:56 [32minfo[39m: [{"storageInstruction":[],"cookingInstruction":[],"usageInstruction":[],"otherInstruction":[]}]
2024-07-22 16:44:29 [31merror[39m: ingredient list
2024-07-22 16:44:29 [32minfo[39m: [{"productType":"nutrition facts","ingredientPrefix":"INGREDIENTS :","ingredientStatement":"Cashew Butter , Protein Blend ( Pea Protein , Almond Protein ) , Chicory Root Fiber , Almond Butter , Cocoa Butter , Water , Organic Cinnamon , Organic Maca Powder , Organic Vanilla Extract , Sea Salt , MCT Oil ( from Coconut ) , Organic Cordyceps sinensis Mushroom Powder , Organic Rosemary Extract , Monk Fruit Extract .","ingredientBreakdown":"Cashew Butter/Protein Blend ( Pea Protein/Almond Protein )/Chicory Root Fiber/Almond Butter/Cocoa Butter/Water/Organic Cinnamon/Organic Maca Powder/Organic Vanilla Extract/Sea Salt/MCT Oil ( from Coconut )/Organic Cordyceps sinensis Mushroom Powder/Organic Rosemary Extract/Monk Fruit Extract .","liveAndActiveCulturesStatement":"","liveAndActiveCulturesBreakdown":""}]
2024-07-22 16:44:29 [31merror[39m: marketing
2024-07-22 16:44:29 [32minfo[39m: [{"haveQrCode":"false","instagram":"unknown","pinterest":"unknown","youtube":"unknown","youtubeType":"","facebook":"unknown","twitter":"unknown","socialMediaList":"","website":"WWW.BTRNATION.COM","socialMediaText":"@ BTR.NATION","enlargedToShow":"false"}]
2024-07-22 16:44:29 [31merror[39m: instruction
2024-07-22 16:44:29 [32minfo[39m: [{"storageInstruction":[],"cookingInstruction":[],"usageInstruction":[],"otherInstruction":[]}]
